[2024-12-09T18:36:18.271-0300] {processor.py:186} INFO - Started process (PID=114171) to work on /home/alefpa/codigos/breweriesDB/venv/lib/python3.10/site-packages/airflow/example_dags/subdags/subdag.py
[2024-12-09T18:36:18.271-0300] {processor.py:914} INFO - Processing file /home/alefpa/codigos/breweriesDB/venv/lib/python3.10/site-packages/airflow/example_dags/subdags/subdag.py for tasks to queue
[2024-12-09T18:36:18.273-0300] {logging_mixin.py:190} INFO - [2024-12-09T18:36:18.273-0300] {dagbag.py:588} INFO - Filling up the DagBag from /home/alefpa/codigos/breweriesDB/venv/lib/python3.10/site-packages/airflow/example_dags/subdags/subdag.py
[2024-12-09T18:36:18.275-0300] {processor.py:927} WARNING - No viable dags retrieved from /home/alefpa/codigos/breweriesDB/venv/lib/python3.10/site-packages/airflow/example_dags/subdags/subdag.py
[2024-12-09T18:36:18.282-0300] {processor.py:208} INFO - Processing /home/alefpa/codigos/breweriesDB/venv/lib/python3.10/site-packages/airflow/example_dags/subdags/subdag.py took 0.016 seconds
[2024-12-09T18:42:55.571-0300] {processor.py:186} INFO - Started process (PID=115989) to work on /home/alefpa/codigos/breweriesDB/venv/lib/python3.10/site-packages/airflow/example_dags/subdags/subdag.py
[2024-12-09T18:42:55.588-0300] {processor.py:914} INFO - Processing file /home/alefpa/codigos/breweriesDB/venv/lib/python3.10/site-packages/airflow/example_dags/subdags/subdag.py for tasks to queue
[2024-12-09T18:42:55.590-0300] {logging_mixin.py:190} INFO - [2024-12-09T18:42:55.589-0300] {dagbag.py:588} INFO - Filling up the DagBag from /home/alefpa/codigos/breweriesDB/venv/lib/python3.10/site-packages/airflow/example_dags/subdags/subdag.py
[2024-12-09T18:42:55.592-0300] {processor.py:927} WARNING - No viable dags retrieved from /home/alefpa/codigos/breweriesDB/venv/lib/python3.10/site-packages/airflow/example_dags/subdags/subdag.py
[2024-12-09T18:42:55.599-0300] {processor.py:208} INFO - Processing /home/alefpa/codigos/breweriesDB/venv/lib/python3.10/site-packages/airflow/example_dags/subdags/subdag.py took 0.032 seconds
[2024-12-09T18:43:12.947-0300] {processor.py:186} INFO - Started process (PID=116084) to work on /home/alefpa/codigos/breweriesDB/venv/lib/python3.10/site-packages/airflow/example_dags/subdags/subdag.py
[2024-12-09T18:43:12.948-0300] {processor.py:914} INFO - Processing file /home/alefpa/codigos/breweriesDB/venv/lib/python3.10/site-packages/airflow/example_dags/subdags/subdag.py for tasks to queue
[2024-12-09T18:43:12.950-0300] {logging_mixin.py:190} INFO - [2024-12-09T18:43:12.950-0300] {dagbag.py:588} INFO - Filling up the DagBag from /home/alefpa/codigos/breweriesDB/venv/lib/python3.10/site-packages/airflow/example_dags/subdags/subdag.py
[2024-12-09T18:43:12.952-0300] {processor.py:927} WARNING - No viable dags retrieved from /home/alefpa/codigos/breweriesDB/venv/lib/python3.10/site-packages/airflow/example_dags/subdags/subdag.py
[2024-12-09T18:43:12.959-0300] {processor.py:208} INFO - Processing /home/alefpa/codigos/breweriesDB/venv/lib/python3.10/site-packages/airflow/example_dags/subdags/subdag.py took 0.016 seconds
[2024-12-09T18:45:50.388-0300] {processor.py:186} INFO - Started process (PID=116759) to work on /home/alefpa/codigos/breweriesDB/venv/lib/python3.10/site-packages/airflow/example_dags/subdags/subdag.py
[2024-12-09T18:45:50.405-0300] {processor.py:914} INFO - Processing file /home/alefpa/codigos/breweriesDB/venv/lib/python3.10/site-packages/airflow/example_dags/subdags/subdag.py for tasks to queue
[2024-12-09T18:45:50.407-0300] {logging_mixin.py:190} INFO - [2024-12-09T18:45:50.407-0300] {dagbag.py:588} INFO - Filling up the DagBag from /home/alefpa/codigos/breweriesDB/venv/lib/python3.10/site-packages/airflow/example_dags/subdags/subdag.py
[2024-12-09T18:45:50.409-0300] {processor.py:927} WARNING - No viable dags retrieved from /home/alefpa/codigos/breweriesDB/venv/lib/python3.10/site-packages/airflow/example_dags/subdags/subdag.py
[2024-12-09T18:45:50.416-0300] {processor.py:208} INFO - Processing /home/alefpa/codigos/breweriesDB/venv/lib/python3.10/site-packages/airflow/example_dags/subdags/subdag.py took 0.033 seconds
[2024-12-09T18:46:26.176-0300] {processor.py:186} INFO - Started process (PID=116928) to work on /home/alefpa/codigos/breweriesDB/venv/lib/python3.10/site-packages/airflow/example_dags/subdags/subdag.py
[2024-12-09T18:46:26.192-0300] {processor.py:914} INFO - Processing file /home/alefpa/codigos/breweriesDB/venv/lib/python3.10/site-packages/airflow/example_dags/subdags/subdag.py for tasks to queue
[2024-12-09T18:46:26.194-0300] {logging_mixin.py:190} INFO - [2024-12-09T18:46:26.194-0300] {dagbag.py:588} INFO - Filling up the DagBag from /home/alefpa/codigos/breweriesDB/venv/lib/python3.10/site-packages/airflow/example_dags/subdags/subdag.py
[2024-12-09T18:46:26.196-0300] {processor.py:927} WARNING - No viable dags retrieved from /home/alefpa/codigos/breweriesDB/venv/lib/python3.10/site-packages/airflow/example_dags/subdags/subdag.py
[2024-12-09T18:46:26.203-0300] {processor.py:208} INFO - Processing /home/alefpa/codigos/breweriesDB/venv/lib/python3.10/site-packages/airflow/example_dags/subdags/subdag.py took 0.031 seconds
[2024-12-09T18:49:21.779-0300] {processor.py:186} INFO - Started process (PID=117742) to work on /home/alefpa/codigos/breweriesDB/venv/lib/python3.10/site-packages/airflow/example_dags/subdags/subdag.py
[2024-12-09T18:49:21.796-0300] {processor.py:914} INFO - Processing file /home/alefpa/codigos/breweriesDB/venv/lib/python3.10/site-packages/airflow/example_dags/subdags/subdag.py for tasks to queue
[2024-12-09T18:49:21.798-0300] {logging_mixin.py:190} INFO - [2024-12-09T18:49:21.798-0300] {dagbag.py:588} INFO - Filling up the DagBag from /home/alefpa/codigos/breweriesDB/venv/lib/python3.10/site-packages/airflow/example_dags/subdags/subdag.py
[2024-12-09T18:49:21.800-0300] {processor.py:927} WARNING - No viable dags retrieved from /home/alefpa/codigos/breweriesDB/venv/lib/python3.10/site-packages/airflow/example_dags/subdags/subdag.py
[2024-12-09T18:49:21.807-0300] {processor.py:208} INFO - Processing /home/alefpa/codigos/breweriesDB/venv/lib/python3.10/site-packages/airflow/example_dags/subdags/subdag.py took 0.032 seconds
[2024-12-09T18:50:31.735-0300] {processor.py:186} INFO - Started process (PID=118097) to work on /home/alefpa/codigos/breweriesDB/venv/lib/python3.10/site-packages/airflow/example_dags/subdags/subdag.py
[2024-12-09T18:50:31.737-0300] {processor.py:914} INFO - Processing file /home/alefpa/codigos/breweriesDB/venv/lib/python3.10/site-packages/airflow/example_dags/subdags/subdag.py for tasks to queue
[2024-12-09T18:50:31.739-0300] {logging_mixin.py:190} INFO - [2024-12-09T18:50:31.739-0300] {dagbag.py:588} INFO - Filling up the DagBag from /home/alefpa/codigos/breweriesDB/venv/lib/python3.10/site-packages/airflow/example_dags/subdags/subdag.py
[2024-12-09T18:50:31.741-0300] {processor.py:927} WARNING - No viable dags retrieved from /home/alefpa/codigos/breweriesDB/venv/lib/python3.10/site-packages/airflow/example_dags/subdags/subdag.py
[2024-12-09T18:50:31.748-0300] {processor.py:208} INFO - Processing /home/alefpa/codigos/breweriesDB/venv/lib/python3.10/site-packages/airflow/example_dags/subdags/subdag.py took 0.018 seconds
[2024-12-09T18:51:05.934-0300] {processor.py:186} INFO - Started process (PID=118261) to work on /home/alefpa/codigos/breweriesDB/venv/lib/python3.10/site-packages/airflow/example_dags/subdags/subdag.py
[2024-12-09T18:51:05.935-0300] {processor.py:914} INFO - Processing file /home/alefpa/codigos/breweriesDB/venv/lib/python3.10/site-packages/airflow/example_dags/subdags/subdag.py for tasks to queue
[2024-12-09T18:51:05.937-0300] {logging_mixin.py:190} INFO - [2024-12-09T18:51:05.936-0300] {dagbag.py:588} INFO - Filling up the DagBag from /home/alefpa/codigos/breweriesDB/venv/lib/python3.10/site-packages/airflow/example_dags/subdags/subdag.py
[2024-12-09T18:51:05.939-0300] {processor.py:927} WARNING - No viable dags retrieved from /home/alefpa/codigos/breweriesDB/venv/lib/python3.10/site-packages/airflow/example_dags/subdags/subdag.py
[2024-12-09T18:51:05.947-0300] {processor.py:208} INFO - Processing /home/alefpa/codigos/breweriesDB/venv/lib/python3.10/site-packages/airflow/example_dags/subdags/subdag.py took 0.018 seconds
[2024-12-09T18:51:43.919-0300] {processor.py:186} INFO - Started process (PID=118461) to work on /home/alefpa/codigos/breweriesDB/venv/lib/python3.10/site-packages/airflow/example_dags/subdags/subdag.py
[2024-12-09T18:51:43.934-0300] {processor.py:914} INFO - Processing file /home/alefpa/codigos/breweriesDB/venv/lib/python3.10/site-packages/airflow/example_dags/subdags/subdag.py for tasks to queue
[2024-12-09T18:51:43.936-0300] {logging_mixin.py:190} INFO - [2024-12-09T18:51:43.936-0300] {dagbag.py:588} INFO - Filling up the DagBag from /home/alefpa/codigos/breweriesDB/venv/lib/python3.10/site-packages/airflow/example_dags/subdags/subdag.py
[2024-12-09T18:51:43.938-0300] {processor.py:927} WARNING - No viable dags retrieved from /home/alefpa/codigos/breweriesDB/venv/lib/python3.10/site-packages/airflow/example_dags/subdags/subdag.py
[2024-12-09T18:51:43.945-0300] {processor.py:208} INFO - Processing /home/alefpa/codigos/breweriesDB/venv/lib/python3.10/site-packages/airflow/example_dags/subdags/subdag.py took 0.032 seconds
[2024-12-09T18:52:44.006-0300] {processor.py:186} INFO - Started process (PID=118770) to work on /home/alefpa/codigos/breweriesDB/venv/lib/python3.10/site-packages/airflow/example_dags/subdags/subdag.py
[2024-12-09T18:52:44.007-0300] {processor.py:914} INFO - Processing file /home/alefpa/codigos/breweriesDB/venv/lib/python3.10/site-packages/airflow/example_dags/subdags/subdag.py for tasks to queue
[2024-12-09T18:52:44.009-0300] {logging_mixin.py:190} INFO - [2024-12-09T18:52:44.009-0300] {dagbag.py:588} INFO - Filling up the DagBag from /home/alefpa/codigos/breweriesDB/venv/lib/python3.10/site-packages/airflow/example_dags/subdags/subdag.py
[2024-12-09T18:52:44.011-0300] {processor.py:927} WARNING - No viable dags retrieved from /home/alefpa/codigos/breweriesDB/venv/lib/python3.10/site-packages/airflow/example_dags/subdags/subdag.py
[2024-12-09T18:52:44.019-0300] {processor.py:208} INFO - Processing /home/alefpa/codigos/breweriesDB/venv/lib/python3.10/site-packages/airflow/example_dags/subdags/subdag.py took 0.018 seconds
[2024-12-09T18:53:44.424-0300] {processor.py:186} INFO - Started process (PID=119065) to work on /home/alefpa/codigos/breweriesDB/venv/lib/python3.10/site-packages/airflow/example_dags/subdags/subdag.py
[2024-12-09T18:53:44.425-0300] {processor.py:914} INFO - Processing file /home/alefpa/codigos/breweriesDB/venv/lib/python3.10/site-packages/airflow/example_dags/subdags/subdag.py for tasks to queue
[2024-12-09T18:53:44.427-0300] {logging_mixin.py:190} INFO - [2024-12-09T18:53:44.427-0300] {dagbag.py:588} INFO - Filling up the DagBag from /home/alefpa/codigos/breweriesDB/venv/lib/python3.10/site-packages/airflow/example_dags/subdags/subdag.py
[2024-12-09T18:53:44.429-0300] {processor.py:927} WARNING - No viable dags retrieved from /home/alefpa/codigos/breweriesDB/venv/lib/python3.10/site-packages/airflow/example_dags/subdags/subdag.py
[2024-12-09T18:53:44.437-0300] {processor.py:208} INFO - Processing /home/alefpa/codigos/breweriesDB/venv/lib/python3.10/site-packages/airflow/example_dags/subdags/subdag.py took 0.018 seconds
[2024-12-09T18:54:17.162-0300] {processor.py:186} INFO - Started process (PID=119236) to work on /home/alefpa/codigos/breweriesDB/venv/lib/python3.10/site-packages/airflow/example_dags/subdags/subdag.py
[2024-12-09T18:54:17.178-0300] {processor.py:914} INFO - Processing file /home/alefpa/codigos/breweriesDB/venv/lib/python3.10/site-packages/airflow/example_dags/subdags/subdag.py for tasks to queue
[2024-12-09T18:54:17.180-0300] {logging_mixin.py:190} INFO - [2024-12-09T18:54:17.180-0300] {dagbag.py:588} INFO - Filling up the DagBag from /home/alefpa/codigos/breweriesDB/venv/lib/python3.10/site-packages/airflow/example_dags/subdags/subdag.py
[2024-12-09T18:54:17.182-0300] {processor.py:927} WARNING - No viable dags retrieved from /home/alefpa/codigos/breweriesDB/venv/lib/python3.10/site-packages/airflow/example_dags/subdags/subdag.py
[2024-12-09T18:54:17.189-0300] {processor.py:208} INFO - Processing /home/alefpa/codigos/breweriesDB/venv/lib/python3.10/site-packages/airflow/example_dags/subdags/subdag.py took 0.033 seconds
[2024-12-09T18:55:15.960-0300] {processor.py:186} INFO - Started process (PID=119554) to work on /home/alefpa/codigos/breweriesDB/venv/lib/python3.10/site-packages/airflow/example_dags/subdags/subdag.py
[2024-12-09T18:55:15.961-0300] {processor.py:914} INFO - Processing file /home/alefpa/codigos/breweriesDB/venv/lib/python3.10/site-packages/airflow/example_dags/subdags/subdag.py for tasks to queue
[2024-12-09T18:55:15.964-0300] {logging_mixin.py:190} INFO - [2024-12-09T18:55:15.963-0300] {dagbag.py:588} INFO - Filling up the DagBag from /home/alefpa/codigos/breweriesDB/venv/lib/python3.10/site-packages/airflow/example_dags/subdags/subdag.py
[2024-12-09T18:55:15.966-0300] {processor.py:927} WARNING - No viable dags retrieved from /home/alefpa/codigos/breweriesDB/venv/lib/python3.10/site-packages/airflow/example_dags/subdags/subdag.py
[2024-12-09T18:55:15.974-0300] {processor.py:208} INFO - Processing /home/alefpa/codigos/breweriesDB/venv/lib/python3.10/site-packages/airflow/example_dags/subdags/subdag.py took 0.019 seconds
[2024-12-09T18:56:17.671-0300] {processor.py:186} INFO - Started process (PID=119888) to work on /home/alefpa/codigos/breweriesDB/venv/lib/python3.10/site-packages/airflow/example_dags/subdags/subdag.py
[2024-12-09T18:56:17.688-0300] {processor.py:914} INFO - Processing file /home/alefpa/codigos/breweriesDB/venv/lib/python3.10/site-packages/airflow/example_dags/subdags/subdag.py for tasks to queue
[2024-12-09T18:56:17.691-0300] {logging_mixin.py:190} INFO - [2024-12-09T18:56:17.690-0300] {dagbag.py:588} INFO - Filling up the DagBag from /home/alefpa/codigos/breweriesDB/venv/lib/python3.10/site-packages/airflow/example_dags/subdags/subdag.py
[2024-12-09T18:56:17.692-0300] {processor.py:927} WARNING - No viable dags retrieved from /home/alefpa/codigos/breweriesDB/venv/lib/python3.10/site-packages/airflow/example_dags/subdags/subdag.py
[2024-12-09T18:56:17.700-0300] {processor.py:208} INFO - Processing /home/alefpa/codigos/breweriesDB/venv/lib/python3.10/site-packages/airflow/example_dags/subdags/subdag.py took 0.033 seconds
[2024-12-09T18:57:15.154-0300] {processor.py:186} INFO - Started process (PID=120164) to work on /home/alefpa/codigos/breweriesDB/venv/lib/python3.10/site-packages/airflow/example_dags/subdags/subdag.py
[2024-12-09T18:57:15.155-0300] {processor.py:914} INFO - Processing file /home/alefpa/codigos/breweriesDB/venv/lib/python3.10/site-packages/airflow/example_dags/subdags/subdag.py for tasks to queue
[2024-12-09T18:57:15.157-0300] {logging_mixin.py:190} INFO - [2024-12-09T18:57:15.157-0300] {dagbag.py:588} INFO - Filling up the DagBag from /home/alefpa/codigos/breweriesDB/venv/lib/python3.10/site-packages/airflow/example_dags/subdags/subdag.py
[2024-12-09T18:57:15.159-0300] {processor.py:927} WARNING - No viable dags retrieved from /home/alefpa/codigos/breweriesDB/venv/lib/python3.10/site-packages/airflow/example_dags/subdags/subdag.py
[2024-12-09T18:57:15.166-0300] {processor.py:208} INFO - Processing /home/alefpa/codigos/breweriesDB/venv/lib/python3.10/site-packages/airflow/example_dags/subdags/subdag.py took 0.017 seconds
[2024-12-09T18:57:33.507-0300] {processor.py:186} INFO - Started process (PID=120265) to work on /home/alefpa/codigos/breweriesDB/venv/lib/python3.10/site-packages/airflow/example_dags/subdags/subdag.py
[2024-12-09T18:57:33.508-0300] {processor.py:914} INFO - Processing file /home/alefpa/codigos/breweriesDB/venv/lib/python3.10/site-packages/airflow/example_dags/subdags/subdag.py for tasks to queue
[2024-12-09T18:57:33.510-0300] {logging_mixin.py:190} INFO - [2024-12-09T18:57:33.510-0300] {dagbag.py:588} INFO - Filling up the DagBag from /home/alefpa/codigos/breweriesDB/venv/lib/python3.10/site-packages/airflow/example_dags/subdags/subdag.py
[2024-12-09T18:57:33.512-0300] {processor.py:927} WARNING - No viable dags retrieved from /home/alefpa/codigos/breweriesDB/venv/lib/python3.10/site-packages/airflow/example_dags/subdags/subdag.py
[2024-12-09T18:57:33.519-0300] {processor.py:208} INFO - Processing /home/alefpa/codigos/breweriesDB/venv/lib/python3.10/site-packages/airflow/example_dags/subdags/subdag.py took 0.017 seconds
