[2024-12-09T18:50:15.807-0300] {processor.py:186} INFO - Started process (PID=118027) to work on /home/alefpa/codigos/breweriesDB/venv/lib/python3.10/site-packages/airflow/example_dags/example_branch_day_of_week_operator.py
[2024-12-09T18:50:15.808-0300] {processor.py:914} INFO - Processing file /home/alefpa/codigos/breweriesDB/venv/lib/python3.10/site-packages/airflow/example_dags/example_branch_day_of_week_operator.py for tasks to queue
[2024-12-09T18:50:15.810-0300] {logging_mixin.py:190} INFO - [2024-12-09T18:50:15.810-0300] {dagbag.py:588} INFO - Filling up the DagBag from /home/alefpa/codigos/breweriesDB/venv/lib/python3.10/site-packages/airflow/example_dags/example_branch_day_of_week_operator.py
[2024-12-09T18:50:15.820-0300] {processor.py:925} INFO - DAG(s) 'example_weekday_branch_operator' retrieved from /home/alefpa/codigos/breweriesDB/venv/lib/python3.10/site-packages/airflow/example_dags/example_branch_day_of_week_operator.py
[2024-12-09T18:50:15.917-0300] {logging_mixin.py:190} INFO - [2024-12-09T18:50:15.917-0300] {override.py:1911} INFO - Created Permission View: can edit on DAG:example_weekday_branch_operator
[2024-12-09T18:50:15.932-0300] {logging_mixin.py:190} INFO - [2024-12-09T18:50:15.931-0300] {override.py:1911} INFO - Created Permission View: can delete on DAG:example_weekday_branch_operator
[2024-12-09T18:50:15.943-0300] {logging_mixin.py:190} INFO - [2024-12-09T18:50:15.943-0300] {override.py:1911} INFO - Created Permission View: can read on DAG:example_weekday_branch_operator
[2024-12-09T18:50:15.964-0300] {logging_mixin.py:190} INFO - [2024-12-09T18:50:15.963-0300] {override.py:1911} INFO - Created Permission View: can delete on DAG Run:example_weekday_branch_operator
[2024-12-09T18:50:15.974-0300] {logging_mixin.py:190} INFO - [2024-12-09T18:50:15.973-0300] {override.py:1911} INFO - Created Permission View: menu access on DAG Run:example_weekday_branch_operator
[2024-12-09T18:50:15.984-0300] {logging_mixin.py:190} INFO - [2024-12-09T18:50:15.984-0300] {override.py:1911} INFO - Created Permission View: can read on DAG Run:example_weekday_branch_operator
[2024-12-09T18:50:15.994-0300] {logging_mixin.py:190} INFO - [2024-12-09T18:50:15.994-0300] {override.py:1911} INFO - Created Permission View: can create on DAG Run:example_weekday_branch_operator
[2024-12-09T18:50:15.995-0300] {logging_mixin.py:190} INFO - [2024-12-09T18:50:15.994-0300] {dag.py:3239} INFO - Sync 1 DAGs
[2024-12-09T18:50:16.005-0300] {logging_mixin.py:190} INFO - [2024-12-09T18:50:16.005-0300] {dag.py:3262} INFO - Creating ORM DAG for example_weekday_branch_operator
[2024-12-09T18:50:16.012-0300] {logging_mixin.py:190} INFO - [2024-12-09T18:50:16.012-0300] {dag.py:4180} INFO - Setting next_dagrun for example_weekday_branch_operator to 2024-12-08 00:00:00+00:00, run_after=2024-12-09 00:00:00+00:00
[2024-12-09T18:50:16.035-0300] {processor.py:208} INFO - Processing /home/alefpa/codigos/breweriesDB/venv/lib/python3.10/site-packages/airflow/example_dags/example_branch_day_of_week_operator.py took 0.234 seconds
[2024-12-09T18:51:23.987-0300] {processor.py:186} INFO - Started process (PID=118355) to work on /home/alefpa/codigos/breweriesDB/venv/lib/python3.10/site-packages/airflow/example_dags/example_branch_day_of_week_operator.py
[2024-12-09T18:51:23.988-0300] {processor.py:914} INFO - Processing file /home/alefpa/codigos/breweriesDB/venv/lib/python3.10/site-packages/airflow/example_dags/example_branch_day_of_week_operator.py for tasks to queue
[2024-12-09T18:51:23.990-0300] {logging_mixin.py:190} INFO - [2024-12-09T18:51:23.990-0300] {dagbag.py:588} INFO - Filling up the DagBag from /home/alefpa/codigos/breweriesDB/venv/lib/python3.10/site-packages/airflow/example_dags/example_branch_day_of_week_operator.py
[2024-12-09T18:51:23.998-0300] {processor.py:925} INFO - DAG(s) 'example_weekday_branch_operator' retrieved from /home/alefpa/codigos/breweriesDB/venv/lib/python3.10/site-packages/airflow/example_dags/example_branch_day_of_week_operator.py
[2024-12-09T18:51:24.011-0300] {logging_mixin.py:190} INFO - [2024-12-09T18:51:24.011-0300] {dag.py:3239} INFO - Sync 1 DAGs
[2024-12-09T18:51:24.028-0300] {logging_mixin.py:190} INFO - [2024-12-09T18:51:24.028-0300] {dag.py:4180} INFO - Setting next_dagrun for example_weekday_branch_operator to 2024-12-08 00:00:00+00:00, run_after=2024-12-09 00:00:00+00:00
[2024-12-09T18:51:24.048-0300] {processor.py:208} INFO - Processing /home/alefpa/codigos/breweriesDB/venv/lib/python3.10/site-packages/airflow/example_dags/example_branch_day_of_week_operator.py took 0.066 seconds
[2024-12-09T18:52:30.102-0300] {processor.py:186} INFO - Started process (PID=118709) to work on /home/alefpa/codigos/breweriesDB/venv/lib/python3.10/site-packages/airflow/example_dags/example_branch_day_of_week_operator.py
[2024-12-09T18:52:30.104-0300] {processor.py:914} INFO - Processing file /home/alefpa/codigos/breweriesDB/venv/lib/python3.10/site-packages/airflow/example_dags/example_branch_day_of_week_operator.py for tasks to queue
[2024-12-09T18:52:30.106-0300] {logging_mixin.py:190} INFO - [2024-12-09T18:52:30.106-0300] {dagbag.py:588} INFO - Filling up the DagBag from /home/alefpa/codigos/breweriesDB/venv/lib/python3.10/site-packages/airflow/example_dags/example_branch_day_of_week_operator.py
[2024-12-09T18:52:30.114-0300] {processor.py:925} INFO - DAG(s) 'example_weekday_branch_operator' retrieved from /home/alefpa/codigos/breweriesDB/venv/lib/python3.10/site-packages/airflow/example_dags/example_branch_day_of_week_operator.py
[2024-12-09T18:52:30.128-0300] {logging_mixin.py:190} INFO - [2024-12-09T18:52:30.128-0300] {dag.py:3239} INFO - Sync 1 DAGs
[2024-12-09T18:52:30.145-0300] {logging_mixin.py:190} INFO - [2024-12-09T18:52:30.145-0300] {dag.py:4180} INFO - Setting next_dagrun for example_weekday_branch_operator to 2024-12-08 00:00:00+00:00, run_after=2024-12-09 00:00:00+00:00
[2024-12-09T18:52:30.166-0300] {processor.py:208} INFO - Processing /home/alefpa/codigos/breweriesDB/venv/lib/python3.10/site-packages/airflow/example_dags/example_branch_day_of_week_operator.py took 0.074 seconds
[2024-12-09T18:53:30.321-0300] {processor.py:186} INFO - Started process (PID=119005) to work on /home/alefpa/codigos/breweriesDB/venv/lib/python3.10/site-packages/airflow/example_dags/example_branch_day_of_week_operator.py
[2024-12-09T18:53:30.337-0300] {processor.py:914} INFO - Processing file /home/alefpa/codigos/breweriesDB/venv/lib/python3.10/site-packages/airflow/example_dags/example_branch_day_of_week_operator.py for tasks to queue
[2024-12-09T18:53:30.339-0300] {logging_mixin.py:190} INFO - [2024-12-09T18:53:30.339-0300] {dagbag.py:588} INFO - Filling up the DagBag from /home/alefpa/codigos/breweriesDB/venv/lib/python3.10/site-packages/airflow/example_dags/example_branch_day_of_week_operator.py
[2024-12-09T18:53:30.348-0300] {processor.py:925} INFO - DAG(s) 'example_weekday_branch_operator' retrieved from /home/alefpa/codigos/breweriesDB/venv/lib/python3.10/site-packages/airflow/example_dags/example_branch_day_of_week_operator.py
[2024-12-09T18:53:30.361-0300] {logging_mixin.py:190} INFO - [2024-12-09T18:53:30.360-0300] {dag.py:3239} INFO - Sync 1 DAGs
[2024-12-09T18:53:30.376-0300] {logging_mixin.py:190} INFO - [2024-12-09T18:53:30.376-0300] {dag.py:4180} INFO - Setting next_dagrun for example_weekday_branch_operator to 2024-12-08 00:00:00+00:00, run_after=2024-12-09 00:00:00+00:00
[2024-12-09T18:53:30.395-0300] {processor.py:208} INFO - Processing /home/alefpa/codigos/breweriesDB/venv/lib/python3.10/site-packages/airflow/example_dags/example_branch_day_of_week_operator.py took 0.080 seconds
[2024-12-09T18:55:03.276-0300] {processor.py:186} INFO - Started process (PID=119487) to work on /home/alefpa/codigos/breweriesDB/venv/lib/python3.10/site-packages/airflow/example_dags/example_branch_day_of_week_operator.py
[2024-12-09T18:55:03.278-0300] {processor.py:914} INFO - Processing file /home/alefpa/codigos/breweriesDB/venv/lib/python3.10/site-packages/airflow/example_dags/example_branch_day_of_week_operator.py for tasks to queue
[2024-12-09T18:55:03.280-0300] {logging_mixin.py:190} INFO - [2024-12-09T18:55:03.280-0300] {dagbag.py:588} INFO - Filling up the DagBag from /home/alefpa/codigos/breweriesDB/venv/lib/python3.10/site-packages/airflow/example_dags/example_branch_day_of_week_operator.py
[2024-12-09T18:55:03.288-0300] {processor.py:925} INFO - DAG(s) 'example_weekday_branch_operator' retrieved from /home/alefpa/codigos/breweriesDB/venv/lib/python3.10/site-packages/airflow/example_dags/example_branch_day_of_week_operator.py
[2024-12-09T18:55:03.302-0300] {logging_mixin.py:190} INFO - [2024-12-09T18:55:03.301-0300] {dag.py:3239} INFO - Sync 1 DAGs
[2024-12-09T18:55:03.319-0300] {logging_mixin.py:190} INFO - [2024-12-09T18:55:03.318-0300] {dag.py:4180} INFO - Setting next_dagrun for example_weekday_branch_operator to 2024-12-08 00:00:00+00:00, run_after=2024-12-09 00:00:00+00:00
[2024-12-09T18:55:03.339-0300] {processor.py:208} INFO - Processing /home/alefpa/codigos/breweriesDB/venv/lib/python3.10/site-packages/airflow/example_dags/example_branch_day_of_week_operator.py took 0.068 seconds
[2024-12-09T18:56:04.675-0300] {processor.py:186} INFO - Started process (PID=119786) to work on /home/alefpa/codigos/breweriesDB/venv/lib/python3.10/site-packages/airflow/example_dags/example_branch_day_of_week_operator.py
[2024-12-09T18:56:04.677-0300] {processor.py:914} INFO - Processing file /home/alefpa/codigos/breweriesDB/venv/lib/python3.10/site-packages/airflow/example_dags/example_branch_day_of_week_operator.py for tasks to queue
[2024-12-09T18:56:04.678-0300] {logging_mixin.py:190} INFO - [2024-12-09T18:56:04.678-0300] {dagbag.py:588} INFO - Filling up the DagBag from /home/alefpa/codigos/breweriesDB/venv/lib/python3.10/site-packages/airflow/example_dags/example_branch_day_of_week_operator.py
[2024-12-09T18:56:04.686-0300] {processor.py:925} INFO - DAG(s) 'example_weekday_branch_operator' retrieved from /home/alefpa/codigos/breweriesDB/venv/lib/python3.10/site-packages/airflow/example_dags/example_branch_day_of_week_operator.py
[2024-12-09T18:56:04.700-0300] {logging_mixin.py:190} INFO - [2024-12-09T18:56:04.700-0300] {dag.py:3239} INFO - Sync 1 DAGs
[2024-12-09T18:56:04.721-0300] {logging_mixin.py:190} INFO - [2024-12-09T18:56:04.721-0300] {dag.py:4180} INFO - Setting next_dagrun for example_weekday_branch_operator to 2024-12-08 00:00:00+00:00, run_after=2024-12-09 00:00:00+00:00
[2024-12-09T18:56:04.746-0300] {processor.py:208} INFO - Processing /home/alefpa/codigos/breweriesDB/venv/lib/python3.10/site-packages/airflow/example_dags/example_branch_day_of_week_operator.py took 0.076 seconds
[2024-12-09T18:57:03.054-0300] {processor.py:186} INFO - Started process (PID=120107) to work on /home/alefpa/codigos/breweriesDB/venv/lib/python3.10/site-packages/airflow/example_dags/example_branch_day_of_week_operator.py
[2024-12-09T18:57:03.070-0300] {processor.py:914} INFO - Processing file /home/alefpa/codigos/breweriesDB/venv/lib/python3.10/site-packages/airflow/example_dags/example_branch_day_of_week_operator.py for tasks to queue
[2024-12-09T18:57:03.073-0300] {logging_mixin.py:190} INFO - [2024-12-09T18:57:03.073-0300] {dagbag.py:588} INFO - Filling up the DagBag from /home/alefpa/codigos/breweriesDB/venv/lib/python3.10/site-packages/airflow/example_dags/example_branch_day_of_week_operator.py
[2024-12-09T18:57:03.081-0300] {processor.py:925} INFO - DAG(s) 'example_weekday_branch_operator' retrieved from /home/alefpa/codigos/breweriesDB/venv/lib/python3.10/site-packages/airflow/example_dags/example_branch_day_of_week_operator.py
[2024-12-09T18:57:03.096-0300] {logging_mixin.py:190} INFO - [2024-12-09T18:57:03.096-0300] {dag.py:3239} INFO - Sync 1 DAGs
[2024-12-09T18:57:03.116-0300] {logging_mixin.py:190} INFO - [2024-12-09T18:57:03.115-0300] {dag.py:4180} INFO - Setting next_dagrun for example_weekday_branch_operator to 2024-12-08 00:00:00+00:00, run_after=2024-12-09 00:00:00+00:00
[2024-12-09T18:57:03.137-0300] {processor.py:208} INFO - Processing /home/alefpa/codigos/breweriesDB/venv/lib/python3.10/site-packages/airflow/example_dags/example_branch_day_of_week_operator.py took 0.089 seconds
