[2024-12-09T18:36:19.403-0300] {processor.py:186} INFO - Started process (PID=114179) to work on /home/alefpa/codigos/breweriesDB/venv/lib/python3.10/site-packages/airflow/example_dags/example_latest_only.py
[2024-12-09T18:36:19.404-0300] {processor.py:914} INFO - Processing file /home/alefpa/codigos/breweriesDB/venv/lib/python3.10/site-packages/airflow/example_dags/example_latest_only.py for tasks to queue
[2024-12-09T18:36:19.406-0300] {logging_mixin.py:190} INFO - [2024-12-09T18:36:19.406-0300] {dagbag.py:588} INFO - Filling up the DagBag from /home/alefpa/codigos/breweriesDB/venv/lib/python3.10/site-packages/airflow/example_dags/example_latest_only.py
[2024-12-09T18:36:19.413-0300] {processor.py:925} INFO - DAG(s) 'latest_only' retrieved from /home/alefpa/codigos/breweriesDB/venv/lib/python3.10/site-packages/airflow/example_dags/example_latest_only.py
[2024-12-09T18:36:19.505-0300] {logging_mixin.py:190} INFO - [2024-12-09T18:36:19.505-0300] {override.py:1911} INFO - Created Permission View: can read on DAG:latest_only
[2024-12-09T18:36:19.517-0300] {logging_mixin.py:190} INFO - [2024-12-09T18:36:19.517-0300] {override.py:1911} INFO - Created Permission View: can delete on DAG:latest_only
[2024-12-09T18:36:19.527-0300] {logging_mixin.py:190} INFO - [2024-12-09T18:36:19.527-0300] {override.py:1911} INFO - Created Permission View: can edit on DAG:latest_only
[2024-12-09T18:36:19.544-0300] {logging_mixin.py:190} INFO - [2024-12-09T18:36:19.543-0300] {override.py:1911} INFO - Created Permission View: can read on DAG Run:latest_only
[2024-12-09T18:36:19.553-0300] {logging_mixin.py:190} INFO - [2024-12-09T18:36:19.553-0300] {override.py:1911} INFO - Created Permission View: menu access on DAG Run:latest_only
[2024-12-09T18:36:19.564-0300] {logging_mixin.py:190} INFO - [2024-12-09T18:36:19.563-0300] {override.py:1911} INFO - Created Permission View: can create on DAG Run:latest_only
[2024-12-09T18:36:19.574-0300] {logging_mixin.py:190} INFO - [2024-12-09T18:36:19.573-0300] {override.py:1911} INFO - Created Permission View: can delete on DAG Run:latest_only
[2024-12-09T18:36:19.574-0300] {logging_mixin.py:190} INFO - [2024-12-09T18:36:19.574-0300] {dag.py:3239} INFO - Sync 1 DAGs
[2024-12-09T18:36:19.583-0300] {logging_mixin.py:190} INFO - [2024-12-09T18:36:19.583-0300] {dag.py:3262} INFO - Creating ORM DAG for latest_only
[2024-12-09T18:36:19.589-0300] {logging_mixin.py:190} INFO - [2024-12-09T18:36:19.589-0300] {dag.py:4180} INFO - Setting next_dagrun for latest_only to 2024-12-09 16:00:00+00:00, run_after=2024-12-09 20:00:00+00:00
[2024-12-09T18:36:19.615-0300] {processor.py:208} INFO - Processing /home/alefpa/codigos/breweriesDB/venv/lib/python3.10/site-packages/airflow/example_dags/example_latest_only.py took 0.216 seconds
[2024-12-09T18:42:56.710-0300] {processor.py:186} INFO - Started process (PID=115991) to work on /home/alefpa/codigos/breweriesDB/venv/lib/python3.10/site-packages/airflow/example_dags/example_latest_only.py
[2024-12-09T18:42:56.711-0300] {processor.py:914} INFO - Processing file /home/alefpa/codigos/breweriesDB/venv/lib/python3.10/site-packages/airflow/example_dags/example_latest_only.py for tasks to queue
[2024-12-09T18:42:56.713-0300] {logging_mixin.py:190} INFO - [2024-12-09T18:42:56.713-0300] {dagbag.py:588} INFO - Filling up the DagBag from /home/alefpa/codigos/breweriesDB/venv/lib/python3.10/site-packages/airflow/example_dags/example_latest_only.py
[2024-12-09T18:42:56.720-0300] {processor.py:925} INFO - DAG(s) 'latest_only' retrieved from /home/alefpa/codigos/breweriesDB/venv/lib/python3.10/site-packages/airflow/example_dags/example_latest_only.py
[2024-12-09T18:42:56.737-0300] {logging_mixin.py:190} INFO - [2024-12-09T18:42:56.736-0300] {dag.py:3239} INFO - Sync 1 DAGs
[2024-12-09T18:42:56.752-0300] {logging_mixin.py:190} INFO - [2024-12-09T18:42:56.752-0300] {dag.py:4180} INFO - Setting next_dagrun for latest_only to 2024-12-09 16:00:00+00:00, run_after=2024-12-09 20:00:00+00:00
[2024-12-09T18:42:56.777-0300] {processor.py:208} INFO - Processing /home/alefpa/codigos/breweriesDB/venv/lib/python3.10/site-packages/airflow/example_dags/example_latest_only.py took 0.073 seconds
[2024-12-09T18:43:14.083-0300] {processor.py:186} INFO - Started process (PID=116086) to work on /home/alefpa/codigos/breweriesDB/venv/lib/python3.10/site-packages/airflow/example_dags/example_latest_only.py
[2024-12-09T18:43:14.084-0300] {processor.py:914} INFO - Processing file /home/alefpa/codigos/breweriesDB/venv/lib/python3.10/site-packages/airflow/example_dags/example_latest_only.py for tasks to queue
[2024-12-09T18:43:14.086-0300] {logging_mixin.py:190} INFO - [2024-12-09T18:43:14.086-0300] {dagbag.py:588} INFO - Filling up the DagBag from /home/alefpa/codigos/breweriesDB/venv/lib/python3.10/site-packages/airflow/example_dags/example_latest_only.py
[2024-12-09T18:43:14.093-0300] {processor.py:925} INFO - DAG(s) 'latest_only' retrieved from /home/alefpa/codigos/breweriesDB/venv/lib/python3.10/site-packages/airflow/example_dags/example_latest_only.py
[2024-12-09T18:43:14.108-0300] {logging_mixin.py:190} INFO - [2024-12-09T18:43:14.108-0300] {dag.py:3239} INFO - Sync 1 DAGs
[2024-12-09T18:43:14.123-0300] {logging_mixin.py:190} INFO - [2024-12-09T18:43:14.123-0300] {dag.py:4180} INFO - Setting next_dagrun for latest_only to 2024-12-09 16:00:00+00:00, run_after=2024-12-09 20:00:00+00:00
[2024-12-09T18:43:14.142-0300] {processor.py:208} INFO - Processing /home/alefpa/codigos/breweriesDB/venv/lib/python3.10/site-packages/airflow/example_dags/example_latest_only.py took 0.064 seconds
[2024-12-09T18:45:51.528-0300] {processor.py:186} INFO - Started process (PID=116767) to work on /home/alefpa/codigos/breweriesDB/venv/lib/python3.10/site-packages/airflow/example_dags/example_latest_only.py
[2024-12-09T18:45:51.529-0300] {processor.py:914} INFO - Processing file /home/alefpa/codigos/breweriesDB/venv/lib/python3.10/site-packages/airflow/example_dags/example_latest_only.py for tasks to queue
[2024-12-09T18:45:51.531-0300] {logging_mixin.py:190} INFO - [2024-12-09T18:45:51.531-0300] {dagbag.py:588} INFO - Filling up the DagBag from /home/alefpa/codigos/breweriesDB/venv/lib/python3.10/site-packages/airflow/example_dags/example_latest_only.py
[2024-12-09T18:45:51.538-0300] {processor.py:925} INFO - DAG(s) 'latest_only' retrieved from /home/alefpa/codigos/breweriesDB/venv/lib/python3.10/site-packages/airflow/example_dags/example_latest_only.py
[2024-12-09T18:45:51.553-0300] {logging_mixin.py:190} INFO - [2024-12-09T18:45:51.553-0300] {dag.py:3239} INFO - Sync 1 DAGs
[2024-12-09T18:45:51.569-0300] {logging_mixin.py:190} INFO - [2024-12-09T18:45:51.569-0300] {dag.py:4180} INFO - Setting next_dagrun for latest_only to 2024-12-09 16:00:00+00:00, run_after=2024-12-09 20:00:00+00:00
[2024-12-09T18:45:51.589-0300] {processor.py:208} INFO - Processing /home/alefpa/codigos/breweriesDB/venv/lib/python3.10/site-packages/airflow/example_dags/example_latest_only.py took 0.066 seconds
[2024-12-09T18:46:27.314-0300] {processor.py:186} INFO - Started process (PID=116936) to work on /home/alefpa/codigos/breweriesDB/venv/lib/python3.10/site-packages/airflow/example_dags/example_latest_only.py
[2024-12-09T18:46:27.331-0300] {processor.py:914} INFO - Processing file /home/alefpa/codigos/breweriesDB/venv/lib/python3.10/site-packages/airflow/example_dags/example_latest_only.py for tasks to queue
[2024-12-09T18:46:27.333-0300] {logging_mixin.py:190} INFO - [2024-12-09T18:46:27.332-0300] {dagbag.py:588} INFO - Filling up the DagBag from /home/alefpa/codigos/breweriesDB/venv/lib/python3.10/site-packages/airflow/example_dags/example_latest_only.py
[2024-12-09T18:46:27.339-0300] {processor.py:925} INFO - DAG(s) 'latest_only' retrieved from /home/alefpa/codigos/breweriesDB/venv/lib/python3.10/site-packages/airflow/example_dags/example_latest_only.py
[2024-12-09T18:46:27.354-0300] {logging_mixin.py:190} INFO - [2024-12-09T18:46:27.354-0300] {dag.py:3239} INFO - Sync 1 DAGs
[2024-12-09T18:46:27.369-0300] {logging_mixin.py:190} INFO - [2024-12-09T18:46:27.369-0300] {dag.py:4180} INFO - Setting next_dagrun for latest_only to 2024-12-09 16:00:00+00:00, run_after=2024-12-09 20:00:00+00:00
[2024-12-09T18:46:27.389-0300] {processor.py:208} INFO - Processing /home/alefpa/codigos/breweriesDB/venv/lib/python3.10/site-packages/airflow/example_dags/example_latest_only.py took 0.079 seconds
[2024-12-09T18:49:22.915-0300] {processor.py:186} INFO - Started process (PID=117750) to work on /home/alefpa/codigos/breweriesDB/venv/lib/python3.10/site-packages/airflow/example_dags/example_latest_only.py
[2024-12-09T18:49:22.930-0300] {processor.py:914} INFO - Processing file /home/alefpa/codigos/breweriesDB/venv/lib/python3.10/site-packages/airflow/example_dags/example_latest_only.py for tasks to queue
[2024-12-09T18:49:22.932-0300] {logging_mixin.py:190} INFO - [2024-12-09T18:49:22.932-0300] {dagbag.py:588} INFO - Filling up the DagBag from /home/alefpa/codigos/breweriesDB/venv/lib/python3.10/site-packages/airflow/example_dags/example_latest_only.py
[2024-12-09T18:49:22.939-0300] {processor.py:925} INFO - DAG(s) 'latest_only' retrieved from /home/alefpa/codigos/breweriesDB/venv/lib/python3.10/site-packages/airflow/example_dags/example_latest_only.py
[2024-12-09T18:49:23.017-0300] {logging_mixin.py:190} INFO - [2024-12-09T18:49:23.016-0300] {override.py:1911} INFO - Created Permission View: can edit on DAG:latest_only
[2024-12-09T18:49:23.030-0300] {logging_mixin.py:190} INFO - [2024-12-09T18:49:23.029-0300] {override.py:1911} INFO - Created Permission View: can delete on DAG:latest_only
[2024-12-09T18:49:23.040-0300] {logging_mixin.py:190} INFO - [2024-12-09T18:49:23.039-0300] {override.py:1911} INFO - Created Permission View: can read on DAG:latest_only
[2024-12-09T18:49:23.056-0300] {logging_mixin.py:190} INFO - [2024-12-09T18:49:23.055-0300] {override.py:1911} INFO - Created Permission View: can delete on DAG Run:latest_only
[2024-12-09T18:49:23.065-0300] {logging_mixin.py:190} INFO - [2024-12-09T18:49:23.065-0300] {override.py:1911} INFO - Created Permission View: menu access on DAG Run:latest_only
[2024-12-09T18:49:23.075-0300] {logging_mixin.py:190} INFO - [2024-12-09T18:49:23.075-0300] {override.py:1911} INFO - Created Permission View: can read on DAG Run:latest_only
[2024-12-09T18:49:23.084-0300] {logging_mixin.py:190} INFO - [2024-12-09T18:49:23.084-0300] {override.py:1911} INFO - Created Permission View: can create on DAG Run:latest_only
[2024-12-09T18:49:23.085-0300] {logging_mixin.py:190} INFO - [2024-12-09T18:49:23.085-0300] {dag.py:3239} INFO - Sync 1 DAGs
[2024-12-09T18:49:23.093-0300] {logging_mixin.py:190} INFO - [2024-12-09T18:49:23.093-0300] {dag.py:3262} INFO - Creating ORM DAG for latest_only
[2024-12-09T18:49:23.099-0300] {logging_mixin.py:190} INFO - [2024-12-09T18:49:23.099-0300] {dag.py:4180} INFO - Setting next_dagrun for latest_only to 2024-12-09 16:00:00+00:00, run_after=2024-12-09 20:00:00+00:00
[2024-12-09T18:49:23.116-0300] {processor.py:208} INFO - Processing /home/alefpa/codigos/breweriesDB/venv/lib/python3.10/site-packages/airflow/example_dags/example_latest_only.py took 0.206 seconds
[2024-12-09T18:50:32.885-0300] {processor.py:186} INFO - Started process (PID=118105) to work on /home/alefpa/codigos/breweriesDB/venv/lib/python3.10/site-packages/airflow/example_dags/example_latest_only.py
[2024-12-09T18:50:32.886-0300] {processor.py:914} INFO - Processing file /home/alefpa/codigos/breweriesDB/venv/lib/python3.10/site-packages/airflow/example_dags/example_latest_only.py for tasks to queue
[2024-12-09T18:50:32.888-0300] {logging_mixin.py:190} INFO - [2024-12-09T18:50:32.888-0300] {dagbag.py:588} INFO - Filling up the DagBag from /home/alefpa/codigos/breweriesDB/venv/lib/python3.10/site-packages/airflow/example_dags/example_latest_only.py
[2024-12-09T18:50:32.894-0300] {processor.py:925} INFO - DAG(s) 'latest_only' retrieved from /home/alefpa/codigos/breweriesDB/venv/lib/python3.10/site-packages/airflow/example_dags/example_latest_only.py
[2024-12-09T18:50:32.906-0300] {logging_mixin.py:190} INFO - [2024-12-09T18:50:32.906-0300] {dag.py:3239} INFO - Sync 1 DAGs
[2024-12-09T18:50:32.923-0300] {logging_mixin.py:190} INFO - [2024-12-09T18:50:32.923-0300] {dag.py:4180} INFO - Setting next_dagrun for latest_only to 2024-12-09 16:00:00+00:00, run_after=2024-12-09 20:00:00+00:00
[2024-12-09T18:50:32.946-0300] {processor.py:208} INFO - Processing /home/alefpa/codigos/breweriesDB/venv/lib/python3.10/site-packages/airflow/example_dags/example_latest_only.py took 0.065 seconds
[2024-12-09T18:51:07.072-0300] {processor.py:186} INFO - Started process (PID=118269) to work on /home/alefpa/codigos/breweriesDB/venv/lib/python3.10/site-packages/airflow/example_dags/example_latest_only.py
[2024-12-09T18:51:07.073-0300] {processor.py:914} INFO - Processing file /home/alefpa/codigos/breweriesDB/venv/lib/python3.10/site-packages/airflow/example_dags/example_latest_only.py for tasks to queue
[2024-12-09T18:51:07.075-0300] {logging_mixin.py:190} INFO - [2024-12-09T18:51:07.075-0300] {dagbag.py:588} INFO - Filling up the DagBag from /home/alefpa/codigos/breweriesDB/venv/lib/python3.10/site-packages/airflow/example_dags/example_latest_only.py
[2024-12-09T18:51:07.081-0300] {processor.py:925} INFO - DAG(s) 'latest_only' retrieved from /home/alefpa/codigos/breweriesDB/venv/lib/python3.10/site-packages/airflow/example_dags/example_latest_only.py
[2024-12-09T18:51:07.092-0300] {logging_mixin.py:190} INFO - [2024-12-09T18:51:07.092-0300] {dag.py:3239} INFO - Sync 1 DAGs
[2024-12-09T18:51:07.108-0300] {logging_mixin.py:190} INFO - [2024-12-09T18:51:07.107-0300] {dag.py:4180} INFO - Setting next_dagrun for latest_only to 2024-12-09 16:00:00+00:00, run_after=2024-12-09 20:00:00+00:00
[2024-12-09T18:51:07.127-0300] {processor.py:208} INFO - Processing /home/alefpa/codigos/breweriesDB/venv/lib/python3.10/site-packages/airflow/example_dags/example_latest_only.py took 0.060 seconds
[2024-12-09T18:51:45.061-0300] {processor.py:186} INFO - Started process (PID=118467) to work on /home/alefpa/codigos/breweriesDB/venv/lib/python3.10/site-packages/airflow/example_dags/example_latest_only.py
[2024-12-09T18:51:45.063-0300] {processor.py:914} INFO - Processing file /home/alefpa/codigos/breweriesDB/venv/lib/python3.10/site-packages/airflow/example_dags/example_latest_only.py for tasks to queue
[2024-12-09T18:51:45.064-0300] {logging_mixin.py:190} INFO - [2024-12-09T18:51:45.064-0300] {dagbag.py:588} INFO - Filling up the DagBag from /home/alefpa/codigos/breweriesDB/venv/lib/python3.10/site-packages/airflow/example_dags/example_latest_only.py
[2024-12-09T18:51:45.072-0300] {processor.py:925} INFO - DAG(s) 'latest_only' retrieved from /home/alefpa/codigos/breweriesDB/venv/lib/python3.10/site-packages/airflow/example_dags/example_latest_only.py
[2024-12-09T18:51:45.097-0300] {logging_mixin.py:190} INFO - [2024-12-09T18:51:45.096-0300] {dag.py:3239} INFO - Sync 1 DAGs
[2024-12-09T18:51:45.114-0300] {logging_mixin.py:190} INFO - [2024-12-09T18:51:45.114-0300] {dag.py:4180} INFO - Setting next_dagrun for latest_only to 2024-12-09 16:00:00+00:00, run_after=2024-12-09 20:00:00+00:00
[2024-12-09T18:51:45.134-0300] {processor.py:208} INFO - Processing /home/alefpa/codigos/breweriesDB/venv/lib/python3.10/site-packages/airflow/example_dags/example_latest_only.py took 0.079 seconds
[2024-12-09T18:52:45.126-0300] {processor.py:186} INFO - Started process (PID=118772) to work on /home/alefpa/codigos/breweriesDB/venv/lib/python3.10/site-packages/airflow/example_dags/example_latest_only.py
[2024-12-09T18:52:45.141-0300] {processor.py:914} INFO - Processing file /home/alefpa/codigos/breweriesDB/venv/lib/python3.10/site-packages/airflow/example_dags/example_latest_only.py for tasks to queue
[2024-12-09T18:52:45.144-0300] {logging_mixin.py:190} INFO - [2024-12-09T18:52:45.143-0300] {dagbag.py:588} INFO - Filling up the DagBag from /home/alefpa/codigos/breweriesDB/venv/lib/python3.10/site-packages/airflow/example_dags/example_latest_only.py
[2024-12-09T18:52:45.149-0300] {processor.py:925} INFO - DAG(s) 'latest_only' retrieved from /home/alefpa/codigos/breweriesDB/venv/lib/python3.10/site-packages/airflow/example_dags/example_latest_only.py
[2024-12-09T18:52:45.161-0300] {logging_mixin.py:190} INFO - [2024-12-09T18:52:45.160-0300] {dag.py:3239} INFO - Sync 1 DAGs
[2024-12-09T18:52:45.175-0300] {logging_mixin.py:190} INFO - [2024-12-09T18:52:45.175-0300] {dag.py:4180} INFO - Setting next_dagrun for latest_only to 2024-12-09 16:00:00+00:00, run_after=2024-12-09 20:00:00+00:00
[2024-12-09T18:52:45.195-0300] {processor.py:208} INFO - Processing /home/alefpa/codigos/breweriesDB/venv/lib/python3.10/site-packages/airflow/example_dags/example_latest_only.py took 0.074 seconds
[2024-12-09T18:53:45.561-0300] {processor.py:186} INFO - Started process (PID=119067) to work on /home/alefpa/codigos/breweriesDB/venv/lib/python3.10/site-packages/airflow/example_dags/example_latest_only.py
[2024-12-09T18:53:45.578-0300] {processor.py:914} INFO - Processing file /home/alefpa/codigos/breweriesDB/venv/lib/python3.10/site-packages/airflow/example_dags/example_latest_only.py for tasks to queue
[2024-12-09T18:53:45.580-0300] {logging_mixin.py:190} INFO - [2024-12-09T18:53:45.579-0300] {dagbag.py:588} INFO - Filling up the DagBag from /home/alefpa/codigos/breweriesDB/venv/lib/python3.10/site-packages/airflow/example_dags/example_latest_only.py
[2024-12-09T18:53:45.585-0300] {processor.py:925} INFO - DAG(s) 'latest_only' retrieved from /home/alefpa/codigos/breweriesDB/venv/lib/python3.10/site-packages/airflow/example_dags/example_latest_only.py
[2024-12-09T18:53:45.597-0300] {logging_mixin.py:190} INFO - [2024-12-09T18:53:45.596-0300] {dag.py:3239} INFO - Sync 1 DAGs
[2024-12-09T18:53:45.612-0300] {logging_mixin.py:190} INFO - [2024-12-09T18:53:45.611-0300] {dag.py:4180} INFO - Setting next_dagrun for latest_only to 2024-12-09 16:00:00+00:00, run_after=2024-12-09 20:00:00+00:00
[2024-12-09T18:53:45.631-0300] {processor.py:208} INFO - Processing /home/alefpa/codigos/breweriesDB/venv/lib/python3.10/site-packages/airflow/example_dags/example_latest_only.py took 0.075 seconds
[2024-12-09T18:54:18.305-0300] {processor.py:186} INFO - Started process (PID=119245) to work on /home/alefpa/codigos/breweriesDB/venv/lib/python3.10/site-packages/airflow/example_dags/example_latest_only.py
[2024-12-09T18:54:18.306-0300] {processor.py:914} INFO - Processing file /home/alefpa/codigos/breweriesDB/venv/lib/python3.10/site-packages/airflow/example_dags/example_latest_only.py for tasks to queue
[2024-12-09T18:54:18.308-0300] {logging_mixin.py:190} INFO - [2024-12-09T18:54:18.308-0300] {dagbag.py:588} INFO - Filling up the DagBag from /home/alefpa/codigos/breweriesDB/venv/lib/python3.10/site-packages/airflow/example_dags/example_latest_only.py
[2024-12-09T18:54:18.317-0300] {processor.py:925} INFO - DAG(s) 'latest_only' retrieved from /home/alefpa/codigos/breweriesDB/venv/lib/python3.10/site-packages/airflow/example_dags/example_latest_only.py
[2024-12-09T18:54:18.334-0300] {logging_mixin.py:190} INFO - [2024-12-09T18:54:18.334-0300] {dag.py:3239} INFO - Sync 1 DAGs
[2024-12-09T18:54:18.354-0300] {logging_mixin.py:190} INFO - [2024-12-09T18:54:18.353-0300] {dag.py:4180} INFO - Setting next_dagrun for latest_only to 2024-12-09 16:00:00+00:00, run_after=2024-12-09 20:00:00+00:00
[2024-12-09T18:54:18.374-0300] {processor.py:208} INFO - Processing /home/alefpa/codigos/breweriesDB/venv/lib/python3.10/site-packages/airflow/example_dags/example_latest_only.py took 0.075 seconds
[2024-12-09T18:55:17.102-0300] {processor.py:186} INFO - Started process (PID=119562) to work on /home/alefpa/codigos/breweriesDB/venv/lib/python3.10/site-packages/airflow/example_dags/example_latest_only.py
[2024-12-09T18:55:17.118-0300] {processor.py:914} INFO - Processing file /home/alefpa/codigos/breweriesDB/venv/lib/python3.10/site-packages/airflow/example_dags/example_latest_only.py for tasks to queue
[2024-12-09T18:55:17.120-0300] {logging_mixin.py:190} INFO - [2024-12-09T18:55:17.120-0300] {dagbag.py:588} INFO - Filling up the DagBag from /home/alefpa/codigos/breweriesDB/venv/lib/python3.10/site-packages/airflow/example_dags/example_latest_only.py
[2024-12-09T18:55:17.126-0300] {processor.py:925} INFO - DAG(s) 'latest_only' retrieved from /home/alefpa/codigos/breweriesDB/venv/lib/python3.10/site-packages/airflow/example_dags/example_latest_only.py
[2024-12-09T18:55:17.138-0300] {logging_mixin.py:190} INFO - [2024-12-09T18:55:17.138-0300] {dag.py:3239} INFO - Sync 1 DAGs
[2024-12-09T18:55:17.152-0300] {logging_mixin.py:190} INFO - [2024-12-09T18:55:17.152-0300] {dag.py:4180} INFO - Setting next_dagrun for latest_only to 2024-12-09 16:00:00+00:00, run_after=2024-12-09 20:00:00+00:00
[2024-12-09T18:55:17.174-0300] {processor.py:208} INFO - Processing /home/alefpa/codigos/breweriesDB/venv/lib/python3.10/site-packages/airflow/example_dags/example_latest_only.py took 0.077 seconds
[2024-12-09T18:56:18.811-0300] {processor.py:186} INFO - Started process (PID=119891) to work on /home/alefpa/codigos/breweriesDB/venv/lib/python3.10/site-packages/airflow/example_dags/example_latest_only.py
[2024-12-09T18:56:18.826-0300] {processor.py:914} INFO - Processing file /home/alefpa/codigos/breweriesDB/venv/lib/python3.10/site-packages/airflow/example_dags/example_latest_only.py for tasks to queue
[2024-12-09T18:56:18.829-0300] {logging_mixin.py:190} INFO - [2024-12-09T18:56:18.829-0300] {dagbag.py:588} INFO - Filling up the DagBag from /home/alefpa/codigos/breweriesDB/venv/lib/python3.10/site-packages/airflow/example_dags/example_latest_only.py
[2024-12-09T18:56:18.842-0300] {processor.py:925} INFO - DAG(s) 'latest_only' retrieved from /home/alefpa/codigos/breweriesDB/venv/lib/python3.10/site-packages/airflow/example_dags/example_latest_only.py
[2024-12-09T18:56:18.866-0300] {logging_mixin.py:190} INFO - [2024-12-09T18:56:18.866-0300] {dag.py:3239} INFO - Sync 1 DAGs
[2024-12-09T18:56:18.890-0300] {logging_mixin.py:190} INFO - [2024-12-09T18:56:18.890-0300] {dag.py:4180} INFO - Setting next_dagrun for latest_only to 2024-12-09 16:00:00+00:00, run_after=2024-12-09 20:00:00+00:00
[2024-12-09T18:56:18.914-0300] {processor.py:208} INFO - Processing /home/alefpa/codigos/breweriesDB/venv/lib/python3.10/site-packages/airflow/example_dags/example_latest_only.py took 0.109 seconds
[2024-12-09T18:57:16.292-0300] {processor.py:186} INFO - Started process (PID=120172) to work on /home/alefpa/codigos/breweriesDB/venv/lib/python3.10/site-packages/airflow/example_dags/example_latest_only.py
[2024-12-09T18:57:16.293-0300] {processor.py:914} INFO - Processing file /home/alefpa/codigos/breweriesDB/venv/lib/python3.10/site-packages/airflow/example_dags/example_latest_only.py for tasks to queue
[2024-12-09T18:57:16.295-0300] {logging_mixin.py:190} INFO - [2024-12-09T18:57:16.295-0300] {dagbag.py:588} INFO - Filling up the DagBag from /home/alefpa/codigos/breweriesDB/venv/lib/python3.10/site-packages/airflow/example_dags/example_latest_only.py
[2024-12-09T18:57:16.301-0300] {processor.py:925} INFO - DAG(s) 'latest_only' retrieved from /home/alefpa/codigos/breweriesDB/venv/lib/python3.10/site-packages/airflow/example_dags/example_latest_only.py
[2024-12-09T18:57:16.313-0300] {logging_mixin.py:190} INFO - [2024-12-09T18:57:16.312-0300] {dag.py:3239} INFO - Sync 1 DAGs
[2024-12-09T18:57:16.328-0300] {logging_mixin.py:190} INFO - [2024-12-09T18:57:16.328-0300] {dag.py:4180} INFO - Setting next_dagrun for latest_only to 2024-12-09 16:00:00+00:00, run_after=2024-12-09 20:00:00+00:00
[2024-12-09T18:57:16.348-0300] {processor.py:208} INFO - Processing /home/alefpa/codigos/breweriesDB/venv/lib/python3.10/site-packages/airflow/example_dags/example_latest_only.py took 0.061 seconds
[2024-12-09T18:57:34.675-0300] {processor.py:186} INFO - Started process (PID=120274) to work on /home/alefpa/codigos/breweriesDB/venv/lib/python3.10/site-packages/airflow/example_dags/example_latest_only.py
[2024-12-09T18:57:34.676-0300] {processor.py:914} INFO - Processing file /home/alefpa/codigos/breweriesDB/venv/lib/python3.10/site-packages/airflow/example_dags/example_latest_only.py for tasks to queue
[2024-12-09T18:57:34.678-0300] {logging_mixin.py:190} INFO - [2024-12-09T18:57:34.678-0300] {dagbag.py:588} INFO - Filling up the DagBag from /home/alefpa/codigos/breweriesDB/venv/lib/python3.10/site-packages/airflow/example_dags/example_latest_only.py
[2024-12-09T18:57:34.685-0300] {processor.py:925} INFO - DAG(s) 'latest_only' retrieved from /home/alefpa/codigos/breweriesDB/venv/lib/python3.10/site-packages/airflow/example_dags/example_latest_only.py
[2024-12-09T18:57:34.701-0300] {logging_mixin.py:190} INFO - [2024-12-09T18:57:34.701-0300] {dag.py:3239} INFO - Sync 1 DAGs
[2024-12-09T18:57:34.717-0300] {logging_mixin.py:190} INFO - [2024-12-09T18:57:34.716-0300] {dag.py:4180} INFO - Setting next_dagrun for latest_only to 2024-12-09 16:00:00+00:00, run_after=2024-12-09 20:00:00+00:00
[2024-12-09T18:57:34.737-0300] {processor.py:208} INFO - Processing /home/alefpa/codigos/breweriesDB/venv/lib/python3.10/site-packages/airflow/example_dags/example_latest_only.py took 0.068 seconds
