[2024-12-09T18:36:42.544-0300] {processor.py:186} INFO - Started process (PID=114307) to work on /home/alefpa/codigos/breweriesDB/venv/lib/python3.10/site-packages/airflow/example_dags/example_short_circuit_operator.py
[2024-12-09T18:36:42.545-0300] {processor.py:914} INFO - Processing file /home/alefpa/codigos/breweriesDB/venv/lib/python3.10/site-packages/airflow/example_dags/example_short_circuit_operator.py for tasks to queue
[2024-12-09T18:36:42.547-0300] {logging_mixin.py:190} INFO - [2024-12-09T18:36:42.546-0300] {dagbag.py:588} INFO - Filling up the DagBag from /home/alefpa/codigos/breweriesDB/venv/lib/python3.10/site-packages/airflow/example_dags/example_short_circuit_operator.py
[2024-12-09T18:36:42.554-0300] {processor.py:925} INFO - DAG(s) 'example_short_circuit_operator' retrieved from /home/alefpa/codigos/breweriesDB/venv/lib/python3.10/site-packages/airflow/example_dags/example_short_circuit_operator.py
[2024-12-09T18:36:42.648-0300] {logging_mixin.py:190} INFO - [2024-12-09T18:36:42.647-0300] {override.py:1911} INFO - Created Permission View: can read on DAG:example_short_circuit_operator
[2024-12-09T18:36:42.661-0300] {logging_mixin.py:190} INFO - [2024-12-09T18:36:42.661-0300] {override.py:1911} INFO - Created Permission View: can delete on DAG:example_short_circuit_operator
[2024-12-09T18:36:42.672-0300] {logging_mixin.py:190} INFO - [2024-12-09T18:36:42.671-0300] {override.py:1911} INFO - Created Permission View: can edit on DAG:example_short_circuit_operator
[2024-12-09T18:36:42.698-0300] {logging_mixin.py:190} INFO - [2024-12-09T18:36:42.697-0300] {override.py:1911} INFO - Created Permission View: can read on DAG Run:example_short_circuit_operator
[2024-12-09T18:36:42.714-0300] {logging_mixin.py:190} INFO - [2024-12-09T18:36:42.714-0300] {override.py:1911} INFO - Created Permission View: menu access on DAG Run:example_short_circuit_operator
[2024-12-09T18:36:42.731-0300] {logging_mixin.py:190} INFO - [2024-12-09T18:36:42.731-0300] {override.py:1911} INFO - Created Permission View: can create on DAG Run:example_short_circuit_operator
[2024-12-09T18:36:42.748-0300] {logging_mixin.py:190} INFO - [2024-12-09T18:36:42.748-0300] {override.py:1911} INFO - Created Permission View: can delete on DAG Run:example_short_circuit_operator
[2024-12-09T18:36:42.749-0300] {logging_mixin.py:190} INFO - [2024-12-09T18:36:42.749-0300] {dag.py:3239} INFO - Sync 1 DAGs
[2024-12-09T18:36:42.758-0300] {logging_mixin.py:190} INFO - [2024-12-09T18:36:42.758-0300] {dag.py:3262} INFO - Creating ORM DAG for example_short_circuit_operator
[2024-12-09T18:36:42.758-0300] {logging_mixin.py:190} INFO - [2024-12-09T18:36:42.758-0300] {dag.py:4180} INFO - Setting next_dagrun for example_short_circuit_operator to None, run_after=None
[2024-12-09T18:36:42.790-0300] {processor.py:208} INFO - Processing /home/alefpa/codigos/breweriesDB/venv/lib/python3.10/site-packages/airflow/example_dags/example_short_circuit_operator.py took 0.252 seconds
[2024-12-09T18:43:31.896-0300] {processor.py:186} INFO - Started process (PID=116179) to work on /home/alefpa/codigos/breweriesDB/venv/lib/python3.10/site-packages/airflow/example_dags/example_short_circuit_operator.py
[2024-12-09T18:43:31.898-0300] {processor.py:914} INFO - Processing file /home/alefpa/codigos/breweriesDB/venv/lib/python3.10/site-packages/airflow/example_dags/example_short_circuit_operator.py for tasks to queue
[2024-12-09T18:43:31.900-0300] {logging_mixin.py:190} INFO - [2024-12-09T18:43:31.900-0300] {dagbag.py:588} INFO - Filling up the DagBag from /home/alefpa/codigos/breweriesDB/venv/lib/python3.10/site-packages/airflow/example_dags/example_short_circuit_operator.py
[2024-12-09T18:43:31.907-0300] {processor.py:925} INFO - DAG(s) 'example_short_circuit_operator' retrieved from /home/alefpa/codigos/breweriesDB/venv/lib/python3.10/site-packages/airflow/example_dags/example_short_circuit_operator.py
[2024-12-09T18:43:31.930-0300] {logging_mixin.py:190} INFO - [2024-12-09T18:43:31.930-0300] {dag.py:3239} INFO - Sync 1 DAGs
[2024-12-09T18:43:31.942-0300] {logging_mixin.py:190} INFO - [2024-12-09T18:43:31.941-0300] {dag.py:4180} INFO - Setting next_dagrun for example_short_circuit_operator to None, run_after=None
[2024-12-09T18:43:31.968-0300] {processor.py:208} INFO - Processing /home/alefpa/codigos/breweriesDB/venv/lib/python3.10/site-packages/airflow/example_dags/example_short_circuit_operator.py took 0.076 seconds
[2024-12-09T18:46:45.112-0300] {processor.py:186} INFO - Started process (PID=117022) to work on /home/alefpa/codigos/breweriesDB/venv/lib/python3.10/site-packages/airflow/example_dags/example_short_circuit_operator.py
[2024-12-09T18:46:45.114-0300] {processor.py:914} INFO - Processing file /home/alefpa/codigos/breweriesDB/venv/lib/python3.10/site-packages/airflow/example_dags/example_short_circuit_operator.py for tasks to queue
[2024-12-09T18:46:45.116-0300] {logging_mixin.py:190} INFO - [2024-12-09T18:46:45.115-0300] {dagbag.py:588} INFO - Filling up the DagBag from /home/alefpa/codigos/breweriesDB/venv/lib/python3.10/site-packages/airflow/example_dags/example_short_circuit_operator.py
[2024-12-09T18:46:45.123-0300] {processor.py:925} INFO - DAG(s) 'example_short_circuit_operator' retrieved from /home/alefpa/codigos/breweriesDB/venv/lib/python3.10/site-packages/airflow/example_dags/example_short_circuit_operator.py
[2024-12-09T18:46:45.142-0300] {logging_mixin.py:190} INFO - [2024-12-09T18:46:45.141-0300] {dag.py:3239} INFO - Sync 1 DAGs
[2024-12-09T18:46:45.151-0300] {logging_mixin.py:190} INFO - [2024-12-09T18:46:45.150-0300] {dag.py:4180} INFO - Setting next_dagrun for example_short_circuit_operator to None, run_after=None
[2024-12-09T18:46:45.172-0300] {processor.py:208} INFO - Processing /home/alefpa/codigos/breweriesDB/venv/lib/python3.10/site-packages/airflow/example_dags/example_short_circuit_operator.py took 0.064 seconds
[2024-12-09T18:49:44.237-0300] {processor.py:186} INFO - Started process (PID=117877) to work on /home/alefpa/codigos/breweriesDB/venv/lib/python3.10/site-packages/airflow/example_dags/example_short_circuit_operator.py
[2024-12-09T18:49:44.238-0300] {processor.py:914} INFO - Processing file /home/alefpa/codigos/breweriesDB/venv/lib/python3.10/site-packages/airflow/example_dags/example_short_circuit_operator.py for tasks to queue
[2024-12-09T18:49:44.240-0300] {logging_mixin.py:190} INFO - [2024-12-09T18:49:44.240-0300] {dagbag.py:588} INFO - Filling up the DagBag from /home/alefpa/codigos/breweriesDB/venv/lib/python3.10/site-packages/airflow/example_dags/example_short_circuit_operator.py
[2024-12-09T18:49:44.248-0300] {processor.py:925} INFO - DAG(s) 'example_short_circuit_operator' retrieved from /home/alefpa/codigos/breweriesDB/venv/lib/python3.10/site-packages/airflow/example_dags/example_short_circuit_operator.py
[2024-12-09T18:49:44.347-0300] {logging_mixin.py:190} INFO - [2024-12-09T18:49:44.347-0300] {override.py:1911} INFO - Created Permission View: can edit on DAG:example_short_circuit_operator
[2024-12-09T18:49:44.360-0300] {logging_mixin.py:190} INFO - [2024-12-09T18:49:44.359-0300] {override.py:1911} INFO - Created Permission View: can delete on DAG:example_short_circuit_operator
[2024-12-09T18:49:44.370-0300] {logging_mixin.py:190} INFO - [2024-12-09T18:49:44.370-0300] {override.py:1911} INFO - Created Permission View: can read on DAG:example_short_circuit_operator
[2024-12-09T18:49:44.390-0300] {logging_mixin.py:190} INFO - [2024-12-09T18:49:44.389-0300] {override.py:1911} INFO - Created Permission View: can delete on DAG Run:example_short_circuit_operator
[2024-12-09T18:49:44.400-0300] {logging_mixin.py:190} INFO - [2024-12-09T18:49:44.400-0300] {override.py:1911} INFO - Created Permission View: menu access on DAG Run:example_short_circuit_operator
[2024-12-09T18:49:44.411-0300] {logging_mixin.py:190} INFO - [2024-12-09T18:49:44.411-0300] {override.py:1911} INFO - Created Permission View: can read on DAG Run:example_short_circuit_operator
[2024-12-09T18:49:44.421-0300] {logging_mixin.py:190} INFO - [2024-12-09T18:49:44.421-0300] {override.py:1911} INFO - Created Permission View: can create on DAG Run:example_short_circuit_operator
[2024-12-09T18:49:44.422-0300] {logging_mixin.py:190} INFO - [2024-12-09T18:49:44.422-0300] {dag.py:3239} INFO - Sync 1 DAGs
[2024-12-09T18:49:44.432-0300] {logging_mixin.py:190} INFO - [2024-12-09T18:49:44.432-0300] {dag.py:3262} INFO - Creating ORM DAG for example_short_circuit_operator
[2024-12-09T18:49:44.432-0300] {logging_mixin.py:190} INFO - [2024-12-09T18:49:44.432-0300] {dag.py:4180} INFO - Setting next_dagrun for example_short_circuit_operator to None, run_after=None
[2024-12-09T18:49:45.712-0300] {processor.py:208} INFO - Processing /home/alefpa/codigos/breweriesDB/venv/lib/python3.10/site-packages/airflow/example_dags/example_short_circuit_operator.py took 0.224 seconds
[2024-12-09T18:50:53.102-0300] {processor.py:186} INFO - Started process (PID=118198) to work on /home/alefpa/codigos/breweriesDB/venv/lib/python3.10/site-packages/airflow/example_dags/example_short_circuit_operator.py
[2024-12-09T18:50:53.103-0300] {processor.py:914} INFO - Processing file /home/alefpa/codigos/breweriesDB/venv/lib/python3.10/site-packages/airflow/example_dags/example_short_circuit_operator.py for tasks to queue
[2024-12-09T18:50:53.105-0300] {logging_mixin.py:190} INFO - [2024-12-09T18:50:53.105-0300] {dagbag.py:588} INFO - Filling up the DagBag from /home/alefpa/codigos/breweriesDB/venv/lib/python3.10/site-packages/airflow/example_dags/example_short_circuit_operator.py
[2024-12-09T18:50:53.113-0300] {processor.py:925} INFO - DAG(s) 'example_short_circuit_operator' retrieved from /home/alefpa/codigos/breweriesDB/venv/lib/python3.10/site-packages/airflow/example_dags/example_short_circuit_operator.py
[2024-12-09T18:50:53.127-0300] {logging_mixin.py:190} INFO - [2024-12-09T18:50:53.127-0300] {dag.py:3239} INFO - Sync 1 DAGs
[2024-12-09T18:50:53.136-0300] {logging_mixin.py:190} INFO - [2024-12-09T18:50:53.136-0300] {dag.py:4180} INFO - Setting next_dagrun for example_short_circuit_operator to None, run_after=None
[2024-12-09T18:50:53.156-0300] {processor.py:208} INFO - Processing /home/alefpa/codigos/breweriesDB/venv/lib/python3.10/site-packages/airflow/example_dags/example_short_circuit_operator.py took 0.059 seconds
[2024-12-09T18:52:03.821-0300] {processor.py:186} INFO - Started process (PID=118576) to work on /home/alefpa/codigos/breweriesDB/venv/lib/python3.10/site-packages/airflow/example_dags/example_short_circuit_operator.py
[2024-12-09T18:52:03.838-0300] {processor.py:914} INFO - Processing file /home/alefpa/codigos/breweriesDB/venv/lib/python3.10/site-packages/airflow/example_dags/example_short_circuit_operator.py for tasks to queue
[2024-12-09T18:52:03.840-0300] {logging_mixin.py:190} INFO - [2024-12-09T18:52:03.840-0300] {dagbag.py:588} INFO - Filling up the DagBag from /home/alefpa/codigos/breweriesDB/venv/lib/python3.10/site-packages/airflow/example_dags/example_short_circuit_operator.py
[2024-12-09T18:52:03.849-0300] {processor.py:925} INFO - DAG(s) 'example_short_circuit_operator' retrieved from /home/alefpa/codigos/breweriesDB/venv/lib/python3.10/site-packages/airflow/example_dags/example_short_circuit_operator.py
[2024-12-09T18:52:03.871-0300] {logging_mixin.py:190} INFO - [2024-12-09T18:52:03.871-0300] {dag.py:3239} INFO - Sync 1 DAGs
[2024-12-09T18:52:03.886-0300] {logging_mixin.py:190} INFO - [2024-12-09T18:52:03.886-0300] {dag.py:4180} INFO - Setting next_dagrun for example_short_circuit_operator to None, run_after=None
[2024-12-09T18:52:03.913-0300] {processor.py:208} INFO - Processing /home/alefpa/codigos/breweriesDB/venv/lib/python3.10/site-packages/airflow/example_dags/example_short_circuit_operator.py took 0.098 seconds
[2024-12-09T18:53:02.392-0300] {processor.py:186} INFO - Started process (PID=118866) to work on /home/alefpa/codigos/breweriesDB/venv/lib/python3.10/site-packages/airflow/example_dags/example_short_circuit_operator.py
[2024-12-09T18:53:02.393-0300] {processor.py:914} INFO - Processing file /home/alefpa/codigos/breweriesDB/venv/lib/python3.10/site-packages/airflow/example_dags/example_short_circuit_operator.py for tasks to queue
[2024-12-09T18:53:02.396-0300] {logging_mixin.py:190} INFO - [2024-12-09T18:53:02.395-0300] {dagbag.py:588} INFO - Filling up the DagBag from /home/alefpa/codigos/breweriesDB/venv/lib/python3.10/site-packages/airflow/example_dags/example_short_circuit_operator.py
[2024-12-09T18:53:02.402-0300] {processor.py:925} INFO - DAG(s) 'example_short_circuit_operator' retrieved from /home/alefpa/codigos/breweriesDB/venv/lib/python3.10/site-packages/airflow/example_dags/example_short_circuit_operator.py
[2024-12-09T18:53:02.416-0300] {logging_mixin.py:190} INFO - [2024-12-09T18:53:02.416-0300] {dag.py:3239} INFO - Sync 1 DAGs
[2024-12-09T18:53:02.425-0300] {logging_mixin.py:190} INFO - [2024-12-09T18:53:02.425-0300] {dag.py:4180} INFO - Setting next_dagrun for example_short_circuit_operator to None, run_after=None
[2024-12-09T18:53:02.445-0300] {processor.py:208} INFO - Processing /home/alefpa/codigos/breweriesDB/venv/lib/python3.10/site-packages/airflow/example_dags/example_short_circuit_operator.py took 0.058 seconds
[2024-12-09T18:54:01.488-0300] {processor.py:186} INFO - Started process (PID=119154) to work on /home/alefpa/codigos/breweriesDB/venv/lib/python3.10/site-packages/airflow/example_dags/example_short_circuit_operator.py
[2024-12-09T18:54:01.489-0300] {processor.py:914} INFO - Processing file /home/alefpa/codigos/breweriesDB/venv/lib/python3.10/site-packages/airflow/example_dags/example_short_circuit_operator.py for tasks to queue
[2024-12-09T18:54:01.492-0300] {logging_mixin.py:190} INFO - [2024-12-09T18:54:01.491-0300] {dagbag.py:588} INFO - Filling up the DagBag from /home/alefpa/codigos/breweriesDB/venv/lib/python3.10/site-packages/airflow/example_dags/example_short_circuit_operator.py
[2024-12-09T18:54:01.500-0300] {processor.py:925} INFO - DAG(s) 'example_short_circuit_operator' retrieved from /home/alefpa/codigos/breweriesDB/venv/lib/python3.10/site-packages/airflow/example_dags/example_short_circuit_operator.py
[2024-12-09T18:54:01.517-0300] {logging_mixin.py:190} INFO - [2024-12-09T18:54:01.517-0300] {dag.py:3239} INFO - Sync 1 DAGs
[2024-12-09T18:54:01.529-0300] {logging_mixin.py:190} INFO - [2024-12-09T18:54:01.529-0300] {dag.py:4180} INFO - Setting next_dagrun for example_short_circuit_operator to None, run_after=None
[2024-12-09T18:54:01.556-0300] {processor.py:208} INFO - Processing /home/alefpa/codigos/breweriesDB/venv/lib/python3.10/site-packages/airflow/example_dags/example_short_circuit_operator.py took 0.074 seconds
[2024-12-09T18:54:36.378-0300] {processor.py:186} INFO - Started process (PID=119356) to work on /home/alefpa/codigos/breweriesDB/venv/lib/python3.10/site-packages/airflow/example_dags/example_short_circuit_operator.py
[2024-12-09T18:54:36.380-0300] {processor.py:914} INFO - Processing file /home/alefpa/codigos/breweriesDB/venv/lib/python3.10/site-packages/airflow/example_dags/example_short_circuit_operator.py for tasks to queue
[2024-12-09T18:54:36.381-0300] {logging_mixin.py:190} INFO - [2024-12-09T18:54:36.381-0300] {dagbag.py:588} INFO - Filling up the DagBag from /home/alefpa/codigos/breweriesDB/venv/lib/python3.10/site-packages/airflow/example_dags/example_short_circuit_operator.py
[2024-12-09T18:54:36.389-0300] {processor.py:925} INFO - DAG(s) 'example_short_circuit_operator' retrieved from /home/alefpa/codigos/breweriesDB/venv/lib/python3.10/site-packages/airflow/example_dags/example_short_circuit_operator.py
[2024-12-09T18:54:36.409-0300] {logging_mixin.py:190} INFO - [2024-12-09T18:54:36.409-0300] {dag.py:3239} INFO - Sync 1 DAGs
[2024-12-09T18:54:36.418-0300] {logging_mixin.py:190} INFO - [2024-12-09T18:54:36.418-0300] {dag.py:4180} INFO - Setting next_dagrun for example_short_circuit_operator to None, run_after=None
[2024-12-09T18:54:36.438-0300] {processor.py:208} INFO - Processing /home/alefpa/codigos/breweriesDB/venv/lib/python3.10/site-packages/airflow/example_dags/example_short_circuit_operator.py took 0.064 seconds
[2024-12-09T18:55:36.609-0300] {processor.py:186} INFO - Started process (PID=119650) to work on /home/alefpa/codigos/breweriesDB/venv/lib/python3.10/site-packages/airflow/example_dags/example_short_circuit_operator.py
[2024-12-09T18:55:36.610-0300] {processor.py:914} INFO - Processing file /home/alefpa/codigos/breweriesDB/venv/lib/python3.10/site-packages/airflow/example_dags/example_short_circuit_operator.py for tasks to queue
[2024-12-09T18:55:36.612-0300] {logging_mixin.py:190} INFO - [2024-12-09T18:55:36.612-0300] {dagbag.py:588} INFO - Filling up the DagBag from /home/alefpa/codigos/breweriesDB/venv/lib/python3.10/site-packages/airflow/example_dags/example_short_circuit_operator.py
[2024-12-09T18:55:36.619-0300] {processor.py:925} INFO - DAG(s) 'example_short_circuit_operator' retrieved from /home/alefpa/codigos/breweriesDB/venv/lib/python3.10/site-packages/airflow/example_dags/example_short_circuit_operator.py
[2024-12-09T18:55:36.634-0300] {logging_mixin.py:190} INFO - [2024-12-09T18:55:36.634-0300] {dag.py:3239} INFO - Sync 1 DAGs
[2024-12-09T18:55:36.643-0300] {logging_mixin.py:190} INFO - [2024-12-09T18:55:36.643-0300] {dag.py:4180} INFO - Setting next_dagrun for example_short_circuit_operator to None, run_after=None
[2024-12-09T18:55:36.663-0300] {processor.py:208} INFO - Processing /home/alefpa/codigos/breweriesDB/venv/lib/python3.10/site-packages/airflow/example_dags/example_short_circuit_operator.py took 0.059 seconds
[2024-12-09T18:56:37.777-0300] {processor.py:186} INFO - Started process (PID=119983) to work on /home/alefpa/codigos/breweriesDB/venv/lib/python3.10/site-packages/airflow/example_dags/example_short_circuit_operator.py
[2024-12-09T18:56:37.778-0300] {processor.py:914} INFO - Processing file /home/alefpa/codigos/breweriesDB/venv/lib/python3.10/site-packages/airflow/example_dags/example_short_circuit_operator.py for tasks to queue
[2024-12-09T18:56:37.779-0300] {logging_mixin.py:190} INFO - [2024-12-09T18:56:37.779-0300] {dagbag.py:588} INFO - Filling up the DagBag from /home/alefpa/codigos/breweriesDB/venv/lib/python3.10/site-packages/airflow/example_dags/example_short_circuit_operator.py
[2024-12-09T18:56:37.786-0300] {processor.py:925} INFO - DAG(s) 'example_short_circuit_operator' retrieved from /home/alefpa/codigos/breweriesDB/venv/lib/python3.10/site-packages/airflow/example_dags/example_short_circuit_operator.py
[2024-12-09T18:56:37.804-0300] {logging_mixin.py:190} INFO - [2024-12-09T18:56:37.804-0300] {dag.py:3239} INFO - Sync 1 DAGs
[2024-12-09T18:56:37.813-0300] {logging_mixin.py:190} INFO - [2024-12-09T18:56:37.813-0300] {dag.py:4180} INFO - Setting next_dagrun for example_short_circuit_operator to None, run_after=None
[2024-12-09T18:56:37.832-0300] {processor.py:208} INFO - Processing /home/alefpa/codigos/breweriesDB/venv/lib/python3.10/site-packages/airflow/example_dags/example_short_circuit_operator.py took 0.060 seconds
[2024-12-09T18:57:54.284-0300] {processor.py:186} INFO - Started process (PID=120390) to work on /home/alefpa/codigos/breweriesDB/venv/lib/python3.10/site-packages/airflow/example_dags/example_short_circuit_operator.py
[2024-12-09T18:57:54.285-0300] {processor.py:914} INFO - Processing file /home/alefpa/codigos/breweriesDB/venv/lib/python3.10/site-packages/airflow/example_dags/example_short_circuit_operator.py for tasks to queue
[2024-12-09T18:57:54.287-0300] {logging_mixin.py:190} INFO - [2024-12-09T18:57:54.287-0300] {dagbag.py:588} INFO - Filling up the DagBag from /home/alefpa/codigos/breweriesDB/venv/lib/python3.10/site-packages/airflow/example_dags/example_short_circuit_operator.py
[2024-12-09T18:57:54.294-0300] {processor.py:925} INFO - DAG(s) 'example_short_circuit_operator' retrieved from /home/alefpa/codigos/breweriesDB/venv/lib/python3.10/site-packages/airflow/example_dags/example_short_circuit_operator.py
[2024-12-09T18:57:54.313-0300] {logging_mixin.py:190} INFO - [2024-12-09T18:57:54.313-0300] {dag.py:3239} INFO - Sync 1 DAGs
[2024-12-09T18:57:54.322-0300] {logging_mixin.py:190} INFO - [2024-12-09T18:57:54.322-0300] {dag.py:4180} INFO - Setting next_dagrun for example_short_circuit_operator to None, run_after=None
[2024-12-09T18:57:54.341-0300] {processor.py:208} INFO - Processing /home/alefpa/codigos/breweriesDB/venv/lib/python3.10/site-packages/airflow/example_dags/example_short_circuit_operator.py took 0.062 seconds
