[2024-12-09T18:36:33.537-0300] {processor.py:186} INFO - Started process (PID=114264) to work on /home/alefpa/codigos/breweriesDB/venv/lib/python3.10/site-packages/airflow/example_dags/example_params_trigger_ui.py
[2024-12-09T18:36:33.538-0300] {processor.py:914} INFO - Processing file /home/alefpa/codigos/breweriesDB/venv/lib/python3.10/site-packages/airflow/example_dags/example_params_trigger_ui.py for tasks to queue
[2024-12-09T18:36:33.539-0300] {logging_mixin.py:190} INFO - [2024-12-09T18:36:33.539-0300] {dagbag.py:588} INFO - Filling up the DagBag from /home/alefpa/codigos/breweriesDB/venv/lib/python3.10/site-packages/airflow/example_dags/example_params_trigger_ui.py
[2024-12-09T18:36:33.548-0300] {processor.py:925} INFO - DAG(s) 'example_params_trigger_ui' retrieved from /home/alefpa/codigos/breweriesDB/venv/lib/python3.10/site-packages/airflow/example_dags/example_params_trigger_ui.py
[2024-12-09T18:36:33.647-0300] {logging_mixin.py:190} INFO - [2024-12-09T18:36:33.647-0300] {override.py:1911} INFO - Created Permission View: can read on DAG:example_params_trigger_ui
[2024-12-09T18:36:33.660-0300] {logging_mixin.py:190} INFO - [2024-12-09T18:36:33.660-0300] {override.py:1911} INFO - Created Permission View: can delete on DAG:example_params_trigger_ui
[2024-12-09T18:36:33.671-0300] {logging_mixin.py:190} INFO - [2024-12-09T18:36:33.671-0300] {override.py:1911} INFO - Created Permission View: can edit on DAG:example_params_trigger_ui
[2024-12-09T18:36:33.688-0300] {logging_mixin.py:190} INFO - [2024-12-09T18:36:33.688-0300] {override.py:1911} INFO - Created Permission View: can read on DAG Run:example_params_trigger_ui
[2024-12-09T18:36:33.699-0300] {logging_mixin.py:190} INFO - [2024-12-09T18:36:33.698-0300] {override.py:1911} INFO - Created Permission View: menu access on DAG Run:example_params_trigger_ui
[2024-12-09T18:36:33.709-0300] {logging_mixin.py:190} INFO - [2024-12-09T18:36:33.708-0300] {override.py:1911} INFO - Created Permission View: can create on DAG Run:example_params_trigger_ui
[2024-12-09T18:36:33.718-0300] {logging_mixin.py:190} INFO - [2024-12-09T18:36:33.718-0300] {override.py:1911} INFO - Created Permission View: can delete on DAG Run:example_params_trigger_ui
[2024-12-09T18:36:33.718-0300] {logging_mixin.py:190} INFO - [2024-12-09T18:36:33.718-0300] {dag.py:3239} INFO - Sync 1 DAGs
[2024-12-09T18:36:33.727-0300] {logging_mixin.py:190} INFO - [2024-12-09T18:36:33.726-0300] {dag.py:3262} INFO - Creating ORM DAG for example_params_trigger_ui
[2024-12-09T18:36:33.727-0300] {logging_mixin.py:190} INFO - [2024-12-09T18:36:33.727-0300] {dag.py:4180} INFO - Setting next_dagrun for example_params_trigger_ui to None, run_after=None
[2024-12-09T18:36:33.754-0300] {processor.py:208} INFO - Processing /home/alefpa/codigos/breweriesDB/venv/lib/python3.10/site-packages/airflow/example_dags/example_params_trigger_ui.py took 0.222 seconds
[2024-12-09T18:43:26.409-0300] {processor.py:186} INFO - Started process (PID=116148) to work on /home/alefpa/codigos/breweriesDB/venv/lib/python3.10/site-packages/airflow/example_dags/example_params_trigger_ui.py
[2024-12-09T18:43:26.425-0300] {processor.py:914} INFO - Processing file /home/alefpa/codigos/breweriesDB/venv/lib/python3.10/site-packages/airflow/example_dags/example_params_trigger_ui.py for tasks to queue
[2024-12-09T18:43:26.427-0300] {logging_mixin.py:190} INFO - [2024-12-09T18:43:26.427-0300] {dagbag.py:588} INFO - Filling up the DagBag from /home/alefpa/codigos/breweriesDB/venv/lib/python3.10/site-packages/airflow/example_dags/example_params_trigger_ui.py
[2024-12-09T18:43:26.436-0300] {processor.py:925} INFO - DAG(s) 'example_params_trigger_ui' retrieved from /home/alefpa/codigos/breweriesDB/venv/lib/python3.10/site-packages/airflow/example_dags/example_params_trigger_ui.py
[2024-12-09T18:43:26.472-0300] {logging_mixin.py:190} INFO - [2024-12-09T18:43:26.472-0300] {dag.py:3239} INFO - Sync 1 DAGs
[2024-12-09T18:43:26.481-0300] {logging_mixin.py:190} INFO - [2024-12-09T18:43:26.481-0300] {dag.py:4180} INFO - Setting next_dagrun for example_params_trigger_ui to None, run_after=None
[2024-12-09T18:43:26.508-0300] {processor.py:208} INFO - Processing /home/alefpa/codigos/breweriesDB/venv/lib/python3.10/site-packages/airflow/example_dags/example_params_trigger_ui.py took 0.104 seconds
[2024-12-09T18:46:39.522-0300] {processor.py:186} INFO - Started process (PID=116997) to work on /home/alefpa/codigos/breweriesDB/venv/lib/python3.10/site-packages/airflow/example_dags/example_params_trigger_ui.py
[2024-12-09T18:46:39.524-0300] {processor.py:914} INFO - Processing file /home/alefpa/codigos/breweriesDB/venv/lib/python3.10/site-packages/airflow/example_dags/example_params_trigger_ui.py for tasks to queue
[2024-12-09T18:46:39.526-0300] {logging_mixin.py:190} INFO - [2024-12-09T18:46:39.526-0300] {dagbag.py:588} INFO - Filling up the DagBag from /home/alefpa/codigos/breweriesDB/venv/lib/python3.10/site-packages/airflow/example_dags/example_params_trigger_ui.py
[2024-12-09T18:46:39.536-0300] {processor.py:925} INFO - DAG(s) 'example_params_trigger_ui' retrieved from /home/alefpa/codigos/breweriesDB/venv/lib/python3.10/site-packages/airflow/example_dags/example_params_trigger_ui.py
[2024-12-09T18:46:39.575-0300] {logging_mixin.py:190} INFO - [2024-12-09T18:46:39.575-0300] {dag.py:3239} INFO - Sync 1 DAGs
[2024-12-09T18:46:39.584-0300] {logging_mixin.py:190} INFO - [2024-12-09T18:46:39.584-0300] {dag.py:4180} INFO - Setting next_dagrun for example_params_trigger_ui to None, run_after=None
[2024-12-09T18:46:39.607-0300] {processor.py:208} INFO - Processing /home/alefpa/codigos/breweriesDB/venv/lib/python3.10/site-packages/airflow/example_dags/example_params_trigger_ui.py took 0.089 seconds
[2024-12-09T18:49:36.186-0300] {processor.py:186} INFO - Started process (PID=117833) to work on /home/alefpa/codigos/breweriesDB/venv/lib/python3.10/site-packages/airflow/example_dags/example_params_trigger_ui.py
[2024-12-09T18:49:36.187-0300] {processor.py:914} INFO - Processing file /home/alefpa/codigos/breweriesDB/venv/lib/python3.10/site-packages/airflow/example_dags/example_params_trigger_ui.py for tasks to queue
[2024-12-09T18:49:36.189-0300] {logging_mixin.py:190} INFO - [2024-12-09T18:49:36.188-0300] {dagbag.py:588} INFO - Filling up the DagBag from /home/alefpa/codigos/breweriesDB/venv/lib/python3.10/site-packages/airflow/example_dags/example_params_trigger_ui.py
[2024-12-09T18:49:36.198-0300] {processor.py:925} INFO - DAG(s) 'example_params_trigger_ui' retrieved from /home/alefpa/codigos/breweriesDB/venv/lib/python3.10/site-packages/airflow/example_dags/example_params_trigger_ui.py
[2024-12-09T18:49:36.329-0300] {logging_mixin.py:190} INFO - [2024-12-09T18:49:36.329-0300] {override.py:1911} INFO - Created Permission View: can edit on DAG:example_params_trigger_ui
[2024-12-09T18:49:36.342-0300] {logging_mixin.py:190} INFO - [2024-12-09T18:49:36.342-0300] {override.py:1911} INFO - Created Permission View: can delete on DAG:example_params_trigger_ui
[2024-12-09T18:49:36.353-0300] {logging_mixin.py:190} INFO - [2024-12-09T18:49:36.352-0300] {override.py:1911} INFO - Created Permission View: can read on DAG:example_params_trigger_ui
[2024-12-09T18:49:36.370-0300] {logging_mixin.py:190} INFO - [2024-12-09T18:49:36.370-0300] {override.py:1911} INFO - Created Permission View: can delete on DAG Run:example_params_trigger_ui
[2024-12-09T18:49:36.380-0300] {logging_mixin.py:190} INFO - [2024-12-09T18:49:36.380-0300] {override.py:1911} INFO - Created Permission View: menu access on DAG Run:example_params_trigger_ui
[2024-12-09T18:49:36.390-0300] {logging_mixin.py:190} INFO - [2024-12-09T18:49:36.390-0300] {override.py:1911} INFO - Created Permission View: can read on DAG Run:example_params_trigger_ui
[2024-12-09T18:49:36.401-0300] {logging_mixin.py:190} INFO - [2024-12-09T18:49:36.401-0300] {override.py:1911} INFO - Created Permission View: can create on DAG Run:example_params_trigger_ui
[2024-12-09T18:49:36.402-0300] {logging_mixin.py:190} INFO - [2024-12-09T18:49:36.402-0300] {dag.py:3239} INFO - Sync 1 DAGs
[2024-12-09T18:49:36.411-0300] {logging_mixin.py:190} INFO - [2024-12-09T18:49:36.411-0300] {dag.py:3262} INFO - Creating ORM DAG for example_params_trigger_ui
[2024-12-09T18:49:36.412-0300] {logging_mixin.py:190} INFO - [2024-12-09T18:49:36.412-0300] {dag.py:4180} INFO - Setting next_dagrun for example_params_trigger_ui to None, run_after=None
[2024-12-09T18:49:36.432-0300] {processor.py:208} INFO - Processing /home/alefpa/codigos/breweriesDB/venv/lib/python3.10/site-packages/airflow/example_dags/example_params_trigger_ui.py took 0.251 seconds
[2024-12-09T18:50:44.619-0300] {processor.py:186} INFO - Started process (PID=118160) to work on /home/alefpa/codigos/breweriesDB/venv/lib/python3.10/site-packages/airflow/example_dags/example_params_trigger_ui.py
[2024-12-09T18:50:44.620-0300] {processor.py:914} INFO - Processing file /home/alefpa/codigos/breweriesDB/venv/lib/python3.10/site-packages/airflow/example_dags/example_params_trigger_ui.py for tasks to queue
[2024-12-09T18:50:44.622-0300] {logging_mixin.py:190} INFO - [2024-12-09T18:50:44.621-0300] {dagbag.py:588} INFO - Filling up the DagBag from /home/alefpa/codigos/breweriesDB/venv/lib/python3.10/site-packages/airflow/example_dags/example_params_trigger_ui.py
[2024-12-09T18:50:44.631-0300] {processor.py:925} INFO - DAG(s) 'example_params_trigger_ui' retrieved from /home/alefpa/codigos/breweriesDB/venv/lib/python3.10/site-packages/airflow/example_dags/example_params_trigger_ui.py
[2024-12-09T18:50:44.662-0300] {logging_mixin.py:190} INFO - [2024-12-09T18:50:44.662-0300] {dag.py:3239} INFO - Sync 1 DAGs
[2024-12-09T18:50:44.672-0300] {logging_mixin.py:190} INFO - [2024-12-09T18:50:44.672-0300] {dag.py:4180} INFO - Setting next_dagrun for example_params_trigger_ui to None, run_after=None
[2024-12-09T18:50:44.693-0300] {processor.py:208} INFO - Processing /home/alefpa/codigos/breweriesDB/venv/lib/python3.10/site-packages/airflow/example_dags/example_params_trigger_ui.py took 0.079 seconds
[2024-12-09T18:51:56.370-0300] {processor.py:186} INFO - Started process (PID=118546) to work on /home/alefpa/codigos/breweriesDB/venv/lib/python3.10/site-packages/airflow/example_dags/example_params_trigger_ui.py
[2024-12-09T18:51:56.371-0300] {processor.py:914} INFO - Processing file /home/alefpa/codigos/breweriesDB/venv/lib/python3.10/site-packages/airflow/example_dags/example_params_trigger_ui.py for tasks to queue
[2024-12-09T18:51:56.373-0300] {logging_mixin.py:190} INFO - [2024-12-09T18:51:56.373-0300] {dagbag.py:588} INFO - Filling up the DagBag from /home/alefpa/codigos/breweriesDB/venv/lib/python3.10/site-packages/airflow/example_dags/example_params_trigger_ui.py
[2024-12-09T18:51:56.382-0300] {processor.py:925} INFO - DAG(s) 'example_params_trigger_ui' retrieved from /home/alefpa/codigos/breweriesDB/venv/lib/python3.10/site-packages/airflow/example_dags/example_params_trigger_ui.py
[2024-12-09T18:51:56.418-0300] {logging_mixin.py:190} INFO - [2024-12-09T18:51:56.418-0300] {dag.py:3239} INFO - Sync 1 DAGs
[2024-12-09T18:51:56.428-0300] {logging_mixin.py:190} INFO - [2024-12-09T18:51:56.427-0300] {dag.py:4180} INFO - Setting next_dagrun for example_params_trigger_ui to None, run_after=None
[2024-12-09T18:51:56.448-0300] {processor.py:208} INFO - Processing /home/alefpa/codigos/breweriesDB/venv/lib/python3.10/site-packages/airflow/example_dags/example_params_trigger_ui.py took 0.083 seconds
[2024-12-09T18:52:55.694-0300] {processor.py:186} INFO - Started process (PID=118828) to work on /home/alefpa/codigos/breweriesDB/venv/lib/python3.10/site-packages/airflow/example_dags/example_params_trigger_ui.py
[2024-12-09T18:52:55.695-0300] {processor.py:914} INFO - Processing file /home/alefpa/codigos/breweriesDB/venv/lib/python3.10/site-packages/airflow/example_dags/example_params_trigger_ui.py for tasks to queue
[2024-12-09T18:52:55.697-0300] {logging_mixin.py:190} INFO - [2024-12-09T18:52:55.697-0300] {dagbag.py:588} INFO - Filling up the DagBag from /home/alefpa/codigos/breweriesDB/venv/lib/python3.10/site-packages/airflow/example_dags/example_params_trigger_ui.py
[2024-12-09T18:52:55.706-0300] {processor.py:925} INFO - DAG(s) 'example_params_trigger_ui' retrieved from /home/alefpa/codigos/breweriesDB/venv/lib/python3.10/site-packages/airflow/example_dags/example_params_trigger_ui.py
[2024-12-09T18:52:55.736-0300] {logging_mixin.py:190} INFO - [2024-12-09T18:52:55.736-0300] {dag.py:3239} INFO - Sync 1 DAGs
[2024-12-09T18:52:55.745-0300] {logging_mixin.py:190} INFO - [2024-12-09T18:52:55.745-0300] {dag.py:4180} INFO - Setting next_dagrun for example_params_trigger_ui to None, run_after=None
[2024-12-09T18:52:55.765-0300] {processor.py:208} INFO - Processing /home/alefpa/codigos/breweriesDB/venv/lib/python3.10/site-packages/airflow/example_dags/example_params_trigger_ui.py took 0.076 seconds
[2024-12-09T18:53:55.851-0300] {processor.py:186} INFO - Started process (PID=119124) to work on /home/alefpa/codigos/breweriesDB/venv/lib/python3.10/site-packages/airflow/example_dags/example_params_trigger_ui.py
[2024-12-09T18:53:55.852-0300] {processor.py:914} INFO - Processing file /home/alefpa/codigos/breweriesDB/venv/lib/python3.10/site-packages/airflow/example_dags/example_params_trigger_ui.py for tasks to queue
[2024-12-09T18:53:55.854-0300] {logging_mixin.py:190} INFO - [2024-12-09T18:53:55.854-0300] {dagbag.py:588} INFO - Filling up the DagBag from /home/alefpa/codigos/breweriesDB/venv/lib/python3.10/site-packages/airflow/example_dags/example_params_trigger_ui.py
[2024-12-09T18:53:55.863-0300] {processor.py:925} INFO - DAG(s) 'example_params_trigger_ui' retrieved from /home/alefpa/codigos/breweriesDB/venv/lib/python3.10/site-packages/airflow/example_dags/example_params_trigger_ui.py
[2024-12-09T18:53:55.893-0300] {logging_mixin.py:190} INFO - [2024-12-09T18:53:55.893-0300] {dag.py:3239} INFO - Sync 1 DAGs
[2024-12-09T18:53:55.902-0300] {logging_mixin.py:190} INFO - [2024-12-09T18:53:55.901-0300] {dag.py:4180} INFO - Setting next_dagrun for example_params_trigger_ui to None, run_after=None
[2024-12-09T18:53:55.921-0300] {processor.py:208} INFO - Processing /home/alefpa/codigos/breweriesDB/venv/lib/python3.10/site-packages/airflow/example_dags/example_params_trigger_ui.py took 0.075 seconds
[2024-12-09T18:54:29.616-0300] {processor.py:186} INFO - Started process (PID=119321) to work on /home/alefpa/codigos/breweriesDB/venv/lib/python3.10/site-packages/airflow/example_dags/example_params_trigger_ui.py
[2024-12-09T18:54:29.632-0300] {processor.py:914} INFO - Processing file /home/alefpa/codigos/breweriesDB/venv/lib/python3.10/site-packages/airflow/example_dags/example_params_trigger_ui.py for tasks to queue
[2024-12-09T18:54:29.634-0300] {logging_mixin.py:190} INFO - [2024-12-09T18:54:29.634-0300] {dagbag.py:588} INFO - Filling up the DagBag from /home/alefpa/codigos/breweriesDB/venv/lib/python3.10/site-packages/airflow/example_dags/example_params_trigger_ui.py
[2024-12-09T18:54:29.642-0300] {processor.py:925} INFO - DAG(s) 'example_params_trigger_ui' retrieved from /home/alefpa/codigos/breweriesDB/venv/lib/python3.10/site-packages/airflow/example_dags/example_params_trigger_ui.py
[2024-12-09T18:54:29.683-0300] {logging_mixin.py:190} INFO - [2024-12-09T18:54:29.682-0300] {dag.py:3239} INFO - Sync 1 DAGs
[2024-12-09T18:54:29.693-0300] {logging_mixin.py:190} INFO - [2024-12-09T18:54:29.692-0300] {dag.py:4180} INFO - Setting next_dagrun for example_params_trigger_ui to None, run_after=None
[2024-12-09T18:54:29.717-0300] {processor.py:208} INFO - Processing /home/alefpa/codigos/breweriesDB/venv/lib/python3.10/site-packages/airflow/example_dags/example_params_trigger_ui.py took 0.106 seconds
[2024-12-09T18:55:29.153-0300] {processor.py:186} INFO - Started process (PID=119617) to work on /home/alefpa/codigos/breweriesDB/venv/lib/python3.10/site-packages/airflow/example_dags/example_params_trigger_ui.py
[2024-12-09T18:55:29.155-0300] {processor.py:914} INFO - Processing file /home/alefpa/codigos/breweriesDB/venv/lib/python3.10/site-packages/airflow/example_dags/example_params_trigger_ui.py for tasks to queue
[2024-12-09T18:55:29.157-0300] {logging_mixin.py:190} INFO - [2024-12-09T18:55:29.157-0300] {dagbag.py:588} INFO - Filling up the DagBag from /home/alefpa/codigos/breweriesDB/venv/lib/python3.10/site-packages/airflow/example_dags/example_params_trigger_ui.py
[2024-12-09T18:55:29.167-0300] {processor.py:925} INFO - DAG(s) 'example_params_trigger_ui' retrieved from /home/alefpa/codigos/breweriesDB/venv/lib/python3.10/site-packages/airflow/example_dags/example_params_trigger_ui.py
[2024-12-09T18:55:29.200-0300] {logging_mixin.py:190} INFO - [2024-12-09T18:55:29.200-0300] {dag.py:3239} INFO - Sync 1 DAGs
[2024-12-09T18:55:29.211-0300] {logging_mixin.py:190} INFO - [2024-12-09T18:55:29.211-0300] {dag.py:4180} INFO - Setting next_dagrun for example_params_trigger_ui to None, run_after=None
[2024-12-09T18:55:29.232-0300] {processor.py:208} INFO - Processing /home/alefpa/codigos/breweriesDB/venv/lib/python3.10/site-packages/airflow/example_dags/example_params_trigger_ui.py took 0.084 seconds
[2024-12-09T18:56:32.290-0300] {processor.py:186} INFO - Started process (PID=119953) to work on /home/alefpa/codigos/breweriesDB/venv/lib/python3.10/site-packages/airflow/example_dags/example_params_trigger_ui.py
[2024-12-09T18:56:32.306-0300] {processor.py:914} INFO - Processing file /home/alefpa/codigos/breweriesDB/venv/lib/python3.10/site-packages/airflow/example_dags/example_params_trigger_ui.py for tasks to queue
[2024-12-09T18:56:32.308-0300] {logging_mixin.py:190} INFO - [2024-12-09T18:56:32.308-0300] {dagbag.py:588} INFO - Filling up the DagBag from /home/alefpa/codigos/breweriesDB/venv/lib/python3.10/site-packages/airflow/example_dags/example_params_trigger_ui.py
[2024-12-09T18:56:32.317-0300] {processor.py:925} INFO - DAG(s) 'example_params_trigger_ui' retrieved from /home/alefpa/codigos/breweriesDB/venv/lib/python3.10/site-packages/airflow/example_dags/example_params_trigger_ui.py
[2024-12-09T18:56:32.351-0300] {logging_mixin.py:190} INFO - [2024-12-09T18:56:32.351-0300] {dag.py:3239} INFO - Sync 1 DAGs
[2024-12-09T18:56:32.360-0300] {logging_mixin.py:190} INFO - [2024-12-09T18:56:32.359-0300] {dag.py:4180} INFO - Setting next_dagrun for example_params_trigger_ui to None, run_after=None
[2024-12-09T18:56:32.379-0300] {processor.py:208} INFO - Processing /home/alefpa/codigos/breweriesDB/venv/lib/python3.10/site-packages/airflow/example_dags/example_params_trigger_ui.py took 0.094 seconds
[2024-12-09T18:57:48.013-0300] {processor.py:186} INFO - Started process (PID=120358) to work on /home/alefpa/codigos/breweriesDB/venv/lib/python3.10/site-packages/airflow/example_dags/example_params_trigger_ui.py
[2024-12-09T18:57:48.014-0300] {processor.py:914} INFO - Processing file /home/alefpa/codigos/breweriesDB/venv/lib/python3.10/site-packages/airflow/example_dags/example_params_trigger_ui.py for tasks to queue
[2024-12-09T18:57:48.017-0300] {logging_mixin.py:190} INFO - [2024-12-09T18:57:48.016-0300] {dagbag.py:588} INFO - Filling up the DagBag from /home/alefpa/codigos/breweriesDB/venv/lib/python3.10/site-packages/airflow/example_dags/example_params_trigger_ui.py
[2024-12-09T18:57:48.027-0300] {processor.py:925} INFO - DAG(s) 'example_params_trigger_ui' retrieved from /home/alefpa/codigos/breweriesDB/venv/lib/python3.10/site-packages/airflow/example_dags/example_params_trigger_ui.py
[2024-12-09T18:57:48.065-0300] {logging_mixin.py:190} INFO - [2024-12-09T18:57:48.065-0300] {dag.py:3239} INFO - Sync 1 DAGs
[2024-12-09T18:57:48.075-0300] {logging_mixin.py:190} INFO - [2024-12-09T18:57:48.075-0300] {dag.py:4180} INFO - Setting next_dagrun for example_params_trigger_ui to None, run_after=None
[2024-12-09T18:57:48.096-0300] {processor.py:208} INFO - Processing /home/alefpa/codigos/breweriesDB/venv/lib/python3.10/site-packages/airflow/example_dags/example_params_trigger_ui.py took 0.088 seconds
