[2024-12-09T18:36:41.211-0300] {processor.py:186} INFO - Started process (PID=114302) to work on /home/alefpa/codigos/breweriesDB/venv/lib/python3.10/site-packages/airflow/example_dags/example_task_group.py
[2024-12-09T18:36:41.212-0300] {processor.py:914} INFO - Processing file /home/alefpa/codigos/breweriesDB/venv/lib/python3.10/site-packages/airflow/example_dags/example_task_group.py for tasks to queue
[2024-12-09T18:36:41.214-0300] {logging_mixin.py:190} INFO - [2024-12-09T18:36:41.213-0300] {dagbag.py:588} INFO - Filling up the DagBag from /home/alefpa/codigos/breweriesDB/venv/lib/python3.10/site-packages/airflow/example_dags/example_task_group.py
[2024-12-09T18:36:41.221-0300] {processor.py:925} INFO - DAG(s) 'example_task_group' retrieved from /home/alefpa/codigos/breweriesDB/venv/lib/python3.10/site-packages/airflow/example_dags/example_task_group.py
[2024-12-09T18:36:41.314-0300] {logging_mixin.py:190} INFO - [2024-12-09T18:36:41.314-0300] {override.py:1911} INFO - Created Permission View: can read on DAG:example_task_group
[2024-12-09T18:36:41.330-0300] {logging_mixin.py:190} INFO - [2024-12-09T18:36:41.330-0300] {override.py:1911} INFO - Created Permission View: can delete on DAG:example_task_group
[2024-12-09T18:36:41.344-0300] {logging_mixin.py:190} INFO - [2024-12-09T18:36:41.344-0300] {override.py:1911} INFO - Created Permission View: can edit on DAG:example_task_group
[2024-12-09T18:36:41.361-0300] {logging_mixin.py:190} INFO - [2024-12-09T18:36:41.361-0300] {override.py:1911} INFO - Created Permission View: can read on DAG Run:example_task_group
[2024-12-09T18:36:41.371-0300] {logging_mixin.py:190} INFO - [2024-12-09T18:36:41.371-0300] {override.py:1911} INFO - Created Permission View: menu access on DAG Run:example_task_group
[2024-12-09T18:36:41.381-0300] {logging_mixin.py:190} INFO - [2024-12-09T18:36:41.381-0300] {override.py:1911} INFO - Created Permission View: can create on DAG Run:example_task_group
[2024-12-09T18:36:41.392-0300] {logging_mixin.py:190} INFO - [2024-12-09T18:36:41.391-0300] {override.py:1911} INFO - Created Permission View: can delete on DAG Run:example_task_group
[2024-12-09T18:36:41.392-0300] {logging_mixin.py:190} INFO - [2024-12-09T18:36:41.392-0300] {dag.py:3239} INFO - Sync 1 DAGs
[2024-12-09T18:36:41.402-0300] {logging_mixin.py:190} INFO - [2024-12-09T18:36:41.402-0300] {dag.py:3262} INFO - Creating ORM DAG for example_task_group
[2024-12-09T18:36:41.402-0300] {logging_mixin.py:190} INFO - [2024-12-09T18:36:41.402-0300] {dag.py:4180} INFO - Setting next_dagrun for example_task_group to None, run_after=None
[2024-12-09T18:36:41.433-0300] {processor.py:208} INFO - Processing /home/alefpa/codigos/breweriesDB/venv/lib/python3.10/site-packages/airflow/example_dags/example_task_group.py took 0.226 seconds
[2024-12-09T18:43:31.454-0300] {processor.py:186} INFO - Started process (PID=116177) to work on /home/alefpa/codigos/breweriesDB/venv/lib/python3.10/site-packages/airflow/example_dags/example_task_group.py
[2024-12-09T18:43:31.471-0300] {processor.py:914} INFO - Processing file /home/alefpa/codigos/breweriesDB/venv/lib/python3.10/site-packages/airflow/example_dags/example_task_group.py for tasks to queue
[2024-12-09T18:43:31.473-0300] {logging_mixin.py:190} INFO - [2024-12-09T18:43:31.473-0300] {dagbag.py:588} INFO - Filling up the DagBag from /home/alefpa/codigos/breweriesDB/venv/lib/python3.10/site-packages/airflow/example_dags/example_task_group.py
[2024-12-09T18:43:31.482-0300] {processor.py:925} INFO - DAG(s) 'example_task_group' retrieved from /home/alefpa/codigos/breweriesDB/venv/lib/python3.10/site-packages/airflow/example_dags/example_task_group.py
[2024-12-09T18:43:31.500-0300] {logging_mixin.py:190} INFO - [2024-12-09T18:43:31.499-0300] {dag.py:3239} INFO - Sync 1 DAGs
[2024-12-09T18:43:31.509-0300] {logging_mixin.py:190} INFO - [2024-12-09T18:43:31.509-0300] {dag.py:4180} INFO - Setting next_dagrun for example_task_group to None, run_after=None
[2024-12-09T18:43:31.537-0300] {processor.py:208} INFO - Processing /home/alefpa/codigos/breweriesDB/venv/lib/python3.10/site-packages/airflow/example_dags/example_task_group.py took 0.087 seconds
[2024-12-09T18:46:44.773-0300] {processor.py:186} INFO - Started process (PID=117021) to work on /home/alefpa/codigos/breweriesDB/venv/lib/python3.10/site-packages/airflow/example_dags/example_task_group.py
[2024-12-09T18:46:44.775-0300] {processor.py:914} INFO - Processing file /home/alefpa/codigos/breweriesDB/venv/lib/python3.10/site-packages/airflow/example_dags/example_task_group.py for tasks to queue
[2024-12-09T18:46:44.777-0300] {logging_mixin.py:190} INFO - [2024-12-09T18:46:44.777-0300] {dagbag.py:588} INFO - Filling up the DagBag from /home/alefpa/codigos/breweriesDB/venv/lib/python3.10/site-packages/airflow/example_dags/example_task_group.py
[2024-12-09T18:46:44.787-0300] {processor.py:925} INFO - DAG(s) 'example_task_group' retrieved from /home/alefpa/codigos/breweriesDB/venv/lib/python3.10/site-packages/airflow/example_dags/example_task_group.py
[2024-12-09T18:46:44.807-0300] {logging_mixin.py:190} INFO - [2024-12-09T18:46:44.806-0300] {dag.py:3239} INFO - Sync 1 DAGs
[2024-12-09T18:46:44.816-0300] {logging_mixin.py:190} INFO - [2024-12-09T18:46:44.816-0300] {dag.py:4180} INFO - Setting next_dagrun for example_task_group to None, run_after=None
[2024-12-09T18:46:44.839-0300] {processor.py:208} INFO - Processing /home/alefpa/codigos/breweriesDB/venv/lib/python3.10/site-packages/airflow/example_dags/example_task_group.py took 0.073 seconds
[2024-12-09T18:49:42.899-0300] {processor.py:186} INFO - Started process (PID=117873) to work on /home/alefpa/codigos/breweriesDB/venv/lib/python3.10/site-packages/airflow/example_dags/example_task_group.py
[2024-12-09T18:49:42.908-0300] {processor.py:914} INFO - Processing file /home/alefpa/codigos/breweriesDB/venv/lib/python3.10/site-packages/airflow/example_dags/example_task_group.py for tasks to queue
[2024-12-09T18:49:42.910-0300] {logging_mixin.py:190} INFO - [2024-12-09T18:49:42.909-0300] {dagbag.py:588} INFO - Filling up the DagBag from /home/alefpa/codigos/breweriesDB/venv/lib/python3.10/site-packages/airflow/example_dags/example_task_group.py
[2024-12-09T18:49:42.918-0300] {processor.py:925} INFO - DAG(s) 'example_task_group' retrieved from /home/alefpa/codigos/breweriesDB/venv/lib/python3.10/site-packages/airflow/example_dags/example_task_group.py
[2024-12-09T18:49:43.020-0300] {logging_mixin.py:190} INFO - [2024-12-09T18:49:43.020-0300] {override.py:1911} INFO - Created Permission View: can edit on DAG:example_task_group
[2024-12-09T18:49:43.035-0300] {logging_mixin.py:190} INFO - [2024-12-09T18:49:43.035-0300] {override.py:1911} INFO - Created Permission View: can delete on DAG:example_task_group
[2024-12-09T18:49:43.052-0300] {logging_mixin.py:190} INFO - [2024-12-09T18:49:43.051-0300] {override.py:1911} INFO - Created Permission View: can read on DAG:example_task_group
[2024-12-09T18:49:43.071-0300] {logging_mixin.py:190} INFO - [2024-12-09T18:49:43.070-0300] {override.py:1911} INFO - Created Permission View: can delete on DAG Run:example_task_group
[2024-12-09T18:49:43.086-0300] {logging_mixin.py:190} INFO - [2024-12-09T18:49:43.085-0300] {override.py:1911} INFO - Created Permission View: menu access on DAG Run:example_task_group
[2024-12-09T18:49:43.101-0300] {logging_mixin.py:190} INFO - [2024-12-09T18:49:43.101-0300] {override.py:1911} INFO - Created Permission View: can read on DAG Run:example_task_group
[2024-12-09T18:49:43.112-0300] {logging_mixin.py:190} INFO - [2024-12-09T18:49:43.111-0300] {override.py:1911} INFO - Created Permission View: can create on DAG Run:example_task_group
[2024-12-09T18:49:43.112-0300] {logging_mixin.py:190} INFO - [2024-12-09T18:49:43.112-0300] {dag.py:3239} INFO - Sync 1 DAGs
[2024-12-09T18:49:43.122-0300] {logging_mixin.py:190} INFO - [2024-12-09T18:49:43.121-0300] {dag.py:3262} INFO - Creating ORM DAG for example_task_group
[2024-12-09T18:49:43.122-0300] {logging_mixin.py:190} INFO - [2024-12-09T18:49:43.122-0300] {dag.py:4180} INFO - Setting next_dagrun for example_task_group to None, run_after=None
[2024-12-09T18:49:43.143-0300] {processor.py:208} INFO - Processing /home/alefpa/codigos/breweriesDB/venv/lib/python3.10/site-packages/airflow/example_dags/example_task_group.py took 0.249 seconds
[2024-12-09T18:50:51.447-0300] {processor.py:186} INFO - Started process (PID=118196) to work on /home/alefpa/codigos/breweriesDB/venv/lib/python3.10/site-packages/airflow/example_dags/example_task_group.py
[2024-12-09T18:50:51.463-0300] {processor.py:914} INFO - Processing file /home/alefpa/codigos/breweriesDB/venv/lib/python3.10/site-packages/airflow/example_dags/example_task_group.py for tasks to queue
[2024-12-09T18:50:51.465-0300] {logging_mixin.py:190} INFO - [2024-12-09T18:50:51.465-0300] {dagbag.py:588} INFO - Filling up the DagBag from /home/alefpa/codigos/breweriesDB/venv/lib/python3.10/site-packages/airflow/example_dags/example_task_group.py
[2024-12-09T18:50:51.473-0300] {processor.py:925} INFO - DAG(s) 'example_task_group' retrieved from /home/alefpa/codigos/breweriesDB/venv/lib/python3.10/site-packages/airflow/example_dags/example_task_group.py
[2024-12-09T18:50:51.486-0300] {logging_mixin.py:190} INFO - [2024-12-09T18:50:51.486-0300] {dag.py:3239} INFO - Sync 1 DAGs
[2024-12-09T18:50:51.496-0300] {logging_mixin.py:190} INFO - [2024-12-09T18:50:51.495-0300] {dag.py:4180} INFO - Setting next_dagrun for example_task_group to None, run_after=None
[2024-12-09T18:50:51.518-0300] {processor.py:208} INFO - Processing /home/alefpa/codigos/breweriesDB/venv/lib/python3.10/site-packages/airflow/example_dags/example_task_group.py took 0.076 seconds
[2024-12-09T18:52:02.674-0300] {processor.py:186} INFO - Started process (PID=118568) to work on /home/alefpa/codigos/breweriesDB/venv/lib/python3.10/site-packages/airflow/example_dags/example_task_group.py
[2024-12-09T18:52:02.691-0300] {processor.py:914} INFO - Processing file /home/alefpa/codigos/breweriesDB/venv/lib/python3.10/site-packages/airflow/example_dags/example_task_group.py for tasks to queue
[2024-12-09T18:52:02.693-0300] {logging_mixin.py:190} INFO - [2024-12-09T18:52:02.692-0300] {dagbag.py:588} INFO - Filling up the DagBag from /home/alefpa/codigos/breweriesDB/venv/lib/python3.10/site-packages/airflow/example_dags/example_task_group.py
[2024-12-09T18:52:02.700-0300] {processor.py:925} INFO - DAG(s) 'example_task_group' retrieved from /home/alefpa/codigos/breweriesDB/venv/lib/python3.10/site-packages/airflow/example_dags/example_task_group.py
[2024-12-09T18:52:02.717-0300] {logging_mixin.py:190} INFO - [2024-12-09T18:52:02.717-0300] {dag.py:3239} INFO - Sync 1 DAGs
[2024-12-09T18:52:02.726-0300] {logging_mixin.py:190} INFO - [2024-12-09T18:52:02.726-0300] {dag.py:4180} INFO - Setting next_dagrun for example_task_group to None, run_after=None
[2024-12-09T18:52:02.746-0300] {processor.py:208} INFO - Processing /home/alefpa/codigos/breweriesDB/venv/lib/python3.10/site-packages/airflow/example_dags/example_task_group.py took 0.077 seconds
[2024-12-09T18:53:01.817-0300] {processor.py:186} INFO - Started process (PID=118859) to work on /home/alefpa/codigos/breweriesDB/venv/lib/python3.10/site-packages/airflow/example_dags/example_task_group.py
[2024-12-09T18:53:01.818-0300] {processor.py:914} INFO - Processing file /home/alefpa/codigos/breweriesDB/venv/lib/python3.10/site-packages/airflow/example_dags/example_task_group.py for tasks to queue
[2024-12-09T18:53:01.820-0300] {logging_mixin.py:190} INFO - [2024-12-09T18:53:01.820-0300] {dagbag.py:588} INFO - Filling up the DagBag from /home/alefpa/codigos/breweriesDB/venv/lib/python3.10/site-packages/airflow/example_dags/example_task_group.py
[2024-12-09T18:53:01.828-0300] {processor.py:925} INFO - DAG(s) 'example_task_group' retrieved from /home/alefpa/codigos/breweriesDB/venv/lib/python3.10/site-packages/airflow/example_dags/example_task_group.py
[2024-12-09T18:53:01.840-0300] {logging_mixin.py:190} INFO - [2024-12-09T18:53:01.840-0300] {dag.py:3239} INFO - Sync 1 DAGs
[2024-12-09T18:53:01.849-0300] {logging_mixin.py:190} INFO - [2024-12-09T18:53:01.849-0300] {dag.py:4180} INFO - Setting next_dagrun for example_task_group to None, run_after=None
[2024-12-09T18:53:01.869-0300] {processor.py:208} INFO - Processing /home/alefpa/codigos/breweriesDB/venv/lib/python3.10/site-packages/airflow/example_dags/example_task_group.py took 0.056 seconds
[2024-12-09T18:54:01.327-0300] {processor.py:186} INFO - Started process (PID=119153) to work on /home/alefpa/codigos/breweriesDB/venv/lib/python3.10/site-packages/airflow/example_dags/example_task_group.py
[2024-12-09T18:54:01.328-0300] {processor.py:914} INFO - Processing file /home/alefpa/codigos/breweriesDB/venv/lib/python3.10/site-packages/airflow/example_dags/example_task_group.py for tasks to queue
[2024-12-09T18:54:01.330-0300] {logging_mixin.py:190} INFO - [2024-12-09T18:54:01.329-0300] {dagbag.py:588} INFO - Filling up the DagBag from /home/alefpa/codigos/breweriesDB/venv/lib/python3.10/site-packages/airflow/example_dags/example_task_group.py
[2024-12-09T18:54:01.337-0300] {processor.py:925} INFO - DAG(s) 'example_task_group' retrieved from /home/alefpa/codigos/breweriesDB/venv/lib/python3.10/site-packages/airflow/example_dags/example_task_group.py
[2024-12-09T18:54:01.349-0300] {logging_mixin.py:190} INFO - [2024-12-09T18:54:01.349-0300] {dag.py:3239} INFO - Sync 1 DAGs
[2024-12-09T18:54:01.358-0300] {logging_mixin.py:190} INFO - [2024-12-09T18:54:01.358-0300] {dag.py:4180} INFO - Setting next_dagrun for example_task_group to None, run_after=None
[2024-12-09T18:54:01.377-0300] {processor.py:208} INFO - Processing /home/alefpa/codigos/breweriesDB/venv/lib/python3.10/site-packages/airflow/example_dags/example_task_group.py took 0.055 seconds
[2024-12-09T18:54:35.993-0300] {processor.py:186} INFO - Started process (PID=119354) to work on /home/alefpa/codigos/breweriesDB/venv/lib/python3.10/site-packages/airflow/example_dags/example_task_group.py
[2024-12-09T18:54:36.010-0300] {processor.py:914} INFO - Processing file /home/alefpa/codigos/breweriesDB/venv/lib/python3.10/site-packages/airflow/example_dags/example_task_group.py for tasks to queue
[2024-12-09T18:54:36.012-0300] {logging_mixin.py:190} INFO - [2024-12-09T18:54:36.011-0300] {dagbag.py:588} INFO - Filling up the DagBag from /home/alefpa/codigos/breweriesDB/venv/lib/python3.10/site-packages/airflow/example_dags/example_task_group.py
[2024-12-09T18:54:36.022-0300] {processor.py:925} INFO - DAG(s) 'example_task_group' retrieved from /home/alefpa/codigos/breweriesDB/venv/lib/python3.10/site-packages/airflow/example_dags/example_task_group.py
[2024-12-09T18:54:36.049-0300] {logging_mixin.py:190} INFO - [2024-12-09T18:54:36.049-0300] {dag.py:3239} INFO - Sync 1 DAGs
[2024-12-09T18:54:36.064-0300] {logging_mixin.py:190} INFO - [2024-12-09T18:54:36.064-0300] {dag.py:4180} INFO - Setting next_dagrun for example_task_group to None, run_after=None
[2024-12-09T18:54:36.094-0300] {processor.py:208} INFO - Processing /home/alefpa/codigos/breweriesDB/venv/lib/python3.10/site-packages/airflow/example_dags/example_task_group.py took 0.107 seconds
[2024-12-09T18:55:35.436-0300] {processor.py:186} INFO - Started process (PID=119648) to work on /home/alefpa/codigos/breweriesDB/venv/lib/python3.10/site-packages/airflow/example_dags/example_task_group.py
[2024-12-09T18:55:35.452-0300] {processor.py:914} INFO - Processing file /home/alefpa/codigos/breweriesDB/venv/lib/python3.10/site-packages/airflow/example_dags/example_task_group.py for tasks to queue
[2024-12-09T18:55:35.454-0300] {logging_mixin.py:190} INFO - [2024-12-09T18:55:35.454-0300] {dagbag.py:588} INFO - Filling up the DagBag from /home/alefpa/codigos/breweriesDB/venv/lib/python3.10/site-packages/airflow/example_dags/example_task_group.py
[2024-12-09T18:55:35.462-0300] {processor.py:925} INFO - DAG(s) 'example_task_group' retrieved from /home/alefpa/codigos/breweriesDB/venv/lib/python3.10/site-packages/airflow/example_dags/example_task_group.py
[2024-12-09T18:55:35.477-0300] {logging_mixin.py:190} INFO - [2024-12-09T18:55:35.477-0300] {dag.py:3239} INFO - Sync 1 DAGs
[2024-12-09T18:55:35.486-0300] {logging_mixin.py:190} INFO - [2024-12-09T18:55:35.486-0300] {dag.py:4180} INFO - Setting next_dagrun for example_task_group to None, run_after=None
[2024-12-09T18:55:35.508-0300] {processor.py:208} INFO - Processing /home/alefpa/codigos/breweriesDB/venv/lib/python3.10/site-packages/airflow/example_dags/example_task_group.py took 0.078 seconds
[2024-12-09T18:56:37.333-0300] {processor.py:186} INFO - Started process (PID=119982) to work on /home/alefpa/codigos/breweriesDB/venv/lib/python3.10/site-packages/airflow/example_dags/example_task_group.py
[2024-12-09T18:56:37.350-0300] {processor.py:914} INFO - Processing file /home/alefpa/codigos/breweriesDB/venv/lib/python3.10/site-packages/airflow/example_dags/example_task_group.py for tasks to queue
[2024-12-09T18:56:37.352-0300] {logging_mixin.py:190} INFO - [2024-12-09T18:56:37.352-0300] {dagbag.py:588} INFO - Filling up the DagBag from /home/alefpa/codigos/breweriesDB/venv/lib/python3.10/site-packages/airflow/example_dags/example_task_group.py
[2024-12-09T18:56:37.360-0300] {processor.py:925} INFO - DAG(s) 'example_task_group' retrieved from /home/alefpa/codigos/breweriesDB/venv/lib/python3.10/site-packages/airflow/example_dags/example_task_group.py
[2024-12-09T18:56:37.376-0300] {logging_mixin.py:190} INFO - [2024-12-09T18:56:37.376-0300] {dag.py:3239} INFO - Sync 1 DAGs
[2024-12-09T18:56:37.386-0300] {logging_mixin.py:190} INFO - [2024-12-09T18:56:37.386-0300] {dag.py:4180} INFO - Setting next_dagrun for example_task_group to None, run_after=None
[2024-12-09T18:56:37.406-0300] {processor.py:208} INFO - Processing /home/alefpa/codigos/breweriesDB/venv/lib/python3.10/site-packages/airflow/example_dags/example_task_group.py took 0.077 seconds
[2024-12-09T18:57:53.145-0300] {processor.py:186} INFO - Started process (PID=120382) to work on /home/alefpa/codigos/breweriesDB/venv/lib/python3.10/site-packages/airflow/example_dags/example_task_group.py
[2024-12-09T18:57:53.162-0300] {processor.py:914} INFO - Processing file /home/alefpa/codigos/breweriesDB/venv/lib/python3.10/site-packages/airflow/example_dags/example_task_group.py for tasks to queue
[2024-12-09T18:57:53.164-0300] {logging_mixin.py:190} INFO - [2024-12-09T18:57:53.164-0300] {dagbag.py:588} INFO - Filling up the DagBag from /home/alefpa/codigos/breweriesDB/venv/lib/python3.10/site-packages/airflow/example_dags/example_task_group.py
[2024-12-09T18:57:53.172-0300] {processor.py:925} INFO - DAG(s) 'example_task_group' retrieved from /home/alefpa/codigos/breweriesDB/venv/lib/python3.10/site-packages/airflow/example_dags/example_task_group.py
[2024-12-09T18:57:53.189-0300] {logging_mixin.py:190} INFO - [2024-12-09T18:57:53.189-0300] {dag.py:3239} INFO - Sync 1 DAGs
[2024-12-09T18:57:53.198-0300] {logging_mixin.py:190} INFO - [2024-12-09T18:57:53.198-0300] {dag.py:4180} INFO - Setting next_dagrun for example_task_group to None, run_after=None
[2024-12-09T18:57:53.217-0300] {processor.py:208} INFO - Processing /home/alefpa/codigos/breweriesDB/venv/lib/python3.10/site-packages/airflow/example_dags/example_task_group.py took 0.077 seconds
