[2024-12-09T18:50:27.736-0300] {processor.py:186} INFO - Started process (PID=118076) to work on /home/alefpa/codigos/breweriesDB/venv/lib/python3.10/site-packages/airflow/example_dags/example_dynamic_task_mapping.py
[2024-12-09T18:50:27.737-0300] {processor.py:914} INFO - Processing file /home/alefpa/codigos/breweriesDB/venv/lib/python3.10/site-packages/airflow/example_dags/example_dynamic_task_mapping.py for tasks to queue
[2024-12-09T18:50:27.739-0300] {logging_mixin.py:190} INFO - [2024-12-09T18:50:27.739-0300] {dagbag.py:588} INFO - Filling up the DagBag from /home/alefpa/codigos/breweriesDB/venv/lib/python3.10/site-packages/airflow/example_dags/example_dynamic_task_mapping.py
[2024-12-09T18:50:27.746-0300] {processor.py:925} INFO - DAG(s) 'example_dynamic_task_mapping' retrieved from /home/alefpa/codigos/breweriesDB/venv/lib/python3.10/site-packages/airflow/example_dags/example_dynamic_task_mapping.py
[2024-12-09T18:50:27.841-0300] {logging_mixin.py:190} INFO - [2024-12-09T18:50:27.840-0300] {override.py:1911} INFO - Created Permission View: can edit on DAG:example_dynamic_task_mapping
[2024-12-09T18:50:27.853-0300] {logging_mixin.py:190} INFO - [2024-12-09T18:50:27.853-0300] {override.py:1911} INFO - Created Permission View: can delete on DAG:example_dynamic_task_mapping
[2024-12-09T18:50:27.864-0300] {logging_mixin.py:190} INFO - [2024-12-09T18:50:27.863-0300] {override.py:1911} INFO - Created Permission View: can read on DAG:example_dynamic_task_mapping
[2024-12-09T18:50:27.890-0300] {logging_mixin.py:190} INFO - [2024-12-09T18:50:27.890-0300] {override.py:1911} INFO - Created Permission View: can delete on DAG Run:example_dynamic_task_mapping
[2024-12-09T18:50:27.900-0300] {logging_mixin.py:190} INFO - [2024-12-09T18:50:27.900-0300] {override.py:1911} INFO - Created Permission View: menu access on DAG Run:example_dynamic_task_mapping
[2024-12-09T18:50:27.910-0300] {logging_mixin.py:190} INFO - [2024-12-09T18:50:27.910-0300] {override.py:1911} INFO - Created Permission View: can read on DAG Run:example_dynamic_task_mapping
[2024-12-09T18:50:27.921-0300] {logging_mixin.py:190} INFO - [2024-12-09T18:50:27.920-0300] {override.py:1911} INFO - Created Permission View: can create on DAG Run:example_dynamic_task_mapping
[2024-12-09T18:50:27.921-0300] {logging_mixin.py:190} INFO - [2024-12-09T18:50:27.921-0300] {dag.py:3239} INFO - Sync 1 DAGs
[2024-12-09T18:50:27.931-0300] {logging_mixin.py:190} INFO - [2024-12-09T18:50:27.931-0300] {dag.py:3262} INFO - Creating ORM DAG for example_dynamic_task_mapping
[2024-12-09T18:50:27.931-0300] {logging_mixin.py:190} INFO - [2024-12-09T18:50:27.931-0300] {dag.py:4180} INFO - Setting next_dagrun for example_dynamic_task_mapping to None, run_after=None
[2024-12-09T18:50:27.950-0300] {processor.py:208} INFO - Processing /home/alefpa/codigos/breweriesDB/venv/lib/python3.10/site-packages/airflow/example_dags/example_dynamic_task_mapping.py took 0.218 seconds
[2024-12-09T18:51:30.557-0300] {processor.py:186} INFO - Started process (PID=118381) to work on /home/alefpa/codigos/breweriesDB/venv/lib/python3.10/site-packages/airflow/example_dags/example_dynamic_task_mapping.py
[2024-12-09T18:51:30.558-0300] {processor.py:914} INFO - Processing file /home/alefpa/codigos/breweriesDB/venv/lib/python3.10/site-packages/airflow/example_dags/example_dynamic_task_mapping.py for tasks to queue
[2024-12-09T18:51:30.560-0300] {logging_mixin.py:190} INFO - [2024-12-09T18:51:30.559-0300] {dagbag.py:588} INFO - Filling up the DagBag from /home/alefpa/codigos/breweriesDB/venv/lib/python3.10/site-packages/airflow/example_dags/example_dynamic_task_mapping.py
[2024-12-09T18:51:30.567-0300] {processor.py:925} INFO - DAG(s) 'example_dynamic_task_mapping' retrieved from /home/alefpa/codigos/breweriesDB/venv/lib/python3.10/site-packages/airflow/example_dags/example_dynamic_task_mapping.py
[2024-12-09T18:51:30.578-0300] {logging_mixin.py:190} INFO - [2024-12-09T18:51:30.578-0300] {dag.py:3239} INFO - Sync 1 DAGs
[2024-12-09T18:51:30.588-0300] {logging_mixin.py:190} INFO - [2024-12-09T18:51:30.588-0300] {dag.py:4180} INFO - Setting next_dagrun for example_dynamic_task_mapping to None, run_after=None
[2024-12-09T18:51:30.608-0300] {processor.py:208} INFO - Processing /home/alefpa/codigos/breweriesDB/venv/lib/python3.10/site-packages/airflow/example_dags/example_dynamic_task_mapping.py took 0.056 seconds
[2024-12-09T18:52:40.109-0300] {processor.py:186} INFO - Started process (PID=118750) to work on /home/alefpa/codigos/breweriesDB/venv/lib/python3.10/site-packages/airflow/example_dags/example_dynamic_task_mapping.py
[2024-12-09T18:52:40.124-0300] {processor.py:914} INFO - Processing file /home/alefpa/codigos/breweriesDB/venv/lib/python3.10/site-packages/airflow/example_dags/example_dynamic_task_mapping.py for tasks to queue
[2024-12-09T18:52:40.126-0300] {logging_mixin.py:190} INFO - [2024-12-09T18:52:40.126-0300] {dagbag.py:588} INFO - Filling up the DagBag from /home/alefpa/codigos/breweriesDB/venv/lib/python3.10/site-packages/airflow/example_dags/example_dynamic_task_mapping.py
[2024-12-09T18:52:40.134-0300] {processor.py:925} INFO - DAG(s) 'example_dynamic_task_mapping' retrieved from /home/alefpa/codigos/breweriesDB/venv/lib/python3.10/site-packages/airflow/example_dags/example_dynamic_task_mapping.py
[2024-12-09T18:52:40.145-0300] {logging_mixin.py:190} INFO - [2024-12-09T18:52:40.145-0300] {dag.py:3239} INFO - Sync 1 DAGs
[2024-12-09T18:52:40.155-0300] {logging_mixin.py:190} INFO - [2024-12-09T18:52:40.154-0300] {dag.py:4180} INFO - Setting next_dagrun for example_dynamic_task_mapping to None, run_after=None
[2024-12-09T18:52:40.175-0300] {processor.py:208} INFO - Processing /home/alefpa/codigos/breweriesDB/venv/lib/python3.10/site-packages/airflow/example_dags/example_dynamic_task_mapping.py took 0.071 seconds
[2024-12-09T18:53:38.483-0300] {processor.py:186} INFO - Started process (PID=119045) to work on /home/alefpa/codigos/breweriesDB/venv/lib/python3.10/site-packages/airflow/example_dags/example_dynamic_task_mapping.py
[2024-12-09T18:53:38.500-0300] {processor.py:914} INFO - Processing file /home/alefpa/codigos/breweriesDB/venv/lib/python3.10/site-packages/airflow/example_dags/example_dynamic_task_mapping.py for tasks to queue
[2024-12-09T18:53:38.502-0300] {logging_mixin.py:190} INFO - [2024-12-09T18:53:38.502-0300] {dagbag.py:588} INFO - Filling up the DagBag from /home/alefpa/codigos/breweriesDB/venv/lib/python3.10/site-packages/airflow/example_dags/example_dynamic_task_mapping.py
[2024-12-09T18:53:38.509-0300] {processor.py:925} INFO - DAG(s) 'example_dynamic_task_mapping' retrieved from /home/alefpa/codigos/breweriesDB/venv/lib/python3.10/site-packages/airflow/example_dags/example_dynamic_task_mapping.py
[2024-12-09T18:53:38.521-0300] {logging_mixin.py:190} INFO - [2024-12-09T18:53:38.520-0300] {dag.py:3239} INFO - Sync 1 DAGs
[2024-12-09T18:53:38.530-0300] {logging_mixin.py:190} INFO - [2024-12-09T18:53:38.530-0300] {dag.py:4180} INFO - Setting next_dagrun for example_dynamic_task_mapping to None, run_after=None
[2024-12-09T18:53:38.550-0300] {processor.py:208} INFO - Processing /home/alefpa/codigos/breweriesDB/venv/lib/python3.10/site-packages/airflow/example_dags/example_dynamic_task_mapping.py took 0.072 seconds
[2024-12-09T18:55:12.062-0300] {processor.py:186} INFO - Started process (PID=119534) to work on /home/alefpa/codigos/breweriesDB/venv/lib/python3.10/site-packages/airflow/example_dags/example_dynamic_task_mapping.py
[2024-12-09T18:55:12.079-0300] {processor.py:914} INFO - Processing file /home/alefpa/codigos/breweriesDB/venv/lib/python3.10/site-packages/airflow/example_dags/example_dynamic_task_mapping.py for tasks to queue
[2024-12-09T18:55:12.081-0300] {logging_mixin.py:190} INFO - [2024-12-09T18:55:12.080-0300] {dagbag.py:588} INFO - Filling up the DagBag from /home/alefpa/codigos/breweriesDB/venv/lib/python3.10/site-packages/airflow/example_dags/example_dynamic_task_mapping.py
[2024-12-09T18:55:12.088-0300] {processor.py:925} INFO - DAG(s) 'example_dynamic_task_mapping' retrieved from /home/alefpa/codigos/breweriesDB/venv/lib/python3.10/site-packages/airflow/example_dags/example_dynamic_task_mapping.py
[2024-12-09T18:55:12.099-0300] {logging_mixin.py:190} INFO - [2024-12-09T18:55:12.099-0300] {dag.py:3239} INFO - Sync 1 DAGs
[2024-12-09T18:55:12.108-0300] {logging_mixin.py:190} INFO - [2024-12-09T18:55:12.108-0300] {dag.py:4180} INFO - Setting next_dagrun for example_dynamic_task_mapping to None, run_after=None
[2024-12-09T18:55:12.129-0300] {processor.py:208} INFO - Processing /home/alefpa/codigos/breweriesDB/venv/lib/python3.10/site-packages/airflow/example_dags/example_dynamic_task_mapping.py took 0.071 seconds
[2024-12-09T18:57:11.164-0300] {processor.py:186} INFO - Started process (PID=120146) to work on /home/alefpa/codigos/breweriesDB/venv/lib/python3.10/site-packages/airflow/example_dags/example_dynamic_task_mapping.py
[2024-12-09T18:57:11.166-0300] {processor.py:914} INFO - Processing file /home/alefpa/codigos/breweriesDB/venv/lib/python3.10/site-packages/airflow/example_dags/example_dynamic_task_mapping.py for tasks to queue
[2024-12-09T18:57:11.168-0300] {logging_mixin.py:190} INFO - [2024-12-09T18:57:11.168-0300] {dagbag.py:588} INFO - Filling up the DagBag from /home/alefpa/codigos/breweriesDB/venv/lib/python3.10/site-packages/airflow/example_dags/example_dynamic_task_mapping.py
[2024-12-09T18:57:11.179-0300] {processor.py:925} INFO - DAG(s) 'example_dynamic_task_mapping' retrieved from /home/alefpa/codigos/breweriesDB/venv/lib/python3.10/site-packages/airflow/example_dags/example_dynamic_task_mapping.py
[2024-12-09T18:57:11.194-0300] {logging_mixin.py:190} INFO - [2024-12-09T18:57:11.194-0300] {dag.py:3239} INFO - Sync 1 DAGs
[2024-12-09T18:57:11.205-0300] {logging_mixin.py:190} INFO - [2024-12-09T18:57:11.205-0300] {dag.py:4180} INFO - Setting next_dagrun for example_dynamic_task_mapping to None, run_after=None
[2024-12-09T18:57:11.231-0300] {processor.py:208} INFO - Processing /home/alefpa/codigos/breweriesDB/venv/lib/python3.10/site-packages/airflow/example_dags/example_dynamic_task_mapping.py took 0.075 seconds
