[2024-12-09T18:36:37.197-0300] {processor.py:186} INFO - Started process (PID=114283) to work on /home/alefpa/codigos/breweriesDB/venv/lib/python3.10/site-packages/airflow/example_dags/example_sla_dag.py
[2024-12-09T18:36:37.197-0300] {processor.py:914} INFO - Processing file /home/alefpa/codigos/breweriesDB/venv/lib/python3.10/site-packages/airflow/example_dags/example_sla_dag.py for tasks to queue
[2024-12-09T18:36:37.199-0300] {logging_mixin.py:190} INFO - [2024-12-09T18:36:37.199-0300] {dagbag.py:588} INFO - Filling up the DagBag from /home/alefpa/codigos/breweriesDB/venv/lib/python3.10/site-packages/airflow/example_dags/example_sla_dag.py
[2024-12-09T18:36:37.207-0300] {processor.py:925} INFO - DAG(s) 'example_sla_dag' retrieved from /home/alefpa/codigos/breweriesDB/venv/lib/python3.10/site-packages/airflow/example_dags/example_sla_dag.py
[2024-12-09T18:36:37.287-0300] {logging_mixin.py:190} INFO - [2024-12-09T18:36:37.286-0300] {override.py:1911} INFO - Created Permission View: can read on DAG:example_sla_dag
[2024-12-09T18:36:37.299-0300] {logging_mixin.py:190} INFO - [2024-12-09T18:36:37.299-0300] {override.py:1911} INFO - Created Permission View: can delete on DAG:example_sla_dag
[2024-12-09T18:36:37.309-0300] {logging_mixin.py:190} INFO - [2024-12-09T18:36:37.309-0300] {override.py:1911} INFO - Created Permission View: can edit on DAG:example_sla_dag
[2024-12-09T18:36:37.326-0300] {logging_mixin.py:190} INFO - [2024-12-09T18:36:37.326-0300] {override.py:1911} INFO - Created Permission View: can read on DAG Run:example_sla_dag
[2024-12-09T18:36:37.336-0300] {logging_mixin.py:190} INFO - [2024-12-09T18:36:37.336-0300] {override.py:1911} INFO - Created Permission View: menu access on DAG Run:example_sla_dag
[2024-12-09T18:36:37.348-0300] {logging_mixin.py:190} INFO - [2024-12-09T18:36:37.348-0300] {override.py:1911} INFO - Created Permission View: can create on DAG Run:example_sla_dag
[2024-12-09T18:36:37.360-0300] {logging_mixin.py:190} INFO - [2024-12-09T18:36:37.360-0300] {override.py:1911} INFO - Created Permission View: can delete on DAG Run:example_sla_dag
[2024-12-09T18:36:37.361-0300] {logging_mixin.py:190} INFO - [2024-12-09T18:36:37.360-0300] {dag.py:3239} INFO - Sync 1 DAGs
[2024-12-09T18:36:37.370-0300] {logging_mixin.py:190} INFO - [2024-12-09T18:36:37.369-0300] {dag.py:3262} INFO - Creating ORM DAG for example_sla_dag
[2024-12-09T18:36:37.378-0300] {logging_mixin.py:190} INFO - [2024-12-09T18:36:37.378-0300] {dag.py:4180} INFO - Setting next_dagrun for example_sla_dag to 2024-12-09 21:34:00+00:00, run_after=2024-12-09 21:36:00+00:00
[2024-12-09T18:36:37.406-0300] {processor.py:208} INFO - Processing /home/alefpa/codigos/breweriesDB/venv/lib/python3.10/site-packages/airflow/example_dags/example_sla_dag.py took 0.214 seconds
[2024-12-09T18:43:28.045-0300] {processor.py:186} INFO - Started process (PID=116159) to work on /home/alefpa/codigos/breweriesDB/venv/lib/python3.10/site-packages/airflow/example_dags/example_sla_dag.py
[2024-12-09T18:43:28.047-0300] {processor.py:914} INFO - Processing file /home/alefpa/codigos/breweriesDB/venv/lib/python3.10/site-packages/airflow/example_dags/example_sla_dag.py for tasks to queue
[2024-12-09T18:43:28.049-0300] {logging_mixin.py:190} INFO - [2024-12-09T18:43:28.049-0300] {dagbag.py:588} INFO - Filling up the DagBag from /home/alefpa/codigos/breweriesDB/venv/lib/python3.10/site-packages/airflow/example_dags/example_sla_dag.py
[2024-12-09T18:43:28.057-0300] {processor.py:925} INFO - DAG(s) 'example_sla_dag' retrieved from /home/alefpa/codigos/breweriesDB/venv/lib/python3.10/site-packages/airflow/example_dags/example_sla_dag.py
[2024-12-09T18:43:28.074-0300] {logging_mixin.py:190} INFO - [2024-12-09T18:43:28.074-0300] {dag.py:3239} INFO - Sync 1 DAGs
[2024-12-09T18:43:28.094-0300] {logging_mixin.py:190} INFO - [2024-12-09T18:43:28.094-0300] {dag.py:4180} INFO - Setting next_dagrun for example_sla_dag to 2024-12-09 21:40:00+00:00, run_after=2024-12-09 21:42:00+00:00
[2024-12-09T18:43:28.121-0300] {processor.py:208} INFO - Processing /home/alefpa/codigos/breweriesDB/venv/lib/python3.10/site-packages/airflow/example_dags/example_sla_dag.py took 0.080 seconds
[2024-12-09T18:46:41.264-0300] {processor.py:186} INFO - Started process (PID=117007) to work on /home/alefpa/codigos/breweriesDB/venv/lib/python3.10/site-packages/airflow/example_dags/example_sla_dag.py
[2024-12-09T18:46:41.265-0300] {processor.py:914} INFO - Processing file /home/alefpa/codigos/breweriesDB/venv/lib/python3.10/site-packages/airflow/example_dags/example_sla_dag.py for tasks to queue
[2024-12-09T18:46:41.267-0300] {logging_mixin.py:190} INFO - [2024-12-09T18:46:41.267-0300] {dagbag.py:588} INFO - Filling up the DagBag from /home/alefpa/codigos/breweriesDB/venv/lib/python3.10/site-packages/airflow/example_dags/example_sla_dag.py
[2024-12-09T18:46:41.275-0300] {processor.py:925} INFO - DAG(s) 'example_sla_dag' retrieved from /home/alefpa/codigos/breweriesDB/venv/lib/python3.10/site-packages/airflow/example_dags/example_sla_dag.py
[2024-12-09T18:46:41.292-0300] {logging_mixin.py:190} INFO - [2024-12-09T18:46:41.292-0300] {dag.py:3239} INFO - Sync 1 DAGs
[2024-12-09T18:46:41.309-0300] {logging_mixin.py:190} INFO - [2024-12-09T18:46:41.309-0300] {dag.py:4180} INFO - Setting next_dagrun for example_sla_dag to 2024-12-09 21:44:00+00:00, run_after=2024-12-09 21:46:00+00:00
[2024-12-09T18:46:41.331-0300] {processor.py:208} INFO - Processing /home/alefpa/codigos/breweriesDB/venv/lib/python3.10/site-packages/airflow/example_dags/example_sla_dag.py took 0.072 seconds
[2024-12-09T18:49:40.018-0300] {processor.py:186} INFO - Started process (PID=117855) to work on /home/alefpa/codigos/breweriesDB/venv/lib/python3.10/site-packages/airflow/example_dags/example_sla_dag.py
[2024-12-09T18:49:40.021-0300] {processor.py:914} INFO - Processing file /home/alefpa/codigos/breweriesDB/venv/lib/python3.10/site-packages/airflow/example_dags/example_sla_dag.py for tasks to queue
[2024-12-09T18:49:40.024-0300] {logging_mixin.py:190} INFO - [2024-12-09T18:49:40.024-0300] {dagbag.py:588} INFO - Filling up the DagBag from /home/alefpa/codigos/breweriesDB/venv/lib/python3.10/site-packages/airflow/example_dags/example_sla_dag.py
[2024-12-09T18:49:40.040-0300] {processor.py:925} INFO - DAG(s) 'example_sla_dag' retrieved from /home/alefpa/codigos/breweriesDB/venv/lib/python3.10/site-packages/airflow/example_dags/example_sla_dag.py
[2024-12-09T18:49:40.168-0300] {logging_mixin.py:190} INFO - [2024-12-09T18:49:40.167-0300] {override.py:1911} INFO - Created Permission View: can edit on DAG:example_sla_dag
[2024-12-09T18:49:40.188-0300] {logging_mixin.py:190} INFO - [2024-12-09T18:49:40.188-0300] {override.py:1911} INFO - Created Permission View: can delete on DAG:example_sla_dag
[2024-12-09T18:49:40.203-0300] {logging_mixin.py:190} INFO - [2024-12-09T18:49:40.203-0300] {override.py:1911} INFO - Created Permission View: can read on DAG:example_sla_dag
[2024-12-09T18:49:40.220-0300] {logging_mixin.py:190} INFO - [2024-12-09T18:49:40.220-0300] {override.py:1911} INFO - Created Permission View: can delete on DAG Run:example_sla_dag
[2024-12-09T18:49:40.233-0300] {logging_mixin.py:190} INFO - [2024-12-09T18:49:40.232-0300] {override.py:1911} INFO - Created Permission View: menu access on DAG Run:example_sla_dag
[2024-12-09T18:49:40.243-0300] {logging_mixin.py:190} INFO - [2024-12-09T18:49:40.243-0300] {override.py:1911} INFO - Created Permission View: can read on DAG Run:example_sla_dag
[2024-12-09T18:49:40.254-0300] {logging_mixin.py:190} INFO - [2024-12-09T18:49:40.253-0300] {override.py:1911} INFO - Created Permission View: can create on DAG Run:example_sla_dag
[2024-12-09T18:49:40.254-0300] {logging_mixin.py:190} INFO - [2024-12-09T18:49:40.254-0300] {dag.py:3239} INFO - Sync 1 DAGs
[2024-12-09T18:49:40.265-0300] {logging_mixin.py:190} INFO - [2024-12-09T18:49:40.265-0300] {dag.py:3262} INFO - Creating ORM DAG for example_sla_dag
[2024-12-09T18:49:40.275-0300] {logging_mixin.py:190} INFO - [2024-12-09T18:49:40.275-0300] {dag.py:4180} INFO - Setting next_dagrun for example_sla_dag to 2024-12-09 21:46:00+00:00, run_after=2024-12-09 21:48:00+00:00
[2024-12-09T18:49:40.294-0300] {processor.py:208} INFO - Processing /home/alefpa/codigos/breweriesDB/venv/lib/python3.10/site-packages/airflow/example_dags/example_sla_dag.py took 0.283 seconds
[2024-12-09T18:50:48.039-0300] {processor.py:186} INFO - Started process (PID=118178) to work on /home/alefpa/codigos/breweriesDB/venv/lib/python3.10/site-packages/airflow/example_dags/example_sla_dag.py
[2024-12-09T18:50:48.040-0300] {processor.py:914} INFO - Processing file /home/alefpa/codigos/breweriesDB/venv/lib/python3.10/site-packages/airflow/example_dags/example_sla_dag.py for tasks to queue
[2024-12-09T18:50:48.042-0300] {logging_mixin.py:190} INFO - [2024-12-09T18:50:48.041-0300] {dagbag.py:588} INFO - Filling up the DagBag from /home/alefpa/codigos/breweriesDB/venv/lib/python3.10/site-packages/airflow/example_dags/example_sla_dag.py
[2024-12-09T18:50:48.050-0300] {processor.py:925} INFO - DAG(s) 'example_sla_dag' retrieved from /home/alefpa/codigos/breweriesDB/venv/lib/python3.10/site-packages/airflow/example_dags/example_sla_dag.py
[2024-12-09T18:50:48.062-0300] {logging_mixin.py:190} INFO - [2024-12-09T18:50:48.062-0300] {dag.py:3239} INFO - Sync 1 DAGs
[2024-12-09T18:50:48.080-0300] {logging_mixin.py:190} INFO - [2024-12-09T18:50:48.080-0300] {dag.py:4180} INFO - Setting next_dagrun for example_sla_dag to 2024-12-09 21:48:00+00:00, run_after=2024-12-09 21:50:00+00:00
[2024-12-09T18:50:48.099-0300] {processor.py:208} INFO - Processing /home/alefpa/codigos/breweriesDB/venv/lib/python3.10/site-packages/airflow/example_dags/example_sla_dag.py took 0.065 seconds
[2024-12-09T18:51:58.091-0300] {processor.py:186} INFO - Started process (PID=118556) to work on /home/alefpa/codigos/breweriesDB/venv/lib/python3.10/site-packages/airflow/example_dags/example_sla_dag.py
[2024-12-09T18:51:58.101-0300] {processor.py:914} INFO - Processing file /home/alefpa/codigos/breweriesDB/venv/lib/python3.10/site-packages/airflow/example_dags/example_sla_dag.py for tasks to queue
[2024-12-09T18:51:58.103-0300] {logging_mixin.py:190} INFO - [2024-12-09T18:51:58.102-0300] {dagbag.py:588} INFO - Filling up the DagBag from /home/alefpa/codigos/breweriesDB/venv/lib/python3.10/site-packages/airflow/example_dags/example_sla_dag.py
[2024-12-09T18:51:58.111-0300] {processor.py:925} INFO - DAG(s) 'example_sla_dag' retrieved from /home/alefpa/codigos/breweriesDB/venv/lib/python3.10/site-packages/airflow/example_dags/example_sla_dag.py
[2024-12-09T18:51:58.127-0300] {logging_mixin.py:190} INFO - [2024-12-09T18:51:58.127-0300] {dag.py:3239} INFO - Sync 1 DAGs
[2024-12-09T18:51:58.144-0300] {logging_mixin.py:190} INFO - [2024-12-09T18:51:58.144-0300] {dag.py:4180} INFO - Setting next_dagrun for example_sla_dag to 2024-12-09 21:48:00+00:00, run_after=2024-12-09 21:50:00+00:00
[2024-12-09T18:51:58.166-0300] {processor.py:208} INFO - Processing /home/alefpa/codigos/breweriesDB/venv/lib/python3.10/site-packages/airflow/example_dags/example_sla_dag.py took 0.080 seconds
[2024-12-09T18:52:58.393-0300] {processor.py:186} INFO - Started process (PID=118847) to work on /home/alefpa/codigos/breweriesDB/venv/lib/python3.10/site-packages/airflow/example_dags/example_sla_dag.py
[2024-12-09T18:52:58.394-0300] {processor.py:914} INFO - Processing file /home/alefpa/codigos/breweriesDB/venv/lib/python3.10/site-packages/airflow/example_dags/example_sla_dag.py for tasks to queue
[2024-12-09T18:52:58.396-0300] {logging_mixin.py:190} INFO - [2024-12-09T18:52:58.396-0300] {dagbag.py:588} INFO - Filling up the DagBag from /home/alefpa/codigos/breweriesDB/venv/lib/python3.10/site-packages/airflow/example_dags/example_sla_dag.py
[2024-12-09T18:52:58.404-0300] {processor.py:925} INFO - DAG(s) 'example_sla_dag' retrieved from /home/alefpa/codigos/breweriesDB/venv/lib/python3.10/site-packages/airflow/example_dags/example_sla_dag.py
[2024-12-09T18:52:58.415-0300] {logging_mixin.py:190} INFO - [2024-12-09T18:52:58.415-0300] {dag.py:3239} INFO - Sync 1 DAGs
[2024-12-09T18:52:58.432-0300] {logging_mixin.py:190} INFO - [2024-12-09T18:52:58.432-0300] {dag.py:4180} INFO - Setting next_dagrun for example_sla_dag to 2024-12-09 21:50:00+00:00, run_after=2024-12-09 21:52:00+00:00
[2024-12-09T18:52:58.452-0300] {processor.py:208} INFO - Processing /home/alefpa/codigos/breweriesDB/venv/lib/python3.10/site-packages/airflow/example_dags/example_sla_dag.py took 0.064 seconds
[2024-12-09T18:53:58.622-0300] {processor.py:186} INFO - Started process (PID=119141) to work on /home/alefpa/codigos/breweriesDB/venv/lib/python3.10/site-packages/airflow/example_dags/example_sla_dag.py
[2024-12-09T18:53:58.638-0300] {processor.py:914} INFO - Processing file /home/alefpa/codigos/breweriesDB/venv/lib/python3.10/site-packages/airflow/example_dags/example_sla_dag.py for tasks to queue
[2024-12-09T18:53:58.640-0300] {logging_mixin.py:190} INFO - [2024-12-09T18:53:58.639-0300] {dagbag.py:588} INFO - Filling up the DagBag from /home/alefpa/codigos/breweriesDB/venv/lib/python3.10/site-packages/airflow/example_dags/example_sla_dag.py
[2024-12-09T18:53:58.648-0300] {processor.py:925} INFO - DAG(s) 'example_sla_dag' retrieved from /home/alefpa/codigos/breweriesDB/venv/lib/python3.10/site-packages/airflow/example_dags/example_sla_dag.py
[2024-12-09T18:53:58.658-0300] {logging_mixin.py:190} INFO - [2024-12-09T18:53:58.658-0300] {dag.py:3239} INFO - Sync 1 DAGs
[2024-12-09T18:53:58.675-0300] {logging_mixin.py:190} INFO - [2024-12-09T18:53:58.674-0300] {dag.py:4180} INFO - Setting next_dagrun for example_sla_dag to 2024-12-09 21:50:00+00:00, run_after=2024-12-09 21:52:00+00:00
[2024-12-09T18:53:58.695-0300] {processor.py:208} INFO - Processing /home/alefpa/codigos/breweriesDB/venv/lib/python3.10/site-packages/airflow/example_dags/example_sla_dag.py took 0.077 seconds
[2024-12-09T18:54:32.381-0300] {processor.py:186} INFO - Started process (PID=119339) to work on /home/alefpa/codigos/breweriesDB/venv/lib/python3.10/site-packages/airflow/example_dags/example_sla_dag.py
[2024-12-09T18:54:32.397-0300] {processor.py:914} INFO - Processing file /home/alefpa/codigos/breweriesDB/venv/lib/python3.10/site-packages/airflow/example_dags/example_sla_dag.py for tasks to queue
[2024-12-09T18:54:32.400-0300] {logging_mixin.py:190} INFO - [2024-12-09T18:54:32.400-0300] {dagbag.py:588} INFO - Filling up the DagBag from /home/alefpa/codigos/breweriesDB/venv/lib/python3.10/site-packages/airflow/example_dags/example_sla_dag.py
[2024-12-09T18:54:32.408-0300] {processor.py:925} INFO - DAG(s) 'example_sla_dag' retrieved from /home/alefpa/codigos/breweriesDB/venv/lib/python3.10/site-packages/airflow/example_dags/example_sla_dag.py
[2024-12-09T18:54:32.433-0300] {logging_mixin.py:190} INFO - [2024-12-09T18:54:32.433-0300] {dag.py:3239} INFO - Sync 1 DAGs
[2024-12-09T18:54:32.456-0300] {logging_mixin.py:190} INFO - [2024-12-09T18:54:32.455-0300] {dag.py:4180} INFO - Setting next_dagrun for example_sla_dag to 2024-12-09 21:52:00+00:00, run_after=2024-12-09 21:54:00+00:00
[2024-12-09T18:54:32.481-0300] {processor.py:208} INFO - Processing /home/alefpa/codigos/breweriesDB/venv/lib/python3.10/site-packages/airflow/example_dags/example_sla_dag.py took 0.105 seconds
[2024-12-09T18:55:32.573-0300] {processor.py:186} INFO - Started process (PID=119633) to work on /home/alefpa/codigos/breweriesDB/venv/lib/python3.10/site-packages/airflow/example_dags/example_sla_dag.py
[2024-12-09T18:55:32.574-0300] {processor.py:914} INFO - Processing file /home/alefpa/codigos/breweriesDB/venv/lib/python3.10/site-packages/airflow/example_dags/example_sla_dag.py for tasks to queue
[2024-12-09T18:55:32.576-0300] {logging_mixin.py:190} INFO - [2024-12-09T18:55:32.576-0300] {dagbag.py:588} INFO - Filling up the DagBag from /home/alefpa/codigos/breweriesDB/venv/lib/python3.10/site-packages/airflow/example_dags/example_sla_dag.py
[2024-12-09T18:55:32.585-0300] {processor.py:925} INFO - DAG(s) 'example_sla_dag' retrieved from /home/alefpa/codigos/breweriesDB/venv/lib/python3.10/site-packages/airflow/example_dags/example_sla_dag.py
[2024-12-09T18:55:32.596-0300] {logging_mixin.py:190} INFO - [2024-12-09T18:55:32.596-0300] {dag.py:3239} INFO - Sync 1 DAGs
[2024-12-09T18:55:32.613-0300] {logging_mixin.py:190} INFO - [2024-12-09T18:55:32.613-0300] {dag.py:4180} INFO - Setting next_dagrun for example_sla_dag to 2024-12-09 21:52:00+00:00, run_after=2024-12-09 21:54:00+00:00
[2024-12-09T18:55:32.632-0300] {processor.py:208} INFO - Processing /home/alefpa/codigos/breweriesDB/venv/lib/python3.10/site-packages/airflow/example_dags/example_sla_dag.py took 0.064 seconds
[2024-12-09T18:56:33.923-0300] {processor.py:186} INFO - Started process (PID=119964) to work on /home/alefpa/codigos/breweriesDB/venv/lib/python3.10/site-packages/airflow/example_dags/example_sla_dag.py
[2024-12-09T18:56:33.925-0300] {processor.py:914} INFO - Processing file /home/alefpa/codigos/breweriesDB/venv/lib/python3.10/site-packages/airflow/example_dags/example_sla_dag.py for tasks to queue
[2024-12-09T18:56:33.928-0300] {logging_mixin.py:190} INFO - [2024-12-09T18:56:33.927-0300] {dagbag.py:588} INFO - Filling up the DagBag from /home/alefpa/codigos/breweriesDB/venv/lib/python3.10/site-packages/airflow/example_dags/example_sla_dag.py
[2024-12-09T18:56:33.940-0300] {processor.py:925} INFO - DAG(s) 'example_sla_dag' retrieved from /home/alefpa/codigos/breweriesDB/venv/lib/python3.10/site-packages/airflow/example_dags/example_sla_dag.py
[2024-12-09T18:56:33.957-0300] {logging_mixin.py:190} INFO - [2024-12-09T18:56:33.957-0300] {dag.py:3239} INFO - Sync 1 DAGs
[2024-12-09T18:56:33.976-0300] {logging_mixin.py:190} INFO - [2024-12-09T18:56:33.976-0300] {dag.py:4180} INFO - Setting next_dagrun for example_sla_dag to 2024-12-09 21:54:00+00:00, run_after=2024-12-09 21:56:00+00:00
[2024-12-09T18:56:33.996-0300] {processor.py:208} INFO - Processing /home/alefpa/codigos/breweriesDB/venv/lib/python3.10/site-packages/airflow/example_dags/example_sla_dag.py took 0.077 seconds
[2024-12-09T18:57:49.725-0300] {processor.py:186} INFO - Started process (PID=120369) to work on /home/alefpa/codigos/breweriesDB/venv/lib/python3.10/site-packages/airflow/example_dags/example_sla_dag.py
[2024-12-09T18:57:49.727-0300] {processor.py:914} INFO - Processing file /home/alefpa/codigos/breweriesDB/venv/lib/python3.10/site-packages/airflow/example_dags/example_sla_dag.py for tasks to queue
[2024-12-09T18:57:49.729-0300] {logging_mixin.py:190} INFO - [2024-12-09T18:57:49.728-0300] {dagbag.py:588} INFO - Filling up the DagBag from /home/alefpa/codigos/breweriesDB/venv/lib/python3.10/site-packages/airflow/example_dags/example_sla_dag.py
[2024-12-09T18:57:49.737-0300] {processor.py:925} INFO - DAG(s) 'example_sla_dag' retrieved from /home/alefpa/codigos/breweriesDB/venv/lib/python3.10/site-packages/airflow/example_dags/example_sla_dag.py
[2024-12-09T18:57:49.753-0300] {logging_mixin.py:190} INFO - [2024-12-09T18:57:49.753-0300] {dag.py:3239} INFO - Sync 1 DAGs
[2024-12-09T18:57:49.769-0300] {logging_mixin.py:190} INFO - [2024-12-09T18:57:49.769-0300] {dag.py:4180} INFO - Setting next_dagrun for example_sla_dag to 2024-12-09 21:54:00+00:00, run_after=2024-12-09 21:56:00+00:00
[2024-12-09T18:57:49.789-0300] {processor.py:208} INFO - Processing /home/alefpa/codigos/breweriesDB/venv/lib/python3.10/site-packages/airflow/example_dags/example_sla_dag.py took 0.068 seconds
