[2024-12-09T18:50:23.097-0300] {processor.py:186} INFO - Started process (PID=118056) to work on /home/alefpa/codigos/breweriesDB/venv/lib/python3.10/site-packages/airflow/example_dags/example_bash_decorator.py
[2024-12-09T18:50:23.098-0300] {processor.py:914} INFO - Processing file /home/alefpa/codigos/breweriesDB/venv/lib/python3.10/site-packages/airflow/example_dags/example_bash_decorator.py for tasks to queue
[2024-12-09T18:50:23.100-0300] {logging_mixin.py:190} INFO - [2024-12-09T18:50:23.100-0300] {dagbag.py:588} INFO - Filling up the DagBag from /home/alefpa/codigos/breweriesDB/venv/lib/python3.10/site-packages/airflow/example_dags/example_bash_decorator.py
[2024-12-09T18:50:23.113-0300] {processor.py:925} INFO - DAG(s) 'example_bash_decorator' retrieved from /home/alefpa/codigos/breweriesDB/venv/lib/python3.10/site-packages/airflow/example_dags/example_bash_decorator.py
[2024-12-09T18:50:23.222-0300] {logging_mixin.py:190} INFO - [2024-12-09T18:50:23.221-0300] {override.py:1911} INFO - Created Permission View: can edit on DAG:example_bash_decorator
[2024-12-09T18:50:23.238-0300] {logging_mixin.py:190} INFO - [2024-12-09T18:50:23.237-0300] {override.py:1911} INFO - Created Permission View: can delete on DAG:example_bash_decorator
[2024-12-09T18:50:23.251-0300] {logging_mixin.py:190} INFO - [2024-12-09T18:50:23.251-0300] {override.py:1911} INFO - Created Permission View: can read on DAG:example_bash_decorator
[2024-12-09T18:50:23.271-0300] {logging_mixin.py:190} INFO - [2024-12-09T18:50:23.271-0300] {override.py:1911} INFO - Created Permission View: can delete on DAG Run:example_bash_decorator
[2024-12-09T18:50:23.288-0300] {logging_mixin.py:190} INFO - [2024-12-09T18:50:23.287-0300] {override.py:1911} INFO - Created Permission View: menu access on DAG Run:example_bash_decorator
[2024-12-09T18:50:23.304-0300] {logging_mixin.py:190} INFO - [2024-12-09T18:50:23.303-0300] {override.py:1911} INFO - Created Permission View: can read on DAG Run:example_bash_decorator
[2024-12-09T18:50:23.317-0300] {logging_mixin.py:190} INFO - [2024-12-09T18:50:23.317-0300] {override.py:1911} INFO - Created Permission View: can create on DAG Run:example_bash_decorator
[2024-12-09T18:50:23.318-0300] {logging_mixin.py:190} INFO - [2024-12-09T18:50:23.317-0300] {dag.py:3239} INFO - Sync 1 DAGs
[2024-12-09T18:50:23.329-0300] {logging_mixin.py:190} INFO - [2024-12-09T18:50:23.329-0300] {dag.py:3262} INFO - Creating ORM DAG for example_bash_decorator
[2024-12-09T18:50:23.330-0300] {logging_mixin.py:190} INFO - [2024-12-09T18:50:23.330-0300] {dag.py:4180} INFO - Setting next_dagrun for example_bash_decorator to None, run_after=None
[2024-12-09T18:50:23.351-0300] {processor.py:208} INFO - Processing /home/alefpa/codigos/breweriesDB/venv/lib/python3.10/site-packages/airflow/example_dags/example_bash_decorator.py took 0.260 seconds
[2024-12-09T18:51:27.535-0300] {processor.py:186} INFO - Started process (PID=118368) to work on /home/alefpa/codigos/breweriesDB/venv/lib/python3.10/site-packages/airflow/example_dags/example_bash_decorator.py
[2024-12-09T18:51:27.537-0300] {processor.py:914} INFO - Processing file /home/alefpa/codigos/breweriesDB/venv/lib/python3.10/site-packages/airflow/example_dags/example_bash_decorator.py for tasks to queue
[2024-12-09T18:51:27.538-0300] {logging_mixin.py:190} INFO - [2024-12-09T18:51:27.538-0300] {dagbag.py:588} INFO - Filling up the DagBag from /home/alefpa/codigos/breweriesDB/venv/lib/python3.10/site-packages/airflow/example_dags/example_bash_decorator.py
[2024-12-09T18:51:27.550-0300] {processor.py:925} INFO - DAG(s) 'example_bash_decorator' retrieved from /home/alefpa/codigos/breweriesDB/venv/lib/python3.10/site-packages/airflow/example_dags/example_bash_decorator.py
[2024-12-09T18:51:27.564-0300] {logging_mixin.py:190} INFO - [2024-12-09T18:51:27.563-0300] {dag.py:3239} INFO - Sync 1 DAGs
[2024-12-09T18:51:27.573-0300] {logging_mixin.py:190} INFO - [2024-12-09T18:51:27.573-0300] {dag.py:4180} INFO - Setting next_dagrun for example_bash_decorator to None, run_after=None
[2024-12-09T18:51:27.592-0300] {processor.py:208} INFO - Processing /home/alefpa/codigos/breweriesDB/venv/lib/python3.10/site-packages/airflow/example_dags/example_bash_decorator.py took 0.061 seconds
[2024-12-09T18:52:36.484-0300] {processor.py:186} INFO - Started process (PID=118731) to work on /home/alefpa/codigos/breweriesDB/venv/lib/python3.10/site-packages/airflow/example_dags/example_bash_decorator.py
[2024-12-09T18:52:36.486-0300] {processor.py:914} INFO - Processing file /home/alefpa/codigos/breweriesDB/venv/lib/python3.10/site-packages/airflow/example_dags/example_bash_decorator.py for tasks to queue
[2024-12-09T18:52:36.488-0300] {logging_mixin.py:190} INFO - [2024-12-09T18:52:36.487-0300] {dagbag.py:588} INFO - Filling up the DagBag from /home/alefpa/codigos/breweriesDB/venv/lib/python3.10/site-packages/airflow/example_dags/example_bash_decorator.py
[2024-12-09T18:52:36.500-0300] {processor.py:925} INFO - DAG(s) 'example_bash_decorator' retrieved from /home/alefpa/codigos/breweriesDB/venv/lib/python3.10/site-packages/airflow/example_dags/example_bash_decorator.py
[2024-12-09T18:52:36.579-0300] {logging_mixin.py:190} INFO - [2024-12-09T18:52:36.578-0300] {dag.py:3239} INFO - Sync 1 DAGs
[2024-12-09T18:52:36.587-0300] {logging_mixin.py:190} INFO - [2024-12-09T18:52:36.587-0300] {dag.py:4180} INFO - Setting next_dagrun for example_bash_decorator to None, run_after=None
[2024-12-09T18:52:36.608-0300] {processor.py:208} INFO - Processing /home/alefpa/codigos/breweriesDB/venv/lib/python3.10/site-packages/airflow/example_dags/example_bash_decorator.py took 0.129 seconds
[2024-12-09T18:53:35.574-0300] {processor.py:186} INFO - Started process (PID=119027) to work on /home/alefpa/codigos/breweriesDB/venv/lib/python3.10/site-packages/airflow/example_dags/example_bash_decorator.py
[2024-12-09T18:53:35.590-0300] {processor.py:914} INFO - Processing file /home/alefpa/codigos/breweriesDB/venv/lib/python3.10/site-packages/airflow/example_dags/example_bash_decorator.py for tasks to queue
[2024-12-09T18:53:35.593-0300] {logging_mixin.py:190} INFO - [2024-12-09T18:53:35.592-0300] {dagbag.py:588} INFO - Filling up the DagBag from /home/alefpa/codigos/breweriesDB/venv/lib/python3.10/site-packages/airflow/example_dags/example_bash_decorator.py
[2024-12-09T18:53:35.605-0300] {processor.py:925} INFO - DAG(s) 'example_bash_decorator' retrieved from /home/alefpa/codigos/breweriesDB/venv/lib/python3.10/site-packages/airflow/example_dags/example_bash_decorator.py
[2024-12-09T18:53:35.620-0300] {logging_mixin.py:190} INFO - [2024-12-09T18:53:35.620-0300] {dag.py:3239} INFO - Sync 1 DAGs
[2024-12-09T18:53:35.630-0300] {logging_mixin.py:190} INFO - [2024-12-09T18:53:35.629-0300] {dag.py:4180} INFO - Setting next_dagrun for example_bash_decorator to None, run_after=None
[2024-12-09T18:53:35.650-0300] {processor.py:208} INFO - Processing /home/alefpa/codigos/breweriesDB/venv/lib/python3.10/site-packages/airflow/example_dags/example_bash_decorator.py took 0.082 seconds
[2024-12-09T18:55:08.426-0300] {processor.py:186} INFO - Started process (PID=119512) to work on /home/alefpa/codigos/breweriesDB/venv/lib/python3.10/site-packages/airflow/example_dags/example_bash_decorator.py
[2024-12-09T18:55:08.428-0300] {processor.py:914} INFO - Processing file /home/alefpa/codigos/breweriesDB/venv/lib/python3.10/site-packages/airflow/example_dags/example_bash_decorator.py for tasks to queue
[2024-12-09T18:55:08.430-0300] {logging_mixin.py:190} INFO - [2024-12-09T18:55:08.429-0300] {dagbag.py:588} INFO - Filling up the DagBag from /home/alefpa/codigos/breweriesDB/venv/lib/python3.10/site-packages/airflow/example_dags/example_bash_decorator.py
[2024-12-09T18:55:08.441-0300] {processor.py:925} INFO - DAG(s) 'example_bash_decorator' retrieved from /home/alefpa/codigos/breweriesDB/venv/lib/python3.10/site-packages/airflow/example_dags/example_bash_decorator.py
[2024-12-09T18:55:08.515-0300] {logging_mixin.py:190} INFO - [2024-12-09T18:55:08.514-0300] {dag.py:3239} INFO - Sync 1 DAGs
[2024-12-09T18:55:08.523-0300] {logging_mixin.py:190} INFO - [2024-12-09T18:55:08.523-0300] {dag.py:4180} INFO - Setting next_dagrun for example_bash_decorator to None, run_after=None
[2024-12-09T18:55:08.544-0300] {processor.py:208} INFO - Processing /home/alefpa/codigos/breweriesDB/venv/lib/python3.10/site-packages/airflow/example_dags/example_bash_decorator.py took 0.122 seconds
[2024-12-09T18:57:08.293-0300] {processor.py:186} INFO - Started process (PID=120130) to work on /home/alefpa/codigos/breweriesDB/venv/lib/python3.10/site-packages/airflow/example_dags/example_bash_decorator.py
[2024-12-09T18:57:08.309-0300] {processor.py:914} INFO - Processing file /home/alefpa/codigos/breweriesDB/venv/lib/python3.10/site-packages/airflow/example_dags/example_bash_decorator.py for tasks to queue
[2024-12-09T18:57:08.311-0300] {logging_mixin.py:190} INFO - [2024-12-09T18:57:08.311-0300] {dagbag.py:588} INFO - Filling up the DagBag from /home/alefpa/codigos/breweriesDB/venv/lib/python3.10/site-packages/airflow/example_dags/example_bash_decorator.py
[2024-12-09T18:57:08.323-0300] {processor.py:925} INFO - DAG(s) 'example_bash_decorator' retrieved from /home/alefpa/codigos/breweriesDB/venv/lib/python3.10/site-packages/airflow/example_dags/example_bash_decorator.py
[2024-12-09T18:57:08.399-0300] {logging_mixin.py:190} INFO - [2024-12-09T18:57:08.399-0300] {dag.py:3239} INFO - Sync 1 DAGs
[2024-12-09T18:57:08.408-0300] {logging_mixin.py:190} INFO - [2024-12-09T18:57:08.407-0300] {dag.py:4180} INFO - Setting next_dagrun for example_bash_decorator to None, run_after=None
[2024-12-09T18:57:08.428-0300] {processor.py:208} INFO - Processing /home/alefpa/codigos/breweriesDB/venv/lib/python3.10/site-packages/airflow/example_dags/example_bash_decorator.py took 0.140 seconds
