[2024-12-09T18:50:01.312-0300] {processor.py:186} INFO - Started process (PID=117956) to work on /home/alefpa/codigos/breweriesDB/venv/lib/python3.10/site-packages/airflow/example_dags/example_sensors.py
[2024-12-09T18:50:01.313-0300] {processor.py:914} INFO - Processing file /home/alefpa/codigos/breweriesDB/venv/lib/python3.10/site-packages/airflow/example_dags/example_sensors.py for tasks to queue
[2024-12-09T18:50:01.315-0300] {logging_mixin.py:190} INFO - [2024-12-09T18:50:01.314-0300] {dagbag.py:588} INFO - Filling up the DagBag from /home/alefpa/codigos/breweriesDB/venv/lib/python3.10/site-packages/airflow/example_dags/example_sensors.py
[2024-12-09T18:50:01.323-0300] {processor.py:925} INFO - DAG(s) 'example_sensors' retrieved from /home/alefpa/codigos/breweriesDB/venv/lib/python3.10/site-packages/airflow/example_dags/example_sensors.py
[2024-12-09T18:50:01.412-0300] {logging_mixin.py:190} INFO - [2024-12-09T18:50:01.412-0300] {override.py:1911} INFO - Created Permission View: can edit on DAG:example_sensors
[2024-12-09T18:50:01.425-0300] {logging_mixin.py:190} INFO - [2024-12-09T18:50:01.424-0300] {override.py:1911} INFO - Created Permission View: can delete on DAG:example_sensors
[2024-12-09T18:50:01.434-0300] {logging_mixin.py:190} INFO - [2024-12-09T18:50:01.434-0300] {override.py:1911} INFO - Created Permission View: can read on DAG:example_sensors
[2024-12-09T18:50:01.451-0300] {logging_mixin.py:190} INFO - [2024-12-09T18:50:01.451-0300] {override.py:1911} INFO - Created Permission View: can delete on DAG Run:example_sensors
[2024-12-09T18:50:01.461-0300] {logging_mixin.py:190} INFO - [2024-12-09T18:50:01.460-0300] {override.py:1911} INFO - Created Permission View: menu access on DAG Run:example_sensors
[2024-12-09T18:50:01.471-0300] {logging_mixin.py:190} INFO - [2024-12-09T18:50:01.471-0300] {override.py:1911} INFO - Created Permission View: can read on DAG Run:example_sensors
[2024-12-09T18:50:01.481-0300] {logging_mixin.py:190} INFO - [2024-12-09T18:50:01.480-0300] {override.py:1911} INFO - Created Permission View: can create on DAG Run:example_sensors
[2024-12-09T18:50:01.481-0300] {logging_mixin.py:190} INFO - [2024-12-09T18:50:01.481-0300] {dag.py:3239} INFO - Sync 1 DAGs
[2024-12-09T18:50:01.489-0300] {logging_mixin.py:190} INFO - [2024-12-09T18:50:01.489-0300] {dag.py:3262} INFO - Creating ORM DAG for example_sensors
[2024-12-09T18:50:01.490-0300] {logging_mixin.py:190} INFO - [2024-12-09T18:50:01.490-0300] {dag.py:4180} INFO - Setting next_dagrun for example_sensors to None, run_after=None
[2024-12-09T18:50:01.511-0300] {processor.py:208} INFO - Processing /home/alefpa/codigos/breweriesDB/venv/lib/python3.10/site-packages/airflow/example_dags/example_sensors.py took 0.203 seconds
[2024-12-09T18:51:10.824-0300] {processor.py:186} INFO - Started process (PID=118286) to work on /home/alefpa/codigos/breweriesDB/venv/lib/python3.10/site-packages/airflow/example_dags/example_sensors.py
[2024-12-09T18:51:10.839-0300] {processor.py:914} INFO - Processing file /home/alefpa/codigos/breweriesDB/venv/lib/python3.10/site-packages/airflow/example_dags/example_sensors.py for tasks to queue
[2024-12-09T18:51:10.841-0300] {logging_mixin.py:190} INFO - [2024-12-09T18:51:10.841-0300] {dagbag.py:588} INFO - Filling up the DagBag from /home/alefpa/codigos/breweriesDB/venv/lib/python3.10/site-packages/airflow/example_dags/example_sensors.py
[2024-12-09T18:51:10.850-0300] {processor.py:925} INFO - DAG(s) 'example_sensors' retrieved from /home/alefpa/codigos/breweriesDB/venv/lib/python3.10/site-packages/airflow/example_dags/example_sensors.py
[2024-12-09T18:51:10.867-0300] {logging_mixin.py:190} INFO - [2024-12-09T18:51:10.867-0300] {dag.py:3239} INFO - Sync 1 DAGs
[2024-12-09T18:51:10.878-0300] {logging_mixin.py:190} INFO - [2024-12-09T18:51:10.877-0300] {dag.py:4180} INFO - Setting next_dagrun for example_sensors to None, run_after=None
[2024-12-09T18:51:10.899-0300] {processor.py:208} INFO - Processing /home/alefpa/codigos/breweriesDB/venv/lib/python3.10/site-packages/airflow/example_dags/example_sensors.py took 0.080 seconds
[2024-12-09T18:52:16.968-0300] {processor.py:186} INFO - Started process (PID=118640) to work on /home/alefpa/codigos/breweriesDB/venv/lib/python3.10/site-packages/airflow/example_dags/example_sensors.py
[2024-12-09T18:52:16.969-0300] {processor.py:914} INFO - Processing file /home/alefpa/codigos/breweriesDB/venv/lib/python3.10/site-packages/airflow/example_dags/example_sensors.py for tasks to queue
[2024-12-09T18:52:16.971-0300] {logging_mixin.py:190} INFO - [2024-12-09T18:52:16.971-0300] {dagbag.py:588} INFO - Filling up the DagBag from /home/alefpa/codigos/breweriesDB/venv/lib/python3.10/site-packages/airflow/example_dags/example_sensors.py
[2024-12-09T18:52:16.979-0300] {processor.py:925} INFO - DAG(s) 'example_sensors' retrieved from /home/alefpa/codigos/breweriesDB/venv/lib/python3.10/site-packages/airflow/example_dags/example_sensors.py
[2024-12-09T18:52:16.996-0300] {logging_mixin.py:190} INFO - [2024-12-09T18:52:16.996-0300] {dag.py:3239} INFO - Sync 1 DAGs
[2024-12-09T18:52:17.006-0300] {logging_mixin.py:190} INFO - [2024-12-09T18:52:17.005-0300] {dag.py:4180} INFO - Setting next_dagrun for example_sensors to None, run_after=None
[2024-12-09T18:52:17.025-0300] {processor.py:208} INFO - Processing /home/alefpa/codigos/breweriesDB/venv/lib/python3.10/site-packages/airflow/example_dags/example_sensors.py took 0.063 seconds
[2024-12-09T18:53:16.950-0300] {processor.py:186} INFO - Started process (PID=118934) to work on /home/alefpa/codigos/breweriesDB/venv/lib/python3.10/site-packages/airflow/example_dags/example_sensors.py
[2024-12-09T18:53:16.951-0300] {processor.py:914} INFO - Processing file /home/alefpa/codigos/breweriesDB/venv/lib/python3.10/site-packages/airflow/example_dags/example_sensors.py for tasks to queue
[2024-12-09T18:53:16.953-0300] {logging_mixin.py:190} INFO - [2024-12-09T18:53:16.952-0300] {dagbag.py:588} INFO - Filling up the DagBag from /home/alefpa/codigos/breweriesDB/venv/lib/python3.10/site-packages/airflow/example_dags/example_sensors.py
[2024-12-09T18:53:16.963-0300] {processor.py:925} INFO - DAG(s) 'example_sensors' retrieved from /home/alefpa/codigos/breweriesDB/venv/lib/python3.10/site-packages/airflow/example_dags/example_sensors.py
[2024-12-09T18:53:16.981-0300] {logging_mixin.py:190} INFO - [2024-12-09T18:53:16.981-0300] {dag.py:3239} INFO - Sync 1 DAGs
[2024-12-09T18:53:16.991-0300] {logging_mixin.py:190} INFO - [2024-12-09T18:53:16.991-0300] {dag.py:4180} INFO - Setting next_dagrun for example_sensors to None, run_after=None
[2024-12-09T18:53:17.013-0300] {processor.py:208} INFO - Processing /home/alefpa/codigos/breweriesDB/venv/lib/python3.10/site-packages/airflow/example_dags/example_sensors.py took 0.068 seconds
[2024-12-09T18:54:50.238-0300] {processor.py:186} INFO - Started process (PID=119424) to work on /home/alefpa/codigos/breweriesDB/venv/lib/python3.10/site-packages/airflow/example_dags/example_sensors.py
[2024-12-09T18:54:50.240-0300] {processor.py:914} INFO - Processing file /home/alefpa/codigos/breweriesDB/venv/lib/python3.10/site-packages/airflow/example_dags/example_sensors.py for tasks to queue
[2024-12-09T18:54:50.242-0300] {logging_mixin.py:190} INFO - [2024-12-09T18:54:50.241-0300] {dagbag.py:588} INFO - Filling up the DagBag from /home/alefpa/codigos/breweriesDB/venv/lib/python3.10/site-packages/airflow/example_dags/example_sensors.py
[2024-12-09T18:54:50.251-0300] {processor.py:925} INFO - DAG(s) 'example_sensors' retrieved from /home/alefpa/codigos/breweriesDB/venv/lib/python3.10/site-packages/airflow/example_dags/example_sensors.py
[2024-12-09T18:54:50.270-0300] {logging_mixin.py:190} INFO - [2024-12-09T18:54:50.270-0300] {dag.py:3239} INFO - Sync 1 DAGs
[2024-12-09T18:54:50.281-0300] {logging_mixin.py:190} INFO - [2024-12-09T18:54:50.280-0300] {dag.py:4180} INFO - Setting next_dagrun for example_sensors to None, run_after=None
[2024-12-09T18:54:50.306-0300] {processor.py:208} INFO - Processing /home/alefpa/codigos/breweriesDB/venv/lib/python3.10/site-packages/airflow/example_dags/example_sensors.py took 0.073 seconds
[2024-12-09T18:55:50.670-0300] {processor.py:186} INFO - Started process (PID=119721) to work on /home/alefpa/codigos/breweriesDB/venv/lib/python3.10/site-packages/airflow/example_dags/example_sensors.py
[2024-12-09T18:55:50.672-0300] {processor.py:914} INFO - Processing file /home/alefpa/codigos/breweriesDB/venv/lib/python3.10/site-packages/airflow/example_dags/example_sensors.py for tasks to queue
[2024-12-09T18:55:50.673-0300] {logging_mixin.py:190} INFO - [2024-12-09T18:55:50.673-0300] {dagbag.py:588} INFO - Filling up the DagBag from /home/alefpa/codigos/breweriesDB/venv/lib/python3.10/site-packages/airflow/example_dags/example_sensors.py
[2024-12-09T18:55:50.682-0300] {processor.py:925} INFO - DAG(s) 'example_sensors' retrieved from /home/alefpa/codigos/breweriesDB/venv/lib/python3.10/site-packages/airflow/example_dags/example_sensors.py
[2024-12-09T18:55:50.697-0300] {logging_mixin.py:190} INFO - [2024-12-09T18:55:50.697-0300] {dag.py:3239} INFO - Sync 1 DAGs
[2024-12-09T18:55:50.706-0300] {logging_mixin.py:190} INFO - [2024-12-09T18:55:50.706-0300] {dag.py:4180} INFO - Setting next_dagrun for example_sensors to None, run_after=None
[2024-12-09T18:55:50.725-0300] {processor.py:208} INFO - Processing /home/alefpa/codigos/breweriesDB/venv/lib/python3.10/site-packages/airflow/example_dags/example_sensors.py took 0.060 seconds
[2024-12-09T18:56:49.332-0300] {processor.py:186} INFO - Started process (PID=120044) to work on /home/alefpa/codigos/breweriesDB/venv/lib/python3.10/site-packages/airflow/example_dags/example_sensors.py
[2024-12-09T18:56:49.333-0300] {processor.py:914} INFO - Processing file /home/alefpa/codigos/breweriesDB/venv/lib/python3.10/site-packages/airflow/example_dags/example_sensors.py for tasks to queue
[2024-12-09T18:56:49.334-0300] {logging_mixin.py:190} INFO - [2024-12-09T18:56:49.334-0300] {dagbag.py:588} INFO - Filling up the DagBag from /home/alefpa/codigos/breweriesDB/venv/lib/python3.10/site-packages/airflow/example_dags/example_sensors.py
[2024-12-09T18:56:49.342-0300] {processor.py:925} INFO - DAG(s) 'example_sensors' retrieved from /home/alefpa/codigos/breweriesDB/venv/lib/python3.10/site-packages/airflow/example_dags/example_sensors.py
[2024-12-09T18:56:49.359-0300] {logging_mixin.py:190} INFO - [2024-12-09T18:56:49.359-0300] {dag.py:3239} INFO - Sync 1 DAGs
[2024-12-09T18:56:49.369-0300] {logging_mixin.py:190} INFO - [2024-12-09T18:56:49.368-0300] {dag.py:4180} INFO - Setting next_dagrun for example_sensors to None, run_after=None
[2024-12-09T18:56:49.388-0300] {processor.py:208} INFO - Processing /home/alefpa/codigos/breweriesDB/venv/lib/python3.10/site-packages/airflow/example_dags/example_sensors.py took 0.061 seconds
[2024-12-09T18:58:05.144-0300] {processor.py:186} INFO - Started process (PID=120448) to work on /home/alefpa/codigos/breweriesDB/venv/lib/python3.10/site-packages/airflow/example_dags/example_sensors.py
[2024-12-09T18:58:05.145-0300] {processor.py:914} INFO - Processing file /home/alefpa/codigos/breweriesDB/venv/lib/python3.10/site-packages/airflow/example_dags/example_sensors.py for tasks to queue
[2024-12-09T18:58:05.147-0300] {logging_mixin.py:190} INFO - [2024-12-09T18:58:05.147-0300] {dagbag.py:588} INFO - Filling up the DagBag from /home/alefpa/codigos/breweriesDB/venv/lib/python3.10/site-packages/airflow/example_dags/example_sensors.py
[2024-12-09T18:58:05.156-0300] {processor.py:925} INFO - DAG(s) 'example_sensors' retrieved from /home/alefpa/codigos/breweriesDB/venv/lib/python3.10/site-packages/airflow/example_dags/example_sensors.py
[2024-12-09T18:58:05.173-0300] {logging_mixin.py:190} INFO - [2024-12-09T18:58:05.172-0300] {dag.py:3239} INFO - Sync 1 DAGs
[2024-12-09T18:58:05.182-0300] {logging_mixin.py:190} INFO - [2024-12-09T18:58:05.181-0300] {dag.py:4180} INFO - Setting next_dagrun for example_sensors to None, run_after=None
[2024-12-09T18:58:05.202-0300] {processor.py:208} INFO - Processing /home/alefpa/codigos/breweriesDB/venv/lib/python3.10/site-packages/airflow/example_dags/example_sensors.py took 0.063 seconds
