[2024-12-09T18:46:52.699-0300] {processor.py:186} INFO - Started process (PID=117062) to work on /home/alefpa/codigos/breweriesDB/venv/lib/python3.10/site-packages/airflow/example_dags/example_trigger_target_dag.py
[2024-12-09T18:46:52.700-0300] {processor.py:914} INFO - Processing file /home/alefpa/codigos/breweriesDB/venv/lib/python3.10/site-packages/airflow/example_dags/example_trigger_target_dag.py for tasks to queue
[2024-12-09T18:46:52.703-0300] {logging_mixin.py:190} INFO - [2024-12-09T18:46:52.703-0300] {dagbag.py:588} INFO - Filling up the DagBag from /home/alefpa/codigos/breweriesDB/venv/lib/python3.10/site-packages/airflow/example_dags/example_trigger_target_dag.py
[2024-12-09T18:46:52.710-0300] {processor.py:925} INFO - DAG(s) 'example_trigger_target_dag' retrieved from /home/alefpa/codigos/breweriesDB/venv/lib/python3.10/site-packages/airflow/example_dags/example_trigger_target_dag.py
[2024-12-09T18:46:52.803-0300] {logging_mixin.py:190} INFO - [2024-12-09T18:46:52.802-0300] {override.py:1911} INFO - Created Permission View: can delete on DAG:example_trigger_target_dag
[2024-12-09T18:46:52.815-0300] {logging_mixin.py:190} INFO - [2024-12-09T18:46:52.815-0300] {override.py:1911} INFO - Created Permission View: can edit on DAG:example_trigger_target_dag
[2024-12-09T18:46:52.827-0300] {logging_mixin.py:190} INFO - [2024-12-09T18:46:52.826-0300] {override.py:1911} INFO - Created Permission View: can read on DAG:example_trigger_target_dag
[2024-12-09T18:46:52.845-0300] {logging_mixin.py:190} INFO - [2024-12-09T18:46:52.845-0300] {override.py:1911} INFO - Created Permission View: can delete on DAG Run:example_trigger_target_dag
[2024-12-09T18:46:52.855-0300] {logging_mixin.py:190} INFO - [2024-12-09T18:46:52.855-0300] {override.py:1911} INFO - Created Permission View: menu access on DAG Run:example_trigger_target_dag
[2024-12-09T18:46:52.866-0300] {logging_mixin.py:190} INFO - [2024-12-09T18:46:52.865-0300] {override.py:1911} INFO - Created Permission View: can read on DAG Run:example_trigger_target_dag
[2024-12-09T18:46:52.876-0300] {logging_mixin.py:190} INFO - [2024-12-09T18:46:52.875-0300] {override.py:1911} INFO - Created Permission View: can create on DAG Run:example_trigger_target_dag
[2024-12-09T18:46:52.876-0300] {logging_mixin.py:190} INFO - [2024-12-09T18:46:52.876-0300] {dag.py:3239} INFO - Sync 1 DAGs
[2024-12-09T18:46:52.884-0300] {logging_mixin.py:190} INFO - [2024-12-09T18:46:52.884-0300] {dag.py:3262} INFO - Creating ORM DAG for example_trigger_target_dag
[2024-12-09T18:46:52.885-0300] {logging_mixin.py:190} INFO - [2024-12-09T18:46:52.885-0300] {dag.py:4180} INFO - Setting next_dagrun for example_trigger_target_dag to None, run_after=None
[2024-12-09T18:46:52.908-0300] {processor.py:208} INFO - Processing /home/alefpa/codigos/breweriesDB/venv/lib/python3.10/site-packages/airflow/example_dags/example_trigger_target_dag.py took 0.214 seconds
[2024-12-09T18:49:54.721-0300] {processor.py:186} INFO - Started process (PID=117925) to work on /home/alefpa/codigos/breweriesDB/venv/lib/python3.10/site-packages/airflow/example_dags/example_trigger_target_dag.py
[2024-12-09T18:49:54.736-0300] {processor.py:914} INFO - Processing file /home/alefpa/codigos/breweriesDB/venv/lib/python3.10/site-packages/airflow/example_dags/example_trigger_target_dag.py for tasks to queue
[2024-12-09T18:49:54.738-0300] {logging_mixin.py:190} INFO - [2024-12-09T18:49:54.738-0300] {dagbag.py:588} INFO - Filling up the DagBag from /home/alefpa/codigos/breweriesDB/venv/lib/python3.10/site-packages/airflow/example_dags/example_trigger_target_dag.py
[2024-12-09T18:49:54.745-0300] {processor.py:925} INFO - DAG(s) 'example_trigger_target_dag' retrieved from /home/alefpa/codigos/breweriesDB/venv/lib/python3.10/site-packages/airflow/example_dags/example_trigger_target_dag.py
[2024-12-09T18:49:54.817-0300] {logging_mixin.py:190} INFO - [2024-12-09T18:49:54.816-0300] {override.py:1911} INFO - Created Permission View: can edit on DAG:example_trigger_target_dag
[2024-12-09T18:49:54.829-0300] {logging_mixin.py:190} INFO - [2024-12-09T18:49:54.828-0300] {override.py:1911} INFO - Created Permission View: can delete on DAG:example_trigger_target_dag
[2024-12-09T18:49:54.839-0300] {logging_mixin.py:190} INFO - [2024-12-09T18:49:54.839-0300] {override.py:1911} INFO - Created Permission View: can read on DAG:example_trigger_target_dag
[2024-12-09T18:49:54.855-0300] {logging_mixin.py:190} INFO - [2024-12-09T18:49:54.855-0300] {override.py:1911} INFO - Created Permission View: can delete on DAG Run:example_trigger_target_dag
[2024-12-09T18:49:54.865-0300] {logging_mixin.py:190} INFO - [2024-12-09T18:49:54.865-0300] {override.py:1911} INFO - Created Permission View: menu access on DAG Run:example_trigger_target_dag
[2024-12-09T18:49:54.875-0300] {logging_mixin.py:190} INFO - [2024-12-09T18:49:54.874-0300] {override.py:1911} INFO - Created Permission View: can read on DAG Run:example_trigger_target_dag
[2024-12-09T18:49:54.884-0300] {logging_mixin.py:190} INFO - [2024-12-09T18:49:54.884-0300] {override.py:1911} INFO - Created Permission View: can create on DAG Run:example_trigger_target_dag
[2024-12-09T18:49:54.884-0300] {logging_mixin.py:190} INFO - [2024-12-09T18:49:54.884-0300] {dag.py:3239} INFO - Sync 1 DAGs
[2024-12-09T18:49:54.893-0300] {logging_mixin.py:190} INFO - [2024-12-09T18:49:54.892-0300] {dag.py:3262} INFO - Creating ORM DAG for example_trigger_target_dag
[2024-12-09T18:49:54.893-0300] {logging_mixin.py:190} INFO - [2024-12-09T18:49:54.893-0300] {dag.py:4180} INFO - Setting next_dagrun for example_trigger_target_dag to None, run_after=None
[2024-12-09T18:49:54.910-0300] {processor.py:208} INFO - Processing /home/alefpa/codigos/breweriesDB/venv/lib/python3.10/site-packages/airflow/example_dags/example_trigger_target_dag.py took 0.194 seconds
[2024-12-09T18:51:00.538-0300] {processor.py:186} INFO - Started process (PID=118235) to work on /home/alefpa/codigos/breweriesDB/venv/lib/python3.10/site-packages/airflow/example_dags/example_trigger_target_dag.py
[2024-12-09T18:51:00.539-0300] {processor.py:914} INFO - Processing file /home/alefpa/codigos/breweriesDB/venv/lib/python3.10/site-packages/airflow/example_dags/example_trigger_target_dag.py for tasks to queue
[2024-12-09T18:51:00.542-0300] {logging_mixin.py:190} INFO - [2024-12-09T18:51:00.541-0300] {dagbag.py:588} INFO - Filling up the DagBag from /home/alefpa/codigos/breweriesDB/venv/lib/python3.10/site-packages/airflow/example_dags/example_trigger_target_dag.py
[2024-12-09T18:51:00.549-0300] {processor.py:925} INFO - DAG(s) 'example_trigger_target_dag' retrieved from /home/alefpa/codigos/breweriesDB/venv/lib/python3.10/site-packages/airflow/example_dags/example_trigger_target_dag.py
[2024-12-09T18:51:00.563-0300] {logging_mixin.py:190} INFO - [2024-12-09T18:51:00.563-0300] {dag.py:3239} INFO - Sync 1 DAGs
[2024-12-09T18:51:00.573-0300] {logging_mixin.py:190} INFO - [2024-12-09T18:51:00.573-0300] {dag.py:4180} INFO - Setting next_dagrun for example_trigger_target_dag to None, run_after=None
[2024-12-09T18:51:00.594-0300] {processor.py:208} INFO - Processing /home/alefpa/codigos/breweriesDB/venv/lib/python3.10/site-packages/airflow/example_dags/example_trigger_target_dag.py took 0.062 seconds
[2024-12-09T18:52:11.818-0300] {processor.py:186} INFO - Started process (PID=118618) to work on /home/alefpa/codigos/breweriesDB/venv/lib/python3.10/site-packages/airflow/example_dags/example_trigger_target_dag.py
[2024-12-09T18:52:11.834-0300] {processor.py:914} INFO - Processing file /home/alefpa/codigos/breweriesDB/venv/lib/python3.10/site-packages/airflow/example_dags/example_trigger_target_dag.py for tasks to queue
[2024-12-09T18:52:11.838-0300] {logging_mixin.py:190} INFO - [2024-12-09T18:52:11.838-0300] {dagbag.py:588} INFO - Filling up the DagBag from /home/alefpa/codigos/breweriesDB/venv/lib/python3.10/site-packages/airflow/example_dags/example_trigger_target_dag.py
[2024-12-09T18:52:11.844-0300] {processor.py:925} INFO - DAG(s) 'example_trigger_target_dag' retrieved from /home/alefpa/codigos/breweriesDB/venv/lib/python3.10/site-packages/airflow/example_dags/example_trigger_target_dag.py
[2024-12-09T18:52:11.855-0300] {logging_mixin.py:190} INFO - [2024-12-09T18:52:11.855-0300] {dag.py:3239} INFO - Sync 1 DAGs
[2024-12-09T18:52:11.864-0300] {logging_mixin.py:190} INFO - [2024-12-09T18:52:11.864-0300] {dag.py:4180} INFO - Setting next_dagrun for example_trigger_target_dag to None, run_after=None
[2024-12-09T18:52:11.885-0300] {processor.py:208} INFO - Processing /home/alefpa/codigos/breweriesDB/venv/lib/python3.10/site-packages/airflow/example_dags/example_trigger_target_dag.py took 0.072 seconds
[2024-12-09T18:53:11.930-0300] {processor.py:186} INFO - Started process (PID=118908) to work on /home/alefpa/codigos/breweriesDB/venv/lib/python3.10/site-packages/airflow/example_dags/example_trigger_target_dag.py
[2024-12-09T18:53:11.931-0300] {processor.py:914} INFO - Processing file /home/alefpa/codigos/breweriesDB/venv/lib/python3.10/site-packages/airflow/example_dags/example_trigger_target_dag.py for tasks to queue
[2024-12-09T18:53:11.933-0300] {logging_mixin.py:190} INFO - [2024-12-09T18:53:11.933-0300] {dagbag.py:588} INFO - Filling up the DagBag from /home/alefpa/codigos/breweriesDB/venv/lib/python3.10/site-packages/airflow/example_dags/example_trigger_target_dag.py
[2024-12-09T18:53:11.939-0300] {processor.py:925} INFO - DAG(s) 'example_trigger_target_dag' retrieved from /home/alefpa/codigos/breweriesDB/venv/lib/python3.10/site-packages/airflow/example_dags/example_trigger_target_dag.py
[2024-12-09T18:53:11.951-0300] {logging_mixin.py:190} INFO - [2024-12-09T18:53:11.950-0300] {dag.py:3239} INFO - Sync 1 DAGs
[2024-12-09T18:53:11.960-0300] {logging_mixin.py:190} INFO - [2024-12-09T18:53:11.959-0300] {dag.py:4180} INFO - Setting next_dagrun for example_trigger_target_dag to None, run_after=None
[2024-12-09T18:53:11.980-0300] {processor.py:208} INFO - Processing /home/alefpa/codigos/breweriesDB/venv/lib/python3.10/site-packages/airflow/example_dags/example_trigger_target_dag.py took 0.056 seconds
[2024-12-09T18:54:44.954-0300] {processor.py:186} INFO - Started process (PID=119402) to work on /home/alefpa/codigos/breweriesDB/venv/lib/python3.10/site-packages/airflow/example_dags/example_trigger_target_dag.py
[2024-12-09T18:54:44.955-0300] {processor.py:914} INFO - Processing file /home/alefpa/codigos/breweriesDB/venv/lib/python3.10/site-packages/airflow/example_dags/example_trigger_target_dag.py for tasks to queue
[2024-12-09T18:54:44.959-0300] {logging_mixin.py:190} INFO - [2024-12-09T18:54:44.958-0300] {dagbag.py:588} INFO - Filling up the DagBag from /home/alefpa/codigos/breweriesDB/venv/lib/python3.10/site-packages/airflow/example_dags/example_trigger_target_dag.py
[2024-12-09T18:54:44.966-0300] {processor.py:925} INFO - DAG(s) 'example_trigger_target_dag' retrieved from /home/alefpa/codigos/breweriesDB/venv/lib/python3.10/site-packages/airflow/example_dags/example_trigger_target_dag.py
[2024-12-09T18:54:44.980-0300] {logging_mixin.py:190} INFO - [2024-12-09T18:54:44.980-0300] {dag.py:3239} INFO - Sync 1 DAGs
[2024-12-09T18:54:44.991-0300] {logging_mixin.py:190} INFO - [2024-12-09T18:54:44.990-0300] {dag.py:4180} INFO - Setting next_dagrun for example_trigger_target_dag to None, run_after=None
[2024-12-09T18:54:45.014-0300] {processor.py:208} INFO - Processing /home/alefpa/codigos/breweriesDB/venv/lib/python3.10/site-packages/airflow/example_dags/example_trigger_target_dag.py took 0.066 seconds
[2024-12-09T18:55:45.687-0300] {processor.py:186} INFO - Started process (PID=119698) to work on /home/alefpa/codigos/breweriesDB/venv/lib/python3.10/site-packages/airflow/example_dags/example_trigger_target_dag.py
[2024-12-09T18:55:45.689-0300] {processor.py:914} INFO - Processing file /home/alefpa/codigos/breweriesDB/venv/lib/python3.10/site-packages/airflow/example_dags/example_trigger_target_dag.py for tasks to queue
[2024-12-09T18:55:45.690-0300] {logging_mixin.py:190} INFO - [2024-12-09T18:55:45.690-0300] {dagbag.py:588} INFO - Filling up the DagBag from /home/alefpa/codigos/breweriesDB/venv/lib/python3.10/site-packages/airflow/example_dags/example_trigger_target_dag.py
[2024-12-09T18:55:45.697-0300] {processor.py:925} INFO - DAG(s) 'example_trigger_target_dag' retrieved from /home/alefpa/codigos/breweriesDB/venv/lib/python3.10/site-packages/airflow/example_dags/example_trigger_target_dag.py
[2024-12-09T18:55:45.708-0300] {logging_mixin.py:190} INFO - [2024-12-09T18:55:45.708-0300] {dag.py:3239} INFO - Sync 1 DAGs
[2024-12-09T18:55:45.718-0300] {logging_mixin.py:190} INFO - [2024-12-09T18:55:45.717-0300] {dag.py:4180} INFO - Setting next_dagrun for example_trigger_target_dag to None, run_after=None
[2024-12-09T18:55:45.739-0300] {processor.py:208} INFO - Processing /home/alefpa/codigos/breweriesDB/venv/lib/python3.10/site-packages/airflow/example_dags/example_trigger_target_dag.py took 0.057 seconds
[2024-12-09T18:56:45.327-0300] {processor.py:186} INFO - Started process (PID=120024) to work on /home/alefpa/codigos/breweriesDB/venv/lib/python3.10/site-packages/airflow/example_dags/example_trigger_target_dag.py
[2024-12-09T18:56:45.328-0300] {processor.py:914} INFO - Processing file /home/alefpa/codigos/breweriesDB/venv/lib/python3.10/site-packages/airflow/example_dags/example_trigger_target_dag.py for tasks to queue
[2024-12-09T18:56:45.331-0300] {logging_mixin.py:190} INFO - [2024-12-09T18:56:45.331-0300] {dagbag.py:588} INFO - Filling up the DagBag from /home/alefpa/codigos/breweriesDB/venv/lib/python3.10/site-packages/airflow/example_dags/example_trigger_target_dag.py
[2024-12-09T18:56:45.339-0300] {processor.py:925} INFO - DAG(s) 'example_trigger_target_dag' retrieved from /home/alefpa/codigos/breweriesDB/venv/lib/python3.10/site-packages/airflow/example_dags/example_trigger_target_dag.py
[2024-12-09T18:56:45.354-0300] {logging_mixin.py:190} INFO - [2024-12-09T18:56:45.354-0300] {dag.py:3239} INFO - Sync 1 DAGs
[2024-12-09T18:56:45.363-0300] {logging_mixin.py:190} INFO - [2024-12-09T18:56:45.363-0300] {dag.py:4180} INFO - Setting next_dagrun for example_trigger_target_dag to None, run_after=None
[2024-12-09T18:56:45.384-0300] {processor.py:208} INFO - Processing /home/alefpa/codigos/breweriesDB/venv/lib/python3.10/site-packages/airflow/example_dags/example_trigger_target_dag.py took 0.062 seconds
[2024-12-09T18:58:01.144-0300] {processor.py:186} INFO - Started process (PID=120423) to work on /home/alefpa/codigos/breweriesDB/venv/lib/python3.10/site-packages/airflow/example_dags/example_trigger_target_dag.py
[2024-12-09T18:58:01.145-0300] {processor.py:914} INFO - Processing file /home/alefpa/codigos/breweriesDB/venv/lib/python3.10/site-packages/airflow/example_dags/example_trigger_target_dag.py for tasks to queue
[2024-12-09T18:58:01.149-0300] {logging_mixin.py:190} INFO - [2024-12-09T18:58:01.149-0300] {dagbag.py:588} INFO - Filling up the DagBag from /home/alefpa/codigos/breweriesDB/venv/lib/python3.10/site-packages/airflow/example_dags/example_trigger_target_dag.py
[2024-12-09T18:58:01.155-0300] {processor.py:925} INFO - DAG(s) 'example_trigger_target_dag' retrieved from /home/alefpa/codigos/breweriesDB/venv/lib/python3.10/site-packages/airflow/example_dags/example_trigger_target_dag.py
[2024-12-09T18:58:01.167-0300] {logging_mixin.py:190} INFO - [2024-12-09T18:58:01.166-0300] {dag.py:3239} INFO - Sync 1 DAGs
[2024-12-09T18:58:01.179-0300] {logging_mixin.py:190} INFO - [2024-12-09T18:58:01.179-0300] {dag.py:4180} INFO - Setting next_dagrun for example_trigger_target_dag to None, run_after=None
[2024-12-09T18:58:01.200-0300] {processor.py:208} INFO - Processing /home/alefpa/codigos/breweriesDB/venv/lib/python3.10/site-packages/airflow/example_dags/example_trigger_target_dag.py took 0.060 seconds
