[2024-12-09T18:50:29.072-0300] {processor.py:186} INFO - Started process (PID=118085) to work on /home/alefpa/codigos/breweriesDB/venv/lib/python3.10/site-packages/airflow/example_dags/example_bash_operator.py
[2024-12-09T18:50:29.073-0300] {processor.py:914} INFO - Processing file /home/alefpa/codigos/breweriesDB/venv/lib/python3.10/site-packages/airflow/example_dags/example_bash_operator.py for tasks to queue
[2024-12-09T18:50:29.074-0300] {logging_mixin.py:190} INFO - [2024-12-09T18:50:29.074-0300] {dagbag.py:588} INFO - Filling up the DagBag from /home/alefpa/codigos/breweriesDB/venv/lib/python3.10/site-packages/airflow/example_dags/example_bash_operator.py
[2024-12-09T18:50:29.085-0300] {processor.py:925} INFO - DAG(s) 'example_bash_operator' retrieved from /home/alefpa/codigos/breweriesDB/venv/lib/python3.10/site-packages/airflow/example_dags/example_bash_operator.py
[2024-12-09T18:50:29.175-0300] {logging_mixin.py:190} INFO - [2024-12-09T18:50:29.175-0300] {override.py:1911} INFO - Created Permission View: can edit on DAG:example_bash_operator
[2024-12-09T18:50:29.188-0300] {logging_mixin.py:190} INFO - [2024-12-09T18:50:29.188-0300] {override.py:1911} INFO - Created Permission View: can delete on DAG:example_bash_operator
[2024-12-09T18:50:29.198-0300] {logging_mixin.py:190} INFO - [2024-12-09T18:50:29.198-0300] {override.py:1911} INFO - Created Permission View: can read on DAG:example_bash_operator
[2024-12-09T18:50:29.216-0300] {logging_mixin.py:190} INFO - [2024-12-09T18:50:29.216-0300] {override.py:1911} INFO - Created Permission View: can delete on DAG Run:example_bash_operator
[2024-12-09T18:50:29.226-0300] {logging_mixin.py:190} INFO - [2024-12-09T18:50:29.226-0300] {override.py:1911} INFO - Created Permission View: menu access on DAG Run:example_bash_operator
[2024-12-09T18:50:29.237-0300] {logging_mixin.py:190} INFO - [2024-12-09T18:50:29.237-0300] {override.py:1911} INFO - Created Permission View: can read on DAG Run:example_bash_operator
[2024-12-09T18:50:29.247-0300] {logging_mixin.py:190} INFO - [2024-12-09T18:50:29.247-0300] {override.py:1911} INFO - Created Permission View: can create on DAG Run:example_bash_operator
[2024-12-09T18:50:29.248-0300] {logging_mixin.py:190} INFO - [2024-12-09T18:50:29.248-0300] {dag.py:3239} INFO - Sync 1 DAGs
[2024-12-09T18:50:29.256-0300] {logging_mixin.py:190} INFO - [2024-12-09T18:50:29.256-0300] {dag.py:3262} INFO - Creating ORM DAG for example_bash_operator
[2024-12-09T18:50:29.264-0300] {logging_mixin.py:190} INFO - [2024-12-09T18:50:29.264-0300] {dag.py:4180} INFO - Setting next_dagrun for example_bash_operator to 2024-12-08 00:00:00+00:00, run_after=2024-12-09 00:00:00+00:00
[2024-12-09T18:50:29.282-0300] {processor.py:208} INFO - Processing /home/alefpa/codigos/breweriesDB/venv/lib/python3.10/site-packages/airflow/example_dags/example_bash_operator.py took 0.215 seconds
[2024-12-09T18:51:31.695-0300] {processor.py:186} INFO - Started process (PID=118389) to work on /home/alefpa/codigos/breweriesDB/venv/lib/python3.10/site-packages/airflow/example_dags/example_bash_operator.py
[2024-12-09T18:51:31.711-0300] {processor.py:914} INFO - Processing file /home/alefpa/codigos/breweriesDB/venv/lib/python3.10/site-packages/airflow/example_dags/example_bash_operator.py for tasks to queue
[2024-12-09T18:51:31.713-0300] {logging_mixin.py:190} INFO - [2024-12-09T18:51:31.712-0300] {dagbag.py:588} INFO - Filling up the DagBag from /home/alefpa/codigos/breweriesDB/venv/lib/python3.10/site-packages/airflow/example_dags/example_bash_operator.py
[2024-12-09T18:51:31.723-0300] {processor.py:925} INFO - DAG(s) 'example_bash_operator' retrieved from /home/alefpa/codigos/breweriesDB/venv/lib/python3.10/site-packages/airflow/example_dags/example_bash_operator.py
[2024-12-09T18:51:31.739-0300] {logging_mixin.py:190} INFO - [2024-12-09T18:51:31.739-0300] {dag.py:3239} INFO - Sync 1 DAGs
[2024-12-09T18:51:31.755-0300] {logging_mixin.py:190} INFO - [2024-12-09T18:51:31.754-0300] {dag.py:4180} INFO - Setting next_dagrun for example_bash_operator to 2024-12-08 00:00:00+00:00, run_after=2024-12-09 00:00:00+00:00
[2024-12-09T18:51:31.774-0300] {processor.py:208} INFO - Processing /home/alefpa/codigos/breweriesDB/venv/lib/python3.10/site-packages/airflow/example_dags/example_bash_operator.py took 0.083 seconds
[2024-12-09T18:52:41.260-0300] {processor.py:186} INFO - Started process (PID=118752) to work on /home/alefpa/codigos/breweriesDB/venv/lib/python3.10/site-packages/airflow/example_dags/example_bash_operator.py
[2024-12-09T18:52:41.277-0300] {processor.py:914} INFO - Processing file /home/alefpa/codigos/breweriesDB/venv/lib/python3.10/site-packages/airflow/example_dags/example_bash_operator.py for tasks to queue
[2024-12-09T18:52:41.279-0300] {logging_mixin.py:190} INFO - [2024-12-09T18:52:41.279-0300] {dagbag.py:588} INFO - Filling up the DagBag from /home/alefpa/codigos/breweriesDB/venv/lib/python3.10/site-packages/airflow/example_dags/example_bash_operator.py
[2024-12-09T18:52:41.290-0300] {processor.py:925} INFO - DAG(s) 'example_bash_operator' retrieved from /home/alefpa/codigos/breweriesDB/venv/lib/python3.10/site-packages/airflow/example_dags/example_bash_operator.py
[2024-12-09T18:52:41.309-0300] {logging_mixin.py:190} INFO - [2024-12-09T18:52:41.308-0300] {dag.py:3239} INFO - Sync 1 DAGs
[2024-12-09T18:52:41.325-0300] {logging_mixin.py:190} INFO - [2024-12-09T18:52:41.325-0300] {dag.py:4180} INFO - Setting next_dagrun for example_bash_operator to 2024-12-08 00:00:00+00:00, run_after=2024-12-09 00:00:00+00:00
[2024-12-09T18:52:41.346-0300] {processor.py:208} INFO - Processing /home/alefpa/codigos/breweriesDB/venv/lib/python3.10/site-packages/airflow/example_dags/example_bash_operator.py took 0.091 seconds
[2024-12-09T18:53:39.573-0300] {processor.py:186} INFO - Started process (PID=119047) to work on /home/alefpa/codigos/breweriesDB/venv/lib/python3.10/site-packages/airflow/example_dags/example_bash_operator.py
[2024-12-09T18:53:39.590-0300] {processor.py:914} INFO - Processing file /home/alefpa/codigos/breweriesDB/venv/lib/python3.10/site-packages/airflow/example_dags/example_bash_operator.py for tasks to queue
[2024-12-09T18:53:39.592-0300] {logging_mixin.py:190} INFO - [2024-12-09T18:53:39.591-0300] {dagbag.py:588} INFO - Filling up the DagBag from /home/alefpa/codigos/breweriesDB/venv/lib/python3.10/site-packages/airflow/example_dags/example_bash_operator.py
[2024-12-09T18:53:39.602-0300] {processor.py:925} INFO - DAG(s) 'example_bash_operator' retrieved from /home/alefpa/codigos/breweriesDB/venv/lib/python3.10/site-packages/airflow/example_dags/example_bash_operator.py
[2024-12-09T18:53:39.620-0300] {logging_mixin.py:190} INFO - [2024-12-09T18:53:39.619-0300] {dag.py:3239} INFO - Sync 1 DAGs
[2024-12-09T18:53:39.636-0300] {logging_mixin.py:190} INFO - [2024-12-09T18:53:39.636-0300] {dag.py:4180} INFO - Setting next_dagrun for example_bash_operator to 2024-12-08 00:00:00+00:00, run_after=2024-12-09 00:00:00+00:00
[2024-12-09T18:53:39.655-0300] {processor.py:208} INFO - Processing /home/alefpa/codigos/breweriesDB/venv/lib/python3.10/site-packages/airflow/example_dags/example_bash_operator.py took 0.087 seconds
[2024-12-09T18:55:13.200-0300] {processor.py:186} INFO - Started process (PID=119542) to work on /home/alefpa/codigos/breweriesDB/venv/lib/python3.10/site-packages/airflow/example_dags/example_bash_operator.py
[2024-12-09T18:55:13.217-0300] {processor.py:914} INFO - Processing file /home/alefpa/codigos/breweriesDB/venv/lib/python3.10/site-packages/airflow/example_dags/example_bash_operator.py for tasks to queue
[2024-12-09T18:55:13.219-0300] {logging_mixin.py:190} INFO - [2024-12-09T18:55:13.218-0300] {dagbag.py:588} INFO - Filling up the DagBag from /home/alefpa/codigos/breweriesDB/venv/lib/python3.10/site-packages/airflow/example_dags/example_bash_operator.py
[2024-12-09T18:55:13.228-0300] {processor.py:925} INFO - DAG(s) 'example_bash_operator' retrieved from /home/alefpa/codigos/breweriesDB/venv/lib/python3.10/site-packages/airflow/example_dags/example_bash_operator.py
[2024-12-09T18:55:13.246-0300] {logging_mixin.py:190} INFO - [2024-12-09T18:55:13.246-0300] {dag.py:3239} INFO - Sync 1 DAGs
[2024-12-09T18:55:13.261-0300] {logging_mixin.py:190} INFO - [2024-12-09T18:55:13.261-0300] {dag.py:4180} INFO - Setting next_dagrun for example_bash_operator to 2024-12-08 00:00:00+00:00, run_after=2024-12-09 00:00:00+00:00
[2024-12-09T18:55:13.280-0300] {processor.py:208} INFO - Processing /home/alefpa/codigos/breweriesDB/venv/lib/python3.10/site-packages/airflow/example_dags/example_bash_operator.py took 0.085 seconds
[2024-12-09T18:57:12.301-0300] {processor.py:186} INFO - Started process (PID=120151) to work on /home/alefpa/codigos/breweriesDB/venv/lib/python3.10/site-packages/airflow/example_dags/example_bash_operator.py
[2024-12-09T18:57:12.317-0300] {processor.py:914} INFO - Processing file /home/alefpa/codigos/breweriesDB/venv/lib/python3.10/site-packages/airflow/example_dags/example_bash_operator.py for tasks to queue
[2024-12-09T18:57:12.319-0300] {logging_mixin.py:190} INFO - [2024-12-09T18:57:12.318-0300] {dagbag.py:588} INFO - Filling up the DagBag from /home/alefpa/codigos/breweriesDB/venv/lib/python3.10/site-packages/airflow/example_dags/example_bash_operator.py
[2024-12-09T18:57:12.329-0300] {processor.py:925} INFO - DAG(s) 'example_bash_operator' retrieved from /home/alefpa/codigos/breweriesDB/venv/lib/python3.10/site-packages/airflow/example_dags/example_bash_operator.py
[2024-12-09T18:57:12.348-0300] {logging_mixin.py:190} INFO - [2024-12-09T18:57:12.348-0300] {dag.py:3239} INFO - Sync 1 DAGs
[2024-12-09T18:57:12.364-0300] {logging_mixin.py:190} INFO - [2024-12-09T18:57:12.364-0300] {dag.py:4180} INFO - Setting next_dagrun for example_bash_operator to 2024-12-08 00:00:00+00:00, run_after=2024-12-09 00:00:00+00:00
[2024-12-09T18:57:12.384-0300] {processor.py:208} INFO - Processing /home/alefpa/codigos/breweriesDB/venv/lib/python3.10/site-packages/airflow/example_dags/example_bash_operator.py took 0.089 seconds
