[2024-12-09T18:36:36.006-0300] {processor.py:186} INFO - Started process (PID=114275) to work on /home/alefpa/codigos/breweriesDB/venv/lib/python3.10/site-packages/airflow/example_dags/example_setup_teardown_taskflow.py
[2024-12-09T18:36:36.007-0300] {processor.py:914} INFO - Processing file /home/alefpa/codigos/breweriesDB/venv/lib/python3.10/site-packages/airflow/example_dags/example_setup_teardown_taskflow.py for tasks to queue
[2024-12-09T18:36:36.010-0300] {logging_mixin.py:190} INFO - [2024-12-09T18:36:36.009-0300] {dagbag.py:588} INFO - Filling up the DagBag from /home/alefpa/codigos/breweriesDB/venv/lib/python3.10/site-packages/airflow/example_dags/example_setup_teardown_taskflow.py
[2024-12-09T18:36:36.021-0300] {processor.py:925} INFO - DAG(s) 'example_setup_teardown_taskflow' retrieved from /home/alefpa/codigos/breweriesDB/venv/lib/python3.10/site-packages/airflow/example_dags/example_setup_teardown_taskflow.py
[2024-12-09T18:36:36.129-0300] {logging_mixin.py:190} INFO - [2024-12-09T18:36:36.128-0300] {override.py:1911} INFO - Created Permission View: can read on DAG:example_setup_teardown_taskflow
[2024-12-09T18:36:36.141-0300] {logging_mixin.py:190} INFO - [2024-12-09T18:36:36.141-0300] {override.py:1911} INFO - Created Permission View: can delete on DAG:example_setup_teardown_taskflow
[2024-12-09T18:36:36.152-0300] {logging_mixin.py:190} INFO - [2024-12-09T18:36:36.152-0300] {override.py:1911} INFO - Created Permission View: can edit on DAG:example_setup_teardown_taskflow
[2024-12-09T18:36:36.169-0300] {logging_mixin.py:190} INFO - [2024-12-09T18:36:36.169-0300] {override.py:1911} INFO - Created Permission View: can read on DAG Run:example_setup_teardown_taskflow
[2024-12-09T18:36:36.179-0300] {logging_mixin.py:190} INFO - [2024-12-09T18:36:36.179-0300] {override.py:1911} INFO - Created Permission View: menu access on DAG Run:example_setup_teardown_taskflow
[2024-12-09T18:36:36.192-0300] {logging_mixin.py:190} INFO - [2024-12-09T18:36:36.191-0300] {override.py:1911} INFO - Created Permission View: can create on DAG Run:example_setup_teardown_taskflow
[2024-12-09T18:36:36.202-0300] {logging_mixin.py:190} INFO - [2024-12-09T18:36:36.202-0300] {override.py:1911} INFO - Created Permission View: can delete on DAG Run:example_setup_teardown_taskflow
[2024-12-09T18:36:36.202-0300] {logging_mixin.py:190} INFO - [2024-12-09T18:36:36.202-0300] {dag.py:3239} INFO - Sync 1 DAGs
[2024-12-09T18:36:36.211-0300] {logging_mixin.py:190} INFO - [2024-12-09T18:36:36.210-0300] {dag.py:3262} INFO - Creating ORM DAG for example_setup_teardown_taskflow
[2024-12-09T18:36:36.211-0300] {logging_mixin.py:190} INFO - [2024-12-09T18:36:36.211-0300] {dag.py:4180} INFO - Setting next_dagrun for example_setup_teardown_taskflow to None, run_after=None
[2024-12-09T18:36:36.240-0300] {processor.py:208} INFO - Processing /home/alefpa/codigos/breweriesDB/venv/lib/python3.10/site-packages/airflow/example_dags/example_setup_teardown_taskflow.py took 0.238 seconds
[2024-12-09T18:43:26.898-0300] {processor.py:186} INFO - Started process (PID=116157) to work on /home/alefpa/codigos/breweriesDB/venv/lib/python3.10/site-packages/airflow/example_dags/example_setup_teardown_taskflow.py
[2024-12-09T18:43:26.899-0300] {processor.py:914} INFO - Processing file /home/alefpa/codigos/breweriesDB/venv/lib/python3.10/site-packages/airflow/example_dags/example_setup_teardown_taskflow.py for tasks to queue
[2024-12-09T18:43:26.902-0300] {logging_mixin.py:190} INFO - [2024-12-09T18:43:26.901-0300] {dagbag.py:588} INFO - Filling up the DagBag from /home/alefpa/codigos/breweriesDB/venv/lib/python3.10/site-packages/airflow/example_dags/example_setup_teardown_taskflow.py
[2024-12-09T18:43:26.910-0300] {processor.py:925} INFO - DAG(s) 'example_setup_teardown_taskflow' retrieved from /home/alefpa/codigos/breweriesDB/venv/lib/python3.10/site-packages/airflow/example_dags/example_setup_teardown_taskflow.py
[2024-12-09T18:43:26.929-0300] {logging_mixin.py:190} INFO - [2024-12-09T18:43:26.929-0300] {dag.py:3239} INFO - Sync 1 DAGs
[2024-12-09T18:43:26.938-0300] {logging_mixin.py:190} INFO - [2024-12-09T18:43:26.938-0300] {dag.py:4180} INFO - Setting next_dagrun for example_setup_teardown_taskflow to None, run_after=None
[2024-12-09T18:43:26.964-0300] {processor.py:208} INFO - Processing /home/alefpa/codigos/breweriesDB/venv/lib/python3.10/site-packages/airflow/example_dags/example_setup_teardown_taskflow.py took 0.071 seconds
[2024-12-09T18:46:40.115-0300] {processor.py:186} INFO - Started process (PID=116999) to work on /home/alefpa/codigos/breweriesDB/venv/lib/python3.10/site-packages/airflow/example_dags/example_setup_teardown_taskflow.py
[2024-12-09T18:46:40.116-0300] {processor.py:914} INFO - Processing file /home/alefpa/codigos/breweriesDB/venv/lib/python3.10/site-packages/airflow/example_dags/example_setup_teardown_taskflow.py for tasks to queue
[2024-12-09T18:46:40.118-0300] {logging_mixin.py:190} INFO - [2024-12-09T18:46:40.118-0300] {dagbag.py:588} INFO - Filling up the DagBag from /home/alefpa/codigos/breweriesDB/venv/lib/python3.10/site-packages/airflow/example_dags/example_setup_teardown_taskflow.py
[2024-12-09T18:46:40.127-0300] {processor.py:925} INFO - DAG(s) 'example_setup_teardown_taskflow' retrieved from /home/alefpa/codigos/breweriesDB/venv/lib/python3.10/site-packages/airflow/example_dags/example_setup_teardown_taskflow.py
[2024-12-09T18:46:40.146-0300] {logging_mixin.py:190} INFO - [2024-12-09T18:46:40.146-0300] {dag.py:3239} INFO - Sync 1 DAGs
[2024-12-09T18:46:40.155-0300] {logging_mixin.py:190} INFO - [2024-12-09T18:46:40.155-0300] {dag.py:4180} INFO - Setting next_dagrun for example_setup_teardown_taskflow to None, run_after=None
[2024-12-09T18:46:40.176-0300] {processor.py:208} INFO - Processing /home/alefpa/codigos/breweriesDB/venv/lib/python3.10/site-packages/airflow/example_dags/example_setup_teardown_taskflow.py took 0.067 seconds
[2024-12-09T18:49:38.674-0300] {processor.py:186} INFO - Started process (PID=117852) to work on /home/alefpa/codigos/breweriesDB/venv/lib/python3.10/site-packages/airflow/example_dags/example_setup_teardown_taskflow.py
[2024-12-09T18:49:38.690-0300] {processor.py:914} INFO - Processing file /home/alefpa/codigos/breweriesDB/venv/lib/python3.10/site-packages/airflow/example_dags/example_setup_teardown_taskflow.py for tasks to queue
[2024-12-09T18:49:38.692-0300] {logging_mixin.py:190} INFO - [2024-12-09T18:49:38.691-0300] {dagbag.py:588} INFO - Filling up the DagBag from /home/alefpa/codigos/breweriesDB/venv/lib/python3.10/site-packages/airflow/example_dags/example_setup_teardown_taskflow.py
[2024-12-09T18:49:38.701-0300] {processor.py:925} INFO - DAG(s) 'example_setup_teardown_taskflow' retrieved from /home/alefpa/codigos/breweriesDB/venv/lib/python3.10/site-packages/airflow/example_dags/example_setup_teardown_taskflow.py
[2024-12-09T18:49:38.805-0300] {logging_mixin.py:190} INFO - [2024-12-09T18:49:38.804-0300] {override.py:1911} INFO - Created Permission View: can edit on DAG:example_setup_teardown_taskflow
[2024-12-09T18:49:38.820-0300] {logging_mixin.py:190} INFO - [2024-12-09T18:49:38.820-0300] {override.py:1911} INFO - Created Permission View: can delete on DAG:example_setup_teardown_taskflow
[2024-12-09T18:49:38.831-0300] {logging_mixin.py:190} INFO - [2024-12-09T18:49:38.831-0300] {override.py:1911} INFO - Created Permission View: can read on DAG:example_setup_teardown_taskflow
[2024-12-09T18:49:38.848-0300] {logging_mixin.py:190} INFO - [2024-12-09T18:49:38.848-0300] {override.py:1911} INFO - Created Permission View: can delete on DAG Run:example_setup_teardown_taskflow
[2024-12-09T18:49:38.859-0300] {logging_mixin.py:190} INFO - [2024-12-09T18:49:38.858-0300] {override.py:1911} INFO - Created Permission View: menu access on DAG Run:example_setup_teardown_taskflow
[2024-12-09T18:49:38.869-0300] {logging_mixin.py:190} INFO - [2024-12-09T18:49:38.868-0300] {override.py:1911} INFO - Created Permission View: can read on DAG Run:example_setup_teardown_taskflow
[2024-12-09T18:49:38.879-0300] {logging_mixin.py:190} INFO - [2024-12-09T18:49:38.879-0300] {override.py:1911} INFO - Created Permission View: can create on DAG Run:example_setup_teardown_taskflow
[2024-12-09T18:49:38.879-0300] {logging_mixin.py:190} INFO - [2024-12-09T18:49:38.879-0300] {dag.py:3239} INFO - Sync 1 DAGs
[2024-12-09T18:49:38.889-0300] {logging_mixin.py:190} INFO - [2024-12-09T18:49:38.889-0300] {dag.py:3262} INFO - Creating ORM DAG for example_setup_teardown_taskflow
[2024-12-09T18:49:38.890-0300] {logging_mixin.py:190} INFO - [2024-12-09T18:49:38.889-0300] {dag.py:4180} INFO - Setting next_dagrun for example_setup_teardown_taskflow to None, run_after=None
[2024-12-09T18:49:38.911-0300] {processor.py:208} INFO - Processing /home/alefpa/codigos/breweriesDB/venv/lib/python3.10/site-packages/airflow/example_dags/example_setup_teardown_taskflow.py took 0.241 seconds
[2024-12-09T18:50:46.891-0300] {processor.py:186} INFO - Started process (PID=118170) to work on /home/alefpa/codigos/breweriesDB/venv/lib/python3.10/site-packages/airflow/example_dags/example_setup_teardown_taskflow.py
[2024-12-09T18:50:46.892-0300] {processor.py:914} INFO - Processing file /home/alefpa/codigos/breweriesDB/venv/lib/python3.10/site-packages/airflow/example_dags/example_setup_teardown_taskflow.py for tasks to queue
[2024-12-09T18:50:46.895-0300] {logging_mixin.py:190} INFO - [2024-12-09T18:50:46.894-0300] {dagbag.py:588} INFO - Filling up the DagBag from /home/alefpa/codigos/breweriesDB/venv/lib/python3.10/site-packages/airflow/example_dags/example_setup_teardown_taskflow.py
[2024-12-09T18:50:46.903-0300] {processor.py:925} INFO - DAG(s) 'example_setup_teardown_taskflow' retrieved from /home/alefpa/codigos/breweriesDB/venv/lib/python3.10/site-packages/airflow/example_dags/example_setup_teardown_taskflow.py
[2024-12-09T18:50:46.916-0300] {logging_mixin.py:190} INFO - [2024-12-09T18:50:46.916-0300] {dag.py:3239} INFO - Sync 1 DAGs
[2024-12-09T18:50:46.927-0300] {logging_mixin.py:190} INFO - [2024-12-09T18:50:46.926-0300] {dag.py:4180} INFO - Setting next_dagrun for example_setup_teardown_taskflow to None, run_after=None
[2024-12-09T18:50:46.947-0300] {processor.py:208} INFO - Processing /home/alefpa/codigos/breweriesDB/venv/lib/python3.10/site-packages/airflow/example_dags/example_setup_teardown_taskflow.py took 0.061 seconds
[2024-12-09T18:51:57.712-0300] {processor.py:186} INFO - Started process (PID=118552) to work on /home/alefpa/codigos/breweriesDB/venv/lib/python3.10/site-packages/airflow/example_dags/example_setup_teardown_taskflow.py
[2024-12-09T18:51:57.713-0300] {processor.py:914} INFO - Processing file /home/alefpa/codigos/breweriesDB/venv/lib/python3.10/site-packages/airflow/example_dags/example_setup_teardown_taskflow.py for tasks to queue
[2024-12-09T18:51:57.715-0300] {logging_mixin.py:190} INFO - [2024-12-09T18:51:57.715-0300] {dagbag.py:588} INFO - Filling up the DagBag from /home/alefpa/codigos/breweriesDB/venv/lib/python3.10/site-packages/airflow/example_dags/example_setup_teardown_taskflow.py
[2024-12-09T18:51:57.724-0300] {processor.py:925} INFO - DAG(s) 'example_setup_teardown_taskflow' retrieved from /home/alefpa/codigos/breweriesDB/venv/lib/python3.10/site-packages/airflow/example_dags/example_setup_teardown_taskflow.py
[2024-12-09T18:51:57.747-0300] {logging_mixin.py:190} INFO - [2024-12-09T18:51:57.746-0300] {dag.py:3239} INFO - Sync 1 DAGs
[2024-12-09T18:51:57.755-0300] {logging_mixin.py:190} INFO - [2024-12-09T18:51:57.755-0300] {dag.py:4180} INFO - Setting next_dagrun for example_setup_teardown_taskflow to None, run_after=None
[2024-12-09T18:51:57.778-0300] {processor.py:208} INFO - Processing /home/alefpa/codigos/breweriesDB/venv/lib/python3.10/site-packages/airflow/example_dags/example_setup_teardown_taskflow.py took 0.071 seconds
[2024-12-09T18:52:57.253-0300] {processor.py:186} INFO - Started process (PID=118837) to work on /home/alefpa/codigos/breweriesDB/venv/lib/python3.10/site-packages/airflow/example_dags/example_setup_teardown_taskflow.py
[2024-12-09T18:52:57.254-0300] {processor.py:914} INFO - Processing file /home/alefpa/codigos/breweriesDB/venv/lib/python3.10/site-packages/airflow/example_dags/example_setup_teardown_taskflow.py for tasks to queue
[2024-12-09T18:52:57.256-0300] {logging_mixin.py:190} INFO - [2024-12-09T18:52:57.256-0300] {dagbag.py:588} INFO - Filling up the DagBag from /home/alefpa/codigos/breweriesDB/venv/lib/python3.10/site-packages/airflow/example_dags/example_setup_teardown_taskflow.py
[2024-12-09T18:52:57.265-0300] {processor.py:925} INFO - DAG(s) 'example_setup_teardown_taskflow' retrieved from /home/alefpa/codigos/breweriesDB/venv/lib/python3.10/site-packages/airflow/example_dags/example_setup_teardown_taskflow.py
[2024-12-09T18:52:57.278-0300] {logging_mixin.py:190} INFO - [2024-12-09T18:52:57.277-0300] {dag.py:3239} INFO - Sync 1 DAGs
[2024-12-09T18:52:57.287-0300] {logging_mixin.py:190} INFO - [2024-12-09T18:52:57.286-0300] {dag.py:4180} INFO - Setting next_dagrun for example_setup_teardown_taskflow to None, run_after=None
[2024-12-09T18:52:57.306-0300] {processor.py:208} INFO - Processing /home/alefpa/codigos/breweriesDB/venv/lib/python3.10/site-packages/airflow/example_dags/example_setup_teardown_taskflow.py took 0.058 seconds
[2024-12-09T18:53:57.486-0300] {processor.py:186} INFO - Started process (PID=119133) to work on /home/alefpa/codigos/breweriesDB/venv/lib/python3.10/site-packages/airflow/example_dags/example_setup_teardown_taskflow.py
[2024-12-09T18:53:57.502-0300] {processor.py:914} INFO - Processing file /home/alefpa/codigos/breweriesDB/venv/lib/python3.10/site-packages/airflow/example_dags/example_setup_teardown_taskflow.py for tasks to queue
[2024-12-09T18:53:57.504-0300] {logging_mixin.py:190} INFO - [2024-12-09T18:53:57.504-0300] {dagbag.py:588} INFO - Filling up the DagBag from /home/alefpa/codigos/breweriesDB/venv/lib/python3.10/site-packages/airflow/example_dags/example_setup_teardown_taskflow.py
[2024-12-09T18:53:57.513-0300] {processor.py:925} INFO - DAG(s) 'example_setup_teardown_taskflow' retrieved from /home/alefpa/codigos/breweriesDB/venv/lib/python3.10/site-packages/airflow/example_dags/example_setup_teardown_taskflow.py
[2024-12-09T18:53:57.528-0300] {logging_mixin.py:190} INFO - [2024-12-09T18:53:57.527-0300] {dag.py:3239} INFO - Sync 1 DAGs
[2024-12-09T18:53:57.540-0300] {logging_mixin.py:190} INFO - [2024-12-09T18:53:57.540-0300] {dag.py:4180} INFO - Setting next_dagrun for example_setup_teardown_taskflow to None, run_after=None
[2024-12-09T18:53:57.564-0300] {processor.py:208} INFO - Processing /home/alefpa/codigos/breweriesDB/venv/lib/python3.10/site-packages/airflow/example_dags/example_setup_teardown_taskflow.py took 0.083 seconds
[2024-12-09T18:54:31.239-0300] {processor.py:186} INFO - Started process (PID=119334) to work on /home/alefpa/codigos/breweriesDB/venv/lib/python3.10/site-packages/airflow/example_dags/example_setup_teardown_taskflow.py
[2024-12-09T18:54:31.254-0300] {processor.py:914} INFO - Processing file /home/alefpa/codigos/breweriesDB/venv/lib/python3.10/site-packages/airflow/example_dags/example_setup_teardown_taskflow.py for tasks to queue
[2024-12-09T18:54:31.257-0300] {logging_mixin.py:190} INFO - [2024-12-09T18:54:31.256-0300] {dagbag.py:588} INFO - Filling up the DagBag from /home/alefpa/codigos/breweriesDB/venv/lib/python3.10/site-packages/airflow/example_dags/example_setup_teardown_taskflow.py
[2024-12-09T18:54:31.266-0300] {processor.py:925} INFO - DAG(s) 'example_setup_teardown_taskflow' retrieved from /home/alefpa/codigos/breweriesDB/venv/lib/python3.10/site-packages/airflow/example_dags/example_setup_teardown_taskflow.py
[2024-12-09T18:54:31.285-0300] {logging_mixin.py:190} INFO - [2024-12-09T18:54:31.285-0300] {dag.py:3239} INFO - Sync 1 DAGs
[2024-12-09T18:54:31.295-0300] {logging_mixin.py:190} INFO - [2024-12-09T18:54:31.295-0300] {dag.py:4180} INFO - Setting next_dagrun for example_setup_teardown_taskflow to None, run_after=None
[2024-12-09T18:54:31.317-0300] {processor.py:208} INFO - Processing /home/alefpa/codigos/breweriesDB/venv/lib/python3.10/site-packages/airflow/example_dags/example_setup_teardown_taskflow.py took 0.084 seconds
[2024-12-09T18:55:31.436-0300] {processor.py:186} INFO - Started process (PID=119628) to work on /home/alefpa/codigos/breweriesDB/venv/lib/python3.10/site-packages/airflow/example_dags/example_setup_teardown_taskflow.py
[2024-12-09T18:55:31.437-0300] {processor.py:914} INFO - Processing file /home/alefpa/codigos/breweriesDB/venv/lib/python3.10/site-packages/airflow/example_dags/example_setup_teardown_taskflow.py for tasks to queue
[2024-12-09T18:55:31.439-0300] {logging_mixin.py:190} INFO - [2024-12-09T18:55:31.439-0300] {dagbag.py:588} INFO - Filling up the DagBag from /home/alefpa/codigos/breweriesDB/venv/lib/python3.10/site-packages/airflow/example_dags/example_setup_teardown_taskflow.py
[2024-12-09T18:55:31.448-0300] {processor.py:925} INFO - DAG(s) 'example_setup_teardown_taskflow' retrieved from /home/alefpa/codigos/breweriesDB/venv/lib/python3.10/site-packages/airflow/example_dags/example_setup_teardown_taskflow.py
[2024-12-09T18:55:31.461-0300] {logging_mixin.py:190} INFO - [2024-12-09T18:55:31.461-0300] {dag.py:3239} INFO - Sync 1 DAGs
[2024-12-09T18:55:31.470-0300] {logging_mixin.py:190} INFO - [2024-12-09T18:55:31.470-0300] {dag.py:4180} INFO - Setting next_dagrun for example_setup_teardown_taskflow to None, run_after=None
[2024-12-09T18:55:31.491-0300] {processor.py:208} INFO - Processing /home/alefpa/codigos/breweriesDB/venv/lib/python3.10/site-packages/airflow/example_dags/example_setup_teardown_taskflow.py took 0.060 seconds
[2024-12-09T18:56:32.784-0300] {processor.py:186} INFO - Started process (PID=119959) to work on /home/alefpa/codigos/breweriesDB/venv/lib/python3.10/site-packages/airflow/example_dags/example_setup_teardown_taskflow.py
[2024-12-09T18:56:32.785-0300] {processor.py:914} INFO - Processing file /home/alefpa/codigos/breweriesDB/venv/lib/python3.10/site-packages/airflow/example_dags/example_setup_teardown_taskflow.py for tasks to queue
[2024-12-09T18:56:32.788-0300] {logging_mixin.py:190} INFO - [2024-12-09T18:56:32.788-0300] {dagbag.py:588} INFO - Filling up the DagBag from /home/alefpa/codigos/breweriesDB/venv/lib/python3.10/site-packages/airflow/example_dags/example_setup_teardown_taskflow.py
[2024-12-09T18:56:32.798-0300] {processor.py:925} INFO - DAG(s) 'example_setup_teardown_taskflow' retrieved from /home/alefpa/codigos/breweriesDB/venv/lib/python3.10/site-packages/airflow/example_dags/example_setup_teardown_taskflow.py
[2024-12-09T18:56:32.816-0300] {logging_mixin.py:190} INFO - [2024-12-09T18:56:32.816-0300] {dag.py:3239} INFO - Sync 1 DAGs
[2024-12-09T18:56:32.826-0300] {logging_mixin.py:190} INFO - [2024-12-09T18:56:32.826-0300] {dag.py:4180} INFO - Setting next_dagrun for example_setup_teardown_taskflow to None, run_after=None
[2024-12-09T18:56:32.845-0300] {processor.py:208} INFO - Processing /home/alefpa/codigos/breweriesDB/venv/lib/python3.10/site-packages/airflow/example_dags/example_setup_teardown_taskflow.py took 0.068 seconds
[2024-12-09T18:57:49.579-0300] {processor.py:186} INFO - Started process (PID=120368) to work on /home/alefpa/codigos/breweriesDB/venv/lib/python3.10/site-packages/airflow/example_dags/example_setup_teardown_taskflow.py
[2024-12-09T18:57:49.595-0300] {processor.py:914} INFO - Processing file /home/alefpa/codigos/breweriesDB/venv/lib/python3.10/site-packages/airflow/example_dags/example_setup_teardown_taskflow.py for tasks to queue
[2024-12-09T18:57:49.597-0300] {logging_mixin.py:190} INFO - [2024-12-09T18:57:49.597-0300] {dagbag.py:588} INFO - Filling up the DagBag from /home/alefpa/codigos/breweriesDB/venv/lib/python3.10/site-packages/airflow/example_dags/example_setup_teardown_taskflow.py
[2024-12-09T18:57:49.606-0300] {processor.py:925} INFO - DAG(s) 'example_setup_teardown_taskflow' retrieved from /home/alefpa/codigos/breweriesDB/venv/lib/python3.10/site-packages/airflow/example_dags/example_setup_teardown_taskflow.py
[2024-12-09T18:57:49.626-0300] {logging_mixin.py:190} INFO - [2024-12-09T18:57:49.626-0300] {dag.py:3239} INFO - Sync 1 DAGs
[2024-12-09T18:57:49.636-0300] {logging_mixin.py:190} INFO - [2024-12-09T18:57:49.635-0300] {dag.py:4180} INFO - Setting next_dagrun for example_setup_teardown_taskflow to None, run_after=None
[2024-12-09T18:57:49.659-0300] {processor.py:208} INFO - Processing /home/alefpa/codigos/breweriesDB/venv/lib/python3.10/site-packages/airflow/example_dags/example_setup_teardown_taskflow.py took 0.085 seconds
