[2024-12-09T18:50:14.159-0300] {processor.py:186} INFO - Started process (PID=118019) to work on /home/alefpa/codigos/breweriesDB/venv/lib/python3.10/site-packages/airflow/example_dags/example_dataset_alias_with_no_taskflow.py
[2024-12-09T18:50:14.160-0300] {processor.py:914} INFO - Processing file /home/alefpa/codigos/breweriesDB/venv/lib/python3.10/site-packages/airflow/example_dags/example_dataset_alias_with_no_taskflow.py for tasks to queue
[2024-12-09T18:50:14.162-0300] {logging_mixin.py:190} INFO - [2024-12-09T18:50:14.162-0300] {dagbag.py:588} INFO - Filling up the DagBag from /home/alefpa/codigos/breweriesDB/venv/lib/python3.10/site-packages/airflow/example_dags/example_dataset_alias_with_no_taskflow.py
[2024-12-09T18:50:14.174-0300] {processor.py:925} INFO - DAG(s) 'dataset_s3_bucket_consumer_with_no_taskflow', 'dataset_alias_example_alias_consumer_with_no_taskflow', 'dataset_s3_bucket_producer_with_no_taskflow', 'dataset_alias_example_alias_producer_with_no_taskflow' retrieved from /home/alefpa/codigos/breweriesDB/venv/lib/python3.10/site-packages/airflow/example_dags/example_dataset_alias_with_no_taskflow.py
[2024-12-09T18:50:14.253-0300] {logging_mixin.py:190} INFO - [2024-12-09T18:50:14.253-0300] {override.py:1911} INFO - Created Permission View: can edit on DAG:dataset_s3_bucket_consumer_with_no_taskflow
[2024-12-09T18:50:14.266-0300] {logging_mixin.py:190} INFO - [2024-12-09T18:50:14.265-0300] {override.py:1911} INFO - Created Permission View: can delete on DAG:dataset_s3_bucket_consumer_with_no_taskflow
[2024-12-09T18:50:14.276-0300] {logging_mixin.py:190} INFO - [2024-12-09T18:50:14.275-0300] {override.py:1911} INFO - Created Permission View: can read on DAG:dataset_s3_bucket_consumer_with_no_taskflow
[2024-12-09T18:50:14.292-0300] {logging_mixin.py:190} INFO - [2024-12-09T18:50:14.292-0300] {override.py:1911} INFO - Created Permission View: can delete on DAG Run:dataset_s3_bucket_consumer_with_no_taskflow
[2024-12-09T18:50:14.303-0300] {logging_mixin.py:190} INFO - [2024-12-09T18:50:14.302-0300] {override.py:1911} INFO - Created Permission View: menu access on DAG Run:dataset_s3_bucket_consumer_with_no_taskflow
[2024-12-09T18:50:14.313-0300] {logging_mixin.py:190} INFO - [2024-12-09T18:50:14.313-0300] {override.py:1911} INFO - Created Permission View: can read on DAG Run:dataset_s3_bucket_consumer_with_no_taskflow
[2024-12-09T18:50:14.323-0300] {logging_mixin.py:190} INFO - [2024-12-09T18:50:14.323-0300] {override.py:1911} INFO - Created Permission View: can create on DAG Run:dataset_s3_bucket_consumer_with_no_taskflow
[2024-12-09T18:50:14.345-0300] {logging_mixin.py:190} INFO - [2024-12-09T18:50:14.345-0300] {override.py:1911} INFO - Created Permission View: can edit on DAG:dataset_alias_example_alias_consumer_with_no_taskflow
[2024-12-09T18:50:14.355-0300] {logging_mixin.py:190} INFO - [2024-12-09T18:50:14.355-0300] {override.py:1911} INFO - Created Permission View: can delete on DAG:dataset_alias_example_alias_consumer_with_no_taskflow
[2024-12-09T18:50:14.366-0300] {logging_mixin.py:190} INFO - [2024-12-09T18:50:14.366-0300] {override.py:1911} INFO - Created Permission View: can read on DAG:dataset_alias_example_alias_consumer_with_no_taskflow
[2024-12-09T18:50:14.385-0300] {logging_mixin.py:190} INFO - [2024-12-09T18:50:14.384-0300] {override.py:1911} INFO - Created Permission View: can delete on DAG Run:dataset_alias_example_alias_consumer_with_no_taskflow
[2024-12-09T18:50:14.395-0300] {logging_mixin.py:190} INFO - [2024-12-09T18:50:14.394-0300] {override.py:1911} INFO - Created Permission View: menu access on DAG Run:dataset_alias_example_alias_consumer_with_no_taskflow
[2024-12-09T18:50:14.405-0300] {logging_mixin.py:190} INFO - [2024-12-09T18:50:14.404-0300] {override.py:1911} INFO - Created Permission View: can read on DAG Run:dataset_alias_example_alias_consumer_with_no_taskflow
[2024-12-09T18:50:14.415-0300] {logging_mixin.py:190} INFO - [2024-12-09T18:50:14.415-0300] {override.py:1911} INFO - Created Permission View: can create on DAG Run:dataset_alias_example_alias_consumer_with_no_taskflow
[2024-12-09T18:50:14.440-0300] {logging_mixin.py:190} INFO - [2024-12-09T18:50:14.439-0300] {override.py:1911} INFO - Created Permission View: can edit on DAG:dataset_s3_bucket_producer_with_no_taskflow
[2024-12-09T18:50:14.451-0300] {logging_mixin.py:190} INFO - [2024-12-09T18:50:14.451-0300] {override.py:1911} INFO - Created Permission View: can delete on DAG:dataset_s3_bucket_producer_with_no_taskflow
[2024-12-09T18:50:14.463-0300] {logging_mixin.py:190} INFO - [2024-12-09T18:50:14.463-0300] {override.py:1911} INFO - Created Permission View: can read on DAG:dataset_s3_bucket_producer_with_no_taskflow
[2024-12-09T18:50:14.484-0300] {logging_mixin.py:190} INFO - [2024-12-09T18:50:14.483-0300] {override.py:1911} INFO - Created Permission View: can delete on DAG Run:dataset_s3_bucket_producer_with_no_taskflow
[2024-12-09T18:50:14.496-0300] {logging_mixin.py:190} INFO - [2024-12-09T18:50:14.496-0300] {override.py:1911} INFO - Created Permission View: menu access on DAG Run:dataset_s3_bucket_producer_with_no_taskflow
[2024-12-09T18:50:14.507-0300] {logging_mixin.py:190} INFO - [2024-12-09T18:50:14.506-0300] {override.py:1911} INFO - Created Permission View: can read on DAG Run:dataset_s3_bucket_producer_with_no_taskflow
[2024-12-09T18:50:14.517-0300] {logging_mixin.py:190} INFO - [2024-12-09T18:50:14.517-0300] {override.py:1911} INFO - Created Permission View: can create on DAG Run:dataset_s3_bucket_producer_with_no_taskflow
[2024-12-09T18:50:14.541-0300] {logging_mixin.py:190} INFO - [2024-12-09T18:50:14.541-0300] {override.py:1911} INFO - Created Permission View: can edit on DAG:dataset_alias_example_alias_producer_with_no_taskflow
[2024-12-09T18:50:14.552-0300] {logging_mixin.py:190} INFO - [2024-12-09T18:50:14.551-0300] {override.py:1911} INFO - Created Permission View: can delete on DAG:dataset_alias_example_alias_producer_with_no_taskflow
[2024-12-09T18:50:14.562-0300] {logging_mixin.py:190} INFO - [2024-12-09T18:50:14.562-0300] {override.py:1911} INFO - Created Permission View: can read on DAG:dataset_alias_example_alias_producer_with_no_taskflow
[2024-12-09T18:50:14.582-0300] {logging_mixin.py:190} INFO - [2024-12-09T18:50:14.582-0300] {override.py:1911} INFO - Created Permission View: can delete on DAG Run:dataset_alias_example_alias_producer_with_no_taskflow
[2024-12-09T18:50:14.592-0300] {logging_mixin.py:190} INFO - [2024-12-09T18:50:14.592-0300] {override.py:1911} INFO - Created Permission View: menu access on DAG Run:dataset_alias_example_alias_producer_with_no_taskflow
[2024-12-09T18:50:14.603-0300] {logging_mixin.py:190} INFO - [2024-12-09T18:50:14.603-0300] {override.py:1911} INFO - Created Permission View: can read on DAG Run:dataset_alias_example_alias_producer_with_no_taskflow
[2024-12-09T18:50:14.613-0300] {logging_mixin.py:190} INFO - [2024-12-09T18:50:14.613-0300] {override.py:1911} INFO - Created Permission View: can create on DAG Run:dataset_alias_example_alias_producer_with_no_taskflow
[2024-12-09T18:50:14.614-0300] {logging_mixin.py:190} INFO - [2024-12-09T18:50:14.613-0300] {dag.py:3239} INFO - Sync 4 DAGs
[2024-12-09T18:50:14.622-0300] {logging_mixin.py:190} INFO - [2024-12-09T18:50:14.622-0300] {dag.py:3262} INFO - Creating ORM DAG for dataset_s3_bucket_consumer_with_no_taskflow
[2024-12-09T18:50:14.623-0300] {logging_mixin.py:190} INFO - [2024-12-09T18:50:14.623-0300] {dag.py:3262} INFO - Creating ORM DAG for dataset_s3_bucket_producer_with_no_taskflow
[2024-12-09T18:50:14.623-0300] {logging_mixin.py:190} INFO - [2024-12-09T18:50:14.623-0300] {dag.py:3262} INFO - Creating ORM DAG for dataset_alias_example_alias_producer_with_no_taskflow
[2024-12-09T18:50:14.624-0300] {logging_mixin.py:190} INFO - [2024-12-09T18:50:14.624-0300] {dag.py:3262} INFO - Creating ORM DAG for dataset_alias_example_alias_consumer_with_no_taskflow
[2024-12-09T18:50:14.630-0300] {logging_mixin.py:190} INFO - [2024-12-09T18:50:14.630-0300] {dag.py:4180} INFO - Setting next_dagrun for dataset_alias_example_alias_consumer_with_no_taskflow to None, run_after=None
[2024-12-09T18:50:14.631-0300] {logging_mixin.py:190} INFO - [2024-12-09T18:50:14.630-0300] {dag.py:4180} INFO - Setting next_dagrun for dataset_alias_example_alias_producer_with_no_taskflow to None, run_after=None
[2024-12-09T18:50:14.631-0300] {logging_mixin.py:190} INFO - [2024-12-09T18:50:14.631-0300] {dag.py:4180} INFO - Setting next_dagrun for dataset_s3_bucket_consumer_with_no_taskflow to None, run_after=None
[2024-12-09T18:50:14.632-0300] {logging_mixin.py:190} INFO - [2024-12-09T18:50:14.631-0300] {dag.py:4180} INFO - Setting next_dagrun for dataset_s3_bucket_producer_with_no_taskflow to None, run_after=None
[2024-12-09T18:50:14.661-0300] {processor.py:208} INFO - Processing /home/alefpa/codigos/breweriesDB/venv/lib/python3.10/site-packages/airflow/example_dags/example_dataset_alias_with_no_taskflow.py took 0.506 seconds
[2024-12-09T18:51:23.406-0300] {processor.py:186} INFO - Started process (PID=118354) to work on /home/alefpa/codigos/breweriesDB/venv/lib/python3.10/site-packages/airflow/example_dags/example_dataset_alias_with_no_taskflow.py
[2024-12-09T18:51:23.408-0300] {processor.py:914} INFO - Processing file /home/alefpa/codigos/breweriesDB/venv/lib/python3.10/site-packages/airflow/example_dags/example_dataset_alias_with_no_taskflow.py for tasks to queue
[2024-12-09T18:51:23.410-0300] {logging_mixin.py:190} INFO - [2024-12-09T18:51:23.410-0300] {dagbag.py:588} INFO - Filling up the DagBag from /home/alefpa/codigos/breweriesDB/venv/lib/python3.10/site-packages/airflow/example_dags/example_dataset_alias_with_no_taskflow.py
[2024-12-09T18:51:23.426-0300] {processor.py:925} INFO - DAG(s) 'dataset_alias_example_alias_consumer_with_no_taskflow', 'dataset_alias_example_alias_producer_with_no_taskflow', 'dataset_s3_bucket_consumer_with_no_taskflow', 'dataset_s3_bucket_producer_with_no_taskflow' retrieved from /home/alefpa/codigos/breweriesDB/venv/lib/python3.10/site-packages/airflow/example_dags/example_dataset_alias_with_no_taskflow.py
[2024-12-09T18:51:23.443-0300] {logging_mixin.py:190} INFO - [2024-12-09T18:51:23.443-0300] {dag.py:3239} INFO - Sync 4 DAGs
[2024-12-09T18:51:23.458-0300] {logging_mixin.py:190} INFO - [2024-12-09T18:51:23.457-0300] {dag.py:4180} INFO - Setting next_dagrun for dataset_alias_example_alias_consumer_with_no_taskflow to None, run_after=None
[2024-12-09T18:51:23.460-0300] {logging_mixin.py:190} INFO - [2024-12-09T18:51:23.459-0300] {dag.py:4180} INFO - Setting next_dagrun for dataset_alias_example_alias_producer_with_no_taskflow to None, run_after=None
[2024-12-09T18:51:23.461-0300] {logging_mixin.py:190} INFO - [2024-12-09T18:51:23.460-0300] {dag.py:4180} INFO - Setting next_dagrun for dataset_s3_bucket_consumer_with_no_taskflow to None, run_after=None
[2024-12-09T18:51:23.462-0300] {logging_mixin.py:190} INFO - [2024-12-09T18:51:23.461-0300] {dag.py:4180} INFO - Setting next_dagrun for dataset_s3_bucket_producer_with_no_taskflow to None, run_after=None
[2024-12-09T18:51:23.483-0300] {processor.py:208} INFO - Processing /home/alefpa/codigos/breweriesDB/venv/lib/python3.10/site-packages/airflow/example_dags/example_dataset_alias_with_no_taskflow.py took 0.082 seconds
[2024-12-09T18:52:29.158-0300] {processor.py:186} INFO - Started process (PID=118701) to work on /home/alefpa/codigos/breweriesDB/venv/lib/python3.10/site-packages/airflow/example_dags/example_dataset_alias_with_no_taskflow.py
[2024-12-09T18:52:29.159-0300] {processor.py:914} INFO - Processing file /home/alefpa/codigos/breweriesDB/venv/lib/python3.10/site-packages/airflow/example_dags/example_dataset_alias_with_no_taskflow.py for tasks to queue
[2024-12-09T18:52:29.162-0300] {logging_mixin.py:190} INFO - [2024-12-09T18:52:29.161-0300] {dagbag.py:588} INFO - Filling up the DagBag from /home/alefpa/codigos/breweriesDB/venv/lib/python3.10/site-packages/airflow/example_dags/example_dataset_alias_with_no_taskflow.py
[2024-12-09T18:52:29.180-0300] {processor.py:925} INFO - DAG(s) 'dataset_alias_example_alias_consumer_with_no_taskflow', 'dataset_s3_bucket_producer_with_no_taskflow', 'dataset_alias_example_alias_producer_with_no_taskflow', 'dataset_s3_bucket_consumer_with_no_taskflow' retrieved from /home/alefpa/codigos/breweriesDB/venv/lib/python3.10/site-packages/airflow/example_dags/example_dataset_alias_with_no_taskflow.py
[2024-12-09T18:52:29.199-0300] {logging_mixin.py:190} INFO - [2024-12-09T18:52:29.199-0300] {dag.py:3239} INFO - Sync 4 DAGs
[2024-12-09T18:52:29.215-0300] {logging_mixin.py:190} INFO - [2024-12-09T18:52:29.214-0300] {dag.py:4180} INFO - Setting next_dagrun for dataset_alias_example_alias_consumer_with_no_taskflow to None, run_after=None
[2024-12-09T18:52:29.217-0300] {logging_mixin.py:190} INFO - [2024-12-09T18:52:29.216-0300] {dag.py:4180} INFO - Setting next_dagrun for dataset_alias_example_alias_producer_with_no_taskflow to None, run_after=None
[2024-12-09T18:52:29.218-0300] {logging_mixin.py:190} INFO - [2024-12-09T18:52:29.217-0300] {dag.py:4180} INFO - Setting next_dagrun for dataset_s3_bucket_consumer_with_no_taskflow to None, run_after=None
[2024-12-09T18:52:29.219-0300] {logging_mixin.py:190} INFO - [2024-12-09T18:52:29.219-0300] {dag.py:4180} INFO - Setting next_dagrun for dataset_s3_bucket_producer_with_no_taskflow to None, run_after=None
[2024-12-09T18:52:29.244-0300] {processor.py:208} INFO - Processing /home/alefpa/codigos/breweriesDB/venv/lib/python3.10/site-packages/airflow/example_dags/example_dataset_alias_with_no_taskflow.py took 0.092 seconds
[2024-12-09T18:53:29.081-0300] {processor.py:186} INFO - Started process (PID=118995) to work on /home/alefpa/codigos/breweriesDB/venv/lib/python3.10/site-packages/airflow/example_dags/example_dataset_alias_with_no_taskflow.py
[2024-12-09T18:53:29.098-0300] {processor.py:914} INFO - Processing file /home/alefpa/codigos/breweriesDB/venv/lib/python3.10/site-packages/airflow/example_dags/example_dataset_alias_with_no_taskflow.py for tasks to queue
[2024-12-09T18:53:29.100-0300] {logging_mixin.py:190} INFO - [2024-12-09T18:53:29.100-0300] {dagbag.py:588} INFO - Filling up the DagBag from /home/alefpa/codigos/breweriesDB/venv/lib/python3.10/site-packages/airflow/example_dags/example_dataset_alias_with_no_taskflow.py
[2024-12-09T18:53:29.120-0300] {processor.py:925} INFO - DAG(s) 'dataset_alias_example_alias_producer_with_no_taskflow', 'dataset_s3_bucket_producer_with_no_taskflow', 'dataset_alias_example_alias_consumer_with_no_taskflow', 'dataset_s3_bucket_consumer_with_no_taskflow' retrieved from /home/alefpa/codigos/breweriesDB/venv/lib/python3.10/site-packages/airflow/example_dags/example_dataset_alias_with_no_taskflow.py
[2024-12-09T18:53:29.142-0300] {logging_mixin.py:190} INFO - [2024-12-09T18:53:29.141-0300] {dag.py:3239} INFO - Sync 4 DAGs
[2024-12-09T18:53:29.163-0300] {logging_mixin.py:190} INFO - [2024-12-09T18:53:29.163-0300] {dag.py:4180} INFO - Setting next_dagrun for dataset_alias_example_alias_consumer_with_no_taskflow to None, run_after=None
[2024-12-09T18:53:29.166-0300] {logging_mixin.py:190} INFO - [2024-12-09T18:53:29.165-0300] {dag.py:4180} INFO - Setting next_dagrun for dataset_alias_example_alias_producer_with_no_taskflow to None, run_after=None
[2024-12-09T18:53:29.167-0300] {logging_mixin.py:190} INFO - [2024-12-09T18:53:29.167-0300] {dag.py:4180} INFO - Setting next_dagrun for dataset_s3_bucket_consumer_with_no_taskflow to None, run_after=None
[2024-12-09T18:53:29.168-0300] {logging_mixin.py:190} INFO - [2024-12-09T18:53:29.168-0300] {dag.py:4180} INFO - Setting next_dagrun for dataset_s3_bucket_producer_with_no_taskflow to None, run_after=None
[2024-12-09T18:53:29.194-0300] {processor.py:208} INFO - Processing /home/alefpa/codigos/breweriesDB/venv/lib/python3.10/site-packages/airflow/example_dags/example_dataset_alias_with_no_taskflow.py took 0.119 seconds
[2024-12-09T18:55:02.337-0300] {processor.py:186} INFO - Started process (PID=119479) to work on /home/alefpa/codigos/breweriesDB/venv/lib/python3.10/site-packages/airflow/example_dags/example_dataset_alias_with_no_taskflow.py
[2024-12-09T18:55:02.352-0300] {processor.py:914} INFO - Processing file /home/alefpa/codigos/breweriesDB/venv/lib/python3.10/site-packages/airflow/example_dags/example_dataset_alias_with_no_taskflow.py for tasks to queue
[2024-12-09T18:55:02.354-0300] {logging_mixin.py:190} INFO - [2024-12-09T18:55:02.354-0300] {dagbag.py:588} INFO - Filling up the DagBag from /home/alefpa/codigos/breweriesDB/venv/lib/python3.10/site-packages/airflow/example_dags/example_dataset_alias_with_no_taskflow.py
[2024-12-09T18:55:02.370-0300] {processor.py:925} INFO - DAG(s) 'dataset_alias_example_alias_consumer_with_no_taskflow', 'dataset_s3_bucket_consumer_with_no_taskflow', 'dataset_alias_example_alias_producer_with_no_taskflow', 'dataset_s3_bucket_producer_with_no_taskflow' retrieved from /home/alefpa/codigos/breweriesDB/venv/lib/python3.10/site-packages/airflow/example_dags/example_dataset_alias_with_no_taskflow.py
[2024-12-09T18:55:02.387-0300] {logging_mixin.py:190} INFO - [2024-12-09T18:55:02.387-0300] {dag.py:3239} INFO - Sync 4 DAGs
[2024-12-09T18:55:02.403-0300] {logging_mixin.py:190} INFO - [2024-12-09T18:55:02.402-0300] {dag.py:4180} INFO - Setting next_dagrun for dataset_alias_example_alias_consumer_with_no_taskflow to None, run_after=None
[2024-12-09T18:55:02.405-0300] {logging_mixin.py:190} INFO - [2024-12-09T18:55:02.405-0300] {dag.py:4180} INFO - Setting next_dagrun for dataset_alias_example_alias_producer_with_no_taskflow to None, run_after=None
[2024-12-09T18:55:02.406-0300] {logging_mixin.py:190} INFO - [2024-12-09T18:55:02.406-0300] {dag.py:4180} INFO - Setting next_dagrun for dataset_s3_bucket_consumer_with_no_taskflow to None, run_after=None
[2024-12-09T18:55:02.407-0300] {logging_mixin.py:190} INFO - [2024-12-09T18:55:02.407-0300] {dag.py:4180} INFO - Setting next_dagrun for dataset_s3_bucket_producer_with_no_taskflow to None, run_after=None
[2024-12-09T18:55:02.429-0300] {processor.py:208} INFO - Processing /home/alefpa/codigos/breweriesDB/venv/lib/python3.10/site-packages/airflow/example_dags/example_dataset_alias_with_no_taskflow.py took 0.097 seconds
[2024-12-09T18:56:03.437-0300] {processor.py:186} INFO - Started process (PID=119784) to work on /home/alefpa/codigos/breweriesDB/venv/lib/python3.10/site-packages/airflow/example_dags/example_dataset_alias_with_no_taskflow.py
[2024-12-09T18:56:03.439-0300] {processor.py:914} INFO - Processing file /home/alefpa/codigos/breweriesDB/venv/lib/python3.10/site-packages/airflow/example_dags/example_dataset_alias_with_no_taskflow.py for tasks to queue
[2024-12-09T18:56:03.441-0300] {logging_mixin.py:190} INFO - [2024-12-09T18:56:03.440-0300] {dagbag.py:588} INFO - Filling up the DagBag from /home/alefpa/codigos/breweriesDB/venv/lib/python3.10/site-packages/airflow/example_dags/example_dataset_alias_with_no_taskflow.py
[2024-12-09T18:56:03.460-0300] {processor.py:925} INFO - DAG(s) 'dataset_alias_example_alias_consumer_with_no_taskflow', 'dataset_s3_bucket_producer_with_no_taskflow', 'dataset_s3_bucket_consumer_with_no_taskflow', 'dataset_alias_example_alias_producer_with_no_taskflow' retrieved from /home/alefpa/codigos/breweriesDB/venv/lib/python3.10/site-packages/airflow/example_dags/example_dataset_alias_with_no_taskflow.py
[2024-12-09T18:56:03.488-0300] {logging_mixin.py:190} INFO - [2024-12-09T18:56:03.488-0300] {dag.py:3239} INFO - Sync 4 DAGs
[2024-12-09T18:56:03.511-0300] {logging_mixin.py:190} INFO - [2024-12-09T18:56:03.510-0300] {dag.py:4180} INFO - Setting next_dagrun for dataset_alias_example_alias_consumer_with_no_taskflow to None, run_after=None
[2024-12-09T18:56:03.514-0300] {logging_mixin.py:190} INFO - [2024-12-09T18:56:03.513-0300] {dag.py:4180} INFO - Setting next_dagrun for dataset_alias_example_alias_producer_with_no_taskflow to None, run_after=None
[2024-12-09T18:56:03.515-0300] {logging_mixin.py:190} INFO - [2024-12-09T18:56:03.515-0300] {dag.py:4180} INFO - Setting next_dagrun for dataset_s3_bucket_consumer_with_no_taskflow to None, run_after=None
[2024-12-09T18:56:03.516-0300] {logging_mixin.py:190} INFO - [2024-12-09T18:56:03.516-0300] {dag.py:4180} INFO - Setting next_dagrun for dataset_s3_bucket_producer_with_no_taskflow to None, run_after=None
[2024-12-09T18:56:03.542-0300] {processor.py:208} INFO - Processing /home/alefpa/codigos/breweriesDB/venv/lib/python3.10/site-packages/airflow/example_dags/example_dataset_alias_with_no_taskflow.py took 0.110 seconds
[2024-12-09T18:57:00.742-0300] {processor.py:186} INFO - Started process (PID=120099) to work on /home/alefpa/codigos/breweriesDB/venv/lib/python3.10/site-packages/airflow/example_dags/example_dataset_alias_with_no_taskflow.py
[2024-12-09T18:57:00.743-0300] {processor.py:914} INFO - Processing file /home/alefpa/codigos/breweriesDB/venv/lib/python3.10/site-packages/airflow/example_dags/example_dataset_alias_with_no_taskflow.py for tasks to queue
[2024-12-09T18:57:00.745-0300] {logging_mixin.py:190} INFO - [2024-12-09T18:57:00.745-0300] {dagbag.py:588} INFO - Filling up the DagBag from /home/alefpa/codigos/breweriesDB/venv/lib/python3.10/site-packages/airflow/example_dags/example_dataset_alias_with_no_taskflow.py
[2024-12-09T18:57:00.764-0300] {processor.py:925} INFO - DAG(s) 'dataset_s3_bucket_producer_with_no_taskflow', 'dataset_s3_bucket_consumer_with_no_taskflow', 'dataset_alias_example_alias_producer_with_no_taskflow', 'dataset_alias_example_alias_consumer_with_no_taskflow' retrieved from /home/alefpa/codigos/breweriesDB/venv/lib/python3.10/site-packages/airflow/example_dags/example_dataset_alias_with_no_taskflow.py
[2024-12-09T18:57:00.785-0300] {logging_mixin.py:190} INFO - [2024-12-09T18:57:00.785-0300] {dag.py:3239} INFO - Sync 4 DAGs
[2024-12-09T18:57:00.803-0300] {logging_mixin.py:190} INFO - [2024-12-09T18:57:00.803-0300] {dag.py:4180} INFO - Setting next_dagrun for dataset_alias_example_alias_consumer_with_no_taskflow to None, run_after=None
[2024-12-09T18:57:00.806-0300] {logging_mixin.py:190} INFO - [2024-12-09T18:57:00.806-0300] {dag.py:4180} INFO - Setting next_dagrun for dataset_alias_example_alias_producer_with_no_taskflow to None, run_after=None
[2024-12-09T18:57:00.807-0300] {logging_mixin.py:190} INFO - [2024-12-09T18:57:00.807-0300] {dag.py:4180} INFO - Setting next_dagrun for dataset_s3_bucket_consumer_with_no_taskflow to None, run_after=None
[2024-12-09T18:57:00.808-0300] {logging_mixin.py:190} INFO - [2024-12-09T18:57:00.808-0300] {dag.py:4180} INFO - Setting next_dagrun for dataset_s3_bucket_producer_with_no_taskflow to None, run_after=None
[2024-12-09T18:57:00.833-0300] {processor.py:208} INFO - Processing /home/alefpa/codigos/breweriesDB/venv/lib/python3.10/site-packages/airflow/example_dags/example_dataset_alias_with_no_taskflow.py took 0.096 seconds
