[2024-12-09T18:50:21.068-0300] {processor.py:186} INFO - Started process (PID=118046) to work on /home/alefpa/codigos/breweriesDB/venv/lib/python3.10/site-packages/airflow/example_dags/example_dag_decorator.py
[2024-12-09T18:50:21.069-0300] {processor.py:914} INFO - Processing file /home/alefpa/codigos/breweriesDB/venv/lib/python3.10/site-packages/airflow/example_dags/example_dag_decorator.py for tasks to queue
[2024-12-09T18:50:21.071-0300] {logging_mixin.py:190} INFO - [2024-12-09T18:50:21.071-0300] {dagbag.py:588} INFO - Filling up the DagBag from /home/alefpa/codigos/breweriesDB/venv/lib/python3.10/site-packages/airflow/example_dags/example_dag_decorator.py
[2024-12-09T18:50:21.082-0300] {processor.py:925} INFO - DAG(s) 'example_dag_decorator' retrieved from /home/alefpa/codigos/breweriesDB/venv/lib/python3.10/site-packages/airflow/example_dags/example_dag_decorator.py
[2024-12-09T18:50:21.184-0300] {logging_mixin.py:190} INFO - [2024-12-09T18:50:21.183-0300] {override.py:1911} INFO - Created Permission View: can edit on DAG:example_dag_decorator
[2024-12-09T18:50:21.201-0300] {logging_mixin.py:190} INFO - [2024-12-09T18:50:21.200-0300] {override.py:1911} INFO - Created Permission View: can delete on DAG:example_dag_decorator
[2024-12-09T18:50:21.212-0300] {logging_mixin.py:190} INFO - [2024-12-09T18:50:21.211-0300] {override.py:1911} INFO - Created Permission View: can read on DAG:example_dag_decorator
[2024-12-09T18:50:21.230-0300] {logging_mixin.py:190} INFO - [2024-12-09T18:50:21.230-0300] {override.py:1911} INFO - Created Permission View: can delete on DAG Run:example_dag_decorator
[2024-12-09T18:50:21.241-0300] {logging_mixin.py:190} INFO - [2024-12-09T18:50:21.241-0300] {override.py:1911} INFO - Created Permission View: menu access on DAG Run:example_dag_decorator
[2024-12-09T18:50:21.253-0300] {logging_mixin.py:190} INFO - [2024-12-09T18:50:21.252-0300] {override.py:1911} INFO - Created Permission View: can read on DAG Run:example_dag_decorator
[2024-12-09T18:50:21.267-0300] {logging_mixin.py:190} INFO - [2024-12-09T18:50:21.266-0300] {override.py:1911} INFO - Created Permission View: can create on DAG Run:example_dag_decorator
[2024-12-09T18:50:21.267-0300] {logging_mixin.py:190} INFO - [2024-12-09T18:50:21.267-0300] {dag.py:3239} INFO - Sync 1 DAGs
[2024-12-09T18:50:21.276-0300] {logging_mixin.py:190} INFO - [2024-12-09T18:50:21.275-0300] {dag.py:3262} INFO - Creating ORM DAG for example_dag_decorator
[2024-12-09T18:50:21.276-0300] {logging_mixin.py:190} INFO - [2024-12-09T18:50:21.276-0300] {dag.py:4180} INFO - Setting next_dagrun for example_dag_decorator to None, run_after=None
[2024-12-09T18:50:21.298-0300] {processor.py:208} INFO - Processing /home/alefpa/codigos/breweriesDB/venv/lib/python3.10/site-packages/airflow/example_dags/example_dag_decorator.py took 0.235 seconds
[2024-12-09T18:51:27.067-0300] {processor.py:186} INFO - Started process (PID=118366) to work on /home/alefpa/codigos/breweriesDB/venv/lib/python3.10/site-packages/airflow/example_dags/example_dag_decorator.py
[2024-12-09T18:51:27.068-0300] {processor.py:914} INFO - Processing file /home/alefpa/codigos/breweriesDB/venv/lib/python3.10/site-packages/airflow/example_dags/example_dag_decorator.py for tasks to queue
[2024-12-09T18:51:27.071-0300] {logging_mixin.py:190} INFO - [2024-12-09T18:51:27.070-0300] {dagbag.py:588} INFO - Filling up the DagBag from /home/alefpa/codigos/breweriesDB/venv/lib/python3.10/site-packages/airflow/example_dags/example_dag_decorator.py
[2024-12-09T18:51:27.080-0300] {processor.py:925} INFO - DAG(s) 'example_dag_decorator' retrieved from /home/alefpa/codigos/breweriesDB/venv/lib/python3.10/site-packages/airflow/example_dags/example_dag_decorator.py
[2024-12-09T18:51:27.154-0300] {logging_mixin.py:190} INFO - [2024-12-09T18:51:27.154-0300] {dag.py:3239} INFO - Sync 1 DAGs
[2024-12-09T18:51:27.162-0300] {logging_mixin.py:190} INFO - [2024-12-09T18:51:27.162-0300] {dag.py:4180} INFO - Setting next_dagrun for example_dag_decorator to None, run_after=None
[2024-12-09T18:51:27.182-0300] {processor.py:208} INFO - Processing /home/alefpa/codigos/breweriesDB/venv/lib/python3.10/site-packages/airflow/example_dags/example_dag_decorator.py took 0.119 seconds
[2024-12-09T18:52:34.757-0300] {processor.py:186} INFO - Started process (PID=118721) to work on /home/alefpa/codigos/breweriesDB/venv/lib/python3.10/site-packages/airflow/example_dags/example_dag_decorator.py
[2024-12-09T18:52:34.773-0300] {processor.py:914} INFO - Processing file /home/alefpa/codigos/breweriesDB/venv/lib/python3.10/site-packages/airflow/example_dags/example_dag_decorator.py for tasks to queue
[2024-12-09T18:52:34.775-0300] {logging_mixin.py:190} INFO - [2024-12-09T18:52:34.775-0300] {dagbag.py:588} INFO - Filling up the DagBag from /home/alefpa/codigos/breweriesDB/venv/lib/python3.10/site-packages/airflow/example_dags/example_dag_decorator.py
[2024-12-09T18:52:34.786-0300] {processor.py:925} INFO - DAG(s) 'example_dag_decorator' retrieved from /home/alefpa/codigos/breweriesDB/venv/lib/python3.10/site-packages/airflow/example_dags/example_dag_decorator.py
[2024-12-09T18:52:34.867-0300] {logging_mixin.py:190} INFO - [2024-12-09T18:52:34.866-0300] {dag.py:3239} INFO - Sync 1 DAGs
[2024-12-09T18:52:34.875-0300] {logging_mixin.py:190} INFO - [2024-12-09T18:52:34.875-0300] {dag.py:4180} INFO - Setting next_dagrun for example_dag_decorator to None, run_after=None
[2024-12-09T18:52:34.895-0300] {processor.py:208} INFO - Processing /home/alefpa/codigos/breweriesDB/venv/lib/python3.10/site-packages/airflow/example_dags/example_dag_decorator.py took 0.143 seconds
[2024-12-09T18:53:33.092-0300] {processor.py:186} INFO - Started process (PID=119016) to work on /home/alefpa/codigos/breweriesDB/venv/lib/python3.10/site-packages/airflow/example_dags/example_dag_decorator.py
[2024-12-09T18:53:33.108-0300] {processor.py:914} INFO - Processing file /home/alefpa/codigos/breweriesDB/venv/lib/python3.10/site-packages/airflow/example_dags/example_dag_decorator.py for tasks to queue
[2024-12-09T18:53:33.111-0300] {logging_mixin.py:190} INFO - [2024-12-09T18:53:33.110-0300] {dagbag.py:588} INFO - Filling up the DagBag from /home/alefpa/codigos/breweriesDB/venv/lib/python3.10/site-packages/airflow/example_dags/example_dag_decorator.py
[2024-12-09T18:53:33.121-0300] {processor.py:925} INFO - DAG(s) 'example_dag_decorator' retrieved from /home/alefpa/codigos/breweriesDB/venv/lib/python3.10/site-packages/airflow/example_dags/example_dag_decorator.py
[2024-12-09T18:53:33.215-0300] {logging_mixin.py:190} INFO - [2024-12-09T18:53:33.215-0300] {dag.py:3239} INFO - Sync 1 DAGs
[2024-12-09T18:53:33.226-0300] {logging_mixin.py:190} INFO - [2024-12-09T18:53:33.226-0300] {dag.py:4180} INFO - Setting next_dagrun for example_dag_decorator to None, run_after=None
[2024-12-09T18:53:33.249-0300] {processor.py:208} INFO - Processing /home/alefpa/codigos/breweriesDB/venv/lib/python3.10/site-packages/airflow/example_dags/example_dag_decorator.py took 0.163 seconds
[2024-12-09T18:55:06.707-0300] {processor.py:186} INFO - Started process (PID=119508) to work on /home/alefpa/codigos/breweriesDB/venv/lib/python3.10/site-packages/airflow/example_dags/example_dag_decorator.py
[2024-12-09T18:55:06.708-0300] {processor.py:914} INFO - Processing file /home/alefpa/codigos/breweriesDB/venv/lib/python3.10/site-packages/airflow/example_dags/example_dag_decorator.py for tasks to queue
[2024-12-09T18:55:06.710-0300] {logging_mixin.py:190} INFO - [2024-12-09T18:55:06.710-0300] {dagbag.py:588} INFO - Filling up the DagBag from /home/alefpa/codigos/breweriesDB/venv/lib/python3.10/site-packages/airflow/example_dags/example_dag_decorator.py
[2024-12-09T18:55:06.722-0300] {processor.py:925} INFO - DAG(s) 'example_dag_decorator' retrieved from /home/alefpa/codigos/breweriesDB/venv/lib/python3.10/site-packages/airflow/example_dags/example_dag_decorator.py
[2024-12-09T18:55:06.812-0300] {logging_mixin.py:190} INFO - [2024-12-09T18:55:06.812-0300] {dag.py:3239} INFO - Sync 1 DAGs
[2024-12-09T18:55:06.820-0300] {logging_mixin.py:190} INFO - [2024-12-09T18:55:06.820-0300] {dag.py:4180} INFO - Setting next_dagrun for example_dag_decorator to None, run_after=None
[2024-12-09T18:55:06.841-0300] {processor.py:208} INFO - Processing /home/alefpa/codigos/breweriesDB/venv/lib/python3.10/site-packages/airflow/example_dags/example_dag_decorator.py took 0.139 seconds
[2024-12-09T18:56:07.459-0300] {processor.py:186} INFO - Started process (PID=119806) to work on /home/alefpa/codigos/breweriesDB/venv/lib/python3.10/site-packages/airflow/example_dags/example_dag_decorator.py
[2024-12-09T18:56:07.461-0300] {processor.py:914} INFO - Processing file /home/alefpa/codigos/breweriesDB/venv/lib/python3.10/site-packages/airflow/example_dags/example_dag_decorator.py for tasks to queue
[2024-12-09T18:56:07.466-0300] {logging_mixin.py:190} INFO - [2024-12-09T18:56:07.465-0300] {dagbag.py:588} INFO - Filling up the DagBag from /home/alefpa/codigos/breweriesDB/venv/lib/python3.10/site-packages/airflow/example_dags/example_dag_decorator.py
[2024-12-09T18:56:07.486-0300] {processor.py:925} INFO - DAG(s) 'example_dag_decorator' retrieved from /home/alefpa/codigos/breweriesDB/venv/lib/python3.10/site-packages/airflow/example_dags/example_dag_decorator.py
[2024-12-09T18:56:07.598-0300] {logging_mixin.py:190} INFO - [2024-12-09T18:56:07.597-0300] {dag.py:3239} INFO - Sync 1 DAGs
[2024-12-09T18:56:07.609-0300] {logging_mixin.py:190} INFO - [2024-12-09T18:56:07.608-0300] {dag.py:4180} INFO - Setting next_dagrun for example_dag_decorator to None, run_after=None
[2024-12-09T18:56:07.635-0300] {processor.py:208} INFO - Processing /home/alefpa/codigos/breweriesDB/venv/lib/python3.10/site-packages/airflow/example_dags/example_dag_decorator.py took 0.189 seconds
[2024-12-09T18:57:05.919-0300] {processor.py:186} INFO - Started process (PID=120120) to work on /home/alefpa/codigos/breweriesDB/venv/lib/python3.10/site-packages/airflow/example_dags/example_dag_decorator.py
[2024-12-09T18:57:05.921-0300] {processor.py:914} INFO - Processing file /home/alefpa/codigos/breweriesDB/venv/lib/python3.10/site-packages/airflow/example_dags/example_dag_decorator.py for tasks to queue
[2024-12-09T18:57:05.922-0300] {logging_mixin.py:190} INFO - [2024-12-09T18:57:05.922-0300] {dagbag.py:588} INFO - Filling up the DagBag from /home/alefpa/codigos/breweriesDB/venv/lib/python3.10/site-packages/airflow/example_dags/example_dag_decorator.py
[2024-12-09T18:57:05.935-0300] {processor.py:925} INFO - DAG(s) 'example_dag_decorator' retrieved from /home/alefpa/codigos/breweriesDB/venv/lib/python3.10/site-packages/airflow/example_dags/example_dag_decorator.py
[2024-12-09T18:57:06.022-0300] {logging_mixin.py:190} INFO - [2024-12-09T18:57:06.022-0300] {dag.py:3239} INFO - Sync 1 DAGs
[2024-12-09T18:57:06.031-0300] {logging_mixin.py:190} INFO - [2024-12-09T18:57:06.030-0300] {dag.py:4180} INFO - Setting next_dagrun for example_dag_decorator to None, run_after=None
[2024-12-09T18:57:06.054-0300] {processor.py:208} INFO - Processing /home/alefpa/codigos/breweriesDB/venv/lib/python3.10/site-packages/airflow/example_dags/example_dag_decorator.py took 0.141 seconds
