[2024-12-09T18:36:23.197-0300] {processor.py:186} INFO - Started process (PID=114198) to work on /home/alefpa/codigos/breweriesDB/venv/lib/python3.10/site-packages/airflow/example_dags/example_time_delta_sensor_async.py
[2024-12-09T18:36:23.198-0300] {processor.py:914} INFO - Processing file /home/alefpa/codigos/breweriesDB/venv/lib/python3.10/site-packages/airflow/example_dags/example_time_delta_sensor_async.py for tasks to queue
[2024-12-09T18:36:23.200-0300] {logging_mixin.py:190} INFO - [2024-12-09T18:36:23.200-0300] {dagbag.py:588} INFO - Filling up the DagBag from /home/alefpa/codigos/breweriesDB/venv/lib/python3.10/site-packages/airflow/example_dags/example_time_delta_sensor_async.py
[2024-12-09T18:36:23.205-0300] {processor.py:925} INFO - DAG(s) 'example_time_delta_sensor_async' retrieved from /home/alefpa/codigos/breweriesDB/venv/lib/python3.10/site-packages/airflow/example_dags/example_time_delta_sensor_async.py
[2024-12-09T18:36:23.300-0300] {logging_mixin.py:190} INFO - [2024-12-09T18:36:23.299-0300] {override.py:1911} INFO - Created Permission View: can read on DAG:example_time_delta_sensor_async
[2024-12-09T18:36:23.314-0300] {logging_mixin.py:190} INFO - [2024-12-09T18:36:23.314-0300] {override.py:1911} INFO - Created Permission View: can delete on DAG:example_time_delta_sensor_async
[2024-12-09T18:36:23.325-0300] {logging_mixin.py:190} INFO - [2024-12-09T18:36:23.324-0300] {override.py:1911} INFO - Created Permission View: can edit on DAG:example_time_delta_sensor_async
[2024-12-09T18:36:23.343-0300] {logging_mixin.py:190} INFO - [2024-12-09T18:36:23.343-0300] {override.py:1911} INFO - Created Permission View: can read on DAG Run:example_time_delta_sensor_async
[2024-12-09T18:36:23.354-0300] {logging_mixin.py:190} INFO - [2024-12-09T18:36:23.353-0300] {override.py:1911} INFO - Created Permission View: menu access on DAG Run:example_time_delta_sensor_async
[2024-12-09T18:36:23.364-0300] {logging_mixin.py:190} INFO - [2024-12-09T18:36:23.364-0300] {override.py:1911} INFO - Created Permission View: can create on DAG Run:example_time_delta_sensor_async
[2024-12-09T18:36:23.374-0300] {logging_mixin.py:190} INFO - [2024-12-09T18:36:23.374-0300] {override.py:1911} INFO - Created Permission View: can delete on DAG Run:example_time_delta_sensor_async
[2024-12-09T18:36:23.375-0300] {logging_mixin.py:190} INFO - [2024-12-09T18:36:23.375-0300] {dag.py:3239} INFO - Sync 1 DAGs
[2024-12-09T18:36:23.384-0300] {logging_mixin.py:190} INFO - [2024-12-09T18:36:23.383-0300] {dag.py:3262} INFO - Creating ORM DAG for example_time_delta_sensor_async
[2024-12-09T18:36:23.384-0300] {logging_mixin.py:190} INFO - [2024-12-09T18:36:23.384-0300] {dag.py:4180} INFO - Setting next_dagrun for example_time_delta_sensor_async to None, run_after=None
[2024-12-09T18:36:23.414-0300] {processor.py:208} INFO - Processing /home/alefpa/codigos/breweriesDB/venv/lib/python3.10/site-packages/airflow/example_dags/example_time_delta_sensor_async.py took 0.221 seconds
[2024-12-09T18:42:59.361-0300] {processor.py:186} INFO - Started process (PID=116010) to work on /home/alefpa/codigos/breweriesDB/venv/lib/python3.10/site-packages/airflow/example_dags/example_time_delta_sensor_async.py
[2024-12-09T18:42:59.377-0300] {processor.py:914} INFO - Processing file /home/alefpa/codigos/breweriesDB/venv/lib/python3.10/site-packages/airflow/example_dags/example_time_delta_sensor_async.py for tasks to queue
[2024-12-09T18:42:59.379-0300] {logging_mixin.py:190} INFO - [2024-12-09T18:42:59.379-0300] {dagbag.py:588} INFO - Filling up the DagBag from /home/alefpa/codigos/breweriesDB/venv/lib/python3.10/site-packages/airflow/example_dags/example_time_delta_sensor_async.py
[2024-12-09T18:42:59.385-0300] {processor.py:925} INFO - DAG(s) 'example_time_delta_sensor_async' retrieved from /home/alefpa/codigos/breweriesDB/venv/lib/python3.10/site-packages/airflow/example_dags/example_time_delta_sensor_async.py
[2024-12-09T18:42:59.400-0300] {logging_mixin.py:190} INFO - [2024-12-09T18:42:59.400-0300] {dag.py:3239} INFO - Sync 1 DAGs
[2024-12-09T18:42:59.411-0300] {logging_mixin.py:190} INFO - [2024-12-09T18:42:59.410-0300] {dag.py:4180} INFO - Setting next_dagrun for example_time_delta_sensor_async to None, run_after=None
[2024-12-09T18:42:59.437-0300] {processor.py:208} INFO - Processing /home/alefpa/codigos/breweriesDB/venv/lib/python3.10/site-packages/airflow/example_dags/example_time_delta_sensor_async.py took 0.080 seconds
[2024-12-09T18:43:16.747-0300] {processor.py:186} INFO - Started process (PID=116104) to work on /home/alefpa/codigos/breweriesDB/venv/lib/python3.10/site-packages/airflow/example_dags/example_time_delta_sensor_async.py
[2024-12-09T18:43:16.763-0300] {processor.py:914} INFO - Processing file /home/alefpa/codigos/breweriesDB/venv/lib/python3.10/site-packages/airflow/example_dags/example_time_delta_sensor_async.py for tasks to queue
[2024-12-09T18:43:16.765-0300] {logging_mixin.py:190} INFO - [2024-12-09T18:43:16.765-0300] {dagbag.py:588} INFO - Filling up the DagBag from /home/alefpa/codigos/breweriesDB/venv/lib/python3.10/site-packages/airflow/example_dags/example_time_delta_sensor_async.py
[2024-12-09T18:43:16.771-0300] {processor.py:925} INFO - DAG(s) 'example_time_delta_sensor_async' retrieved from /home/alefpa/codigos/breweriesDB/venv/lib/python3.10/site-packages/airflow/example_dags/example_time_delta_sensor_async.py
[2024-12-09T18:43:16.786-0300] {logging_mixin.py:190} INFO - [2024-12-09T18:43:16.786-0300] {dag.py:3239} INFO - Sync 1 DAGs
[2024-12-09T18:43:16.796-0300] {logging_mixin.py:190} INFO - [2024-12-09T18:43:16.796-0300] {dag.py:4180} INFO - Setting next_dagrun for example_time_delta_sensor_async to None, run_after=None
[2024-12-09T18:43:16.816-0300] {processor.py:208} INFO - Processing /home/alefpa/codigos/breweriesDB/venv/lib/python3.10/site-packages/airflow/example_dags/example_time_delta_sensor_async.py took 0.074 seconds
[2024-12-09T18:45:54.179-0300] {processor.py:186} INFO - Started process (PID=116779) to work on /home/alefpa/codigos/breweriesDB/venv/lib/python3.10/site-packages/airflow/example_dags/example_time_delta_sensor_async.py
[2024-12-09T18:45:54.180-0300] {processor.py:914} INFO - Processing file /home/alefpa/codigos/breweriesDB/venv/lib/python3.10/site-packages/airflow/example_dags/example_time_delta_sensor_async.py for tasks to queue
[2024-12-09T18:45:54.183-0300] {logging_mixin.py:190} INFO - [2024-12-09T18:45:54.183-0300] {dagbag.py:588} INFO - Filling up the DagBag from /home/alefpa/codigos/breweriesDB/venv/lib/python3.10/site-packages/airflow/example_dags/example_time_delta_sensor_async.py
[2024-12-09T18:45:54.188-0300] {processor.py:925} INFO - DAG(s) 'example_time_delta_sensor_async' retrieved from /home/alefpa/codigos/breweriesDB/venv/lib/python3.10/site-packages/airflow/example_dags/example_time_delta_sensor_async.py
[2024-12-09T18:45:54.204-0300] {logging_mixin.py:190} INFO - [2024-12-09T18:45:54.204-0300] {dag.py:3239} INFO - Sync 1 DAGs
[2024-12-09T18:45:54.215-0300] {logging_mixin.py:190} INFO - [2024-12-09T18:45:54.215-0300] {dag.py:4180} INFO - Setting next_dagrun for example_time_delta_sensor_async to None, run_after=None
[2024-12-09T18:45:54.236-0300] {processor.py:208} INFO - Processing /home/alefpa/codigos/breweriesDB/venv/lib/python3.10/site-packages/airflow/example_dags/example_time_delta_sensor_async.py took 0.061 seconds
[2024-12-09T18:46:29.964-0300] {processor.py:186} INFO - Started process (PID=116948) to work on /home/alefpa/codigos/breweriesDB/venv/lib/python3.10/site-packages/airflow/example_dags/example_time_delta_sensor_async.py
[2024-12-09T18:46:29.965-0300] {processor.py:914} INFO - Processing file /home/alefpa/codigos/breweriesDB/venv/lib/python3.10/site-packages/airflow/example_dags/example_time_delta_sensor_async.py for tasks to queue
[2024-12-09T18:46:29.967-0300] {logging_mixin.py:190} INFO - [2024-12-09T18:46:29.967-0300] {dagbag.py:588} INFO - Filling up the DagBag from /home/alefpa/codigos/breweriesDB/venv/lib/python3.10/site-packages/airflow/example_dags/example_time_delta_sensor_async.py
[2024-12-09T18:46:29.973-0300] {processor.py:925} INFO - DAG(s) 'example_time_delta_sensor_async' retrieved from /home/alefpa/codigos/breweriesDB/venv/lib/python3.10/site-packages/airflow/example_dags/example_time_delta_sensor_async.py
[2024-12-09T18:46:29.989-0300] {logging_mixin.py:190} INFO - [2024-12-09T18:46:29.988-0300] {dag.py:3239} INFO - Sync 1 DAGs
[2024-12-09T18:46:29.999-0300] {logging_mixin.py:190} INFO - [2024-12-09T18:46:29.999-0300] {dag.py:4180} INFO - Setting next_dagrun for example_time_delta_sensor_async to None, run_after=None
[2024-12-09T18:46:30.020-0300] {processor.py:208} INFO - Processing /home/alefpa/codigos/breweriesDB/venv/lib/python3.10/site-packages/airflow/example_dags/example_time_delta_sensor_async.py took 0.061 seconds
[2024-12-09T18:49:26.934-0300] {processor.py:186} INFO - Started process (PID=117771) to work on /home/alefpa/codigos/breweriesDB/venv/lib/python3.10/site-packages/airflow/example_dags/example_time_delta_sensor_async.py
[2024-12-09T18:49:26.935-0300] {processor.py:914} INFO - Processing file /home/alefpa/codigos/breweriesDB/venv/lib/python3.10/site-packages/airflow/example_dags/example_time_delta_sensor_async.py for tasks to queue
[2024-12-09T18:49:26.937-0300] {logging_mixin.py:190} INFO - [2024-12-09T18:49:26.937-0300] {dagbag.py:588} INFO - Filling up the DagBag from /home/alefpa/codigos/breweriesDB/venv/lib/python3.10/site-packages/airflow/example_dags/example_time_delta_sensor_async.py
[2024-12-09T18:49:26.942-0300] {processor.py:925} INFO - DAG(s) 'example_time_delta_sensor_async' retrieved from /home/alefpa/codigos/breweriesDB/venv/lib/python3.10/site-packages/airflow/example_dags/example_time_delta_sensor_async.py
[2024-12-09T18:49:27.023-0300] {logging_mixin.py:190} INFO - [2024-12-09T18:49:27.022-0300] {override.py:1911} INFO - Created Permission View: can edit on DAG:example_time_delta_sensor_async
[2024-12-09T18:49:27.035-0300] {logging_mixin.py:190} INFO - [2024-12-09T18:49:27.035-0300] {override.py:1911} INFO - Created Permission View: can delete on DAG:example_time_delta_sensor_async
[2024-12-09T18:49:27.046-0300] {logging_mixin.py:190} INFO - [2024-12-09T18:49:27.046-0300] {override.py:1911} INFO - Created Permission View: can read on DAG:example_time_delta_sensor_async
[2024-12-09T18:49:27.064-0300] {logging_mixin.py:190} INFO - [2024-12-09T18:49:27.063-0300] {override.py:1911} INFO - Created Permission View: can delete on DAG Run:example_time_delta_sensor_async
[2024-12-09T18:49:27.073-0300] {logging_mixin.py:190} INFO - [2024-12-09T18:49:27.073-0300] {override.py:1911} INFO - Created Permission View: menu access on DAG Run:example_time_delta_sensor_async
[2024-12-09T18:49:27.084-0300] {logging_mixin.py:190} INFO - [2024-12-09T18:49:27.083-0300] {override.py:1911} INFO - Created Permission View: can read on DAG Run:example_time_delta_sensor_async
[2024-12-09T18:49:27.094-0300] {logging_mixin.py:190} INFO - [2024-12-09T18:49:27.094-0300] {override.py:1911} INFO - Created Permission View: can create on DAG Run:example_time_delta_sensor_async
[2024-12-09T18:49:27.095-0300] {logging_mixin.py:190} INFO - [2024-12-09T18:49:27.094-0300] {dag.py:3239} INFO - Sync 1 DAGs
[2024-12-09T18:49:27.105-0300] {logging_mixin.py:190} INFO - [2024-12-09T18:49:27.105-0300] {dag.py:3262} INFO - Creating ORM DAG for example_time_delta_sensor_async
[2024-12-09T18:49:27.106-0300] {logging_mixin.py:190} INFO - [2024-12-09T18:49:27.106-0300] {dag.py:4180} INFO - Setting next_dagrun for example_time_delta_sensor_async to None, run_after=None
[2024-12-09T18:49:27.125-0300] {processor.py:208} INFO - Processing /home/alefpa/codigos/breweriesDB/venv/lib/python3.10/site-packages/airflow/example_dags/example_time_delta_sensor_async.py took 0.196 seconds
[2024-12-09T18:50:35.625-0300] {processor.py:186} INFO - Started process (PID=118116) to work on /home/alefpa/codigos/breweriesDB/venv/lib/python3.10/site-packages/airflow/example_dags/example_time_delta_sensor_async.py
[2024-12-09T18:50:35.642-0300] {processor.py:914} INFO - Processing file /home/alefpa/codigos/breweriesDB/venv/lib/python3.10/site-packages/airflow/example_dags/example_time_delta_sensor_async.py for tasks to queue
[2024-12-09T18:50:35.644-0300] {logging_mixin.py:190} INFO - [2024-12-09T18:50:35.644-0300] {dagbag.py:588} INFO - Filling up the DagBag from /home/alefpa/codigos/breweriesDB/venv/lib/python3.10/site-packages/airflow/example_dags/example_time_delta_sensor_async.py
[2024-12-09T18:50:35.650-0300] {processor.py:925} INFO - DAG(s) 'example_time_delta_sensor_async' retrieved from /home/alefpa/codigos/breweriesDB/venv/lib/python3.10/site-packages/airflow/example_dags/example_time_delta_sensor_async.py
[2024-12-09T18:50:35.661-0300] {logging_mixin.py:190} INFO - [2024-12-09T18:50:35.661-0300] {dag.py:3239} INFO - Sync 1 DAGs
[2024-12-09T18:50:35.671-0300] {logging_mixin.py:190} INFO - [2024-12-09T18:50:35.671-0300] {dag.py:4180} INFO - Setting next_dagrun for example_time_delta_sensor_async to None, run_after=None
[2024-12-09T18:50:35.692-0300] {processor.py:208} INFO - Processing /home/alefpa/codigos/breweriesDB/venv/lib/python3.10/site-packages/airflow/example_dags/example_time_delta_sensor_async.py took 0.073 seconds
[2024-12-09T18:51:09.690-0300] {processor.py:186} INFO - Started process (PID=118281) to work on /home/alefpa/codigos/breweriesDB/venv/lib/python3.10/site-packages/airflow/example_dags/example_time_delta_sensor_async.py
[2024-12-09T18:51:09.691-0300] {processor.py:914} INFO - Processing file /home/alefpa/codigos/breweriesDB/venv/lib/python3.10/site-packages/airflow/example_dags/example_time_delta_sensor_async.py for tasks to queue
[2024-12-09T18:51:09.693-0300] {logging_mixin.py:190} INFO - [2024-12-09T18:51:09.693-0300] {dagbag.py:588} INFO - Filling up the DagBag from /home/alefpa/codigos/breweriesDB/venv/lib/python3.10/site-packages/airflow/example_dags/example_time_delta_sensor_async.py
[2024-12-09T18:51:09.698-0300] {processor.py:925} INFO - DAG(s) 'example_time_delta_sensor_async' retrieved from /home/alefpa/codigos/breweriesDB/venv/lib/python3.10/site-packages/airflow/example_dags/example_time_delta_sensor_async.py
[2024-12-09T18:51:09.709-0300] {logging_mixin.py:190} INFO - [2024-12-09T18:51:09.709-0300] {dag.py:3239} INFO - Sync 1 DAGs
[2024-12-09T18:51:09.718-0300] {logging_mixin.py:190} INFO - [2024-12-09T18:51:09.718-0300] {dag.py:4180} INFO - Setting next_dagrun for example_time_delta_sensor_async to None, run_after=None
[2024-12-09T18:51:09.738-0300] {processor.py:208} INFO - Processing /home/alefpa/codigos/breweriesDB/venv/lib/python3.10/site-packages/airflow/example_dags/example_time_delta_sensor_async.py took 0.053 seconds
[2024-12-09T18:51:47.713-0300] {processor.py:186} INFO - Started process (PID=118500) to work on /home/alefpa/codigos/breweriesDB/venv/lib/python3.10/site-packages/airflow/example_dags/example_time_delta_sensor_async.py
[2024-12-09T18:51:47.729-0300] {processor.py:914} INFO - Processing file /home/alefpa/codigos/breweriesDB/venv/lib/python3.10/site-packages/airflow/example_dags/example_time_delta_sensor_async.py for tasks to queue
[2024-12-09T18:51:47.732-0300] {logging_mixin.py:190} INFO - [2024-12-09T18:51:47.731-0300] {dagbag.py:588} INFO - Filling up the DagBag from /home/alefpa/codigos/breweriesDB/venv/lib/python3.10/site-packages/airflow/example_dags/example_time_delta_sensor_async.py
[2024-12-09T18:51:47.738-0300] {processor.py:925} INFO - DAG(s) 'example_time_delta_sensor_async' retrieved from /home/alefpa/codigos/breweriesDB/venv/lib/python3.10/site-packages/airflow/example_dags/example_time_delta_sensor_async.py
[2024-12-09T18:51:47.760-0300] {logging_mixin.py:190} INFO - [2024-12-09T18:51:47.760-0300] {dag.py:3239} INFO - Sync 1 DAGs
[2024-12-09T18:51:47.784-0300] {logging_mixin.py:190} INFO - [2024-12-09T18:51:47.784-0300] {dag.py:4180} INFO - Setting next_dagrun for example_time_delta_sensor_async to None, run_after=None
[2024-12-09T18:51:47.817-0300] {processor.py:208} INFO - Processing /home/alefpa/codigos/breweriesDB/venv/lib/python3.10/site-packages/airflow/example_dags/example_time_delta_sensor_async.py took 0.110 seconds
[2024-12-09T18:52:46.872-0300] {processor.py:186} INFO - Started process (PID=118784) to work on /home/alefpa/codigos/breweriesDB/venv/lib/python3.10/site-packages/airflow/example_dags/example_time_delta_sensor_async.py
[2024-12-09T18:52:46.874-0300] {processor.py:914} INFO - Processing file /home/alefpa/codigos/breweriesDB/venv/lib/python3.10/site-packages/airflow/example_dags/example_time_delta_sensor_async.py for tasks to queue
[2024-12-09T18:52:46.876-0300] {logging_mixin.py:190} INFO - [2024-12-09T18:52:46.875-0300] {dagbag.py:588} INFO - Filling up the DagBag from /home/alefpa/codigos/breweriesDB/venv/lib/python3.10/site-packages/airflow/example_dags/example_time_delta_sensor_async.py
[2024-12-09T18:52:46.883-0300] {processor.py:925} INFO - DAG(s) 'example_time_delta_sensor_async' retrieved from /home/alefpa/codigos/breweriesDB/venv/lib/python3.10/site-packages/airflow/example_dags/example_time_delta_sensor_async.py
[2024-12-09T18:52:46.900-0300] {logging_mixin.py:190} INFO - [2024-12-09T18:52:46.900-0300] {dag.py:3239} INFO - Sync 1 DAGs
[2024-12-09T18:52:46.915-0300] {logging_mixin.py:190} INFO - [2024-12-09T18:52:46.914-0300] {dag.py:4180} INFO - Setting next_dagrun for example_time_delta_sensor_async to None, run_after=None
[2024-12-09T18:52:46.939-0300] {processor.py:208} INFO - Processing /home/alefpa/codigos/breweriesDB/venv/lib/python3.10/site-packages/airflow/example_dags/example_time_delta_sensor_async.py took 0.072 seconds
[2024-12-09T18:53:47.543-0300] {processor.py:186} INFO - Started process (PID=119080) to work on /home/alefpa/codigos/breweriesDB/venv/lib/python3.10/site-packages/airflow/example_dags/example_time_delta_sensor_async.py
[2024-12-09T18:53:47.545-0300] {processor.py:914} INFO - Processing file /home/alefpa/codigos/breweriesDB/venv/lib/python3.10/site-packages/airflow/example_dags/example_time_delta_sensor_async.py for tasks to queue
[2024-12-09T18:53:47.547-0300] {logging_mixin.py:190} INFO - [2024-12-09T18:53:47.546-0300] {dagbag.py:588} INFO - Filling up the DagBag from /home/alefpa/codigos/breweriesDB/venv/lib/python3.10/site-packages/airflow/example_dags/example_time_delta_sensor_async.py
[2024-12-09T18:53:47.553-0300] {processor.py:925} INFO - DAG(s) 'example_time_delta_sensor_async' retrieved from /home/alefpa/codigos/breweriesDB/venv/lib/python3.10/site-packages/airflow/example_dags/example_time_delta_sensor_async.py
[2024-12-09T18:53:47.566-0300] {logging_mixin.py:190} INFO - [2024-12-09T18:53:47.565-0300] {dag.py:3239} INFO - Sync 1 DAGs
[2024-12-09T18:53:47.577-0300] {logging_mixin.py:190} INFO - [2024-12-09T18:53:47.577-0300] {dag.py:4180} INFO - Setting next_dagrun for example_time_delta_sensor_async to None, run_after=None
[2024-12-09T18:53:47.603-0300] {processor.py:208} INFO - Processing /home/alefpa/codigos/breweriesDB/venv/lib/python3.10/site-packages/airflow/example_dags/example_time_delta_sensor_async.py took 0.065 seconds
[2024-12-09T18:54:20.956-0300] {processor.py:186} INFO - Started process (PID=119256) to work on /home/alefpa/codigos/breweriesDB/venv/lib/python3.10/site-packages/airflow/example_dags/example_time_delta_sensor_async.py
[2024-12-09T18:54:20.973-0300] {processor.py:914} INFO - Processing file /home/alefpa/codigos/breweriesDB/venv/lib/python3.10/site-packages/airflow/example_dags/example_time_delta_sensor_async.py for tasks to queue
[2024-12-09T18:54:20.975-0300] {logging_mixin.py:190} INFO - [2024-12-09T18:54:20.975-0300] {dagbag.py:588} INFO - Filling up the DagBag from /home/alefpa/codigos/breweriesDB/venv/lib/python3.10/site-packages/airflow/example_dags/example_time_delta_sensor_async.py
[2024-12-09T18:54:20.981-0300] {processor.py:925} INFO - DAG(s) 'example_time_delta_sensor_async' retrieved from /home/alefpa/codigos/breweriesDB/venv/lib/python3.10/site-packages/airflow/example_dags/example_time_delta_sensor_async.py
[2024-12-09T18:54:20.998-0300] {logging_mixin.py:190} INFO - [2024-12-09T18:54:20.998-0300] {dag.py:3239} INFO - Sync 1 DAGs
[2024-12-09T18:54:21.010-0300] {logging_mixin.py:190} INFO - [2024-12-09T18:54:21.009-0300] {dag.py:4180} INFO - Setting next_dagrun for example_time_delta_sensor_async to None, run_after=None
[2024-12-09T18:54:21.033-0300] {processor.py:208} INFO - Processing /home/alefpa/codigos/breweriesDB/venv/lib/python3.10/site-packages/airflow/example_dags/example_time_delta_sensor_async.py took 0.082 seconds
[2024-12-09T18:55:18.824-0300] {processor.py:186} INFO - Started process (PID=119567) to work on /home/alefpa/codigos/breweriesDB/venv/lib/python3.10/site-packages/airflow/example_dags/example_time_delta_sensor_async.py
[2024-12-09T18:55:18.829-0300] {processor.py:914} INFO - Processing file /home/alefpa/codigos/breweriesDB/venv/lib/python3.10/site-packages/airflow/example_dags/example_time_delta_sensor_async.py for tasks to queue
[2024-12-09T18:55:18.831-0300] {logging_mixin.py:190} INFO - [2024-12-09T18:55:18.831-0300] {dagbag.py:588} INFO - Filling up the DagBag from /home/alefpa/codigos/breweriesDB/venv/lib/python3.10/site-packages/airflow/example_dags/example_time_delta_sensor_async.py
[2024-12-09T18:55:18.837-0300] {processor.py:925} INFO - DAG(s) 'example_time_delta_sensor_async' retrieved from /home/alefpa/codigos/breweriesDB/venv/lib/python3.10/site-packages/airflow/example_dags/example_time_delta_sensor_async.py
[2024-12-09T18:55:18.848-0300] {logging_mixin.py:190} INFO - [2024-12-09T18:55:18.848-0300] {dag.py:3239} INFO - Sync 1 DAGs
[2024-12-09T18:55:18.857-0300] {logging_mixin.py:190} INFO - [2024-12-09T18:55:18.857-0300] {dag.py:4180} INFO - Setting next_dagrun for example_time_delta_sensor_async to None, run_after=None
[2024-12-09T18:55:18.876-0300] {processor.py:208} INFO - Processing /home/alefpa/codigos/breweriesDB/venv/lib/python3.10/site-packages/airflow/example_dags/example_time_delta_sensor_async.py took 0.057 seconds
[2024-12-09T18:56:21.458-0300] {processor.py:186} INFO - Started process (PID=119909) to work on /home/alefpa/codigos/breweriesDB/venv/lib/python3.10/site-packages/airflow/example_dags/example_time_delta_sensor_async.py
[2024-12-09T18:56:21.459-0300] {processor.py:914} INFO - Processing file /home/alefpa/codigos/breweriesDB/venv/lib/python3.10/site-packages/airflow/example_dags/example_time_delta_sensor_async.py for tasks to queue
[2024-12-09T18:56:21.462-0300] {logging_mixin.py:190} INFO - [2024-12-09T18:56:21.461-0300] {dagbag.py:588} INFO - Filling up the DagBag from /home/alefpa/codigos/breweriesDB/venv/lib/python3.10/site-packages/airflow/example_dags/example_time_delta_sensor_async.py
[2024-12-09T18:56:21.467-0300] {processor.py:925} INFO - DAG(s) 'example_time_delta_sensor_async' retrieved from /home/alefpa/codigos/breweriesDB/venv/lib/python3.10/site-packages/airflow/example_dags/example_time_delta_sensor_async.py
[2024-12-09T18:56:21.483-0300] {logging_mixin.py:190} INFO - [2024-12-09T18:56:21.483-0300] {dag.py:3239} INFO - Sync 1 DAGs
[2024-12-09T18:56:21.494-0300] {logging_mixin.py:190} INFO - [2024-12-09T18:56:21.494-0300] {dag.py:4180} INFO - Setting next_dagrun for example_time_delta_sensor_async to None, run_after=None
[2024-12-09T18:56:21.514-0300] {processor.py:208} INFO - Processing /home/alefpa/codigos/breweriesDB/venv/lib/python3.10/site-packages/airflow/example_dags/example_time_delta_sensor_async.py took 0.061 seconds
[2024-12-09T18:57:18.797-0300] {processor.py:186} INFO - Started process (PID=120183) to work on /home/alefpa/codigos/breweriesDB/venv/lib/python3.10/site-packages/airflow/example_dags/example_time_delta_sensor_async.py
[2024-12-09T18:57:18.798-0300] {processor.py:914} INFO - Processing file /home/alefpa/codigos/breweriesDB/venv/lib/python3.10/site-packages/airflow/example_dags/example_time_delta_sensor_async.py for tasks to queue
[2024-12-09T18:57:18.801-0300] {logging_mixin.py:190} INFO - [2024-12-09T18:57:18.800-0300] {dagbag.py:588} INFO - Filling up the DagBag from /home/alefpa/codigos/breweriesDB/venv/lib/python3.10/site-packages/airflow/example_dags/example_time_delta_sensor_async.py
[2024-12-09T18:57:18.806-0300] {processor.py:925} INFO - DAG(s) 'example_time_delta_sensor_async' retrieved from /home/alefpa/codigos/breweriesDB/venv/lib/python3.10/site-packages/airflow/example_dags/example_time_delta_sensor_async.py
[2024-12-09T18:57:18.817-0300] {logging_mixin.py:190} INFO - [2024-12-09T18:57:18.817-0300] {dag.py:3239} INFO - Sync 1 DAGs
[2024-12-09T18:57:18.827-0300] {logging_mixin.py:190} INFO - [2024-12-09T18:57:18.827-0300] {dag.py:4180} INFO - Setting next_dagrun for example_time_delta_sensor_async to None, run_after=None
[2024-12-09T18:57:18.846-0300] {processor.py:208} INFO - Processing /home/alefpa/codigos/breweriesDB/venv/lib/python3.10/site-packages/airflow/example_dags/example_time_delta_sensor_async.py took 0.054 seconds
[2024-12-09T18:57:39.226-0300] {processor.py:186} INFO - Started process (PID=120295) to work on /home/alefpa/codigos/breweriesDB/venv/lib/python3.10/site-packages/airflow/example_dags/example_time_delta_sensor_async.py
[2024-12-09T18:57:39.228-0300] {processor.py:914} INFO - Processing file /home/alefpa/codigos/breweriesDB/venv/lib/python3.10/site-packages/airflow/example_dags/example_time_delta_sensor_async.py for tasks to queue
[2024-12-09T18:57:39.230-0300] {logging_mixin.py:190} INFO - [2024-12-09T18:57:39.230-0300] {dagbag.py:588} INFO - Filling up the DagBag from /home/alefpa/codigos/breweriesDB/venv/lib/python3.10/site-packages/airflow/example_dags/example_time_delta_sensor_async.py
[2024-12-09T18:57:39.236-0300] {processor.py:925} INFO - DAG(s) 'example_time_delta_sensor_async' retrieved from /home/alefpa/codigos/breweriesDB/venv/lib/python3.10/site-packages/airflow/example_dags/example_time_delta_sensor_async.py
[2024-12-09T18:57:39.253-0300] {logging_mixin.py:190} INFO - [2024-12-09T18:57:39.253-0300] {dag.py:3239} INFO - Sync 1 DAGs
[2024-12-09T18:57:39.264-0300] {logging_mixin.py:190} INFO - [2024-12-09T18:57:39.264-0300] {dag.py:4180} INFO - Setting next_dagrun for example_time_delta_sensor_async to None, run_after=None
[2024-12-09T18:57:39.287-0300] {processor.py:208} INFO - Processing /home/alefpa/codigos/breweriesDB/venv/lib/python3.10/site-packages/airflow/example_dags/example_time_delta_sensor_async.py took 0.065 seconds
