[2024-12-09T18:50:19.853-0300] {processor.py:186} INFO - Started process (PID=118038) to work on /home/alefpa/codigos/breweriesDB/venv/lib/python3.10/site-packages/airflow/example_dags/example_external_task_marker_dag.py
[2024-12-09T18:50:19.854-0300] {processor.py:914} INFO - Processing file /home/alefpa/codigos/breweriesDB/venv/lib/python3.10/site-packages/airflow/example_dags/example_external_task_marker_dag.py for tasks to queue
[2024-12-09T18:50:19.856-0300] {logging_mixin.py:190} INFO - [2024-12-09T18:50:19.856-0300] {dagbag.py:588} INFO - Filling up the DagBag from /home/alefpa/codigos/breweriesDB/venv/lib/python3.10/site-packages/airflow/example_dags/example_external_task_marker_dag.py
[2024-12-09T18:50:19.866-0300] {processor.py:925} INFO - DAG(s) 'example_external_task_marker_parent', 'example_external_task_marker_child' retrieved from /home/alefpa/codigos/breweriesDB/venv/lib/python3.10/site-packages/airflow/example_dags/example_external_task_marker_dag.py
[2024-12-09T18:50:19.974-0300] {logging_mixin.py:190} INFO - [2024-12-09T18:50:19.973-0300] {override.py:1911} INFO - Created Permission View: can edit on DAG:example_external_task_marker_parent
[2024-12-09T18:50:19.991-0300] {logging_mixin.py:190} INFO - [2024-12-09T18:50:19.991-0300] {override.py:1911} INFO - Created Permission View: can delete on DAG:example_external_task_marker_parent
[2024-12-09T18:50:20.004-0300] {logging_mixin.py:190} INFO - [2024-12-09T18:50:20.004-0300] {override.py:1911} INFO - Created Permission View: can read on DAG:example_external_task_marker_parent
[2024-12-09T18:50:20.025-0300] {logging_mixin.py:190} INFO - [2024-12-09T18:50:20.025-0300] {override.py:1911} INFO - Created Permission View: can delete on DAG Run:example_external_task_marker_parent
[2024-12-09T18:50:20.037-0300] {logging_mixin.py:190} INFO - [2024-12-09T18:50:20.036-0300] {override.py:1911} INFO - Created Permission View: menu access on DAG Run:example_external_task_marker_parent
[2024-12-09T18:50:20.049-0300] {logging_mixin.py:190} INFO - [2024-12-09T18:50:20.048-0300] {override.py:1911} INFO - Created Permission View: can read on DAG Run:example_external_task_marker_parent
[2024-12-09T18:50:20.063-0300] {logging_mixin.py:190} INFO - [2024-12-09T18:50:20.062-0300] {override.py:1911} INFO - Created Permission View: can create on DAG Run:example_external_task_marker_parent
[2024-12-09T18:50:20.099-0300] {logging_mixin.py:190} INFO - [2024-12-09T18:50:20.098-0300] {override.py:1911} INFO - Created Permission View: can edit on DAG:example_external_task_marker_child
[2024-12-09T18:50:20.111-0300] {logging_mixin.py:190} INFO - [2024-12-09T18:50:20.111-0300] {override.py:1911} INFO - Created Permission View: can delete on DAG:example_external_task_marker_child
[2024-12-09T18:50:20.131-0300] {logging_mixin.py:190} INFO - [2024-12-09T18:50:20.130-0300] {override.py:1911} INFO - Created Permission View: can read on DAG:example_external_task_marker_child
[2024-12-09T18:50:20.158-0300] {logging_mixin.py:190} INFO - [2024-12-09T18:50:20.157-0300] {override.py:1911} INFO - Created Permission View: can delete on DAG Run:example_external_task_marker_child
[2024-12-09T18:50:20.176-0300] {logging_mixin.py:190} INFO - [2024-12-09T18:50:20.175-0300] {override.py:1911} INFO - Created Permission View: menu access on DAG Run:example_external_task_marker_child
[2024-12-09T18:50:20.192-0300] {logging_mixin.py:190} INFO - [2024-12-09T18:50:20.192-0300] {override.py:1911} INFO - Created Permission View: can read on DAG Run:example_external_task_marker_child
[2024-12-09T18:50:20.206-0300] {logging_mixin.py:190} INFO - [2024-12-09T18:50:20.205-0300] {override.py:1911} INFO - Created Permission View: can create on DAG Run:example_external_task_marker_child
[2024-12-09T18:50:20.206-0300] {logging_mixin.py:190} INFO - [2024-12-09T18:50:20.206-0300] {dag.py:3239} INFO - Sync 2 DAGs
[2024-12-09T18:50:20.217-0300] {logging_mixin.py:190} INFO - [2024-12-09T18:50:20.217-0300] {dag.py:3262} INFO - Creating ORM DAG for example_external_task_marker_child
[2024-12-09T18:50:20.217-0300] {logging_mixin.py:190} INFO - [2024-12-09T18:50:20.217-0300] {dag.py:3262} INFO - Creating ORM DAG for example_external_task_marker_parent
[2024-12-09T18:50:20.218-0300] {logging_mixin.py:190} INFO - [2024-12-09T18:50:20.218-0300] {dag.py:4180} INFO - Setting next_dagrun for example_external_task_marker_child to None, run_after=None
[2024-12-09T18:50:20.218-0300] {logging_mixin.py:190} INFO - [2024-12-09T18:50:20.218-0300] {dag.py:4180} INFO - Setting next_dagrun for example_external_task_marker_parent to None, run_after=None
[2024-12-09T18:50:20.242-0300] {processor.py:208} INFO - Processing /home/alefpa/codigos/breweriesDB/venv/lib/python3.10/site-packages/airflow/example_dags/example_external_task_marker_dag.py took 0.395 seconds
[2024-12-09T18:51:24.505-0300] {processor.py:186} INFO - Started process (PID=118358) to work on /home/alefpa/codigos/breweriesDB/venv/lib/python3.10/site-packages/airflow/example_dags/example_external_task_marker_dag.py
[2024-12-09T18:51:24.506-0300] {processor.py:914} INFO - Processing file /home/alefpa/codigos/breweriesDB/venv/lib/python3.10/site-packages/airflow/example_dags/example_external_task_marker_dag.py for tasks to queue
[2024-12-09T18:51:24.508-0300] {logging_mixin.py:190} INFO - [2024-12-09T18:51:24.508-0300] {dagbag.py:588} INFO - Filling up the DagBag from /home/alefpa/codigos/breweriesDB/venv/lib/python3.10/site-packages/airflow/example_dags/example_external_task_marker_dag.py
[2024-12-09T18:51:24.515-0300] {processor.py:925} INFO - DAG(s) 'example_external_task_marker_child', 'example_external_task_marker_parent' retrieved from /home/alefpa/codigos/breweriesDB/venv/lib/python3.10/site-packages/airflow/example_dags/example_external_task_marker_dag.py
[2024-12-09T18:51:24.528-0300] {logging_mixin.py:190} INFO - [2024-12-09T18:51:24.528-0300] {dag.py:3239} INFO - Sync 2 DAGs
[2024-12-09T18:51:24.538-0300] {logging_mixin.py:190} INFO - [2024-12-09T18:51:24.538-0300] {dag.py:4180} INFO - Setting next_dagrun for example_external_task_marker_child to None, run_after=None
[2024-12-09T18:51:24.541-0300] {logging_mixin.py:190} INFO - [2024-12-09T18:51:24.540-0300] {dag.py:4180} INFO - Setting next_dagrun for example_external_task_marker_parent to None, run_after=None
[2024-12-09T18:51:24.560-0300] {processor.py:208} INFO - Processing /home/alefpa/codigos/breweriesDB/venv/lib/python3.10/site-packages/airflow/example_dags/example_external_task_marker_dag.py took 0.060 seconds
[2024-12-09T18:52:32.371-0300] {processor.py:186} INFO - Started process (PID=118719) to work on /home/alefpa/codigos/breweriesDB/venv/lib/python3.10/site-packages/airflow/example_dags/example_external_task_marker_dag.py
[2024-12-09T18:52:32.388-0300] {processor.py:914} INFO - Processing file /home/alefpa/codigos/breweriesDB/venv/lib/python3.10/site-packages/airflow/example_dags/example_external_task_marker_dag.py for tasks to queue
[2024-12-09T18:52:32.390-0300] {logging_mixin.py:190} INFO - [2024-12-09T18:52:32.390-0300] {dagbag.py:588} INFO - Filling up the DagBag from /home/alefpa/codigos/breweriesDB/venv/lib/python3.10/site-packages/airflow/example_dags/example_external_task_marker_dag.py
[2024-12-09T18:52:32.396-0300] {processor.py:925} INFO - DAG(s) 'example_external_task_marker_child', 'example_external_task_marker_parent' retrieved from /home/alefpa/codigos/breweriesDB/venv/lib/python3.10/site-packages/airflow/example_dags/example_external_task_marker_dag.py
[2024-12-09T18:52:32.411-0300] {logging_mixin.py:190} INFO - [2024-12-09T18:52:32.411-0300] {dag.py:3239} INFO - Sync 2 DAGs
[2024-12-09T18:52:32.422-0300] {logging_mixin.py:190} INFO - [2024-12-09T18:52:32.422-0300] {dag.py:4180} INFO - Setting next_dagrun for example_external_task_marker_child to None, run_after=None
[2024-12-09T18:52:32.425-0300] {logging_mixin.py:190} INFO - [2024-12-09T18:52:32.425-0300] {dag.py:4180} INFO - Setting next_dagrun for example_external_task_marker_parent to None, run_after=None
[2024-12-09T18:52:32.444-0300] {processor.py:208} INFO - Processing /home/alefpa/codigos/breweriesDB/venv/lib/python3.10/site-packages/airflow/example_dags/example_external_task_marker_dag.py took 0.077 seconds
[2024-12-09T18:53:31.947-0300] {processor.py:186} INFO - Started process (PID=119008) to work on /home/alefpa/codigos/breweriesDB/venv/lib/python3.10/site-packages/airflow/example_dags/example_external_task_marker_dag.py
[2024-12-09T18:53:31.949-0300] {processor.py:914} INFO - Processing file /home/alefpa/codigos/breweriesDB/venv/lib/python3.10/site-packages/airflow/example_dags/example_external_task_marker_dag.py for tasks to queue
[2024-12-09T18:53:31.951-0300] {logging_mixin.py:190} INFO - [2024-12-09T18:53:31.951-0300] {dagbag.py:588} INFO - Filling up the DagBag from /home/alefpa/codigos/breweriesDB/venv/lib/python3.10/site-packages/airflow/example_dags/example_external_task_marker_dag.py
[2024-12-09T18:53:31.958-0300] {processor.py:925} INFO - DAG(s) 'example_external_task_marker_child', 'example_external_task_marker_parent' retrieved from /home/alefpa/codigos/breweriesDB/venv/lib/python3.10/site-packages/airflow/example_dags/example_external_task_marker_dag.py
[2024-12-09T18:53:31.973-0300] {logging_mixin.py:190} INFO - [2024-12-09T18:53:31.973-0300] {dag.py:3239} INFO - Sync 2 DAGs
[2024-12-09T18:53:31.983-0300] {logging_mixin.py:190} INFO - [2024-12-09T18:53:31.983-0300] {dag.py:4180} INFO - Setting next_dagrun for example_external_task_marker_child to None, run_after=None
[2024-12-09T18:53:31.986-0300] {logging_mixin.py:190} INFO - [2024-12-09T18:53:31.986-0300] {dag.py:4180} INFO - Setting next_dagrun for example_external_task_marker_parent to None, run_after=None
[2024-12-09T18:53:32.009-0300] {processor.py:208} INFO - Processing /home/alefpa/codigos/breweriesDB/venv/lib/python3.10/site-packages/airflow/example_dags/example_external_task_marker_dag.py took 0.066 seconds
[2024-12-09T18:55:05.565-0300] {processor.py:186} INFO - Started process (PID=119500) to work on /home/alefpa/codigos/breweriesDB/venv/lib/python3.10/site-packages/airflow/example_dags/example_external_task_marker_dag.py
[2024-12-09T18:55:05.566-0300] {processor.py:914} INFO - Processing file /home/alefpa/codigos/breweriesDB/venv/lib/python3.10/site-packages/airflow/example_dags/example_external_task_marker_dag.py for tasks to queue
[2024-12-09T18:55:05.568-0300] {logging_mixin.py:190} INFO - [2024-12-09T18:55:05.568-0300] {dagbag.py:588} INFO - Filling up the DagBag from /home/alefpa/codigos/breweriesDB/venv/lib/python3.10/site-packages/airflow/example_dags/example_external_task_marker_dag.py
[2024-12-09T18:55:05.576-0300] {processor.py:925} INFO - DAG(s) 'example_external_task_marker_child', 'example_external_task_marker_parent' retrieved from /home/alefpa/codigos/breweriesDB/venv/lib/python3.10/site-packages/airflow/example_dags/example_external_task_marker_dag.py
[2024-12-09T18:55:05.591-0300] {logging_mixin.py:190} INFO - [2024-12-09T18:55:05.591-0300] {dag.py:3239} INFO - Sync 2 DAGs
[2024-12-09T18:55:05.601-0300] {logging_mixin.py:190} INFO - [2024-12-09T18:55:05.600-0300] {dag.py:4180} INFO - Setting next_dagrun for example_external_task_marker_child to None, run_after=None
[2024-12-09T18:55:05.603-0300] {logging_mixin.py:190} INFO - [2024-12-09T18:55:05.603-0300] {dag.py:4180} INFO - Setting next_dagrun for example_external_task_marker_parent to None, run_after=None
[2024-12-09T18:55:05.624-0300] {processor.py:208} INFO - Processing /home/alefpa/codigos/breweriesDB/venv/lib/python3.10/site-packages/airflow/example_dags/example_external_task_marker_dag.py took 0.064 seconds
[2024-12-09T18:56:06.311-0300] {processor.py:186} INFO - Started process (PID=119796) to work on /home/alefpa/codigos/breweriesDB/venv/lib/python3.10/site-packages/airflow/example_dags/example_external_task_marker_dag.py
[2024-12-09T18:56:06.328-0300] {processor.py:914} INFO - Processing file /home/alefpa/codigos/breweriesDB/venv/lib/python3.10/site-packages/airflow/example_dags/example_external_task_marker_dag.py for tasks to queue
[2024-12-09T18:56:06.330-0300] {logging_mixin.py:190} INFO - [2024-12-09T18:56:06.330-0300] {dagbag.py:588} INFO - Filling up the DagBag from /home/alefpa/codigos/breweriesDB/venv/lib/python3.10/site-packages/airflow/example_dags/example_external_task_marker_dag.py
[2024-12-09T18:56:06.337-0300] {processor.py:925} INFO - DAG(s) 'example_external_task_marker_child', 'example_external_task_marker_parent' retrieved from /home/alefpa/codigos/breweriesDB/venv/lib/python3.10/site-packages/airflow/example_dags/example_external_task_marker_dag.py
[2024-12-09T18:56:06.352-0300] {logging_mixin.py:190} INFO - [2024-12-09T18:56:06.352-0300] {dag.py:3239} INFO - Sync 2 DAGs
[2024-12-09T18:56:06.362-0300] {logging_mixin.py:190} INFO - [2024-12-09T18:56:06.362-0300] {dag.py:4180} INFO - Setting next_dagrun for example_external_task_marker_child to None, run_after=None
[2024-12-09T18:56:06.364-0300] {logging_mixin.py:190} INFO - [2024-12-09T18:56:06.364-0300] {dag.py:4180} INFO - Setting next_dagrun for example_external_task_marker_parent to None, run_after=None
[2024-12-09T18:56:06.384-0300] {processor.py:208} INFO - Processing /home/alefpa/codigos/breweriesDB/venv/lib/python3.10/site-packages/airflow/example_dags/example_external_task_marker_dag.py took 0.077 seconds
[2024-12-09T18:57:04.777-0300] {processor.py:186} INFO - Started process (PID=120112) to work on /home/alefpa/codigos/breweriesDB/venv/lib/python3.10/site-packages/airflow/example_dags/example_external_task_marker_dag.py
[2024-12-09T18:57:04.779-0300] {processor.py:914} INFO - Processing file /home/alefpa/codigos/breweriesDB/venv/lib/python3.10/site-packages/airflow/example_dags/example_external_task_marker_dag.py for tasks to queue
[2024-12-09T18:57:04.781-0300] {logging_mixin.py:190} INFO - [2024-12-09T18:57:04.780-0300] {dagbag.py:588} INFO - Filling up the DagBag from /home/alefpa/codigos/breweriesDB/venv/lib/python3.10/site-packages/airflow/example_dags/example_external_task_marker_dag.py
[2024-12-09T18:57:04.788-0300] {processor.py:925} INFO - DAG(s) 'example_external_task_marker_parent', 'example_external_task_marker_child' retrieved from /home/alefpa/codigos/breweriesDB/venv/lib/python3.10/site-packages/airflow/example_dags/example_external_task_marker_dag.py
[2024-12-09T18:57:04.803-0300] {logging_mixin.py:190} INFO - [2024-12-09T18:57:04.803-0300] {dag.py:3239} INFO - Sync 2 DAGs
[2024-12-09T18:57:04.814-0300] {logging_mixin.py:190} INFO - [2024-12-09T18:57:04.814-0300] {dag.py:4180} INFO - Setting next_dagrun for example_external_task_marker_child to None, run_after=None
[2024-12-09T18:57:04.817-0300] {logging_mixin.py:190} INFO - [2024-12-09T18:57:04.817-0300] {dag.py:4180} INFO - Setting next_dagrun for example_external_task_marker_parent to None, run_after=None
[2024-12-09T18:57:04.841-0300] {processor.py:208} INFO - Processing /home/alefpa/codigos/breweriesDB/venv/lib/python3.10/site-packages/airflow/example_dags/example_external_task_marker_dag.py took 0.069 seconds
