[2024-12-09T18:50:08.877-0300] {processor.py:186} INFO - Started process (PID=117997) to work on /home/alefpa/codigos/breweriesDB/venv/lib/python3.10/site-packages/airflow/example_dags/example_kubernetes_executor.py
[2024-12-09T18:50:08.878-0300] {processor.py:914} INFO - Processing file /home/alefpa/codigos/breweriesDB/venv/lib/python3.10/site-packages/airflow/example_dags/example_kubernetes_executor.py for tasks to queue
[2024-12-09T18:50:08.880-0300] {logging_mixin.py:190} INFO - [2024-12-09T18:50:08.879-0300] {dagbag.py:588} INFO - Filling up the DagBag from /home/alefpa/codigos/breweriesDB/venv/lib/python3.10/site-packages/airflow/example_dags/example_kubernetes_executor.py
[2024-12-09T18:50:08.883-0300] {logging_mixin.py:190} INFO - [2024-12-09T18:50:08.883-0300] {example_kubernetes_executor.py:39} WARNING - The example_kubernetes_executor example DAG requires the kubernetes provider. Please install it with: pip install apache-airflow[cncf.kubernetes]
[2024-12-09T18:50:08.883-0300] {processor.py:927} WARNING - No viable dags retrieved from /home/alefpa/codigos/breweriesDB/venv/lib/python3.10/site-packages/airflow/example_dags/example_kubernetes_executor.py
[2024-12-09T18:50:08.893-0300] {processor.py:208} INFO - Processing /home/alefpa/codigos/breweriesDB/venv/lib/python3.10/site-packages/airflow/example_dags/example_kubernetes_executor.py took 0.023 seconds
[2024-12-09T18:51:18.263-0300] {processor.py:186} INFO - Started process (PID=118326) to work on /home/alefpa/codigos/breweriesDB/venv/lib/python3.10/site-packages/airflow/example_dags/example_kubernetes_executor.py
[2024-12-09T18:51:18.264-0300] {processor.py:914} INFO - Processing file /home/alefpa/codigos/breweriesDB/venv/lib/python3.10/site-packages/airflow/example_dags/example_kubernetes_executor.py for tasks to queue
[2024-12-09T18:51:18.266-0300] {logging_mixin.py:190} INFO - [2024-12-09T18:51:18.266-0300] {dagbag.py:588} INFO - Filling up the DagBag from /home/alefpa/codigos/breweriesDB/venv/lib/python3.10/site-packages/airflow/example_dags/example_kubernetes_executor.py
[2024-12-09T18:51:18.268-0300] {logging_mixin.py:190} INFO - [2024-12-09T18:51:18.268-0300] {example_kubernetes_executor.py:39} WARNING - The example_kubernetes_executor example DAG requires the kubernetes provider. Please install it with: pip install apache-airflow[cncf.kubernetes]
[2024-12-09T18:51:18.269-0300] {processor.py:927} WARNING - No viable dags retrieved from /home/alefpa/codigos/breweriesDB/venv/lib/python3.10/site-packages/airflow/example_dags/example_kubernetes_executor.py
[2024-12-09T18:51:18.276-0300] {processor.py:208} INFO - Processing /home/alefpa/codigos/breweriesDB/venv/lib/python3.10/site-packages/airflow/example_dags/example_kubernetes_executor.py took 0.019 seconds
[2024-12-09T18:52:24.160-0300] {processor.py:186} INFO - Started process (PID=118678) to work on /home/alefpa/codigos/breweriesDB/venv/lib/python3.10/site-packages/airflow/example_dags/example_kubernetes_executor.py
[2024-12-09T18:52:24.176-0300] {processor.py:914} INFO - Processing file /home/alefpa/codigos/breweriesDB/venv/lib/python3.10/site-packages/airflow/example_dags/example_kubernetes_executor.py for tasks to queue
[2024-12-09T18:52:24.179-0300] {logging_mixin.py:190} INFO - [2024-12-09T18:52:24.178-0300] {dagbag.py:588} INFO - Filling up the DagBag from /home/alefpa/codigos/breweriesDB/venv/lib/python3.10/site-packages/airflow/example_dags/example_kubernetes_executor.py
[2024-12-09T18:52:24.181-0300] {logging_mixin.py:190} INFO - [2024-12-09T18:52:24.181-0300] {example_kubernetes_executor.py:39} WARNING - The example_kubernetes_executor example DAG requires the kubernetes provider. Please install it with: pip install apache-airflow[cncf.kubernetes]
[2024-12-09T18:52:24.181-0300] {processor.py:927} WARNING - No viable dags retrieved from /home/alefpa/codigos/breweriesDB/venv/lib/python3.10/site-packages/airflow/example_dags/example_kubernetes_executor.py
[2024-12-09T18:52:24.189-0300] {processor.py:208} INFO - Processing /home/alefpa/codigos/breweriesDB/venv/lib/python3.10/site-packages/airflow/example_dags/example_kubernetes_executor.py took 0.034 seconds
[2024-12-09T18:53:23.942-0300] {processor.py:186} INFO - Started process (PID=118972) to work on /home/alefpa/codigos/breweriesDB/venv/lib/python3.10/site-packages/airflow/example_dags/example_kubernetes_executor.py
[2024-12-09T18:53:23.943-0300] {processor.py:914} INFO - Processing file /home/alefpa/codigos/breweriesDB/venv/lib/python3.10/site-packages/airflow/example_dags/example_kubernetes_executor.py for tasks to queue
[2024-12-09T18:53:23.945-0300] {logging_mixin.py:190} INFO - [2024-12-09T18:53:23.945-0300] {dagbag.py:588} INFO - Filling up the DagBag from /home/alefpa/codigos/breweriesDB/venv/lib/python3.10/site-packages/airflow/example_dags/example_kubernetes_executor.py
[2024-12-09T18:53:23.948-0300] {logging_mixin.py:190} INFO - [2024-12-09T18:53:23.948-0300] {example_kubernetes_executor.py:39} WARNING - The example_kubernetes_executor example DAG requires the kubernetes provider. Please install it with: pip install apache-airflow[cncf.kubernetes]
[2024-12-09T18:53:23.949-0300] {processor.py:927} WARNING - No viable dags retrieved from /home/alefpa/codigos/breweriesDB/venv/lib/python3.10/site-packages/airflow/example_dags/example_kubernetes_executor.py
[2024-12-09T18:53:23.958-0300] {processor.py:208} INFO - Processing /home/alefpa/codigos/breweriesDB/venv/lib/python3.10/site-packages/airflow/example_dags/example_kubernetes_executor.py took 0.022 seconds
[2024-12-09T18:54:57.550-0300] {processor.py:186} INFO - Started process (PID=119457) to work on /home/alefpa/codigos/breweriesDB/venv/lib/python3.10/site-packages/airflow/example_dags/example_kubernetes_executor.py
[2024-12-09T18:54:57.552-0300] {processor.py:914} INFO - Processing file /home/alefpa/codigos/breweriesDB/venv/lib/python3.10/site-packages/airflow/example_dags/example_kubernetes_executor.py for tasks to queue
[2024-12-09T18:54:57.554-0300] {logging_mixin.py:190} INFO - [2024-12-09T18:54:57.554-0300] {dagbag.py:588} INFO - Filling up the DagBag from /home/alefpa/codigos/breweriesDB/venv/lib/python3.10/site-packages/airflow/example_dags/example_kubernetes_executor.py
[2024-12-09T18:54:57.556-0300] {logging_mixin.py:190} INFO - [2024-12-09T18:54:57.556-0300] {example_kubernetes_executor.py:39} WARNING - The example_kubernetes_executor example DAG requires the kubernetes provider. Please install it with: pip install apache-airflow[cncf.kubernetes]
[2024-12-09T18:54:57.557-0300] {processor.py:927} WARNING - No viable dags retrieved from /home/alefpa/codigos/breweriesDB/venv/lib/python3.10/site-packages/airflow/example_dags/example_kubernetes_executor.py
[2024-12-09T18:54:57.564-0300] {processor.py:208} INFO - Processing /home/alefpa/codigos/breweriesDB/venv/lib/python3.10/site-packages/airflow/example_dags/example_kubernetes_executor.py took 0.019 seconds
[2024-12-09T18:55:58.300-0300] {processor.py:186} INFO - Started process (PID=119756) to work on /home/alefpa/codigos/breweriesDB/venv/lib/python3.10/site-packages/airflow/example_dags/example_kubernetes_executor.py
[2024-12-09T18:55:58.301-0300] {processor.py:914} INFO - Processing file /home/alefpa/codigos/breweriesDB/venv/lib/python3.10/site-packages/airflow/example_dags/example_kubernetes_executor.py for tasks to queue
[2024-12-09T18:55:58.305-0300] {logging_mixin.py:190} INFO - [2024-12-09T18:55:58.304-0300] {dagbag.py:588} INFO - Filling up the DagBag from /home/alefpa/codigos/breweriesDB/venv/lib/python3.10/site-packages/airflow/example_dags/example_kubernetes_executor.py
[2024-12-09T18:55:58.308-0300] {logging_mixin.py:190} INFO - [2024-12-09T18:55:58.308-0300] {example_kubernetes_executor.py:39} WARNING - The example_kubernetes_executor example DAG requires the kubernetes provider. Please install it with: pip install apache-airflow[cncf.kubernetes]
[2024-12-09T18:55:58.309-0300] {processor.py:927} WARNING - No viable dags retrieved from /home/alefpa/codigos/breweriesDB/venv/lib/python3.10/site-packages/airflow/example_dags/example_kubernetes_executor.py
[2024-12-09T18:55:58.318-0300] {processor.py:208} INFO - Processing /home/alefpa/codigos/breweriesDB/venv/lib/python3.10/site-packages/airflow/example_dags/example_kubernetes_executor.py took 0.023 seconds
[2024-12-09T18:56:56.744-0300] {processor.py:186} INFO - Started process (PID=120077) to work on /home/alefpa/codigos/breweriesDB/venv/lib/python3.10/site-packages/airflow/example_dags/example_kubernetes_executor.py
[2024-12-09T18:56:56.760-0300] {processor.py:914} INFO - Processing file /home/alefpa/codigos/breweriesDB/venv/lib/python3.10/site-packages/airflow/example_dags/example_kubernetes_executor.py for tasks to queue
[2024-12-09T18:56:56.763-0300] {logging_mixin.py:190} INFO - [2024-12-09T18:56:56.763-0300] {dagbag.py:588} INFO - Filling up the DagBag from /home/alefpa/codigos/breweriesDB/venv/lib/python3.10/site-packages/airflow/example_dags/example_kubernetes_executor.py
[2024-12-09T18:56:56.766-0300] {logging_mixin.py:190} INFO - [2024-12-09T18:56:56.766-0300] {example_kubernetes_executor.py:39} WARNING - The example_kubernetes_executor example DAG requires the kubernetes provider. Please install it with: pip install apache-airflow[cncf.kubernetes]
[2024-12-09T18:56:56.766-0300] {processor.py:927} WARNING - No viable dags retrieved from /home/alefpa/codigos/breweriesDB/venv/lib/python3.10/site-packages/airflow/example_dags/example_kubernetes_executor.py
[2024-12-09T18:56:56.773-0300] {processor.py:208} INFO - Processing /home/alefpa/codigos/breweriesDB/venv/lib/python3.10/site-packages/airflow/example_dags/example_kubernetes_executor.py took 0.033 seconds
