[2024-12-09T18:50:11.899-0300] {processor.py:186} INFO - Started process (PID=118009) to work on /home/alefpa/codigos/breweriesDB/venv/lib/python3.10/site-packages/airflow/example_dags/example_branch_python_dop_operator_3.py
[2024-12-09T18:50:11.899-0300] {processor.py:914} INFO - Processing file /home/alefpa/codigos/breweriesDB/venv/lib/python3.10/site-packages/airflow/example_dags/example_branch_python_dop_operator_3.py for tasks to queue
[2024-12-09T18:50:11.901-0300] {logging_mixin.py:190} INFO - [2024-12-09T18:50:11.901-0300] {dagbag.py:588} INFO - Filling up the DagBag from /home/alefpa/codigos/breweriesDB/venv/lib/python3.10/site-packages/airflow/example_dags/example_branch_python_dop_operator_3.py
[2024-12-09T18:50:11.909-0300] {processor.py:925} INFO - DAG(s) 'example_branch_dop_operator_v3' retrieved from /home/alefpa/codigos/breweriesDB/venv/lib/python3.10/site-packages/airflow/example_dags/example_branch_python_dop_operator_3.py
[2024-12-09T18:50:11.993-0300] {logging_mixin.py:190} INFO - [2024-12-09T18:50:11.992-0300] {override.py:1911} INFO - Created Permission View: can edit on DAG:example_branch_dop_operator_v3
[2024-12-09T18:50:12.005-0300] {logging_mixin.py:190} INFO - [2024-12-09T18:50:12.005-0300] {override.py:1911} INFO - Created Permission View: can delete on DAG:example_branch_dop_operator_v3
[2024-12-09T18:50:12.015-0300] {logging_mixin.py:190} INFO - [2024-12-09T18:50:12.015-0300] {override.py:1911} INFO - Created Permission View: can read on DAG:example_branch_dop_operator_v3
[2024-12-09T18:50:12.032-0300] {logging_mixin.py:190} INFO - [2024-12-09T18:50:12.032-0300] {override.py:1911} INFO - Created Permission View: can delete on DAG Run:example_branch_dop_operator_v3
[2024-12-09T18:50:12.043-0300] {logging_mixin.py:190} INFO - [2024-12-09T18:50:12.042-0300] {override.py:1911} INFO - Created Permission View: menu access on DAG Run:example_branch_dop_operator_v3
[2024-12-09T18:50:12.053-0300] {logging_mixin.py:190} INFO - [2024-12-09T18:50:12.053-0300] {override.py:1911} INFO - Created Permission View: can read on DAG Run:example_branch_dop_operator_v3
[2024-12-09T18:50:12.063-0300] {logging_mixin.py:190} INFO - [2024-12-09T18:50:12.062-0300] {override.py:1911} INFO - Created Permission View: can create on DAG Run:example_branch_dop_operator_v3
[2024-12-09T18:50:12.063-0300] {logging_mixin.py:190} INFO - [2024-12-09T18:50:12.063-0300] {dag.py:3239} INFO - Sync 1 DAGs
[2024-12-09T18:50:12.073-0300] {logging_mixin.py:190} INFO - [2024-12-09T18:50:12.073-0300] {dag.py:3262} INFO - Creating ORM DAG for example_branch_dop_operator_v3
[2024-12-09T18:50:12.082-0300] {logging_mixin.py:190} INFO - [2024-12-09T18:50:12.082-0300] {dag.py:4180} INFO - Setting next_dagrun for example_branch_dop_operator_v3 to 2024-12-09 21:49:00+00:00, run_after=2024-12-09 21:50:00+00:00
[2024-12-09T18:50:12.104-0300] {processor.py:208} INFO - Processing /home/alefpa/codigos/breweriesDB/venv/lib/python3.10/site-packages/airflow/example_dags/example_branch_python_dop_operator_3.py took 0.210 seconds
[2024-12-09T18:51:21.131-0300] {processor.py:186} INFO - Started process (PID=118338) to work on /home/alefpa/codigos/breweriesDB/venv/lib/python3.10/site-packages/airflow/example_dags/example_branch_python_dop_operator_3.py
[2024-12-09T18:51:21.132-0300] {processor.py:914} INFO - Processing file /home/alefpa/codigos/breweriesDB/venv/lib/python3.10/site-packages/airflow/example_dags/example_branch_python_dop_operator_3.py for tasks to queue
[2024-12-09T18:51:21.135-0300] {logging_mixin.py:190} INFO - [2024-12-09T18:51:21.134-0300] {dagbag.py:588} INFO - Filling up the DagBag from /home/alefpa/codigos/breweriesDB/venv/lib/python3.10/site-packages/airflow/example_dags/example_branch_python_dop_operator_3.py
[2024-12-09T18:51:21.143-0300] {processor.py:925} INFO - DAG(s) 'example_branch_dop_operator_v3' retrieved from /home/alefpa/codigos/breweriesDB/venv/lib/python3.10/site-packages/airflow/example_dags/example_branch_python_dop_operator_3.py
[2024-12-09T18:51:21.156-0300] {logging_mixin.py:190} INFO - [2024-12-09T18:51:21.155-0300] {dag.py:3239} INFO - Sync 1 DAGs
[2024-12-09T18:51:21.180-0300] {logging_mixin.py:190} INFO - [2024-12-09T18:51:21.179-0300] {dag.py:4180} INFO - Setting next_dagrun for example_branch_dop_operator_v3 to 2024-12-09 21:50:00+00:00, run_after=2024-12-09 21:51:00+00:00
[2024-12-09T18:51:21.201-0300] {processor.py:208} INFO - Processing /home/alefpa/codigos/breweriesDB/venv/lib/python3.10/site-packages/airflow/example_dags/example_branch_python_dop_operator_3.py took 0.076 seconds
[2024-12-09T18:52:27.232-0300] {processor.py:186} INFO - Started process (PID=118690) to work on /home/alefpa/codigos/breweriesDB/venv/lib/python3.10/site-packages/airflow/example_dags/example_branch_python_dop_operator_3.py
[2024-12-09T18:52:27.234-0300] {processor.py:914} INFO - Processing file /home/alefpa/codigos/breweriesDB/venv/lib/python3.10/site-packages/airflow/example_dags/example_branch_python_dop_operator_3.py for tasks to queue
[2024-12-09T18:52:27.236-0300] {logging_mixin.py:190} INFO - [2024-12-09T18:52:27.236-0300] {dagbag.py:588} INFO - Filling up the DagBag from /home/alefpa/codigos/breweriesDB/venv/lib/python3.10/site-packages/airflow/example_dags/example_branch_python_dop_operator_3.py
[2024-12-09T18:52:27.245-0300] {processor.py:925} INFO - DAG(s) 'example_branch_dop_operator_v3' retrieved from /home/alefpa/codigos/breweriesDB/venv/lib/python3.10/site-packages/airflow/example_dags/example_branch_python_dop_operator_3.py
[2024-12-09T18:52:27.259-0300] {logging_mixin.py:190} INFO - [2024-12-09T18:52:27.259-0300] {dag.py:3239} INFO - Sync 1 DAGs
[2024-12-09T18:52:27.278-0300] {logging_mixin.py:190} INFO - [2024-12-09T18:52:27.278-0300] {dag.py:4180} INFO - Setting next_dagrun for example_branch_dop_operator_v3 to 2024-12-09 21:51:00+00:00, run_after=2024-12-09 21:52:00+00:00
[2024-12-09T18:52:27.299-0300] {processor.py:208} INFO - Processing /home/alefpa/codigos/breweriesDB/venv/lib/python3.10/site-packages/airflow/example_dags/example_branch_python_dop_operator_3.py took 0.072 seconds
[2024-12-09T18:53:27.101-0300] {processor.py:186} INFO - Started process (PID=118985) to work on /home/alefpa/codigos/breweriesDB/venv/lib/python3.10/site-packages/airflow/example_dags/example_branch_python_dop_operator_3.py
[2024-12-09T18:53:27.118-0300] {processor.py:914} INFO - Processing file /home/alefpa/codigos/breweriesDB/venv/lib/python3.10/site-packages/airflow/example_dags/example_branch_python_dop_operator_3.py for tasks to queue
[2024-12-09T18:53:27.121-0300] {logging_mixin.py:190} INFO - [2024-12-09T18:53:27.120-0300] {dagbag.py:588} INFO - Filling up the DagBag from /home/alefpa/codigos/breweriesDB/venv/lib/python3.10/site-packages/airflow/example_dags/example_branch_python_dop_operator_3.py
[2024-12-09T18:53:27.130-0300] {processor.py:925} INFO - DAG(s) 'example_branch_dop_operator_v3' retrieved from /home/alefpa/codigos/breweriesDB/venv/lib/python3.10/site-packages/airflow/example_dags/example_branch_python_dop_operator_3.py
[2024-12-09T18:53:27.143-0300] {logging_mixin.py:190} INFO - [2024-12-09T18:53:27.142-0300] {dag.py:3239} INFO - Sync 1 DAGs
[2024-12-09T18:53:27.165-0300] {logging_mixin.py:190} INFO - [2024-12-09T18:53:27.165-0300] {dag.py:4180} INFO - Setting next_dagrun for example_branch_dop_operator_v3 to 2024-12-09 21:52:00+00:00, run_after=2024-12-09 21:53:00+00:00
[2024-12-09T18:53:27.188-0300] {processor.py:208} INFO - Processing /home/alefpa/codigos/breweriesDB/venv/lib/python3.10/site-packages/airflow/example_dags/example_branch_python_dop_operator_3.py took 0.092 seconds
[2024-12-09T18:55:00.415-0300] {processor.py:186} INFO - Started process (PID=119472) to work on /home/alefpa/codigos/breweriesDB/venv/lib/python3.10/site-packages/airflow/example_dags/example_branch_python_dop_operator_3.py
[2024-12-09T18:55:00.416-0300] {processor.py:914} INFO - Processing file /home/alefpa/codigos/breweriesDB/venv/lib/python3.10/site-packages/airflow/example_dags/example_branch_python_dop_operator_3.py for tasks to queue
[2024-12-09T18:55:00.418-0300] {logging_mixin.py:190} INFO - [2024-12-09T18:55:00.417-0300] {dagbag.py:588} INFO - Filling up the DagBag from /home/alefpa/codigos/breweriesDB/venv/lib/python3.10/site-packages/airflow/example_dags/example_branch_python_dop_operator_3.py
[2024-12-09T18:55:00.427-0300] {processor.py:925} INFO - DAG(s) 'example_branch_dop_operator_v3' retrieved from /home/alefpa/codigos/breweriesDB/venv/lib/python3.10/site-packages/airflow/example_dags/example_branch_python_dop_operator_3.py
[2024-12-09T18:55:00.443-0300] {logging_mixin.py:190} INFO - [2024-12-09T18:55:00.442-0300] {dag.py:3239} INFO - Sync 1 DAGs
[2024-12-09T18:55:00.464-0300] {logging_mixin.py:190} INFO - [2024-12-09T18:55:00.464-0300] {dag.py:4180} INFO - Setting next_dagrun for example_branch_dop_operator_v3 to 2024-12-09 21:54:00+00:00, run_after=2024-12-09 21:55:00+00:00
[2024-12-09T18:55:00.484-0300] {processor.py:208} INFO - Processing /home/alefpa/codigos/breweriesDB/venv/lib/python3.10/site-packages/airflow/example_dags/example_branch_python_dop_operator_3.py took 0.074 seconds
[2024-12-09T18:56:01.843-0300] {processor.py:186} INFO - Started process (PID=119775) to work on /home/alefpa/codigos/breweriesDB/venv/lib/python3.10/site-packages/airflow/example_dags/example_branch_python_dop_operator_3.py
[2024-12-09T18:56:01.845-0300] {processor.py:914} INFO - Processing file /home/alefpa/codigos/breweriesDB/venv/lib/python3.10/site-packages/airflow/example_dags/example_branch_python_dop_operator_3.py for tasks to queue
[2024-12-09T18:56:01.847-0300] {logging_mixin.py:190} INFO - [2024-12-09T18:56:01.847-0300] {dagbag.py:588} INFO - Filling up the DagBag from /home/alefpa/codigos/breweriesDB/venv/lib/python3.10/site-packages/airflow/example_dags/example_branch_python_dop_operator_3.py
[2024-12-09T18:56:01.856-0300] {processor.py:925} INFO - DAG(s) 'example_branch_dop_operator_v3' retrieved from /home/alefpa/codigos/breweriesDB/venv/lib/python3.10/site-packages/airflow/example_dags/example_branch_python_dop_operator_3.py
[2024-12-09T18:56:01.867-0300] {logging_mixin.py:190} INFO - [2024-12-09T18:56:01.867-0300] {dag.py:3239} INFO - Sync 1 DAGs
[2024-12-09T18:56:01.885-0300] {logging_mixin.py:190} INFO - [2024-12-09T18:56:01.885-0300] {dag.py:4180} INFO - Setting next_dagrun for example_branch_dop_operator_v3 to 2024-12-09 21:55:00+00:00, run_after=2024-12-09 21:56:00+00:00
[2024-12-09T18:56:01.907-0300] {processor.py:208} INFO - Processing /home/alefpa/codigos/breweriesDB/venv/lib/python3.10/site-packages/airflow/example_dags/example_branch_python_dop_operator_3.py took 0.069 seconds
[2024-12-09T18:56:58.467-0300] {processor.py:186} INFO - Started process (PID=120089) to work on /home/alefpa/codigos/breweriesDB/venv/lib/python3.10/site-packages/airflow/example_dags/example_branch_python_dop_operator_3.py
[2024-12-09T18:56:58.469-0300] {processor.py:914} INFO - Processing file /home/alefpa/codigos/breweriesDB/venv/lib/python3.10/site-packages/airflow/example_dags/example_branch_python_dop_operator_3.py for tasks to queue
[2024-12-09T18:56:58.471-0300] {logging_mixin.py:190} INFO - [2024-12-09T18:56:58.471-0300] {dagbag.py:588} INFO - Filling up the DagBag from /home/alefpa/codigos/breweriesDB/venv/lib/python3.10/site-packages/airflow/example_dags/example_branch_python_dop_operator_3.py
[2024-12-09T18:56:58.480-0300] {processor.py:925} INFO - DAG(s) 'example_branch_dop_operator_v3' retrieved from /home/alefpa/codigos/breweriesDB/venv/lib/python3.10/site-packages/airflow/example_dags/example_branch_python_dop_operator_3.py
[2024-12-09T18:56:58.494-0300] {logging_mixin.py:190} INFO - [2024-12-09T18:56:58.494-0300] {dag.py:3239} INFO - Sync 1 DAGs
[2024-12-09T18:56:58.515-0300] {logging_mixin.py:190} INFO - [2024-12-09T18:56:58.515-0300] {dag.py:4180} INFO - Setting next_dagrun for example_branch_dop_operator_v3 to 2024-12-09 21:55:00+00:00, run_after=2024-12-09 21:56:00+00:00
[2024-12-09T18:56:58.538-0300] {processor.py:208} INFO - Processing /home/alefpa/codigos/breweriesDB/venv/lib/python3.10/site-packages/airflow/example_dags/example_branch_python_dop_operator_3.py took 0.076 seconds
