[2024-12-09T18:50:22.412-0300] {processor.py:186} INFO - Started process (PID=118054) to work on /home/alefpa/codigos/breweriesDB/venv/lib/python3.10/site-packages/airflow/example_dags/example_branch_datetime_operator.py
[2024-12-09T18:50:22.413-0300] {processor.py:914} INFO - Processing file /home/alefpa/codigos/breweriesDB/venv/lib/python3.10/site-packages/airflow/example_dags/example_branch_datetime_operator.py for tasks to queue
[2024-12-09T18:50:22.416-0300] {logging_mixin.py:190} INFO - [2024-12-09T18:50:22.415-0300] {dagbag.py:588} INFO - Filling up the DagBag from /home/alefpa/codigos/breweriesDB/venv/lib/python3.10/site-packages/airflow/example_dags/example_branch_datetime_operator.py
[2024-12-09T18:50:22.427-0300] {processor.py:925} INFO - DAG(s) 'example_branch_datetime_operator', 'example_branch_datetime_operator_3', 'example_branch_datetime_operator_2' retrieved from /home/alefpa/codigos/breweriesDB/venv/lib/python3.10/site-packages/airflow/example_dags/example_branch_datetime_operator.py
[2024-12-09T18:50:22.520-0300] {logging_mixin.py:190} INFO - [2024-12-09T18:50:22.519-0300] {override.py:1911} INFO - Created Permission View: can edit on DAG:example_branch_datetime_operator
[2024-12-09T18:50:22.534-0300] {logging_mixin.py:190} INFO - [2024-12-09T18:50:22.534-0300] {override.py:1911} INFO - Created Permission View: can delete on DAG:example_branch_datetime_operator
[2024-12-09T18:50:22.546-0300] {logging_mixin.py:190} INFO - [2024-12-09T18:50:22.545-0300] {override.py:1911} INFO - Created Permission View: can read on DAG:example_branch_datetime_operator
[2024-12-09T18:50:22.574-0300] {logging_mixin.py:190} INFO - [2024-12-09T18:50:22.573-0300] {override.py:1911} INFO - Created Permission View: can delete on DAG Run:example_branch_datetime_operator
[2024-12-09T18:50:22.586-0300] {logging_mixin.py:190} INFO - [2024-12-09T18:50:22.586-0300] {override.py:1911} INFO - Created Permission View: menu access on DAG Run:example_branch_datetime_operator
[2024-12-09T18:50:22.598-0300] {logging_mixin.py:190} INFO - [2024-12-09T18:50:22.598-0300] {override.py:1911} INFO - Created Permission View: can read on DAG Run:example_branch_datetime_operator
[2024-12-09T18:50:22.609-0300] {logging_mixin.py:190} INFO - [2024-12-09T18:50:22.609-0300] {override.py:1911} INFO - Created Permission View: can create on DAG Run:example_branch_datetime_operator
[2024-12-09T18:50:22.639-0300] {logging_mixin.py:190} INFO - [2024-12-09T18:50:22.639-0300] {override.py:1911} INFO - Created Permission View: can edit on DAG:example_branch_datetime_operator_3
[2024-12-09T18:50:22.650-0300] {logging_mixin.py:190} INFO - [2024-12-09T18:50:22.650-0300] {override.py:1911} INFO - Created Permission View: can delete on DAG:example_branch_datetime_operator_3
[2024-12-09T18:50:22.662-0300] {logging_mixin.py:190} INFO - [2024-12-09T18:50:22.661-0300] {override.py:1911} INFO - Created Permission View: can read on DAG:example_branch_datetime_operator_3
[2024-12-09T18:50:22.680-0300] {logging_mixin.py:190} INFO - [2024-12-09T18:50:22.680-0300] {override.py:1911} INFO - Created Permission View: can delete on DAG Run:example_branch_datetime_operator_3
[2024-12-09T18:50:22.690-0300] {logging_mixin.py:190} INFO - [2024-12-09T18:50:22.690-0300] {override.py:1911} INFO - Created Permission View: menu access on DAG Run:example_branch_datetime_operator_3
[2024-12-09T18:50:22.701-0300] {logging_mixin.py:190} INFO - [2024-12-09T18:50:22.700-0300] {override.py:1911} INFO - Created Permission View: can read on DAG Run:example_branch_datetime_operator_3
[2024-12-09T18:50:22.712-0300] {logging_mixin.py:190} INFO - [2024-12-09T18:50:22.712-0300] {override.py:1911} INFO - Created Permission View: can create on DAG Run:example_branch_datetime_operator_3
[2024-12-09T18:50:22.738-0300] {logging_mixin.py:190} INFO - [2024-12-09T18:50:22.737-0300] {override.py:1911} INFO - Created Permission View: can edit on DAG:example_branch_datetime_operator_2
[2024-12-09T18:50:22.749-0300] {logging_mixin.py:190} INFO - [2024-12-09T18:50:22.748-0300] {override.py:1911} INFO - Created Permission View: can delete on DAG:example_branch_datetime_operator_2
[2024-12-09T18:50:22.760-0300] {logging_mixin.py:190} INFO - [2024-12-09T18:50:22.760-0300] {override.py:1911} INFO - Created Permission View: can read on DAG:example_branch_datetime_operator_2
[2024-12-09T18:50:22.778-0300] {logging_mixin.py:190} INFO - [2024-12-09T18:50:22.778-0300] {override.py:1911} INFO - Created Permission View: can delete on DAG Run:example_branch_datetime_operator_2
[2024-12-09T18:50:22.789-0300] {logging_mixin.py:190} INFO - [2024-12-09T18:50:22.789-0300] {override.py:1911} INFO - Created Permission View: menu access on DAG Run:example_branch_datetime_operator_2
[2024-12-09T18:50:22.801-0300] {logging_mixin.py:190} INFO - [2024-12-09T18:50:22.800-0300] {override.py:1911} INFO - Created Permission View: can read on DAG Run:example_branch_datetime_operator_2
[2024-12-09T18:50:22.812-0300] {logging_mixin.py:190} INFO - [2024-12-09T18:50:22.811-0300] {override.py:1911} INFO - Created Permission View: can create on DAG Run:example_branch_datetime_operator_2
[2024-12-09T18:50:22.812-0300] {logging_mixin.py:190} INFO - [2024-12-09T18:50:22.812-0300] {dag.py:3239} INFO - Sync 3 DAGs
[2024-12-09T18:50:22.822-0300] {logging_mixin.py:190} INFO - [2024-12-09T18:50:22.821-0300] {dag.py:3262} INFO - Creating ORM DAG for example_branch_datetime_operator_3
[2024-12-09T18:50:22.822-0300] {logging_mixin.py:190} INFO - [2024-12-09T18:50:22.822-0300] {dag.py:3262} INFO - Creating ORM DAG for example_branch_datetime_operator_2
[2024-12-09T18:50:22.823-0300] {logging_mixin.py:190} INFO - [2024-12-09T18:50:22.823-0300] {dag.py:3262} INFO - Creating ORM DAG for example_branch_datetime_operator
[2024-12-09T18:50:22.830-0300] {logging_mixin.py:190} INFO - [2024-12-09T18:50:22.830-0300] {dag.py:4180} INFO - Setting next_dagrun for example_branch_datetime_operator to 2024-12-08 00:00:00+00:00, run_after=2024-12-09 00:00:00+00:00
[2024-12-09T18:50:22.832-0300] {logging_mixin.py:190} INFO - [2024-12-09T18:50:22.832-0300] {dag.py:4180} INFO - Setting next_dagrun for example_branch_datetime_operator_2 to 2024-12-08 00:00:00+00:00, run_after=2024-12-09 00:00:00+00:00
[2024-12-09T18:50:22.833-0300] {logging_mixin.py:190} INFO - [2024-12-09T18:50:22.833-0300] {dag.py:4180} INFO - Setting next_dagrun for example_branch_datetime_operator_3 to 2024-12-08 00:00:00+00:00, run_after=2024-12-09 00:00:00+00:00
[2024-12-09T18:50:22.856-0300] {processor.py:208} INFO - Processing /home/alefpa/codigos/breweriesDB/venv/lib/python3.10/site-packages/airflow/example_dags/example_branch_datetime_operator.py took 0.449 seconds
[2024-12-09T18:51:27.385-0300] {processor.py:186} INFO - Started process (PID=118367) to work on /home/alefpa/codigos/breweriesDB/venv/lib/python3.10/site-packages/airflow/example_dags/example_branch_datetime_operator.py
[2024-12-09T18:51:27.386-0300] {processor.py:914} INFO - Processing file /home/alefpa/codigos/breweriesDB/venv/lib/python3.10/site-packages/airflow/example_dags/example_branch_datetime_operator.py for tasks to queue
[2024-12-09T18:51:27.388-0300] {logging_mixin.py:190} INFO - [2024-12-09T18:51:27.388-0300] {dagbag.py:588} INFO - Filling up the DagBag from /home/alefpa/codigos/breweriesDB/venv/lib/python3.10/site-packages/airflow/example_dags/example_branch_datetime_operator.py
[2024-12-09T18:51:27.397-0300] {processor.py:925} INFO - DAG(s) 'example_branch_datetime_operator_2', 'example_branch_datetime_operator_3', 'example_branch_datetime_operator' retrieved from /home/alefpa/codigos/breweriesDB/venv/lib/python3.10/site-packages/airflow/example_dags/example_branch_datetime_operator.py
[2024-12-09T18:51:27.413-0300] {logging_mixin.py:190} INFO - [2024-12-09T18:51:27.413-0300] {dag.py:3239} INFO - Sync 3 DAGs
[2024-12-09T18:51:27.429-0300] {logging_mixin.py:190} INFO - [2024-12-09T18:51:27.429-0300] {dag.py:4180} INFO - Setting next_dagrun for example_branch_datetime_operator to 2024-12-08 00:00:00+00:00, run_after=2024-12-09 00:00:00+00:00
[2024-12-09T18:51:27.432-0300] {logging_mixin.py:190} INFO - [2024-12-09T18:51:27.432-0300] {dag.py:4180} INFO - Setting next_dagrun for example_branch_datetime_operator_2 to 2024-12-08 00:00:00+00:00, run_after=2024-12-09 00:00:00+00:00
[2024-12-09T18:51:27.434-0300] {logging_mixin.py:190} INFO - [2024-12-09T18:51:27.434-0300] {dag.py:4180} INFO - Setting next_dagrun for example_branch_datetime_operator_3 to 2024-12-08 00:00:00+00:00, run_after=2024-12-09 00:00:00+00:00
[2024-12-09T18:51:27.453-0300] {processor.py:208} INFO - Processing /home/alefpa/codigos/breweriesDB/venv/lib/python3.10/site-packages/airflow/example_dags/example_branch_datetime_operator.py took 0.073 seconds
[2024-12-09T18:52:35.551-0300] {processor.py:186} INFO - Started process (PID=118729) to work on /home/alefpa/codigos/breweriesDB/venv/lib/python3.10/site-packages/airflow/example_dags/example_branch_datetime_operator.py
[2024-12-09T18:52:35.552-0300] {processor.py:914} INFO - Processing file /home/alefpa/codigos/breweriesDB/venv/lib/python3.10/site-packages/airflow/example_dags/example_branch_datetime_operator.py for tasks to queue
[2024-12-09T18:52:35.554-0300] {logging_mixin.py:190} INFO - [2024-12-09T18:52:35.554-0300] {dagbag.py:588} INFO - Filling up the DagBag from /home/alefpa/codigos/breweriesDB/venv/lib/python3.10/site-packages/airflow/example_dags/example_branch_datetime_operator.py
[2024-12-09T18:52:35.564-0300] {processor.py:925} INFO - DAG(s) 'example_branch_datetime_operator_3', 'example_branch_datetime_operator_2', 'example_branch_datetime_operator' retrieved from /home/alefpa/codigos/breweriesDB/venv/lib/python3.10/site-packages/airflow/example_dags/example_branch_datetime_operator.py
[2024-12-09T18:52:35.584-0300] {logging_mixin.py:190} INFO - [2024-12-09T18:52:35.584-0300] {dag.py:3239} INFO - Sync 3 DAGs
[2024-12-09T18:52:35.606-0300] {logging_mixin.py:190} INFO - [2024-12-09T18:52:35.606-0300] {dag.py:4180} INFO - Setting next_dagrun for example_branch_datetime_operator to 2024-12-08 00:00:00+00:00, run_after=2024-12-09 00:00:00+00:00
[2024-12-09T18:52:35.611-0300] {logging_mixin.py:190} INFO - [2024-12-09T18:52:35.610-0300] {dag.py:4180} INFO - Setting next_dagrun for example_branch_datetime_operator_2 to 2024-12-08 00:00:00+00:00, run_after=2024-12-09 00:00:00+00:00
[2024-12-09T18:52:35.613-0300] {logging_mixin.py:190} INFO - [2024-12-09T18:52:35.613-0300] {dag.py:4180} INFO - Setting next_dagrun for example_branch_datetime_operator_3 to 2024-12-08 00:00:00+00:00, run_after=2024-12-09 00:00:00+00:00
[2024-12-09T18:52:35.635-0300] {processor.py:208} INFO - Processing /home/alefpa/codigos/breweriesDB/venv/lib/python3.10/site-packages/airflow/example_dags/example_branch_datetime_operator.py took 0.090 seconds
[2024-12-09T18:53:34.322-0300] {processor.py:186} INFO - Started process (PID=119025) to work on /home/alefpa/codigos/breweriesDB/venv/lib/python3.10/site-packages/airflow/example_dags/example_branch_datetime_operator.py
[2024-12-09T18:53:34.337-0300] {processor.py:914} INFO - Processing file /home/alefpa/codigos/breweriesDB/venv/lib/python3.10/site-packages/airflow/example_dags/example_branch_datetime_operator.py for tasks to queue
[2024-12-09T18:53:34.340-0300] {logging_mixin.py:190} INFO - [2024-12-09T18:53:34.340-0300] {dagbag.py:588} INFO - Filling up the DagBag from /home/alefpa/codigos/breweriesDB/venv/lib/python3.10/site-packages/airflow/example_dags/example_branch_datetime_operator.py
[2024-12-09T18:53:34.350-0300] {processor.py:925} INFO - DAG(s) 'example_branch_datetime_operator_3', 'example_branch_datetime_operator', 'example_branch_datetime_operator_2' retrieved from /home/alefpa/codigos/breweriesDB/venv/lib/python3.10/site-packages/airflow/example_dags/example_branch_datetime_operator.py
[2024-12-09T18:53:34.367-0300] {logging_mixin.py:190} INFO - [2024-12-09T18:53:34.367-0300] {dag.py:3239} INFO - Sync 3 DAGs
[2024-12-09T18:53:34.386-0300] {logging_mixin.py:190} INFO - [2024-12-09T18:53:34.385-0300] {dag.py:4180} INFO - Setting next_dagrun for example_branch_datetime_operator to 2024-12-08 00:00:00+00:00, run_after=2024-12-09 00:00:00+00:00
[2024-12-09T18:53:34.390-0300] {logging_mixin.py:190} INFO - [2024-12-09T18:53:34.390-0300] {dag.py:4180} INFO - Setting next_dagrun for example_branch_datetime_operator_2 to 2024-12-08 00:00:00+00:00, run_after=2024-12-09 00:00:00+00:00
[2024-12-09T18:53:34.392-0300] {logging_mixin.py:190} INFO - [2024-12-09T18:53:34.392-0300] {dag.py:4180} INFO - Setting next_dagrun for example_branch_datetime_operator_3 to 2024-12-08 00:00:00+00:00, run_after=2024-12-09 00:00:00+00:00
[2024-12-09T18:53:34.417-0300] {processor.py:208} INFO - Processing /home/alefpa/codigos/breweriesDB/venv/lib/python3.10/site-packages/airflow/example_dags/example_branch_datetime_operator.py took 0.100 seconds
[2024-12-09T18:55:07.700-0300] {processor.py:186} INFO - Started process (PID=119510) to work on /home/alefpa/codigos/breweriesDB/venv/lib/python3.10/site-packages/airflow/example_dags/example_branch_datetime_operator.py
[2024-12-09T18:55:07.701-0300] {processor.py:914} INFO - Processing file /home/alefpa/codigos/breweriesDB/venv/lib/python3.10/site-packages/airflow/example_dags/example_branch_datetime_operator.py for tasks to queue
[2024-12-09T18:55:07.704-0300] {logging_mixin.py:190} INFO - [2024-12-09T18:55:07.703-0300] {dagbag.py:588} INFO - Filling up the DagBag from /home/alefpa/codigos/breweriesDB/venv/lib/python3.10/site-packages/airflow/example_dags/example_branch_datetime_operator.py
[2024-12-09T18:55:07.714-0300] {processor.py:925} INFO - DAG(s) 'example_branch_datetime_operator_3', 'example_branch_datetime_operator_2', 'example_branch_datetime_operator' retrieved from /home/alefpa/codigos/breweriesDB/venv/lib/python3.10/site-packages/airflow/example_dags/example_branch_datetime_operator.py
[2024-12-09T18:55:07.731-0300] {logging_mixin.py:190} INFO - [2024-12-09T18:55:07.731-0300] {dag.py:3239} INFO - Sync 3 DAGs
[2024-12-09T18:55:07.748-0300] {logging_mixin.py:190} INFO - [2024-12-09T18:55:07.748-0300] {dag.py:4180} INFO - Setting next_dagrun for example_branch_datetime_operator to 2024-12-08 00:00:00+00:00, run_after=2024-12-09 00:00:00+00:00
[2024-12-09T18:55:07.752-0300] {logging_mixin.py:190} INFO - [2024-12-09T18:55:07.751-0300] {dag.py:4180} INFO - Setting next_dagrun for example_branch_datetime_operator_2 to 2024-12-08 00:00:00+00:00, run_after=2024-12-09 00:00:00+00:00
[2024-12-09T18:55:07.754-0300] {logging_mixin.py:190} INFO - [2024-12-09T18:55:07.753-0300] {dag.py:4180} INFO - Setting next_dagrun for example_branch_datetime_operator_3 to 2024-12-08 00:00:00+00:00, run_after=2024-12-09 00:00:00+00:00
[2024-12-09T18:55:07.772-0300] {processor.py:208} INFO - Processing /home/alefpa/codigos/breweriesDB/venv/lib/python3.10/site-packages/airflow/example_dags/example_branch_datetime_operator.py took 0.078 seconds
[2024-12-09T18:57:07.155-0300] {processor.py:186} INFO - Started process (PID=120128) to work on /home/alefpa/codigos/breweriesDB/venv/lib/python3.10/site-packages/airflow/example_dags/example_branch_datetime_operator.py
[2024-12-09T18:57:07.156-0300] {processor.py:914} INFO - Processing file /home/alefpa/codigos/breweriesDB/venv/lib/python3.10/site-packages/airflow/example_dags/example_branch_datetime_operator.py for tasks to queue
[2024-12-09T18:57:07.159-0300] {logging_mixin.py:190} INFO - [2024-12-09T18:57:07.158-0300] {dagbag.py:588} INFO - Filling up the DagBag from /home/alefpa/codigos/breweriesDB/venv/lib/python3.10/site-packages/airflow/example_dags/example_branch_datetime_operator.py
[2024-12-09T18:57:07.169-0300] {processor.py:925} INFO - DAG(s) 'example_branch_datetime_operator', 'example_branch_datetime_operator_3', 'example_branch_datetime_operator_2' retrieved from /home/alefpa/codigos/breweriesDB/venv/lib/python3.10/site-packages/airflow/example_dags/example_branch_datetime_operator.py
[2024-12-09T18:57:07.187-0300] {logging_mixin.py:190} INFO - [2024-12-09T18:57:07.186-0300] {dag.py:3239} INFO - Sync 3 DAGs
[2024-12-09T18:57:07.209-0300] {logging_mixin.py:190} INFO - [2024-12-09T18:57:07.209-0300] {dag.py:4180} INFO - Setting next_dagrun for example_branch_datetime_operator to 2024-12-08 00:00:00+00:00, run_after=2024-12-09 00:00:00+00:00
[2024-12-09T18:57:07.213-0300] {logging_mixin.py:190} INFO - [2024-12-09T18:57:07.213-0300] {dag.py:4180} INFO - Setting next_dagrun for example_branch_datetime_operator_2 to 2024-12-08 00:00:00+00:00, run_after=2024-12-09 00:00:00+00:00
[2024-12-09T18:57:07.215-0300] {logging_mixin.py:190} INFO - [2024-12-09T18:57:07.215-0300] {dag.py:4180} INFO - Setting next_dagrun for example_branch_datetime_operator_3 to 2024-12-08 00:00:00+00:00, run_after=2024-12-09 00:00:00+00:00
[2024-12-09T18:57:07.237-0300] {processor.py:208} INFO - Processing /home/alefpa/codigos/breweriesDB/venv/lib/python3.10/site-packages/airflow/example_dags/example_branch_datetime_operator.py took 0.087 seconds
