[2024-12-09T18:36:52.139-0300] {processor.py:186} INFO - Started process (PID=114346) to work on /home/alefpa/codigos/breweriesDB/venv/lib/python3.10/site-packages/airflow/example_dags/example_latest_only_with_trigger.py
[2024-12-09T18:36:52.140-0300] {processor.py:914} INFO - Processing file /home/alefpa/codigos/breweriesDB/venv/lib/python3.10/site-packages/airflow/example_dags/example_latest_only_with_trigger.py for tasks to queue
[2024-12-09T18:36:52.142-0300] {logging_mixin.py:190} INFO - [2024-12-09T18:36:52.142-0300] {dagbag.py:588} INFO - Filling up the DagBag from /home/alefpa/codigos/breweriesDB/venv/lib/python3.10/site-packages/airflow/example_dags/example_latest_only_with_trigger.py
[2024-12-09T18:36:52.148-0300] {processor.py:925} INFO - DAG(s) 'latest_only_with_trigger' retrieved from /home/alefpa/codigos/breweriesDB/venv/lib/python3.10/site-packages/airflow/example_dags/example_latest_only_with_trigger.py
[2024-12-09T18:36:52.253-0300] {logging_mixin.py:190} INFO - [2024-12-09T18:36:52.252-0300] {override.py:1911} INFO - Created Permission View: can read on DAG:latest_only_with_trigger
[2024-12-09T18:36:52.266-0300] {logging_mixin.py:190} INFO - [2024-12-09T18:36:52.266-0300] {override.py:1911} INFO - Created Permission View: can delete on DAG:latest_only_with_trigger
[2024-12-09T18:36:52.282-0300] {logging_mixin.py:190} INFO - [2024-12-09T18:36:52.282-0300] {override.py:1911} INFO - Created Permission View: can edit on DAG:latest_only_with_trigger
[2024-12-09T18:36:52.301-0300] {logging_mixin.py:190} INFO - [2024-12-09T18:36:52.301-0300] {override.py:1911} INFO - Created Permission View: can read on DAG Run:latest_only_with_trigger
[2024-12-09T18:36:52.312-0300] {logging_mixin.py:190} INFO - [2024-12-09T18:36:52.312-0300] {override.py:1911} INFO - Created Permission View: menu access on DAG Run:latest_only_with_trigger
[2024-12-09T18:36:52.323-0300] {logging_mixin.py:190} INFO - [2024-12-09T18:36:52.323-0300] {override.py:1911} INFO - Created Permission View: can create on DAG Run:latest_only_with_trigger
[2024-12-09T18:36:52.335-0300] {logging_mixin.py:190} INFO - [2024-12-09T18:36:52.335-0300] {override.py:1911} INFO - Created Permission View: can delete on DAG Run:latest_only_with_trigger
[2024-12-09T18:36:52.336-0300] {logging_mixin.py:190} INFO - [2024-12-09T18:36:52.336-0300] {dag.py:3239} INFO - Sync 1 DAGs
[2024-12-09T18:36:52.347-0300] {logging_mixin.py:190} INFO - [2024-12-09T18:36:52.347-0300] {dag.py:3262} INFO - Creating ORM DAG for latest_only_with_trigger
[2024-12-09T18:36:52.356-0300] {logging_mixin.py:190} INFO - [2024-12-09T18:36:52.355-0300] {dag.py:4180} INFO - Setting next_dagrun for latest_only_with_trigger to 2024-12-09 16:00:00+00:00, run_after=2024-12-09 20:00:00+00:00
[2024-12-09T18:36:52.388-0300] {processor.py:208} INFO - Processing /home/alefpa/codigos/breweriesDB/venv/lib/python3.10/site-packages/airflow/example_dags/example_latest_only_with_trigger.py took 0.253 seconds
[2024-12-09T18:46:51.563-0300] {processor.py:186} INFO - Started process (PID=117060) to work on /home/alefpa/codigos/breweriesDB/venv/lib/python3.10/site-packages/airflow/example_dags/example_latest_only_with_trigger.py
[2024-12-09T18:46:51.564-0300] {processor.py:914} INFO - Processing file /home/alefpa/codigos/breweriesDB/venv/lib/python3.10/site-packages/airflow/example_dags/example_latest_only_with_trigger.py for tasks to queue
[2024-12-09T18:46:51.568-0300] {logging_mixin.py:190} INFO - [2024-12-09T18:46:51.567-0300] {dagbag.py:588} INFO - Filling up the DagBag from /home/alefpa/codigos/breweriesDB/venv/lib/python3.10/site-packages/airflow/example_dags/example_latest_only_with_trigger.py
[2024-12-09T18:46:51.573-0300] {processor.py:925} INFO - DAG(s) 'latest_only_with_trigger' retrieved from /home/alefpa/codigos/breweriesDB/venv/lib/python3.10/site-packages/airflow/example_dags/example_latest_only_with_trigger.py
[2024-12-09T18:46:51.586-0300] {logging_mixin.py:190} INFO - [2024-12-09T18:46:51.586-0300] {dag.py:3239} INFO - Sync 1 DAGs
[2024-12-09T18:46:51.600-0300] {logging_mixin.py:190} INFO - [2024-12-09T18:46:51.600-0300] {dag.py:4180} INFO - Setting next_dagrun for latest_only_with_trigger to 2024-12-09 16:00:00+00:00, run_after=2024-12-09 20:00:00+00:00
[2024-12-09T18:46:51.627-0300] {processor.py:208} INFO - Processing /home/alefpa/codigos/breweriesDB/venv/lib/python3.10/site-packages/airflow/example_dags/example_latest_only_with_trigger.py took 0.069 seconds
[2024-12-09T18:49:53.485-0300] {processor.py:186} INFO - Started process (PID=117917) to work on /home/alefpa/codigos/breweriesDB/venv/lib/python3.10/site-packages/airflow/example_dags/example_latest_only_with_trigger.py
[2024-12-09T18:49:53.487-0300] {processor.py:914} INFO - Processing file /home/alefpa/codigos/breweriesDB/venv/lib/python3.10/site-packages/airflow/example_dags/example_latest_only_with_trigger.py for tasks to queue
[2024-12-09T18:49:53.489-0300] {logging_mixin.py:190} INFO - [2024-12-09T18:49:53.489-0300] {dagbag.py:588} INFO - Filling up the DagBag from /home/alefpa/codigos/breweriesDB/venv/lib/python3.10/site-packages/airflow/example_dags/example_latest_only_with_trigger.py
[2024-12-09T18:49:53.496-0300] {processor.py:925} INFO - DAG(s) 'latest_only_with_trigger' retrieved from /home/alefpa/codigos/breweriesDB/venv/lib/python3.10/site-packages/airflow/example_dags/example_latest_only_with_trigger.py
[2024-12-09T18:49:53.571-0300] {logging_mixin.py:190} INFO - [2024-12-09T18:49:53.570-0300] {override.py:1911} INFO - Created Permission View: can edit on DAG:latest_only_with_trigger
[2024-12-09T18:49:53.583-0300] {logging_mixin.py:190} INFO - [2024-12-09T18:49:53.582-0300] {override.py:1911} INFO - Created Permission View: can delete on DAG:latest_only_with_trigger
[2024-12-09T18:49:53.593-0300] {logging_mixin.py:190} INFO - [2024-12-09T18:49:53.593-0300] {override.py:1911} INFO - Created Permission View: can read on DAG:latest_only_with_trigger
[2024-12-09T18:49:53.610-0300] {logging_mixin.py:190} INFO - [2024-12-09T18:49:53.609-0300] {override.py:1911} INFO - Created Permission View: can delete on DAG Run:latest_only_with_trigger
[2024-12-09T18:49:53.619-0300] {logging_mixin.py:190} INFO - [2024-12-09T18:49:53.619-0300] {override.py:1911} INFO - Created Permission View: menu access on DAG Run:latest_only_with_trigger
[2024-12-09T18:49:53.629-0300] {logging_mixin.py:190} INFO - [2024-12-09T18:49:53.628-0300] {override.py:1911} INFO - Created Permission View: can read on DAG Run:latest_only_with_trigger
[2024-12-09T18:49:53.639-0300] {logging_mixin.py:190} INFO - [2024-12-09T18:49:53.638-0300] {override.py:1911} INFO - Created Permission View: can create on DAG Run:latest_only_with_trigger
[2024-12-09T18:49:53.639-0300] {logging_mixin.py:190} INFO - [2024-12-09T18:49:53.639-0300] {dag.py:3239} INFO - Sync 1 DAGs
[2024-12-09T18:49:53.648-0300] {logging_mixin.py:190} INFO - [2024-12-09T18:49:53.647-0300] {dag.py:3262} INFO - Creating ORM DAG for latest_only_with_trigger
[2024-12-09T18:49:53.654-0300] {logging_mixin.py:190} INFO - [2024-12-09T18:49:53.653-0300] {dag.py:4180} INFO - Setting next_dagrun for latest_only_with_trigger to 2024-12-09 16:00:00+00:00, run_after=2024-12-09 20:00:00+00:00
[2024-12-09T18:49:53.672-0300] {processor.py:208} INFO - Processing /home/alefpa/codigos/breweriesDB/venv/lib/python3.10/site-packages/airflow/example_dags/example_latest_only_with_trigger.py took 0.191 seconds
[2024-12-09T18:50:59.400-0300] {processor.py:186} INFO - Started process (PID=118228) to work on /home/alefpa/codigos/breweriesDB/venv/lib/python3.10/site-packages/airflow/example_dags/example_latest_only_with_trigger.py
[2024-12-09T18:50:59.417-0300] {processor.py:914} INFO - Processing file /home/alefpa/codigos/breweriesDB/venv/lib/python3.10/site-packages/airflow/example_dags/example_latest_only_with_trigger.py for tasks to queue
[2024-12-09T18:50:59.420-0300] {logging_mixin.py:190} INFO - [2024-12-09T18:50:59.420-0300] {dagbag.py:588} INFO - Filling up the DagBag from /home/alefpa/codigos/breweriesDB/venv/lib/python3.10/site-packages/airflow/example_dags/example_latest_only_with_trigger.py
[2024-12-09T18:50:59.426-0300] {processor.py:925} INFO - DAG(s) 'latest_only_with_trigger' retrieved from /home/alefpa/codigos/breweriesDB/venv/lib/python3.10/site-packages/airflow/example_dags/example_latest_only_with_trigger.py
[2024-12-09T18:50:59.439-0300] {logging_mixin.py:190} INFO - [2024-12-09T18:50:59.439-0300] {dag.py:3239} INFO - Sync 1 DAGs
[2024-12-09T18:50:59.455-0300] {logging_mixin.py:190} INFO - [2024-12-09T18:50:59.455-0300] {dag.py:4180} INFO - Setting next_dagrun for latest_only_with_trigger to 2024-12-09 16:00:00+00:00, run_after=2024-12-09 20:00:00+00:00
[2024-12-09T18:50:59.477-0300] {processor.py:208} INFO - Processing /home/alefpa/codigos/breweriesDB/venv/lib/python3.10/site-packages/airflow/example_dags/example_latest_only_with_trigger.py took 0.082 seconds
[2024-12-09T18:52:10.681-0300] {processor.py:186} INFO - Started process (PID=118610) to work on /home/alefpa/codigos/breweriesDB/venv/lib/python3.10/site-packages/airflow/example_dags/example_latest_only_with_trigger.py
[2024-12-09T18:52:10.698-0300] {processor.py:914} INFO - Processing file /home/alefpa/codigos/breweriesDB/venv/lib/python3.10/site-packages/airflow/example_dags/example_latest_only_with_trigger.py for tasks to queue
[2024-12-09T18:52:10.701-0300] {logging_mixin.py:190} INFO - [2024-12-09T18:52:10.701-0300] {dagbag.py:588} INFO - Filling up the DagBag from /home/alefpa/codigos/breweriesDB/venv/lib/python3.10/site-packages/airflow/example_dags/example_latest_only_with_trigger.py
[2024-12-09T18:52:10.706-0300] {processor.py:925} INFO - DAG(s) 'latest_only_with_trigger' retrieved from /home/alefpa/codigos/breweriesDB/venv/lib/python3.10/site-packages/airflow/example_dags/example_latest_only_with_trigger.py
[2024-12-09T18:52:10.719-0300] {logging_mixin.py:190} INFO - [2024-12-09T18:52:10.719-0300] {dag.py:3239} INFO - Sync 1 DAGs
[2024-12-09T18:52:10.734-0300] {logging_mixin.py:190} INFO - [2024-12-09T18:52:10.734-0300] {dag.py:4180} INFO - Setting next_dagrun for latest_only_with_trigger to 2024-12-09 16:00:00+00:00, run_after=2024-12-09 20:00:00+00:00
[2024-12-09T18:52:10.755-0300] {processor.py:208} INFO - Processing /home/alefpa/codigos/breweriesDB/venv/lib/python3.10/site-packages/airflow/example_dags/example_latest_only_with_trigger.py took 0.078 seconds
[2024-12-09T18:53:10.794-0300] {processor.py:186} INFO - Started process (PID=118900) to work on /home/alefpa/codigos/breweriesDB/venv/lib/python3.10/site-packages/airflow/example_dags/example_latest_only_with_trigger.py
[2024-12-09T18:53:10.796-0300] {processor.py:914} INFO - Processing file /home/alefpa/codigos/breweriesDB/venv/lib/python3.10/site-packages/airflow/example_dags/example_latest_only_with_trigger.py for tasks to queue
[2024-12-09T18:53:10.798-0300] {logging_mixin.py:190} INFO - [2024-12-09T18:53:10.798-0300] {dagbag.py:588} INFO - Filling up the DagBag from /home/alefpa/codigos/breweriesDB/venv/lib/python3.10/site-packages/airflow/example_dags/example_latest_only_with_trigger.py
[2024-12-09T18:53:10.806-0300] {processor.py:925} INFO - DAG(s) 'latest_only_with_trigger' retrieved from /home/alefpa/codigos/breweriesDB/venv/lib/python3.10/site-packages/airflow/example_dags/example_latest_only_with_trigger.py
[2024-12-09T18:53:10.819-0300] {logging_mixin.py:190} INFO - [2024-12-09T18:53:10.818-0300] {dag.py:3239} INFO - Sync 1 DAGs
[2024-12-09T18:53:10.834-0300] {logging_mixin.py:190} INFO - [2024-12-09T18:53:10.834-0300] {dag.py:4180} INFO - Setting next_dagrun for latest_only_with_trigger to 2024-12-09 16:00:00+00:00, run_after=2024-12-09 20:00:00+00:00
[2024-12-09T18:53:10.854-0300] {processor.py:208} INFO - Processing /home/alefpa/codigos/breweriesDB/venv/lib/python3.10/site-packages/airflow/example_dags/example_latest_only_with_trigger.py took 0.066 seconds
[2024-12-09T18:54:43.811-0300] {processor.py:186} INFO - Started process (PID=119394) to work on /home/alefpa/codigos/breweriesDB/venv/lib/python3.10/site-packages/airflow/example_dags/example_latest_only_with_trigger.py
[2024-12-09T18:54:43.812-0300] {processor.py:914} INFO - Processing file /home/alefpa/codigos/breweriesDB/venv/lib/python3.10/site-packages/airflow/example_dags/example_latest_only_with_trigger.py for tasks to queue
[2024-12-09T18:54:43.817-0300] {logging_mixin.py:190} INFO - [2024-12-09T18:54:43.816-0300] {dagbag.py:588} INFO - Filling up the DagBag from /home/alefpa/codigos/breweriesDB/venv/lib/python3.10/site-packages/airflow/example_dags/example_latest_only_with_trigger.py
[2024-12-09T18:54:43.824-0300] {processor.py:925} INFO - DAG(s) 'latest_only_with_trigger' retrieved from /home/alefpa/codigos/breweriesDB/venv/lib/python3.10/site-packages/airflow/example_dags/example_latest_only_with_trigger.py
[2024-12-09T18:54:43.840-0300] {logging_mixin.py:190} INFO - [2024-12-09T18:54:43.840-0300] {dag.py:3239} INFO - Sync 1 DAGs
[2024-12-09T18:54:43.860-0300] {logging_mixin.py:190} INFO - [2024-12-09T18:54:43.860-0300] {dag.py:4180} INFO - Setting next_dagrun for latest_only_with_trigger to 2024-12-09 16:00:00+00:00, run_after=2024-12-09 20:00:00+00:00
[2024-12-09T18:54:43.884-0300] {processor.py:208} INFO - Processing /home/alefpa/codigos/breweriesDB/venv/lib/python3.10/site-packages/airflow/example_dags/example_latest_only_with_trigger.py took 0.078 seconds
[2024-12-09T18:55:43.962-0300] {processor.py:186} INFO - Started process (PID=119688) to work on /home/alefpa/codigos/breweriesDB/venv/lib/python3.10/site-packages/airflow/example_dags/example_latest_only_with_trigger.py
[2024-12-09T18:55:43.978-0300] {processor.py:914} INFO - Processing file /home/alefpa/codigos/breweriesDB/venv/lib/python3.10/site-packages/airflow/example_dags/example_latest_only_with_trigger.py for tasks to queue
[2024-12-09T18:55:43.981-0300] {logging_mixin.py:190} INFO - [2024-12-09T18:55:43.981-0300] {dagbag.py:588} INFO - Filling up the DagBag from /home/alefpa/codigos/breweriesDB/venv/lib/python3.10/site-packages/airflow/example_dags/example_latest_only_with_trigger.py
[2024-12-09T18:55:43.987-0300] {processor.py:925} INFO - DAG(s) 'latest_only_with_trigger' retrieved from /home/alefpa/codigos/breweriesDB/venv/lib/python3.10/site-packages/airflow/example_dags/example_latest_only_with_trigger.py
[2024-12-09T18:55:44.000-0300] {logging_mixin.py:190} INFO - [2024-12-09T18:55:43.999-0300] {dag.py:3239} INFO - Sync 1 DAGs
[2024-12-09T18:55:44.016-0300] {logging_mixin.py:190} INFO - [2024-12-09T18:55:44.016-0300] {dag.py:4180} INFO - Setting next_dagrun for latest_only_with_trigger to 2024-12-09 16:00:00+00:00, run_after=2024-12-09 20:00:00+00:00
[2024-12-09T18:55:44.036-0300] {processor.py:208} INFO - Processing /home/alefpa/codigos/breweriesDB/venv/lib/python3.10/site-packages/airflow/example_dags/example_latest_only_with_trigger.py took 0.079 seconds
[2024-12-09T18:56:44.193-0300] {processor.py:186} INFO - Started process (PID=120016) to work on /home/alefpa/codigos/breweriesDB/venv/lib/python3.10/site-packages/airflow/example_dags/example_latest_only_with_trigger.py
[2024-12-09T18:56:44.194-0300] {processor.py:914} INFO - Processing file /home/alefpa/codigos/breweriesDB/venv/lib/python3.10/site-packages/airflow/example_dags/example_latest_only_with_trigger.py for tasks to queue
[2024-12-09T18:56:44.197-0300] {logging_mixin.py:190} INFO - [2024-12-09T18:56:44.197-0300] {dagbag.py:588} INFO - Filling up the DagBag from /home/alefpa/codigos/breweriesDB/venv/lib/python3.10/site-packages/airflow/example_dags/example_latest_only_with_trigger.py
[2024-12-09T18:56:44.203-0300] {processor.py:925} INFO - DAG(s) 'latest_only_with_trigger' retrieved from /home/alefpa/codigos/breweriesDB/venv/lib/python3.10/site-packages/airflow/example_dags/example_latest_only_with_trigger.py
[2024-12-09T18:56:44.216-0300] {logging_mixin.py:190} INFO - [2024-12-09T18:56:44.216-0300] {dag.py:3239} INFO - Sync 1 DAGs
[2024-12-09T18:56:44.232-0300] {logging_mixin.py:190} INFO - [2024-12-09T18:56:44.232-0300] {dag.py:4180} INFO - Setting next_dagrun for latest_only_with_trigger to 2024-12-09 16:00:00+00:00, run_after=2024-12-09 20:00:00+00:00
[2024-12-09T18:56:44.253-0300] {processor.py:208} INFO - Processing /home/alefpa/codigos/breweriesDB/venv/lib/python3.10/site-packages/airflow/example_dags/example_latest_only_with_trigger.py took 0.065 seconds
[2024-12-09T18:58:00.007-0300] {processor.py:186} INFO - Started process (PID=120421) to work on /home/alefpa/codigos/breweriesDB/venv/lib/python3.10/site-packages/airflow/example_dags/example_latest_only_with_trigger.py
[2024-12-09T18:58:00.008-0300] {processor.py:914} INFO - Processing file /home/alefpa/codigos/breweriesDB/venv/lib/python3.10/site-packages/airflow/example_dags/example_latest_only_with_trigger.py for tasks to queue
[2024-12-09T18:58:00.013-0300] {logging_mixin.py:190} INFO - [2024-12-09T18:58:00.013-0300] {dagbag.py:588} INFO - Filling up the DagBag from /home/alefpa/codigos/breweriesDB/venv/lib/python3.10/site-packages/airflow/example_dags/example_latest_only_with_trigger.py
[2024-12-09T18:58:00.020-0300] {processor.py:925} INFO - DAG(s) 'latest_only_with_trigger' retrieved from /home/alefpa/codigos/breweriesDB/venv/lib/python3.10/site-packages/airflow/example_dags/example_latest_only_with_trigger.py
[2024-12-09T18:58:00.033-0300] {logging_mixin.py:190} INFO - [2024-12-09T18:58:00.033-0300] {dag.py:3239} INFO - Sync 1 DAGs
[2024-12-09T18:58:00.047-0300] {logging_mixin.py:190} INFO - [2024-12-09T18:58:00.047-0300] {dag.py:4180} INFO - Setting next_dagrun for latest_only_with_trigger to 2024-12-09 16:00:00+00:00, run_after=2024-12-09 20:00:00+00:00
[2024-12-09T18:58:00.066-0300] {processor.py:208} INFO - Processing /home/alefpa/codigos/breweriesDB/venv/lib/python3.10/site-packages/airflow/example_dags/example_latest_only_with_trigger.py took 0.066 seconds
