[2024-12-09T18:50:07.424-0300] {processor.py:186} INFO - Started process (PID=117988) to work on /home/alefpa/codigos/breweriesDB/venv/lib/python3.10/site-packages/airflow/example_dags/example_inlet_event_extra.py
[2024-12-09T18:50:07.425-0300] {processor.py:914} INFO - Processing file /home/alefpa/codigos/breweriesDB/venv/lib/python3.10/site-packages/airflow/example_dags/example_inlet_event_extra.py for tasks to queue
[2024-12-09T18:50:07.427-0300] {logging_mixin.py:190} INFO - [2024-12-09T18:50:07.427-0300] {dagbag.py:588} INFO - Filling up the DagBag from /home/alefpa/codigos/breweriesDB/venv/lib/python3.10/site-packages/airflow/example_dags/example_inlet_event_extra.py
[2024-12-09T18:50:07.437-0300] {processor.py:925} INFO - DAG(s) 'read_dataset_event', 'read_dataset_event_from_classic' retrieved from /home/alefpa/codigos/breweriesDB/venv/lib/python3.10/site-packages/airflow/example_dags/example_inlet_event_extra.py
[2024-12-09T18:50:07.531-0300] {logging_mixin.py:190} INFO - [2024-12-09T18:50:07.530-0300] {override.py:1911} INFO - Created Permission View: can edit on DAG:read_dataset_event
[2024-12-09T18:50:07.544-0300] {logging_mixin.py:190} INFO - [2024-12-09T18:50:07.544-0300] {override.py:1911} INFO - Created Permission View: can delete on DAG:read_dataset_event
[2024-12-09T18:50:07.554-0300] {logging_mixin.py:190} INFO - [2024-12-09T18:50:07.554-0300] {override.py:1911} INFO - Created Permission View: can read on DAG:read_dataset_event
[2024-12-09T18:50:07.572-0300] {logging_mixin.py:190} INFO - [2024-12-09T18:50:07.572-0300] {override.py:1911} INFO - Created Permission View: can delete on DAG Run:read_dataset_event
[2024-12-09T18:50:07.582-0300] {logging_mixin.py:190} INFO - [2024-12-09T18:50:07.582-0300] {override.py:1911} INFO - Created Permission View: menu access on DAG Run:read_dataset_event
[2024-12-09T18:50:07.592-0300] {logging_mixin.py:190} INFO - [2024-12-09T18:50:07.591-0300] {override.py:1911} INFO - Created Permission View: can read on DAG Run:read_dataset_event
[2024-12-09T18:50:07.602-0300] {logging_mixin.py:190} INFO - [2024-12-09T18:50:07.602-0300] {override.py:1911} INFO - Created Permission View: can create on DAG Run:read_dataset_event
[2024-12-09T18:50:07.622-0300] {logging_mixin.py:190} INFO - [2024-12-09T18:50:07.622-0300] {override.py:1911} INFO - Created Permission View: can edit on DAG:read_dataset_event_from_classic
[2024-12-09T18:50:07.632-0300] {logging_mixin.py:190} INFO - [2024-12-09T18:50:07.632-0300] {override.py:1911} INFO - Created Permission View: can delete on DAG:read_dataset_event_from_classic
[2024-12-09T18:50:07.642-0300] {logging_mixin.py:190} INFO - [2024-12-09T18:50:07.641-0300] {override.py:1911} INFO - Created Permission View: can read on DAG:read_dataset_event_from_classic
[2024-12-09T18:50:07.658-0300] {logging_mixin.py:190} INFO - [2024-12-09T18:50:07.658-0300] {override.py:1911} INFO - Created Permission View: can delete on DAG Run:read_dataset_event_from_classic
[2024-12-09T18:50:07.668-0300] {logging_mixin.py:190} INFO - [2024-12-09T18:50:07.668-0300] {override.py:1911} INFO - Created Permission View: menu access on DAG Run:read_dataset_event_from_classic
[2024-12-09T18:50:07.678-0300] {logging_mixin.py:190} INFO - [2024-12-09T18:50:07.678-0300] {override.py:1911} INFO - Created Permission View: can read on DAG Run:read_dataset_event_from_classic
[2024-12-09T18:50:07.692-0300] {logging_mixin.py:190} INFO - [2024-12-09T18:50:07.692-0300] {override.py:1911} INFO - Created Permission View: can create on DAG Run:read_dataset_event_from_classic
[2024-12-09T18:50:07.692-0300] {logging_mixin.py:190} INFO - [2024-12-09T18:50:07.692-0300] {dag.py:3239} INFO - Sync 2 DAGs
[2024-12-09T18:50:07.702-0300] {logging_mixin.py:190} INFO - [2024-12-09T18:50:07.701-0300] {dag.py:3262} INFO - Creating ORM DAG for read_dataset_event_from_classic
[2024-12-09T18:50:07.702-0300] {logging_mixin.py:190} INFO - [2024-12-09T18:50:07.702-0300] {dag.py:3262} INFO - Creating ORM DAG for read_dataset_event
[2024-12-09T18:50:07.710-0300] {logging_mixin.py:190} INFO - [2024-12-09T18:50:07.710-0300] {dag.py:4180} INFO - Setting next_dagrun for read_dataset_event to 2024-12-08 00:00:00+00:00, run_after=2024-12-09 00:00:00+00:00
[2024-12-09T18:50:07.712-0300] {logging_mixin.py:190} INFO - [2024-12-09T18:50:07.711-0300] {dag.py:4180} INFO - Setting next_dagrun for read_dataset_event_from_classic to 2024-12-08 00:00:00+00:00, run_after=2024-12-09 00:00:00+00:00
[2024-12-09T18:50:07.733-0300] {processor.py:208} INFO - Processing /home/alefpa/codigos/breweriesDB/venv/lib/python3.10/site-packages/airflow/example_dags/example_inlet_event_extra.py took 0.313 seconds
[2024-12-09T18:51:17.126-0300] {processor.py:186} INFO - Started process (PID=118322) to work on /home/alefpa/codigos/breweriesDB/venv/lib/python3.10/site-packages/airflow/example_dags/example_inlet_event_extra.py
[2024-12-09T18:51:17.127-0300] {processor.py:914} INFO - Processing file /home/alefpa/codigos/breweriesDB/venv/lib/python3.10/site-packages/airflow/example_dags/example_inlet_event_extra.py for tasks to queue
[2024-12-09T18:51:17.130-0300] {logging_mixin.py:190} INFO - [2024-12-09T18:51:17.130-0300] {dagbag.py:588} INFO - Filling up the DagBag from /home/alefpa/codigos/breweriesDB/venv/lib/python3.10/site-packages/airflow/example_dags/example_inlet_event_extra.py
[2024-12-09T18:51:17.148-0300] {processor.py:925} INFO - DAG(s) 'read_dataset_event_from_classic', 'read_dataset_event' retrieved from /home/alefpa/codigos/breweriesDB/venv/lib/python3.10/site-packages/airflow/example_dags/example_inlet_event_extra.py
[2024-12-09T18:51:17.169-0300] {logging_mixin.py:190} INFO - [2024-12-09T18:51:17.169-0300] {dag.py:3239} INFO - Sync 2 DAGs
[2024-12-09T18:51:17.187-0300] {logging_mixin.py:190} INFO - [2024-12-09T18:51:17.187-0300] {dag.py:4180} INFO - Setting next_dagrun for read_dataset_event to 2024-12-08 00:00:00+00:00, run_after=2024-12-09 00:00:00+00:00
[2024-12-09T18:51:17.191-0300] {logging_mixin.py:190} INFO - [2024-12-09T18:51:17.191-0300] {dag.py:4180} INFO - Setting next_dagrun for read_dataset_event_from_classic to 2024-12-08 00:00:00+00:00, run_after=2024-12-09 00:00:00+00:00
[2024-12-09T18:51:17.209-0300] {processor.py:208} INFO - Processing /home/alefpa/codigos/breweriesDB/venv/lib/python3.10/site-packages/airflow/example_dags/example_inlet_event_extra.py took 0.095 seconds
[2024-12-09T18:52:23.235-0300] {processor.py:186} INFO - Started process (PID=118670) to work on /home/alefpa/codigos/breweriesDB/venv/lib/python3.10/site-packages/airflow/example_dags/example_inlet_event_extra.py
[2024-12-09T18:52:23.251-0300] {processor.py:914} INFO - Processing file /home/alefpa/codigos/breweriesDB/venv/lib/python3.10/site-packages/airflow/example_dags/example_inlet_event_extra.py for tasks to queue
[2024-12-09T18:52:23.253-0300] {logging_mixin.py:190} INFO - [2024-12-09T18:52:23.252-0300] {dagbag.py:588} INFO - Filling up the DagBag from /home/alefpa/codigos/breweriesDB/venv/lib/python3.10/site-packages/airflow/example_dags/example_inlet_event_extra.py
[2024-12-09T18:52:23.263-0300] {processor.py:925} INFO - DAG(s) 'read_dataset_event_from_classic', 'read_dataset_event' retrieved from /home/alefpa/codigos/breweriesDB/venv/lib/python3.10/site-packages/airflow/example_dags/example_inlet_event_extra.py
[2024-12-09T18:52:23.277-0300] {logging_mixin.py:190} INFO - [2024-12-09T18:52:23.276-0300] {dag.py:3239} INFO - Sync 2 DAGs
[2024-12-09T18:52:23.293-0300] {logging_mixin.py:190} INFO - [2024-12-09T18:52:23.293-0300] {dag.py:4180} INFO - Setting next_dagrun for read_dataset_event to 2024-12-08 00:00:00+00:00, run_after=2024-12-09 00:00:00+00:00
[2024-12-09T18:52:23.296-0300] {logging_mixin.py:190} INFO - [2024-12-09T18:52:23.296-0300] {dag.py:4180} INFO - Setting next_dagrun for read_dataset_event_from_classic to 2024-12-08 00:00:00+00:00, run_after=2024-12-09 00:00:00+00:00
[2024-12-09T18:52:23.313-0300] {processor.py:208} INFO - Processing /home/alefpa/codigos/breweriesDB/venv/lib/python3.10/site-packages/airflow/example_dags/example_inlet_event_extra.py took 0.083 seconds
[2024-12-09T18:53:23.360-0300] {processor.py:186} INFO - Started process (PID=118965) to work on /home/alefpa/codigos/breweriesDB/venv/lib/python3.10/site-packages/airflow/example_dags/example_inlet_event_extra.py
[2024-12-09T18:53:23.376-0300] {processor.py:914} INFO - Processing file /home/alefpa/codigos/breweriesDB/venv/lib/python3.10/site-packages/airflow/example_dags/example_inlet_event_extra.py for tasks to queue
[2024-12-09T18:53:23.377-0300] {logging_mixin.py:190} INFO - [2024-12-09T18:53:23.377-0300] {dagbag.py:588} INFO - Filling up the DagBag from /home/alefpa/codigos/breweriesDB/venv/lib/python3.10/site-packages/airflow/example_dags/example_inlet_event_extra.py
[2024-12-09T18:53:23.389-0300] {processor.py:925} INFO - DAG(s) 'read_dataset_event_from_classic', 'read_dataset_event' retrieved from /home/alefpa/codigos/breweriesDB/venv/lib/python3.10/site-packages/airflow/example_dags/example_inlet_event_extra.py
[2024-12-09T18:53:23.404-0300] {logging_mixin.py:190} INFO - [2024-12-09T18:53:23.403-0300] {dag.py:3239} INFO - Sync 2 DAGs
[2024-12-09T18:53:23.421-0300] {logging_mixin.py:190} INFO - [2024-12-09T18:53:23.421-0300] {dag.py:4180} INFO - Setting next_dagrun for read_dataset_event to 2024-12-08 00:00:00+00:00, run_after=2024-12-09 00:00:00+00:00
[2024-12-09T18:53:23.426-0300] {logging_mixin.py:190} INFO - [2024-12-09T18:53:23.425-0300] {dag.py:4180} INFO - Setting next_dagrun for read_dataset_event_from_classic to 2024-12-08 00:00:00+00:00, run_after=2024-12-09 00:00:00+00:00
[2024-12-09T18:53:23.447-0300] {processor.py:208} INFO - Processing /home/alefpa/codigos/breweriesDB/venv/lib/python3.10/site-packages/airflow/example_dags/example_inlet_event_extra.py took 0.093 seconds
[2024-12-09T18:54:56.413-0300] {processor.py:186} INFO - Started process (PID=119455) to work on /home/alefpa/codigos/breweriesDB/venv/lib/python3.10/site-packages/airflow/example_dags/example_inlet_event_extra.py
[2024-12-09T18:54:56.414-0300] {processor.py:914} INFO - Processing file /home/alefpa/codigos/breweriesDB/venv/lib/python3.10/site-packages/airflow/example_dags/example_inlet_event_extra.py for tasks to queue
[2024-12-09T18:54:56.416-0300] {logging_mixin.py:190} INFO - [2024-12-09T18:54:56.415-0300] {dagbag.py:588} INFO - Filling up the DagBag from /home/alefpa/codigos/breweriesDB/venv/lib/python3.10/site-packages/airflow/example_dags/example_inlet_event_extra.py
[2024-12-09T18:54:56.426-0300] {processor.py:925} INFO - DAG(s) 'read_dataset_event', 'read_dataset_event_from_classic' retrieved from /home/alefpa/codigos/breweriesDB/venv/lib/python3.10/site-packages/airflow/example_dags/example_inlet_event_extra.py
[2024-12-09T18:54:56.441-0300] {logging_mixin.py:190} INFO - [2024-12-09T18:54:56.441-0300] {dag.py:3239} INFO - Sync 2 DAGs
[2024-12-09T18:54:56.457-0300] {logging_mixin.py:190} INFO - [2024-12-09T18:54:56.457-0300] {dag.py:4180} INFO - Setting next_dagrun for read_dataset_event to 2024-12-08 00:00:00+00:00, run_after=2024-12-09 00:00:00+00:00
[2024-12-09T18:54:56.461-0300] {logging_mixin.py:190} INFO - [2024-12-09T18:54:56.460-0300] {dag.py:4180} INFO - Setting next_dagrun for read_dataset_event_from_classic to 2024-12-08 00:00:00+00:00, run_after=2024-12-09 00:00:00+00:00
[2024-12-09T18:54:56.479-0300] {processor.py:208} INFO - Processing /home/alefpa/codigos/breweriesDB/venv/lib/python3.10/site-packages/airflow/example_dags/example_inlet_event_extra.py took 0.070 seconds
[2024-12-09T18:55:57.151-0300] {processor.py:186} INFO - Started process (PID=119753) to work on /home/alefpa/codigos/breweriesDB/venv/lib/python3.10/site-packages/airflow/example_dags/example_inlet_event_extra.py
[2024-12-09T18:55:57.152-0300] {processor.py:914} INFO - Processing file /home/alefpa/codigos/breweriesDB/venv/lib/python3.10/site-packages/airflow/example_dags/example_inlet_event_extra.py for tasks to queue
[2024-12-09T18:55:57.154-0300] {logging_mixin.py:190} INFO - [2024-12-09T18:55:57.153-0300] {dagbag.py:588} INFO - Filling up the DagBag from /home/alefpa/codigos/breweriesDB/venv/lib/python3.10/site-packages/airflow/example_dags/example_inlet_event_extra.py
[2024-12-09T18:55:57.168-0300] {processor.py:925} INFO - DAG(s) 'read_dataset_event', 'read_dataset_event_from_classic' retrieved from /home/alefpa/codigos/breweriesDB/venv/lib/python3.10/site-packages/airflow/example_dags/example_inlet_event_extra.py
[2024-12-09T18:55:57.185-0300] {logging_mixin.py:190} INFO - [2024-12-09T18:55:57.185-0300] {dag.py:3239} INFO - Sync 2 DAGs
[2024-12-09T18:55:57.207-0300] {logging_mixin.py:190} INFO - [2024-12-09T18:55:57.206-0300] {dag.py:4180} INFO - Setting next_dagrun for read_dataset_event to 2024-12-08 00:00:00+00:00, run_after=2024-12-09 00:00:00+00:00
[2024-12-09T18:55:57.213-0300] {logging_mixin.py:190} INFO - [2024-12-09T18:55:57.212-0300] {dag.py:4180} INFO - Setting next_dagrun for read_dataset_event_from_classic to 2024-12-08 00:00:00+00:00, run_after=2024-12-09 00:00:00+00:00
[2024-12-09T18:55:57.236-0300] {processor.py:208} INFO - Processing /home/alefpa/codigos/breweriesDB/venv/lib/python3.10/site-packages/airflow/example_dags/example_inlet_event_extra.py took 0.090 seconds
[2024-12-09T18:56:55.608-0300] {processor.py:186} INFO - Started process (PID=120076) to work on /home/alefpa/codigos/breweriesDB/venv/lib/python3.10/site-packages/airflow/example_dags/example_inlet_event_extra.py
[2024-12-09T18:56:55.609-0300] {processor.py:914} INFO - Processing file /home/alefpa/codigos/breweriesDB/venv/lib/python3.10/site-packages/airflow/example_dags/example_inlet_event_extra.py for tasks to queue
[2024-12-09T18:56:55.612-0300] {logging_mixin.py:190} INFO - [2024-12-09T18:56:55.611-0300] {dagbag.py:588} INFO - Filling up the DagBag from /home/alefpa/codigos/breweriesDB/venv/lib/python3.10/site-packages/airflow/example_dags/example_inlet_event_extra.py
[2024-12-09T18:56:55.623-0300] {processor.py:925} INFO - DAG(s) 'read_dataset_event', 'read_dataset_event_from_classic' retrieved from /home/alefpa/codigos/breweriesDB/venv/lib/python3.10/site-packages/airflow/example_dags/example_inlet_event_extra.py
[2024-12-09T18:56:55.639-0300] {logging_mixin.py:190} INFO - [2024-12-09T18:56:55.639-0300] {dag.py:3239} INFO - Sync 2 DAGs
[2024-12-09T18:56:55.659-0300] {logging_mixin.py:190} INFO - [2024-12-09T18:56:55.659-0300] {dag.py:4180} INFO - Setting next_dagrun for read_dataset_event to 2024-12-08 00:00:00+00:00, run_after=2024-12-09 00:00:00+00:00
[2024-12-09T18:56:55.663-0300] {logging_mixin.py:190} INFO - [2024-12-09T18:56:55.663-0300] {dag.py:4180} INFO - Setting next_dagrun for read_dataset_event_from_classic to 2024-12-08 00:00:00+00:00, run_after=2024-12-09 00:00:00+00:00
[2024-12-09T18:56:55.688-0300] {processor.py:208} INFO - Processing /home/alefpa/codigos/breweriesDB/venv/lib/python3.10/site-packages/airflow/example_dags/example_inlet_event_extra.py took 0.085 seconds
