[2024-12-09T18:50:09.123-0300] {processor.py:186} INFO - Started process (PID=117998) to work on /home/alefpa/codigos/breweriesDB/venv/lib/python3.10/site-packages/airflow/example_dags/example_branch_operator_decorator.py
[2024-12-09T18:50:09.124-0300] {processor.py:914} INFO - Processing file /home/alefpa/codigos/breweriesDB/venv/lib/python3.10/site-packages/airflow/example_dags/example_branch_operator_decorator.py for tasks to queue
[2024-12-09T18:50:09.126-0300] {logging_mixin.py:190} INFO - [2024-12-09T18:50:09.125-0300] {dagbag.py:588} INFO - Filling up the DagBag from /home/alefpa/codigos/breweriesDB/venv/lib/python3.10/site-packages/airflow/example_dags/example_branch_operator_decorator.py
[2024-12-09T18:50:09.152-0300] {processor.py:927} WARNING - No viable dags retrieved from /home/alefpa/codigos/breweriesDB/venv/lib/python3.10/site-packages/airflow/example_dags/example_branch_operator_decorator.py
[2024-12-09T18:50:09.160-0300] {processor.py:208} INFO - Processing /home/alefpa/codigos/breweriesDB/venv/lib/python3.10/site-packages/airflow/example_dags/example_branch_operator_decorator.py took 0.043 seconds
[2024-12-09T18:51:18.839-0300] {processor.py:186} INFO - Started process (PID=118327) to work on /home/alefpa/codigos/breweriesDB/venv/lib/python3.10/site-packages/airflow/example_dags/example_branch_operator_decorator.py
[2024-12-09T18:51:18.840-0300] {processor.py:914} INFO - Processing file /home/alefpa/codigos/breweriesDB/venv/lib/python3.10/site-packages/airflow/example_dags/example_branch_operator_decorator.py for tasks to queue
[2024-12-09T18:51:18.842-0300] {logging_mixin.py:190} INFO - [2024-12-09T18:51:18.842-0300] {dagbag.py:588} INFO - Filling up the DagBag from /home/alefpa/codigos/breweriesDB/venv/lib/python3.10/site-packages/airflow/example_dags/example_branch_operator_decorator.py
[2024-12-09T18:51:18.862-0300] {processor.py:927} WARNING - No viable dags retrieved from /home/alefpa/codigos/breweriesDB/venv/lib/python3.10/site-packages/airflow/example_dags/example_branch_operator_decorator.py
[2024-12-09T18:51:18.870-0300] {processor.py:208} INFO - Processing /home/alefpa/codigos/breweriesDB/venv/lib/python3.10/site-packages/airflow/example_dags/example_branch_operator_decorator.py took 0.036 seconds
[2024-12-09T18:52:24.957-0300] {processor.py:186} INFO - Started process (PID=118680) to work on /home/alefpa/codigos/breweriesDB/venv/lib/python3.10/site-packages/airflow/example_dags/example_branch_operator_decorator.py
[2024-12-09T18:52:24.959-0300] {processor.py:914} INFO - Processing file /home/alefpa/codigos/breweriesDB/venv/lib/python3.10/site-packages/airflow/example_dags/example_branch_operator_decorator.py for tasks to queue
[2024-12-09T18:52:24.961-0300] {logging_mixin.py:190} INFO - [2024-12-09T18:52:24.961-0300] {dagbag.py:588} INFO - Filling up the DagBag from /home/alefpa/codigos/breweriesDB/venv/lib/python3.10/site-packages/airflow/example_dags/example_branch_operator_decorator.py
[2024-12-09T18:52:24.984-0300] {processor.py:927} WARNING - No viable dags retrieved from /home/alefpa/codigos/breweriesDB/venv/lib/python3.10/site-packages/airflow/example_dags/example_branch_operator_decorator.py
[2024-12-09T18:52:24.992-0300] {processor.py:208} INFO - Processing /home/alefpa/codigos/breweriesDB/venv/lib/python3.10/site-packages/airflow/example_dags/example_branch_operator_decorator.py took 0.040 seconds
[2024-12-09T18:53:25.080-0300] {processor.py:186} INFO - Started process (PID=118975) to work on /home/alefpa/codigos/breweriesDB/venv/lib/python3.10/site-packages/airflow/example_dags/example_branch_operator_decorator.py
[2024-12-09T18:53:25.097-0300] {processor.py:914} INFO - Processing file /home/alefpa/codigos/breweriesDB/venv/lib/python3.10/site-packages/airflow/example_dags/example_branch_operator_decorator.py for tasks to queue
[2024-12-09T18:53:25.099-0300] {logging_mixin.py:190} INFO - [2024-12-09T18:53:25.098-0300] {dagbag.py:588} INFO - Filling up the DagBag from /home/alefpa/codigos/breweriesDB/venv/lib/python3.10/site-packages/airflow/example_dags/example_branch_operator_decorator.py
[2024-12-09T18:53:25.126-0300] {processor.py:927} WARNING - No viable dags retrieved from /home/alefpa/codigos/breweriesDB/venv/lib/python3.10/site-packages/airflow/example_dags/example_branch_operator_decorator.py
[2024-12-09T18:53:25.134-0300] {processor.py:208} INFO - Processing /home/alefpa/codigos/breweriesDB/venv/lib/python3.10/site-packages/airflow/example_dags/example_branch_operator_decorator.py took 0.059 seconds
[2024-12-09T18:54:58.135-0300] {processor.py:186} INFO - Started process (PID=119458) to work on /home/alefpa/codigos/breweriesDB/venv/lib/python3.10/site-packages/airflow/example_dags/example_branch_operator_decorator.py
[2024-12-09T18:54:58.136-0300] {processor.py:914} INFO - Processing file /home/alefpa/codigos/breweriesDB/venv/lib/python3.10/site-packages/airflow/example_dags/example_branch_operator_decorator.py for tasks to queue
[2024-12-09T18:54:58.138-0300] {logging_mixin.py:190} INFO - [2024-12-09T18:54:58.137-0300] {dagbag.py:588} INFO - Filling up the DagBag from /home/alefpa/codigos/breweriesDB/venv/lib/python3.10/site-packages/airflow/example_dags/example_branch_operator_decorator.py
[2024-12-09T18:54:58.165-0300] {processor.py:927} WARNING - No viable dags retrieved from /home/alefpa/codigos/breweriesDB/venv/lib/python3.10/site-packages/airflow/example_dags/example_branch_operator_decorator.py
[2024-12-09T18:54:58.173-0300] {processor.py:208} INFO - Processing /home/alefpa/codigos/breweriesDB/venv/lib/python3.10/site-packages/airflow/example_dags/example_branch_operator_decorator.py took 0.042 seconds
[2024-12-09T18:55:59.445-0300] {processor.py:186} INFO - Started process (PID=119764) to work on /home/alefpa/codigos/breweriesDB/venv/lib/python3.10/site-packages/airflow/example_dags/example_branch_operator_decorator.py
[2024-12-09T18:55:59.446-0300] {processor.py:914} INFO - Processing file /home/alefpa/codigos/breweriesDB/venv/lib/python3.10/site-packages/airflow/example_dags/example_branch_operator_decorator.py for tasks to queue
[2024-12-09T18:55:59.448-0300] {logging_mixin.py:190} INFO - [2024-12-09T18:55:59.448-0300] {dagbag.py:588} INFO - Filling up the DagBag from /home/alefpa/codigos/breweriesDB/venv/lib/python3.10/site-packages/airflow/example_dags/example_branch_operator_decorator.py
[2024-12-09T18:55:59.473-0300] {processor.py:927} WARNING - No viable dags retrieved from /home/alefpa/codigos/breweriesDB/venv/lib/python3.10/site-packages/airflow/example_dags/example_branch_operator_decorator.py
[2024-12-09T18:55:59.481-0300] {processor.py:208} INFO - Processing /home/alefpa/codigos/breweriesDB/venv/lib/python3.10/site-packages/airflow/example_dags/example_branch_operator_decorator.py took 0.042 seconds
[2024-12-09T18:56:57.882-0300] {processor.py:186} INFO - Started process (PID=120086) to work on /home/alefpa/codigos/breweriesDB/venv/lib/python3.10/site-packages/airflow/example_dags/example_branch_operator_decorator.py
[2024-12-09T18:56:57.899-0300] {processor.py:914} INFO - Processing file /home/alefpa/codigos/breweriesDB/venv/lib/python3.10/site-packages/airflow/example_dags/example_branch_operator_decorator.py for tasks to queue
[2024-12-09T18:56:57.901-0300] {logging_mixin.py:190} INFO - [2024-12-09T18:56:57.901-0300] {dagbag.py:588} INFO - Filling up the DagBag from /home/alefpa/codigos/breweriesDB/venv/lib/python3.10/site-packages/airflow/example_dags/example_branch_operator_decorator.py
[2024-12-09T18:56:57.926-0300] {processor.py:927} WARNING - No viable dags retrieved from /home/alefpa/codigos/breweriesDB/venv/lib/python3.10/site-packages/airflow/example_dags/example_branch_operator_decorator.py
[2024-12-09T18:56:57.933-0300] {processor.py:208} INFO - Processing /home/alefpa/codigos/breweriesDB/venv/lib/python3.10/site-packages/airflow/example_dags/example_branch_operator_decorator.py took 0.056 seconds
