[2024-12-09T18:36:47.897-0300] {processor.py:186} INFO - Started process (PID=114335) to work on /home/alefpa/codigos/breweriesDB/venv/lib/python3.10/site-packages/airflow/example_dags/example_trigger_controller_dag.py
[2024-12-09T18:36:47.898-0300] {processor.py:914} INFO - Processing file /home/alefpa/codigos/breweriesDB/venv/lib/python3.10/site-packages/airflow/example_dags/example_trigger_controller_dag.py for tasks to queue
[2024-12-09T18:36:47.900-0300] {logging_mixin.py:190} INFO - [2024-12-09T18:36:47.900-0300] {dagbag.py:588} INFO - Filling up the DagBag from /home/alefpa/codigos/breweriesDB/venv/lib/python3.10/site-packages/airflow/example_dags/example_trigger_controller_dag.py
[2024-12-09T18:36:47.905-0300] {processor.py:925} INFO - DAG(s) 'example_trigger_controller_dag' retrieved from /home/alefpa/codigos/breweriesDB/venv/lib/python3.10/site-packages/airflow/example_dags/example_trigger_controller_dag.py
[2024-12-09T18:36:47.996-0300] {logging_mixin.py:190} INFO - [2024-12-09T18:36:47.995-0300] {override.py:1911} INFO - Created Permission View: can read on DAG:example_trigger_controller_dag
[2024-12-09T18:36:48.010-0300] {logging_mixin.py:190} INFO - [2024-12-09T18:36:48.009-0300] {override.py:1911} INFO - Created Permission View: can delete on DAG:example_trigger_controller_dag
[2024-12-09T18:36:48.022-0300] {logging_mixin.py:190} INFO - [2024-12-09T18:36:48.022-0300] {override.py:1911} INFO - Created Permission View: can edit on DAG:example_trigger_controller_dag
[2024-12-09T18:36:48.040-0300] {logging_mixin.py:190} INFO - [2024-12-09T18:36:48.040-0300] {override.py:1911} INFO - Created Permission View: can read on DAG Run:example_trigger_controller_dag
[2024-12-09T18:36:48.051-0300] {logging_mixin.py:190} INFO - [2024-12-09T18:36:48.050-0300] {override.py:1911} INFO - Created Permission View: menu access on DAG Run:example_trigger_controller_dag
[2024-12-09T18:36:48.062-0300] {logging_mixin.py:190} INFO - [2024-12-09T18:36:48.062-0300] {override.py:1911} INFO - Created Permission View: can create on DAG Run:example_trigger_controller_dag
[2024-12-09T18:36:48.076-0300] {logging_mixin.py:190} INFO - [2024-12-09T18:36:48.076-0300] {override.py:1911} INFO - Created Permission View: can delete on DAG Run:example_trigger_controller_dag
[2024-12-09T18:36:48.077-0300] {logging_mixin.py:190} INFO - [2024-12-09T18:36:48.077-0300] {dag.py:3239} INFO - Sync 1 DAGs
[2024-12-09T18:36:48.087-0300] {logging_mixin.py:190} INFO - [2024-12-09T18:36:48.086-0300] {dag.py:3262} INFO - Creating ORM DAG for example_trigger_controller_dag
[2024-12-09T18:36:48.095-0300] {logging_mixin.py:190} INFO - [2024-12-09T18:36:48.094-0300] {dag.py:4180} INFO - Setting next_dagrun for example_trigger_controller_dag to 2021-01-01 00:00:00+00:00, run_after=2021-01-01 00:00:00+00:00
[2024-12-09T18:36:48.128-0300] {processor.py:208} INFO - Processing /home/alefpa/codigos/breweriesDB/venv/lib/python3.10/site-packages/airflow/example_dags/example_trigger_controller_dag.py took 0.235 seconds
[2024-12-09T18:46:49.922-0300] {processor.py:186} INFO - Started process (PID=117051) to work on /home/alefpa/codigos/breweriesDB/venv/lib/python3.10/site-packages/airflow/example_dags/example_trigger_controller_dag.py
[2024-12-09T18:46:49.939-0300] {processor.py:914} INFO - Processing file /home/alefpa/codigos/breweriesDB/venv/lib/python3.10/site-packages/airflow/example_dags/example_trigger_controller_dag.py for tasks to queue
[2024-12-09T18:46:49.943-0300] {logging_mixin.py:190} INFO - [2024-12-09T18:46:49.943-0300] {dagbag.py:588} INFO - Filling up the DagBag from /home/alefpa/codigos/breweriesDB/venv/lib/python3.10/site-packages/airflow/example_dags/example_trigger_controller_dag.py
[2024-12-09T18:46:49.948-0300] {processor.py:925} INFO - DAG(s) 'example_trigger_controller_dag' retrieved from /home/alefpa/codigos/breweriesDB/venv/lib/python3.10/site-packages/airflow/example_dags/example_trigger_controller_dag.py
[2024-12-09T18:46:49.960-0300] {logging_mixin.py:190} INFO - [2024-12-09T18:46:49.960-0300] {dag.py:3239} INFO - Sync 1 DAGs
[2024-12-09T18:46:49.976-0300] {logging_mixin.py:190} INFO - [2024-12-09T18:46:49.976-0300] {dag.py:4180} INFO - Setting next_dagrun for example_trigger_controller_dag to 2021-01-01 00:00:00+00:00, run_after=2021-01-01 00:00:00+00:00
[2024-12-09T18:46:50.004-0300] {processor.py:208} INFO - Processing /home/alefpa/codigos/breweriesDB/venv/lib/python3.10/site-packages/airflow/example_dags/example_trigger_controller_dag.py took 0.087 seconds
[2024-12-09T18:49:52.176-0300] {processor.py:186} INFO - Started process (PID=117914) to work on /home/alefpa/codigos/breweriesDB/venv/lib/python3.10/site-packages/airflow/example_dags/example_trigger_controller_dag.py
[2024-12-09T18:49:52.177-0300] {processor.py:914} INFO - Processing file /home/alefpa/codigos/breweriesDB/venv/lib/python3.10/site-packages/airflow/example_dags/example_trigger_controller_dag.py for tasks to queue
[2024-12-09T18:49:52.179-0300] {logging_mixin.py:190} INFO - [2024-12-09T18:49:52.178-0300] {dagbag.py:588} INFO - Filling up the DagBag from /home/alefpa/codigos/breweriesDB/venv/lib/python3.10/site-packages/airflow/example_dags/example_trigger_controller_dag.py
[2024-12-09T18:49:52.184-0300] {processor.py:925} INFO - DAG(s) 'example_trigger_controller_dag' retrieved from /home/alefpa/codigos/breweriesDB/venv/lib/python3.10/site-packages/airflow/example_dags/example_trigger_controller_dag.py
[2024-12-09T18:49:52.261-0300] {logging_mixin.py:190} INFO - [2024-12-09T18:49:52.260-0300] {override.py:1911} INFO - Created Permission View: can edit on DAG:example_trigger_controller_dag
[2024-12-09T18:49:52.272-0300] {logging_mixin.py:190} INFO - [2024-12-09T18:49:52.272-0300] {override.py:1911} INFO - Created Permission View: can delete on DAG:example_trigger_controller_dag
[2024-12-09T18:49:52.282-0300] {logging_mixin.py:190} INFO - [2024-12-09T18:49:52.282-0300] {override.py:1911} INFO - Created Permission View: can read on DAG:example_trigger_controller_dag
[2024-12-09T18:49:52.299-0300] {logging_mixin.py:190} INFO - [2024-12-09T18:49:52.298-0300] {override.py:1911} INFO - Created Permission View: can delete on DAG Run:example_trigger_controller_dag
[2024-12-09T18:49:52.308-0300] {logging_mixin.py:190} INFO - [2024-12-09T18:49:52.308-0300] {override.py:1911} INFO - Created Permission View: menu access on DAG Run:example_trigger_controller_dag
[2024-12-09T18:49:52.318-0300] {logging_mixin.py:190} INFO - [2024-12-09T18:49:52.318-0300] {override.py:1911} INFO - Created Permission View: can read on DAG Run:example_trigger_controller_dag
[2024-12-09T18:49:52.328-0300] {logging_mixin.py:190} INFO - [2024-12-09T18:49:52.328-0300] {override.py:1911} INFO - Created Permission View: can create on DAG Run:example_trigger_controller_dag
[2024-12-09T18:49:52.328-0300] {logging_mixin.py:190} INFO - [2024-12-09T18:49:52.328-0300] {dag.py:3239} INFO - Sync 1 DAGs
[2024-12-09T18:49:52.337-0300] {logging_mixin.py:190} INFO - [2024-12-09T18:49:52.337-0300] {dag.py:3262} INFO - Creating ORM DAG for example_trigger_controller_dag
[2024-12-09T18:49:52.343-0300] {logging_mixin.py:190} INFO - [2024-12-09T18:49:52.342-0300] {dag.py:4180} INFO - Setting next_dagrun for example_trigger_controller_dag to 2021-01-01 00:00:00+00:00, run_after=2021-01-01 00:00:00+00:00
[2024-12-09T18:49:52.362-0300] {processor.py:208} INFO - Processing /home/alefpa/codigos/breweriesDB/venv/lib/python3.10/site-packages/airflow/example_dags/example_trigger_controller_dag.py took 0.191 seconds
[2024-12-09T18:50:58.077-0300] {processor.py:186} INFO - Started process (PID=118219) to work on /home/alefpa/codigos/breweriesDB/venv/lib/python3.10/site-packages/airflow/example_dags/example_trigger_controller_dag.py
[2024-12-09T18:50:58.079-0300] {processor.py:914} INFO - Processing file /home/alefpa/codigos/breweriesDB/venv/lib/python3.10/site-packages/airflow/example_dags/example_trigger_controller_dag.py for tasks to queue
[2024-12-09T18:50:58.082-0300] {logging_mixin.py:190} INFO - [2024-12-09T18:50:58.081-0300] {dagbag.py:588} INFO - Filling up the DagBag from /home/alefpa/codigos/breweriesDB/venv/lib/python3.10/site-packages/airflow/example_dags/example_trigger_controller_dag.py
[2024-12-09T18:50:58.087-0300] {processor.py:925} INFO - DAG(s) 'example_trigger_controller_dag' retrieved from /home/alefpa/codigos/breweriesDB/venv/lib/python3.10/site-packages/airflow/example_dags/example_trigger_controller_dag.py
[2024-12-09T18:50:58.099-0300] {logging_mixin.py:190} INFO - [2024-12-09T18:50:58.099-0300] {dag.py:3239} INFO - Sync 1 DAGs
[2024-12-09T18:50:58.115-0300] {logging_mixin.py:190} INFO - [2024-12-09T18:50:58.115-0300] {dag.py:4180} INFO - Setting next_dagrun for example_trigger_controller_dag to 2021-01-01 00:00:00+00:00, run_after=2021-01-01 00:00:00+00:00
[2024-12-09T18:50:58.137-0300] {processor.py:208} INFO - Processing /home/alefpa/codigos/breweriesDB/venv/lib/python3.10/site-packages/airflow/example_dags/example_trigger_controller_dag.py took 0.064 seconds
[2024-12-09T18:52:08.979-0300] {processor.py:186} INFO - Started process (PID=118600) to work on /home/alefpa/codigos/breweriesDB/venv/lib/python3.10/site-packages/airflow/example_dags/example_trigger_controller_dag.py
[2024-12-09T18:52:08.980-0300] {processor.py:914} INFO - Processing file /home/alefpa/codigos/breweriesDB/venv/lib/python3.10/site-packages/airflow/example_dags/example_trigger_controller_dag.py for tasks to queue
[2024-12-09T18:52:08.984-0300] {logging_mixin.py:190} INFO - [2024-12-09T18:52:08.984-0300] {dagbag.py:588} INFO - Filling up the DagBag from /home/alefpa/codigos/breweriesDB/venv/lib/python3.10/site-packages/airflow/example_dags/example_trigger_controller_dag.py
[2024-12-09T18:52:08.990-0300] {processor.py:925} INFO - DAG(s) 'example_trigger_controller_dag' retrieved from /home/alefpa/codigos/breweriesDB/venv/lib/python3.10/site-packages/airflow/example_dags/example_trigger_controller_dag.py
[2024-12-09T18:52:09.005-0300] {logging_mixin.py:190} INFO - [2024-12-09T18:52:09.005-0300] {dag.py:3239} INFO - Sync 1 DAGs
[2024-12-09T18:52:09.024-0300] {logging_mixin.py:190} INFO - [2024-12-09T18:52:09.024-0300] {dag.py:4180} INFO - Setting next_dagrun for example_trigger_controller_dag to 2021-01-01 00:00:00+00:00, run_after=2021-01-01 00:00:00+00:00
[2024-12-09T18:52:09.048-0300] {processor.py:208} INFO - Processing /home/alefpa/codigos/breweriesDB/venv/lib/python3.10/site-packages/airflow/example_dags/example_trigger_controller_dag.py took 0.075 seconds
[2024-12-09T18:53:08.518-0300] {processor.py:186} INFO - Started process (PID=118888) to work on /home/alefpa/codigos/breweriesDB/venv/lib/python3.10/site-packages/airflow/example_dags/example_trigger_controller_dag.py
[2024-12-09T18:53:08.519-0300] {processor.py:914} INFO - Processing file /home/alefpa/codigos/breweriesDB/venv/lib/python3.10/site-packages/airflow/example_dags/example_trigger_controller_dag.py for tasks to queue
[2024-12-09T18:53:08.522-0300] {logging_mixin.py:190} INFO - [2024-12-09T18:53:08.522-0300] {dagbag.py:588} INFO - Filling up the DagBag from /home/alefpa/codigos/breweriesDB/venv/lib/python3.10/site-packages/airflow/example_dags/example_trigger_controller_dag.py
[2024-12-09T18:53:08.527-0300] {processor.py:925} INFO - DAG(s) 'example_trigger_controller_dag' retrieved from /home/alefpa/codigos/breweriesDB/venv/lib/python3.10/site-packages/airflow/example_dags/example_trigger_controller_dag.py
[2024-12-09T18:53:08.538-0300] {logging_mixin.py:190} INFO - [2024-12-09T18:53:08.538-0300] {dag.py:3239} INFO - Sync 1 DAGs
[2024-12-09T18:53:08.552-0300] {logging_mixin.py:190} INFO - [2024-12-09T18:53:08.552-0300] {dag.py:4180} INFO - Setting next_dagrun for example_trigger_controller_dag to 2021-01-01 00:00:00+00:00, run_after=2021-01-01 00:00:00+00:00
[2024-12-09T18:53:08.573-0300] {processor.py:208} INFO - Processing /home/alefpa/codigos/breweriesDB/venv/lib/python3.10/site-packages/airflow/example_dags/example_trigger_controller_dag.py took 0.060 seconds
[2024-12-09T18:54:06.639-0300] {processor.py:186} INFO - Started process (PID=119183) to work on /home/alefpa/codigos/breweriesDB/venv/lib/python3.10/site-packages/airflow/example_dags/example_trigger_controller_dag.py
[2024-12-09T18:54:06.648-0300] {processor.py:914} INFO - Processing file /home/alefpa/codigos/breweriesDB/venv/lib/python3.10/site-packages/airflow/example_dags/example_trigger_controller_dag.py for tasks to queue
[2024-12-09T18:54:06.651-0300] {logging_mixin.py:190} INFO - [2024-12-09T18:54:06.650-0300] {dagbag.py:588} INFO - Filling up the DagBag from /home/alefpa/codigos/breweriesDB/venv/lib/python3.10/site-packages/airflow/example_dags/example_trigger_controller_dag.py
[2024-12-09T18:54:06.657-0300] {processor.py:925} INFO - DAG(s) 'example_trigger_controller_dag' retrieved from /home/alefpa/codigos/breweriesDB/venv/lib/python3.10/site-packages/airflow/example_dags/example_trigger_controller_dag.py
[2024-12-09T18:54:06.670-0300] {logging_mixin.py:190} INFO - [2024-12-09T18:54:06.670-0300] {dag.py:3239} INFO - Sync 1 DAGs
[2024-12-09T18:54:06.685-0300] {logging_mixin.py:190} INFO - [2024-12-09T18:54:06.685-0300] {dag.py:4180} INFO - Setting next_dagrun for example_trigger_controller_dag to 2021-01-01 00:00:00+00:00, run_after=2021-01-01 00:00:00+00:00
[2024-12-09T18:54:06.708-0300] {processor.py:208} INFO - Processing /home/alefpa/codigos/breweriesDB/venv/lib/python3.10/site-packages/airflow/example_dags/example_trigger_controller_dag.py took 0.074 seconds
[2024-12-09T18:54:41.522-0300] {processor.py:186} INFO - Started process (PID=119384) to work on /home/alefpa/codigos/breweriesDB/venv/lib/python3.10/site-packages/airflow/example_dags/example_trigger_controller_dag.py
[2024-12-09T18:54:41.538-0300] {processor.py:914} INFO - Processing file /home/alefpa/codigos/breweriesDB/venv/lib/python3.10/site-packages/airflow/example_dags/example_trigger_controller_dag.py for tasks to queue
[2024-12-09T18:54:41.542-0300] {logging_mixin.py:190} INFO - [2024-12-09T18:54:41.541-0300] {dagbag.py:588} INFO - Filling up the DagBag from /home/alefpa/codigos/breweriesDB/venv/lib/python3.10/site-packages/airflow/example_dags/example_trigger_controller_dag.py
[2024-12-09T18:54:41.547-0300] {processor.py:925} INFO - DAG(s) 'example_trigger_controller_dag' retrieved from /home/alefpa/codigos/breweriesDB/venv/lib/python3.10/site-packages/airflow/example_dags/example_trigger_controller_dag.py
[2024-12-09T18:54:41.559-0300] {logging_mixin.py:190} INFO - [2024-12-09T18:54:41.559-0300] {dag.py:3239} INFO - Sync 1 DAGs
[2024-12-09T18:54:41.573-0300] {logging_mixin.py:190} INFO - [2024-12-09T18:54:41.573-0300] {dag.py:4180} INFO - Setting next_dagrun for example_trigger_controller_dag to 2021-01-01 00:00:00+00:00, run_after=2021-01-01 00:00:00+00:00
[2024-12-09T18:54:41.592-0300] {processor.py:208} INFO - Processing /home/alefpa/codigos/breweriesDB/venv/lib/python3.10/site-packages/airflow/example_dags/example_trigger_controller_dag.py took 0.075 seconds
[2024-12-09T18:55:41.685-0300] {processor.py:186} INFO - Started process (PID=119678) to work on /home/alefpa/codigos/breweriesDB/venv/lib/python3.10/site-packages/airflow/example_dags/example_trigger_controller_dag.py
[2024-12-09T18:55:41.702-0300] {processor.py:914} INFO - Processing file /home/alefpa/codigos/breweriesDB/venv/lib/python3.10/site-packages/airflow/example_dags/example_trigger_controller_dag.py for tasks to queue
[2024-12-09T18:55:41.704-0300] {logging_mixin.py:190} INFO - [2024-12-09T18:55:41.704-0300] {dagbag.py:588} INFO - Filling up the DagBag from /home/alefpa/codigos/breweriesDB/venv/lib/python3.10/site-packages/airflow/example_dags/example_trigger_controller_dag.py
[2024-12-09T18:55:41.709-0300] {processor.py:925} INFO - DAG(s) 'example_trigger_controller_dag' retrieved from /home/alefpa/codigos/breweriesDB/venv/lib/python3.10/site-packages/airflow/example_dags/example_trigger_controller_dag.py
[2024-12-09T18:55:41.721-0300] {logging_mixin.py:190} INFO - [2024-12-09T18:55:41.721-0300] {dag.py:3239} INFO - Sync 1 DAGs
[2024-12-09T18:55:41.736-0300] {logging_mixin.py:190} INFO - [2024-12-09T18:55:41.736-0300] {dag.py:4180} INFO - Setting next_dagrun for example_trigger_controller_dag to 2021-01-01 00:00:00+00:00, run_after=2021-01-01 00:00:00+00:00
[2024-12-09T18:55:41.756-0300] {processor.py:208} INFO - Processing /home/alefpa/codigos/breweriesDB/venv/lib/python3.10/site-packages/airflow/example_dags/example_trigger_controller_dag.py took 0.076 seconds
[2024-12-09T18:56:42.465-0300] {processor.py:186} INFO - Started process (PID=120006) to work on /home/alefpa/codigos/breweriesDB/venv/lib/python3.10/site-packages/airflow/example_dags/example_trigger_controller_dag.py
[2024-12-09T18:56:42.481-0300] {processor.py:914} INFO - Processing file /home/alefpa/codigos/breweriesDB/venv/lib/python3.10/site-packages/airflow/example_dags/example_trigger_controller_dag.py for tasks to queue
[2024-12-09T18:56:42.484-0300] {logging_mixin.py:190} INFO - [2024-12-09T18:56:42.484-0300] {dagbag.py:588} INFO - Filling up the DagBag from /home/alefpa/codigos/breweriesDB/venv/lib/python3.10/site-packages/airflow/example_dags/example_trigger_controller_dag.py
[2024-12-09T18:56:42.489-0300] {processor.py:925} INFO - DAG(s) 'example_trigger_controller_dag' retrieved from /home/alefpa/codigos/breweriesDB/venv/lib/python3.10/site-packages/airflow/example_dags/example_trigger_controller_dag.py
[2024-12-09T18:56:42.501-0300] {logging_mixin.py:190} INFO - [2024-12-09T18:56:42.500-0300] {dag.py:3239} INFO - Sync 1 DAGs
[2024-12-09T18:56:42.515-0300] {logging_mixin.py:190} INFO - [2024-12-09T18:56:42.514-0300] {dag.py:4180} INFO - Setting next_dagrun for example_trigger_controller_dag to 2021-01-01 00:00:00+00:00, run_after=2021-01-01 00:00:00+00:00
[2024-12-09T18:56:42.534-0300] {processor.py:208} INFO - Processing /home/alefpa/codigos/breweriesDB/venv/lib/python3.10/site-packages/airflow/example_dags/example_trigger_controller_dag.py took 0.073 seconds
[2024-12-09T18:57:58.293-0300] {processor.py:186} INFO - Started process (PID=120410) to work on /home/alefpa/codigos/breweriesDB/venv/lib/python3.10/site-packages/airflow/example_dags/example_trigger_controller_dag.py
[2024-12-09T18:57:58.308-0300] {processor.py:914} INFO - Processing file /home/alefpa/codigos/breweriesDB/venv/lib/python3.10/site-packages/airflow/example_dags/example_trigger_controller_dag.py for tasks to queue
[2024-12-09T18:57:58.312-0300] {logging_mixin.py:190} INFO - [2024-12-09T18:57:58.311-0300] {dagbag.py:588} INFO - Filling up the DagBag from /home/alefpa/codigos/breweriesDB/venv/lib/python3.10/site-packages/airflow/example_dags/example_trigger_controller_dag.py
[2024-12-09T18:57:58.317-0300] {processor.py:925} INFO - DAG(s) 'example_trigger_controller_dag' retrieved from /home/alefpa/codigos/breweriesDB/venv/lib/python3.10/site-packages/airflow/example_dags/example_trigger_controller_dag.py
[2024-12-09T18:57:58.330-0300] {logging_mixin.py:190} INFO - [2024-12-09T18:57:58.329-0300] {dag.py:3239} INFO - Sync 1 DAGs
[2024-12-09T18:57:58.344-0300] {logging_mixin.py:190} INFO - [2024-12-09T18:57:58.344-0300] {dag.py:4180} INFO - Setting next_dagrun for example_trigger_controller_dag to 2021-01-01 00:00:00+00:00, run_after=2021-01-01 00:00:00+00:00
[2024-12-09T18:57:58.363-0300] {processor.py:208} INFO - Processing /home/alefpa/codigos/breweriesDB/venv/lib/python3.10/site-packages/airflow/example_dags/example_trigger_controller_dag.py took 0.076 seconds
