[2024-12-09T18:36:45.230-0300] {processor.py:186} INFO - Started process (PID=114318) to work on /home/alefpa/codigos/breweriesDB/venv/lib/python3.10/site-packages/airflow/example_dags/example_nested_branch_dag.py
[2024-12-09T18:36:45.231-0300] {processor.py:914} INFO - Processing file /home/alefpa/codigos/breweriesDB/venv/lib/python3.10/site-packages/airflow/example_dags/example_nested_branch_dag.py for tasks to queue
[2024-12-09T18:36:45.233-0300] {logging_mixin.py:190} INFO - [2024-12-09T18:36:45.232-0300] {dagbag.py:588} INFO - Filling up the DagBag from /home/alefpa/codigos/breweriesDB/venv/lib/python3.10/site-packages/airflow/example_dags/example_nested_branch_dag.py
[2024-12-09T18:36:45.242-0300] {processor.py:925} INFO - DAG(s) 'example_nested_branch_dag' retrieved from /home/alefpa/codigos/breweriesDB/venv/lib/python3.10/site-packages/airflow/example_dags/example_nested_branch_dag.py
[2024-12-09T18:36:45.349-0300] {logging_mixin.py:190} INFO - [2024-12-09T18:36:45.348-0300] {override.py:1911} INFO - Created Permission View: can read on DAG:example_nested_branch_dag
[2024-12-09T18:36:45.362-0300] {logging_mixin.py:190} INFO - [2024-12-09T18:36:45.362-0300] {override.py:1911} INFO - Created Permission View: can delete on DAG:example_nested_branch_dag
[2024-12-09T18:36:45.372-0300] {logging_mixin.py:190} INFO - [2024-12-09T18:36:45.372-0300] {override.py:1911} INFO - Created Permission View: can edit on DAG:example_nested_branch_dag
[2024-12-09T18:36:45.392-0300] {logging_mixin.py:190} INFO - [2024-12-09T18:36:45.391-0300] {override.py:1911} INFO - Created Permission View: can read on DAG Run:example_nested_branch_dag
[2024-12-09T18:36:45.402-0300] {logging_mixin.py:190} INFO - [2024-12-09T18:36:45.402-0300] {override.py:1911} INFO - Created Permission View: menu access on DAG Run:example_nested_branch_dag
[2024-12-09T18:36:45.413-0300] {logging_mixin.py:190} INFO - [2024-12-09T18:36:45.413-0300] {override.py:1911} INFO - Created Permission View: can create on DAG Run:example_nested_branch_dag
[2024-12-09T18:36:45.423-0300] {logging_mixin.py:190} INFO - [2024-12-09T18:36:45.423-0300] {override.py:1911} INFO - Created Permission View: can delete on DAG Run:example_nested_branch_dag
[2024-12-09T18:36:45.424-0300] {logging_mixin.py:190} INFO - [2024-12-09T18:36:45.424-0300] {dag.py:3239} INFO - Sync 1 DAGs
[2024-12-09T18:36:45.433-0300] {logging_mixin.py:190} INFO - [2024-12-09T18:36:45.432-0300] {dag.py:3262} INFO - Creating ORM DAG for example_nested_branch_dag
[2024-12-09T18:36:45.440-0300] {logging_mixin.py:190} INFO - [2024-12-09T18:36:45.440-0300] {dag.py:4180} INFO - Setting next_dagrun for example_nested_branch_dag to 2024-12-08 00:00:00+00:00, run_after=2024-12-09 00:00:00+00:00
[2024-12-09T18:36:45.470-0300] {processor.py:208} INFO - Processing /home/alefpa/codigos/breweriesDB/venv/lib/python3.10/site-packages/airflow/example_dags/example_nested_branch_dag.py took 0.245 seconds
[2024-12-09T18:43:33.191-0300] {processor.py:186} INFO - Started process (PID=116188) to work on /home/alefpa/codigos/breweriesDB/venv/lib/python3.10/site-packages/airflow/example_dags/example_nested_branch_dag.py
[2024-12-09T18:43:33.193-0300] {processor.py:914} INFO - Processing file /home/alefpa/codigos/breweriesDB/venv/lib/python3.10/site-packages/airflow/example_dags/example_nested_branch_dag.py for tasks to queue
[2024-12-09T18:43:33.195-0300] {logging_mixin.py:190} INFO - [2024-12-09T18:43:33.195-0300] {dagbag.py:588} INFO - Filling up the DagBag from /home/alefpa/codigos/breweriesDB/venv/lib/python3.10/site-packages/airflow/example_dags/example_nested_branch_dag.py
[2024-12-09T18:43:33.205-0300] {processor.py:925} INFO - DAG(s) 'example_nested_branch_dag' retrieved from /home/alefpa/codigos/breweriesDB/venv/lib/python3.10/site-packages/airflow/example_dags/example_nested_branch_dag.py
[2024-12-09T18:43:33.222-0300] {logging_mixin.py:190} INFO - [2024-12-09T18:43:33.222-0300] {dag.py:3239} INFO - Sync 1 DAGs
[2024-12-09T18:43:33.238-0300] {logging_mixin.py:190} INFO - [2024-12-09T18:43:33.237-0300] {dag.py:4180} INFO - Setting next_dagrun for example_nested_branch_dag to 2024-12-08 00:00:00+00:00, run_after=2024-12-09 00:00:00+00:00
[2024-12-09T18:43:33.264-0300] {processor.py:208} INFO - Processing /home/alefpa/codigos/breweriesDB/venv/lib/python3.10/site-packages/airflow/example_dags/example_nested_branch_dag.py took 0.078 seconds
[2024-12-09T18:46:46.410-0300] {processor.py:186} INFO - Started process (PID=117031) to work on /home/alefpa/codigos/breweriesDB/venv/lib/python3.10/site-packages/airflow/example_dags/example_nested_branch_dag.py
[2024-12-09T18:46:46.411-0300] {processor.py:914} INFO - Processing file /home/alefpa/codigos/breweriesDB/venv/lib/python3.10/site-packages/airflow/example_dags/example_nested_branch_dag.py for tasks to queue
[2024-12-09T18:46:46.413-0300] {logging_mixin.py:190} INFO - [2024-12-09T18:46:46.413-0300] {dagbag.py:588} INFO - Filling up the DagBag from /home/alefpa/codigos/breweriesDB/venv/lib/python3.10/site-packages/airflow/example_dags/example_nested_branch_dag.py
[2024-12-09T18:46:46.424-0300] {processor.py:925} INFO - DAG(s) 'example_nested_branch_dag' retrieved from /home/alefpa/codigos/breweriesDB/venv/lib/python3.10/site-packages/airflow/example_dags/example_nested_branch_dag.py
[2024-12-09T18:46:46.441-0300] {logging_mixin.py:190} INFO - [2024-12-09T18:46:46.441-0300] {dag.py:3239} INFO - Sync 1 DAGs
[2024-12-09T18:46:46.457-0300] {logging_mixin.py:190} INFO - [2024-12-09T18:46:46.457-0300] {dag.py:4180} INFO - Setting next_dagrun for example_nested_branch_dag to 2024-12-08 00:00:00+00:00, run_after=2024-12-09 00:00:00+00:00
[2024-12-09T18:46:46.477-0300] {processor.py:208} INFO - Processing /home/alefpa/codigos/breweriesDB/venv/lib/python3.10/site-packages/airflow/example_dags/example_nested_branch_dag.py took 0.071 seconds
[2024-12-09T18:49:48.148-0300] {processor.py:186} INFO - Started process (PID=117894) to work on /home/alefpa/codigos/breweriesDB/venv/lib/python3.10/site-packages/airflow/example_dags/example_nested_branch_dag.py
[2024-12-09T18:49:48.149-0300] {processor.py:914} INFO - Processing file /home/alefpa/codigos/breweriesDB/venv/lib/python3.10/site-packages/airflow/example_dags/example_nested_branch_dag.py for tasks to queue
[2024-12-09T18:49:48.152-0300] {logging_mixin.py:190} INFO - [2024-12-09T18:49:48.151-0300] {dagbag.py:588} INFO - Filling up the DagBag from /home/alefpa/codigos/breweriesDB/venv/lib/python3.10/site-packages/airflow/example_dags/example_nested_branch_dag.py
[2024-12-09T18:49:48.161-0300] {processor.py:925} INFO - DAG(s) 'example_nested_branch_dag' retrieved from /home/alefpa/codigos/breweriesDB/venv/lib/python3.10/site-packages/airflow/example_dags/example_nested_branch_dag.py
[2024-12-09T18:49:48.251-0300] {logging_mixin.py:190} INFO - [2024-12-09T18:49:48.250-0300] {override.py:1911} INFO - Created Permission View: can edit on DAG:example_nested_branch_dag
[2024-12-09T18:49:48.263-0300] {logging_mixin.py:190} INFO - [2024-12-09T18:49:48.263-0300] {override.py:1911} INFO - Created Permission View: can delete on DAG:example_nested_branch_dag
[2024-12-09T18:49:48.274-0300] {logging_mixin.py:190} INFO - [2024-12-09T18:49:48.273-0300] {override.py:1911} INFO - Created Permission View: can read on DAG:example_nested_branch_dag
[2024-12-09T18:49:48.291-0300] {logging_mixin.py:190} INFO - [2024-12-09T18:49:48.290-0300] {override.py:1911} INFO - Created Permission View: can delete on DAG Run:example_nested_branch_dag
[2024-12-09T18:49:48.301-0300] {logging_mixin.py:190} INFO - [2024-12-09T18:49:48.301-0300] {override.py:1911} INFO - Created Permission View: menu access on DAG Run:example_nested_branch_dag
[2024-12-09T18:49:48.311-0300] {logging_mixin.py:190} INFO - [2024-12-09T18:49:48.311-0300] {override.py:1911} INFO - Created Permission View: can read on DAG Run:example_nested_branch_dag
[2024-12-09T18:49:48.321-0300] {logging_mixin.py:190} INFO - [2024-12-09T18:49:48.320-0300] {override.py:1911} INFO - Created Permission View: can create on DAG Run:example_nested_branch_dag
[2024-12-09T18:49:48.321-0300] {logging_mixin.py:190} INFO - [2024-12-09T18:49:48.321-0300] {dag.py:3239} INFO - Sync 1 DAGs
[2024-12-09T18:49:48.330-0300] {logging_mixin.py:190} INFO - [2024-12-09T18:49:48.330-0300] {dag.py:3262} INFO - Creating ORM DAG for example_nested_branch_dag
[2024-12-09T18:49:48.337-0300] {logging_mixin.py:190} INFO - [2024-12-09T18:49:48.336-0300] {dag.py:4180} INFO - Setting next_dagrun for example_nested_branch_dag to 2024-12-08 00:00:00+00:00, run_after=2024-12-09 00:00:00+00:00
[2024-12-09T18:49:48.356-0300] {processor.py:208} INFO - Processing /home/alefpa/codigos/breweriesDB/venv/lib/python3.10/site-packages/airflow/example_dags/example_nested_branch_dag.py took 0.213 seconds
[2024-12-09T18:50:55.387-0300] {processor.py:186} INFO - Started process (PID=118208) to work on /home/alefpa/codigos/breweriesDB/venv/lib/python3.10/site-packages/airflow/example_dags/example_nested_branch_dag.py
[2024-12-09T18:50:55.388-0300] {processor.py:914} INFO - Processing file /home/alefpa/codigos/breweriesDB/venv/lib/python3.10/site-packages/airflow/example_dags/example_nested_branch_dag.py for tasks to queue
[2024-12-09T18:50:55.390-0300] {logging_mixin.py:190} INFO - [2024-12-09T18:50:55.390-0300] {dagbag.py:588} INFO - Filling up the DagBag from /home/alefpa/codigos/breweriesDB/venv/lib/python3.10/site-packages/airflow/example_dags/example_nested_branch_dag.py
[2024-12-09T18:50:55.399-0300] {processor.py:925} INFO - DAG(s) 'example_nested_branch_dag' retrieved from /home/alefpa/codigos/breweriesDB/venv/lib/python3.10/site-packages/airflow/example_dags/example_nested_branch_dag.py
[2024-12-09T18:50:55.413-0300] {logging_mixin.py:190} INFO - [2024-12-09T18:50:55.413-0300] {dag.py:3239} INFO - Sync 1 DAGs
[2024-12-09T18:50:55.429-0300] {logging_mixin.py:190} INFO - [2024-12-09T18:50:55.429-0300] {dag.py:4180} INFO - Setting next_dagrun for example_nested_branch_dag to 2024-12-08 00:00:00+00:00, run_after=2024-12-09 00:00:00+00:00
[2024-12-09T18:50:55.450-0300] {processor.py:208} INFO - Processing /home/alefpa/codigos/breweriesDB/venv/lib/python3.10/site-packages/airflow/example_dags/example_nested_branch_dag.py took 0.068 seconds
[2024-12-09T18:52:05.544-0300] {processor.py:186} INFO - Started process (PID=118586) to work on /home/alefpa/codigos/breweriesDB/venv/lib/python3.10/site-packages/airflow/example_dags/example_nested_branch_dag.py
[2024-12-09T18:52:05.545-0300] {processor.py:914} INFO - Processing file /home/alefpa/codigos/breweriesDB/venv/lib/python3.10/site-packages/airflow/example_dags/example_nested_branch_dag.py for tasks to queue
[2024-12-09T18:52:05.548-0300] {logging_mixin.py:190} INFO - [2024-12-09T18:52:05.547-0300] {dagbag.py:588} INFO - Filling up the DagBag from /home/alefpa/codigos/breweriesDB/venv/lib/python3.10/site-packages/airflow/example_dags/example_nested_branch_dag.py
[2024-12-09T18:52:05.558-0300] {processor.py:925} INFO - DAG(s) 'example_nested_branch_dag' retrieved from /home/alefpa/codigos/breweriesDB/venv/lib/python3.10/site-packages/airflow/example_dags/example_nested_branch_dag.py
[2024-12-09T18:52:05.576-0300] {logging_mixin.py:190} INFO - [2024-12-09T18:52:05.576-0300] {dag.py:3239} INFO - Sync 1 DAGs
[2024-12-09T18:52:05.592-0300] {logging_mixin.py:190} INFO - [2024-12-09T18:52:05.592-0300] {dag.py:4180} INFO - Setting next_dagrun for example_nested_branch_dag to 2024-12-08 00:00:00+00:00, run_after=2024-12-09 00:00:00+00:00
[2024-12-09T18:52:05.613-0300] {processor.py:208} INFO - Processing /home/alefpa/codigos/breweriesDB/venv/lib/python3.10/site-packages/airflow/example_dags/example_nested_branch_dag.py took 0.074 seconds
[2024-12-09T18:53:04.668-0300] {processor.py:186} INFO - Started process (PID=118876) to work on /home/alefpa/codigos/breweriesDB/venv/lib/python3.10/site-packages/airflow/example_dags/example_nested_branch_dag.py
[2024-12-09T18:53:04.670-0300] {processor.py:914} INFO - Processing file /home/alefpa/codigos/breweriesDB/venv/lib/python3.10/site-packages/airflow/example_dags/example_nested_branch_dag.py for tasks to queue
[2024-12-09T18:53:04.672-0300] {logging_mixin.py:190} INFO - [2024-12-09T18:53:04.672-0300] {dagbag.py:588} INFO - Filling up the DagBag from /home/alefpa/codigos/breweriesDB/venv/lib/python3.10/site-packages/airflow/example_dags/example_nested_branch_dag.py
[2024-12-09T18:53:04.684-0300] {processor.py:925} INFO - DAG(s) 'example_nested_branch_dag' retrieved from /home/alefpa/codigos/breweriesDB/venv/lib/python3.10/site-packages/airflow/example_dags/example_nested_branch_dag.py
[2024-12-09T18:53:04.698-0300] {logging_mixin.py:190} INFO - [2024-12-09T18:53:04.698-0300] {dag.py:3239} INFO - Sync 1 DAGs
[2024-12-09T18:53:04.716-0300] {logging_mixin.py:190} INFO - [2024-12-09T18:53:04.716-0300] {dag.py:4180} INFO - Setting next_dagrun for example_nested_branch_dag to 2024-12-08 00:00:00+00:00, run_after=2024-12-09 00:00:00+00:00
[2024-12-09T18:53:04.739-0300] {processor.py:208} INFO - Processing /home/alefpa/codigos/breweriesDB/venv/lib/python3.10/site-packages/airflow/example_dags/example_nested_branch_dag.py took 0.076 seconds
[2024-12-09T18:54:03.667-0300] {processor.py:186} INFO - Started process (PID=119165) to work on /home/alefpa/codigos/breweriesDB/venv/lib/python3.10/site-packages/airflow/example_dags/example_nested_branch_dag.py
[2024-12-09T18:54:03.669-0300] {processor.py:914} INFO - Processing file /home/alefpa/codigos/breweriesDB/venv/lib/python3.10/site-packages/airflow/example_dags/example_nested_branch_dag.py for tasks to queue
[2024-12-09T18:54:03.671-0300] {logging_mixin.py:190} INFO - [2024-12-09T18:54:03.671-0300] {dagbag.py:588} INFO - Filling up the DagBag from /home/alefpa/codigos/breweriesDB/venv/lib/python3.10/site-packages/airflow/example_dags/example_nested_branch_dag.py
[2024-12-09T18:54:03.680-0300] {processor.py:925} INFO - DAG(s) 'example_nested_branch_dag' retrieved from /home/alefpa/codigos/breweriesDB/venv/lib/python3.10/site-packages/airflow/example_dags/example_nested_branch_dag.py
[2024-12-09T18:54:03.693-0300] {logging_mixin.py:190} INFO - [2024-12-09T18:54:03.693-0300] {dag.py:3239} INFO - Sync 1 DAGs
[2024-12-09T18:54:03.709-0300] {logging_mixin.py:190} INFO - [2024-12-09T18:54:03.709-0300] {dag.py:4180} INFO - Setting next_dagrun for example_nested_branch_dag to 2024-12-08 00:00:00+00:00, run_after=2024-12-09 00:00:00+00:00
[2024-12-09T18:54:03.731-0300] {processor.py:208} INFO - Processing /home/alefpa/codigos/breweriesDB/venv/lib/python3.10/site-packages/airflow/example_dags/example_nested_branch_dag.py took 0.069 seconds
[2024-12-09T18:54:38.657-0300] {processor.py:186} INFO - Started process (PID=119372) to work on /home/alefpa/codigos/breweriesDB/venv/lib/python3.10/site-packages/airflow/example_dags/example_nested_branch_dag.py
[2024-12-09T18:54:38.659-0300] {processor.py:914} INFO - Processing file /home/alefpa/codigos/breweriesDB/venv/lib/python3.10/site-packages/airflow/example_dags/example_nested_branch_dag.py for tasks to queue
[2024-12-09T18:54:38.661-0300] {logging_mixin.py:190} INFO - [2024-12-09T18:54:38.660-0300] {dagbag.py:588} INFO - Filling up the DagBag from /home/alefpa/codigos/breweriesDB/venv/lib/python3.10/site-packages/airflow/example_dags/example_nested_branch_dag.py
[2024-12-09T18:54:38.671-0300] {processor.py:925} INFO - DAG(s) 'example_nested_branch_dag' retrieved from /home/alefpa/codigos/breweriesDB/venv/lib/python3.10/site-packages/airflow/example_dags/example_nested_branch_dag.py
[2024-12-09T18:54:38.689-0300] {logging_mixin.py:190} INFO - [2024-12-09T18:54:38.689-0300] {dag.py:3239} INFO - Sync 1 DAGs
[2024-12-09T18:54:38.708-0300] {logging_mixin.py:190} INFO - [2024-12-09T18:54:38.708-0300] {dag.py:4180} INFO - Setting next_dagrun for example_nested_branch_dag to 2024-12-08 00:00:00+00:00, run_after=2024-12-09 00:00:00+00:00
[2024-12-09T18:54:38.732-0300] {processor.py:208} INFO - Processing /home/alefpa/codigos/breweriesDB/venv/lib/python3.10/site-packages/airflow/example_dags/example_nested_branch_dag.py took 0.080 seconds
[2024-12-09T18:55:38.885-0300] {processor.py:186} INFO - Started process (PID=119666) to work on /home/alefpa/codigos/breweriesDB/venv/lib/python3.10/site-packages/airflow/example_dags/example_nested_branch_dag.py
[2024-12-09T18:55:38.900-0300] {processor.py:914} INFO - Processing file /home/alefpa/codigos/breweriesDB/venv/lib/python3.10/site-packages/airflow/example_dags/example_nested_branch_dag.py for tasks to queue
[2024-12-09T18:55:38.903-0300] {logging_mixin.py:190} INFO - [2024-12-09T18:55:38.902-0300] {dagbag.py:588} INFO - Filling up the DagBag from /home/alefpa/codigos/breweriesDB/venv/lib/python3.10/site-packages/airflow/example_dags/example_nested_branch_dag.py
[2024-12-09T18:55:38.912-0300] {processor.py:925} INFO - DAG(s) 'example_nested_branch_dag' retrieved from /home/alefpa/codigos/breweriesDB/venv/lib/python3.10/site-packages/airflow/example_dags/example_nested_branch_dag.py
[2024-12-09T18:55:38.925-0300] {logging_mixin.py:190} INFO - [2024-12-09T18:55:38.925-0300] {dag.py:3239} INFO - Sync 1 DAGs
[2024-12-09T18:55:38.940-0300] {logging_mixin.py:190} INFO - [2024-12-09T18:55:38.940-0300] {dag.py:4180} INFO - Setting next_dagrun for example_nested_branch_dag to 2024-12-08 00:00:00+00:00, run_after=2024-12-09 00:00:00+00:00
[2024-12-09T18:55:38.962-0300] {processor.py:208} INFO - Processing /home/alefpa/codigos/breweriesDB/venv/lib/python3.10/site-packages/airflow/example_dags/example_nested_branch_dag.py took 0.082 seconds
[2024-12-09T18:56:39.056-0300] {processor.py:186} INFO - Started process (PID=119993) to work on /home/alefpa/codigos/breweriesDB/venv/lib/python3.10/site-packages/airflow/example_dags/example_nested_branch_dag.py
[2024-12-09T18:56:39.057-0300] {processor.py:914} INFO - Processing file /home/alefpa/codigos/breweriesDB/venv/lib/python3.10/site-packages/airflow/example_dags/example_nested_branch_dag.py for tasks to queue
[2024-12-09T18:56:39.059-0300] {logging_mixin.py:190} INFO - [2024-12-09T18:56:39.059-0300] {dagbag.py:588} INFO - Filling up the DagBag from /home/alefpa/codigos/breweriesDB/venv/lib/python3.10/site-packages/airflow/example_dags/example_nested_branch_dag.py
[2024-12-09T18:56:39.069-0300] {processor.py:925} INFO - DAG(s) 'example_nested_branch_dag' retrieved from /home/alefpa/codigos/breweriesDB/venv/lib/python3.10/site-packages/airflow/example_dags/example_nested_branch_dag.py
[2024-12-09T18:56:39.086-0300] {logging_mixin.py:190} INFO - [2024-12-09T18:56:39.086-0300] {dag.py:3239} INFO - Sync 1 DAGs
[2024-12-09T18:56:39.103-0300] {logging_mixin.py:190} INFO - [2024-12-09T18:56:39.103-0300] {dag.py:4180} INFO - Setting next_dagrun for example_nested_branch_dag to 2024-12-08 00:00:00+00:00, run_after=2024-12-09 00:00:00+00:00
[2024-12-09T18:56:39.123-0300] {processor.py:208} INFO - Processing /home/alefpa/codigos/breweriesDB/venv/lib/python3.10/site-packages/airflow/example_dags/example_nested_branch_dag.py took 0.072 seconds
[2024-12-09T18:57:54.866-0300] {processor.py:186} INFO - Started process (PID=120393) to work on /home/alefpa/codigos/breweriesDB/venv/lib/python3.10/site-packages/airflow/example_dags/example_nested_branch_dag.py
[2024-12-09T18:57:54.867-0300] {processor.py:914} INFO - Processing file /home/alefpa/codigos/breweriesDB/venv/lib/python3.10/site-packages/airflow/example_dags/example_nested_branch_dag.py for tasks to queue
[2024-12-09T18:57:54.869-0300] {logging_mixin.py:190} INFO - [2024-12-09T18:57:54.869-0300] {dagbag.py:588} INFO - Filling up the DagBag from /home/alefpa/codigos/breweriesDB/venv/lib/python3.10/site-packages/airflow/example_dags/example_nested_branch_dag.py
[2024-12-09T18:57:54.880-0300] {processor.py:925} INFO - DAG(s) 'example_nested_branch_dag' retrieved from /home/alefpa/codigos/breweriesDB/venv/lib/python3.10/site-packages/airflow/example_dags/example_nested_branch_dag.py
[2024-12-09T18:57:54.899-0300] {logging_mixin.py:190} INFO - [2024-12-09T18:57:54.899-0300] {dag.py:3239} INFO - Sync 1 DAGs
[2024-12-09T18:57:54.915-0300] {logging_mixin.py:190} INFO - [2024-12-09T18:57:54.915-0300] {dag.py:4180} INFO - Setting next_dagrun for example_nested_branch_dag to 2024-12-08 00:00:00+00:00, run_after=2024-12-09 00:00:00+00:00
[2024-12-09T18:57:54.935-0300] {processor.py:208} INFO - Processing /home/alefpa/codigos/breweriesDB/venv/lib/python3.10/site-packages/airflow/example_dags/example_nested_branch_dag.py took 0.074 seconds
