[2024-12-09T18:50:24.137-0300] {processor.py:186} INFO - Started process (PID=118058) to work on /home/alefpa/codigos/breweriesDB/venv/lib/python3.10/site-packages/airflow/example_dags/example_display_name.py
[2024-12-09T18:50:24.138-0300] {processor.py:914} INFO - Processing file /home/alefpa/codigos/breweriesDB/venv/lib/python3.10/site-packages/airflow/example_dags/example_display_name.py for tasks to queue
[2024-12-09T18:50:24.140-0300] {logging_mixin.py:190} INFO - [2024-12-09T18:50:24.139-0300] {dagbag.py:588} INFO - Filling up the DagBag from /home/alefpa/codigos/breweriesDB/venv/lib/python3.10/site-packages/airflow/example_dags/example_display_name.py
[2024-12-09T18:50:24.147-0300] {processor.py:925} INFO - DAG(s) 'example_display_name' retrieved from /home/alefpa/codigos/breweriesDB/venv/lib/python3.10/site-packages/airflow/example_dags/example_display_name.py
[2024-12-09T18:50:24.252-0300] {logging_mixin.py:190} INFO - [2024-12-09T18:50:24.251-0300] {override.py:1911} INFO - Created Permission View: can edit on DAG:example_display_name
[2024-12-09T18:50:24.267-0300] {logging_mixin.py:190} INFO - [2024-12-09T18:50:24.267-0300] {override.py:1911} INFO - Created Permission View: can delete on DAG:example_display_name
[2024-12-09T18:50:24.278-0300] {logging_mixin.py:190} INFO - [2024-12-09T18:50:24.278-0300] {override.py:1911} INFO - Created Permission View: can read on DAG:example_display_name
[2024-12-09T18:50:24.297-0300] {logging_mixin.py:190} INFO - [2024-12-09T18:50:24.297-0300] {override.py:1911} INFO - Created Permission View: can delete on DAG Run:example_display_name
[2024-12-09T18:50:24.310-0300] {logging_mixin.py:190} INFO - [2024-12-09T18:50:24.310-0300] {override.py:1911} INFO - Created Permission View: menu access on DAG Run:example_display_name
[2024-12-09T18:50:24.323-0300] {logging_mixin.py:190} INFO - [2024-12-09T18:50:24.323-0300] {override.py:1911} INFO - Created Permission View: can read on DAG Run:example_display_name
[2024-12-09T18:50:24.336-0300] {logging_mixin.py:190} INFO - [2024-12-09T18:50:24.335-0300] {override.py:1911} INFO - Created Permission View: can create on DAG Run:example_display_name
[2024-12-09T18:50:24.336-0300] {logging_mixin.py:190} INFO - [2024-12-09T18:50:24.336-0300] {dag.py:3239} INFO - Sync 1 DAGs
[2024-12-09T18:50:24.346-0300] {logging_mixin.py:190} INFO - [2024-12-09T18:50:24.346-0300] {dag.py:3262} INFO - Creating ORM DAG for example_display_name
[2024-12-09T18:50:24.347-0300] {logging_mixin.py:190} INFO - [2024-12-09T18:50:24.347-0300] {dag.py:4180} INFO - Setting next_dagrun for example_display_name to None, run_after=None
[2024-12-09T18:50:24.369-0300] {processor.py:208} INFO - Processing /home/alefpa/codigos/breweriesDB/venv/lib/python3.10/site-packages/airflow/example_dags/example_display_name.py took 0.238 seconds
[2024-12-09T18:51:28.671-0300] {processor.py:186} INFO - Started process (PID=118371) to work on /home/alefpa/codigos/breweriesDB/venv/lib/python3.10/site-packages/airflow/example_dags/example_display_name.py
[2024-12-09T18:51:28.688-0300] {processor.py:914} INFO - Processing file /home/alefpa/codigos/breweriesDB/venv/lib/python3.10/site-packages/airflow/example_dags/example_display_name.py for tasks to queue
[2024-12-09T18:51:28.690-0300] {logging_mixin.py:190} INFO - [2024-12-09T18:51:28.690-0300] {dagbag.py:588} INFO - Filling up the DagBag from /home/alefpa/codigos/breweriesDB/venv/lib/python3.10/site-packages/airflow/example_dags/example_display_name.py
[2024-12-09T18:51:28.696-0300] {processor.py:925} INFO - DAG(s) 'example_display_name' retrieved from /home/alefpa/codigos/breweriesDB/venv/lib/python3.10/site-packages/airflow/example_dags/example_display_name.py
[2024-12-09T18:51:28.706-0300] {logging_mixin.py:190} INFO - [2024-12-09T18:51:28.706-0300] {dag.py:3239} INFO - Sync 1 DAGs
[2024-12-09T18:51:28.716-0300] {logging_mixin.py:190} INFO - [2024-12-09T18:51:28.716-0300] {dag.py:4180} INFO - Setting next_dagrun for example_display_name to None, run_after=None
[2024-12-09T18:51:28.736-0300] {processor.py:208} INFO - Processing /home/alefpa/codigos/breweriesDB/venv/lib/python3.10/site-packages/airflow/example_dags/example_display_name.py took 0.069 seconds
[2024-12-09T18:52:37.726-0300] {processor.py:186} INFO - Started process (PID=118740) to work on /home/alefpa/codigos/breweriesDB/venv/lib/python3.10/site-packages/airflow/example_dags/example_display_name.py
[2024-12-09T18:52:37.727-0300] {processor.py:914} INFO - Processing file /home/alefpa/codigos/breweriesDB/venv/lib/python3.10/site-packages/airflow/example_dags/example_display_name.py for tasks to queue
[2024-12-09T18:52:37.729-0300] {logging_mixin.py:190} INFO - [2024-12-09T18:52:37.729-0300] {dagbag.py:588} INFO - Filling up the DagBag from /home/alefpa/codigos/breweriesDB/venv/lib/python3.10/site-packages/airflow/example_dags/example_display_name.py
[2024-12-09T18:52:37.737-0300] {processor.py:925} INFO - DAG(s) 'example_display_name' retrieved from /home/alefpa/codigos/breweriesDB/venv/lib/python3.10/site-packages/airflow/example_dags/example_display_name.py
[2024-12-09T18:52:37.748-0300] {logging_mixin.py:190} INFO - [2024-12-09T18:52:37.748-0300] {dag.py:3239} INFO - Sync 1 DAGs
[2024-12-09T18:52:37.759-0300] {logging_mixin.py:190} INFO - [2024-12-09T18:52:37.758-0300] {dag.py:4180} INFO - Setting next_dagrun for example_display_name to None, run_after=None
[2024-12-09T18:52:37.781-0300] {processor.py:208} INFO - Processing /home/alefpa/codigos/breweriesDB/venv/lib/python3.10/site-packages/airflow/example_dags/example_display_name.py took 0.062 seconds
[2024-12-09T18:53:36.710-0300] {processor.py:186} INFO - Started process (PID=119035) to work on /home/alefpa/codigos/breweriesDB/venv/lib/python3.10/site-packages/airflow/example_dags/example_display_name.py
[2024-12-09T18:53:36.712-0300] {processor.py:914} INFO - Processing file /home/alefpa/codigos/breweriesDB/venv/lib/python3.10/site-packages/airflow/example_dags/example_display_name.py for tasks to queue
[2024-12-09T18:53:36.713-0300] {logging_mixin.py:190} INFO - [2024-12-09T18:53:36.713-0300] {dagbag.py:588} INFO - Filling up the DagBag from /home/alefpa/codigos/breweriesDB/venv/lib/python3.10/site-packages/airflow/example_dags/example_display_name.py
[2024-12-09T18:53:36.720-0300] {processor.py:925} INFO - DAG(s) 'example_display_name' retrieved from /home/alefpa/codigos/breweriesDB/venv/lib/python3.10/site-packages/airflow/example_dags/example_display_name.py
[2024-12-09T18:53:36.731-0300] {logging_mixin.py:190} INFO - [2024-12-09T18:53:36.730-0300] {dag.py:3239} INFO - Sync 1 DAGs
[2024-12-09T18:53:36.741-0300] {logging_mixin.py:190} INFO - [2024-12-09T18:53:36.740-0300] {dag.py:4180} INFO - Setting next_dagrun for example_display_name to None, run_after=None
[2024-12-09T18:53:36.762-0300] {processor.py:208} INFO - Processing /home/alefpa/codigos/breweriesDB/venv/lib/python3.10/site-packages/airflow/example_dags/example_display_name.py took 0.056 seconds
[2024-12-09T18:55:09.677-0300] {processor.py:186} INFO - Started process (PID=119522) to work on /home/alefpa/codigos/breweriesDB/venv/lib/python3.10/site-packages/airflow/example_dags/example_display_name.py
[2024-12-09T18:55:09.682-0300] {processor.py:914} INFO - Processing file /home/alefpa/codigos/breweriesDB/venv/lib/python3.10/site-packages/airflow/example_dags/example_display_name.py for tasks to queue
[2024-12-09T18:55:09.685-0300] {logging_mixin.py:190} INFO - [2024-12-09T18:55:09.684-0300] {dagbag.py:588} INFO - Filling up the DagBag from /home/alefpa/codigos/breweriesDB/venv/lib/python3.10/site-packages/airflow/example_dags/example_display_name.py
[2024-12-09T18:55:09.692-0300] {processor.py:925} INFO - DAG(s) 'example_display_name' retrieved from /home/alefpa/codigos/breweriesDB/venv/lib/python3.10/site-packages/airflow/example_dags/example_display_name.py
[2024-12-09T18:55:09.705-0300] {logging_mixin.py:190} INFO - [2024-12-09T18:55:09.705-0300] {dag.py:3239} INFO - Sync 1 DAGs
[2024-12-09T18:55:09.716-0300] {logging_mixin.py:190} INFO - [2024-12-09T18:55:09.716-0300] {dag.py:4180} INFO - Setting next_dagrun for example_display_name to None, run_after=None
[2024-12-09T18:55:09.747-0300] {processor.py:208} INFO - Processing /home/alefpa/codigos/breweriesDB/venv/lib/python3.10/site-packages/airflow/example_dags/example_display_name.py took 0.074 seconds
[2024-12-09T18:57:09.368-0300] {processor.py:186} INFO - Started process (PID=120139) to work on /home/alefpa/codigos/breweriesDB/venv/lib/python3.10/site-packages/airflow/example_dags/example_display_name.py
[2024-12-09T18:57:09.383-0300] {processor.py:914} INFO - Processing file /home/alefpa/codigos/breweriesDB/venv/lib/python3.10/site-packages/airflow/example_dags/example_display_name.py for tasks to queue
[2024-12-09T18:57:09.385-0300] {logging_mixin.py:190} INFO - [2024-12-09T18:57:09.385-0300] {dagbag.py:588} INFO - Filling up the DagBag from /home/alefpa/codigos/breweriesDB/venv/lib/python3.10/site-packages/airflow/example_dags/example_display_name.py
[2024-12-09T18:57:09.391-0300] {processor.py:925} INFO - DAG(s) 'example_display_name' retrieved from /home/alefpa/codigos/breweriesDB/venv/lib/python3.10/site-packages/airflow/example_dags/example_display_name.py
[2024-12-09T18:57:09.402-0300] {logging_mixin.py:190} INFO - [2024-12-09T18:57:09.402-0300] {dag.py:3239} INFO - Sync 1 DAGs
[2024-12-09T18:57:09.412-0300] {logging_mixin.py:190} INFO - [2024-12-09T18:57:09.412-0300] {dag.py:4180} INFO - Setting next_dagrun for example_display_name to None, run_after=None
[2024-12-09T18:57:09.433-0300] {processor.py:208} INFO - Processing /home/alefpa/codigos/breweriesDB/venv/lib/python3.10/site-packages/airflow/example_dags/example_display_name.py took 0.070 seconds
