[2024-12-09T18:36:26.855-0300] {processor.py:186} INFO - Started process (PID=114233) to work on /home/alefpa/codigos/breweriesDB/venv/lib/python3.10/site-packages/airflow/example_dags/example_xcom.py
[2024-12-09T18:36:26.856-0300] {processor.py:914} INFO - Processing file /home/alefpa/codigos/breweriesDB/venv/lib/python3.10/site-packages/airflow/example_dags/example_xcom.py for tasks to queue
[2024-12-09T18:36:26.859-0300] {logging_mixin.py:190} INFO - [2024-12-09T18:36:26.858-0300] {dagbag.py:588} INFO - Filling up the DagBag from /home/alefpa/codigos/breweriesDB/venv/lib/python3.10/site-packages/airflow/example_dags/example_xcom.py
[2024-12-09T18:36:26.869-0300] {processor.py:925} INFO - DAG(s) 'example_xcom' retrieved from /home/alefpa/codigos/breweriesDB/venv/lib/python3.10/site-packages/airflow/example_dags/example_xcom.py
[2024-12-09T18:36:26.974-0300] {logging_mixin.py:190} INFO - [2024-12-09T18:36:26.973-0300] {override.py:1911} INFO - Created Permission View: can read on DAG:example_xcom
[2024-12-09T18:36:26.987-0300] {logging_mixin.py:190} INFO - [2024-12-09T18:36:26.987-0300] {override.py:1911} INFO - Created Permission View: can delete on DAG:example_xcom
[2024-12-09T18:36:26.997-0300] {logging_mixin.py:190} INFO - [2024-12-09T18:36:26.997-0300] {override.py:1911} INFO - Created Permission View: can edit on DAG:example_xcom
[2024-12-09T18:36:27.014-0300] {logging_mixin.py:190} INFO - [2024-12-09T18:36:27.013-0300] {override.py:1911} INFO - Created Permission View: can read on DAG Run:example_xcom
[2024-12-09T18:36:27.024-0300] {logging_mixin.py:190} INFO - [2024-12-09T18:36:27.024-0300] {override.py:1911} INFO - Created Permission View: menu access on DAG Run:example_xcom
[2024-12-09T18:36:27.036-0300] {logging_mixin.py:190} INFO - [2024-12-09T18:36:27.036-0300] {override.py:1911} INFO - Created Permission View: can create on DAG Run:example_xcom
[2024-12-09T18:36:27.047-0300] {logging_mixin.py:190} INFO - [2024-12-09T18:36:27.046-0300] {override.py:1911} INFO - Created Permission View: can delete on DAG Run:example_xcom
[2024-12-09T18:36:27.047-0300] {logging_mixin.py:190} INFO - [2024-12-09T18:36:27.047-0300] {dag.py:3239} INFO - Sync 1 DAGs
[2024-12-09T18:36:27.056-0300] {logging_mixin.py:190} INFO - [2024-12-09T18:36:27.056-0300] {dag.py:3262} INFO - Creating ORM DAG for example_xcom
[2024-12-09T18:36:27.063-0300] {logging_mixin.py:190} INFO - [2024-12-09T18:36:27.062-0300] {dag.py:4180} INFO - Setting next_dagrun for example_xcom to 2021-01-01 00:00:00+00:00, run_after=2021-01-01 00:00:00+00:00
[2024-12-09T18:36:27.091-0300] {processor.py:208} INFO - Processing /home/alefpa/codigos/breweriesDB/venv/lib/python3.10/site-packages/airflow/example_dags/example_xcom.py took 0.243 seconds
[2024-12-09T18:43:03.823-0300] {processor.py:186} INFO - Started process (PID=116023) to work on /home/alefpa/codigos/breweriesDB/venv/lib/python3.10/site-packages/airflow/example_dags/example_xcom.py
[2024-12-09T18:43:03.839-0300] {processor.py:914} INFO - Processing file /home/alefpa/codigos/breweriesDB/venv/lib/python3.10/site-packages/airflow/example_dags/example_xcom.py for tasks to queue
[2024-12-09T18:43:03.841-0300] {logging_mixin.py:190} INFO - [2024-12-09T18:43:03.841-0300] {dagbag.py:588} INFO - Filling up the DagBag from /home/alefpa/codigos/breweriesDB/venv/lib/python3.10/site-packages/airflow/example_dags/example_xcom.py
[2024-12-09T18:43:03.849-0300] {processor.py:925} INFO - DAG(s) 'example_xcom' retrieved from /home/alefpa/codigos/breweriesDB/venv/lib/python3.10/site-packages/airflow/example_dags/example_xcom.py
[2024-12-09T18:43:03.867-0300] {logging_mixin.py:190} INFO - [2024-12-09T18:43:03.867-0300] {dag.py:3239} INFO - Sync 1 DAGs
[2024-12-09T18:43:03.881-0300] {logging_mixin.py:190} INFO - [2024-12-09T18:43:03.881-0300] {dag.py:4180} INFO - Setting next_dagrun for example_xcom to 2021-01-01 00:00:00+00:00, run_after=2021-01-01 00:00:00+00:00
[2024-12-09T18:43:03.909-0300] {processor.py:208} INFO - Processing /home/alefpa/codigos/breweriesDB/venv/lib/python3.10/site-packages/airflow/example_dags/example_xcom.py took 0.091 seconds
[2024-12-09T18:43:20.160-0300] {processor.py:186} INFO - Started process (PID=116116) to work on /home/alefpa/codigos/breweriesDB/venv/lib/python3.10/site-packages/airflow/example_dags/example_xcom.py
[2024-12-09T18:43:20.176-0300] {processor.py:914} INFO - Processing file /home/alefpa/codigos/breweriesDB/venv/lib/python3.10/site-packages/airflow/example_dags/example_xcom.py for tasks to queue
[2024-12-09T18:43:20.178-0300] {logging_mixin.py:190} INFO - [2024-12-09T18:43:20.177-0300] {dagbag.py:588} INFO - Filling up the DagBag from /home/alefpa/codigos/breweriesDB/venv/lib/python3.10/site-packages/airflow/example_dags/example_xcom.py
[2024-12-09T18:43:20.185-0300] {processor.py:925} INFO - DAG(s) 'example_xcom' retrieved from /home/alefpa/codigos/breweriesDB/venv/lib/python3.10/site-packages/airflow/example_dags/example_xcom.py
[2024-12-09T18:43:20.204-0300] {logging_mixin.py:190} INFO - [2024-12-09T18:43:20.203-0300] {dag.py:3239} INFO - Sync 1 DAGs
[2024-12-09T18:43:20.218-0300] {logging_mixin.py:190} INFO - [2024-12-09T18:43:20.217-0300] {dag.py:4180} INFO - Setting next_dagrun for example_xcom to 2021-01-01 00:00:00+00:00, run_after=2021-01-01 00:00:00+00:00
[2024-12-09T18:43:20.243-0300] {processor.py:208} INFO - Processing /home/alefpa/codigos/breweriesDB/venv/lib/python3.10/site-packages/airflow/example_dags/example_xcom.py took 0.087 seconds
[2024-12-09T18:45:57.588-0300] {processor.py:186} INFO - Started process (PID=116797) to work on /home/alefpa/codigos/breweriesDB/venv/lib/python3.10/site-packages/airflow/example_dags/example_xcom.py
[2024-12-09T18:45:57.603-0300] {processor.py:914} INFO - Processing file /home/alefpa/codigos/breweriesDB/venv/lib/python3.10/site-packages/airflow/example_dags/example_xcom.py for tasks to queue
[2024-12-09T18:45:57.605-0300] {logging_mixin.py:190} INFO - [2024-12-09T18:45:57.605-0300] {dagbag.py:588} INFO - Filling up the DagBag from /home/alefpa/codigos/breweriesDB/venv/lib/python3.10/site-packages/airflow/example_dags/example_xcom.py
[2024-12-09T18:45:57.613-0300] {processor.py:925} INFO - DAG(s) 'example_xcom' retrieved from /home/alefpa/codigos/breweriesDB/venv/lib/python3.10/site-packages/airflow/example_dags/example_xcom.py
[2024-12-09T18:45:57.630-0300] {logging_mixin.py:190} INFO - [2024-12-09T18:45:57.629-0300] {dag.py:3239} INFO - Sync 1 DAGs
[2024-12-09T18:45:57.643-0300] {logging_mixin.py:190} INFO - [2024-12-09T18:45:57.643-0300] {dag.py:4180} INFO - Setting next_dagrun for example_xcom to 2021-01-01 00:00:00+00:00, run_after=2021-01-01 00:00:00+00:00
[2024-12-09T18:45:57.662-0300] {processor.py:208} INFO - Processing /home/alefpa/codigos/breweriesDB/venv/lib/python3.10/site-packages/airflow/example_dags/example_xcom.py took 0.078 seconds
[2024-12-09T18:46:33.371-0300] {processor.py:186} INFO - Started process (PID=116967) to work on /home/alefpa/codigos/breweriesDB/venv/lib/python3.10/site-packages/airflow/example_dags/example_xcom.py
[2024-12-09T18:46:33.388-0300] {processor.py:914} INFO - Processing file /home/alefpa/codigos/breweriesDB/venv/lib/python3.10/site-packages/airflow/example_dags/example_xcom.py for tasks to queue
[2024-12-09T18:46:33.391-0300] {logging_mixin.py:190} INFO - [2024-12-09T18:46:33.390-0300] {dagbag.py:588} INFO - Filling up the DagBag from /home/alefpa/codigos/breweriesDB/venv/lib/python3.10/site-packages/airflow/example_dags/example_xcom.py
[2024-12-09T18:46:33.398-0300] {processor.py:925} INFO - DAG(s) 'example_xcom' retrieved from /home/alefpa/codigos/breweriesDB/venv/lib/python3.10/site-packages/airflow/example_dags/example_xcom.py
[2024-12-09T18:46:33.415-0300] {logging_mixin.py:190} INFO - [2024-12-09T18:46:33.415-0300] {dag.py:3239} INFO - Sync 1 DAGs
[2024-12-09T18:46:33.429-0300] {logging_mixin.py:190} INFO - [2024-12-09T18:46:33.429-0300] {dag.py:4180} INFO - Setting next_dagrun for example_xcom to 2021-01-01 00:00:00+00:00, run_after=2021-01-01 00:00:00+00:00
[2024-12-09T18:46:33.448-0300] {processor.py:208} INFO - Processing /home/alefpa/codigos/breweriesDB/venv/lib/python3.10/site-packages/airflow/example_dags/example_xcom.py took 0.081 seconds
[2024-12-09T18:49:30.577-0300] {processor.py:186} INFO - Started process (PID=117807) to work on /home/alefpa/codigos/breweriesDB/venv/lib/python3.10/site-packages/airflow/example_dags/example_xcom.py
[2024-12-09T18:49:30.578-0300] {processor.py:914} INFO - Processing file /home/alefpa/codigos/breweriesDB/venv/lib/python3.10/site-packages/airflow/example_dags/example_xcom.py for tasks to queue
[2024-12-09T18:49:30.581-0300] {logging_mixin.py:190} INFO - [2024-12-09T18:49:30.581-0300] {dagbag.py:588} INFO - Filling up the DagBag from /home/alefpa/codigos/breweriesDB/venv/lib/python3.10/site-packages/airflow/example_dags/example_xcom.py
[2024-12-09T18:49:30.591-0300] {processor.py:925} INFO - DAG(s) 'example_xcom' retrieved from /home/alefpa/codigos/breweriesDB/venv/lib/python3.10/site-packages/airflow/example_dags/example_xcom.py
[2024-12-09T18:49:30.679-0300] {logging_mixin.py:190} INFO - [2024-12-09T18:49:30.679-0300] {override.py:1911} INFO - Created Permission View: can edit on DAG:example_xcom
[2024-12-09T18:49:30.691-0300] {logging_mixin.py:190} INFO - [2024-12-09T18:49:30.691-0300] {override.py:1911} INFO - Created Permission View: can delete on DAG:example_xcom
[2024-12-09T18:49:30.701-0300] {logging_mixin.py:190} INFO - [2024-12-09T18:49:30.701-0300] {override.py:1911} INFO - Created Permission View: can read on DAG:example_xcom
[2024-12-09T18:49:30.718-0300] {logging_mixin.py:190} INFO - [2024-12-09T18:49:30.718-0300] {override.py:1911} INFO - Created Permission View: can delete on DAG Run:example_xcom
[2024-12-09T18:49:30.727-0300] {logging_mixin.py:190} INFO - [2024-12-09T18:49:30.727-0300] {override.py:1911} INFO - Created Permission View: menu access on DAG Run:example_xcom
[2024-12-09T18:49:30.737-0300] {logging_mixin.py:190} INFO - [2024-12-09T18:49:30.737-0300] {override.py:1911} INFO - Created Permission View: can read on DAG Run:example_xcom
[2024-12-09T18:49:30.747-0300] {logging_mixin.py:190} INFO - [2024-12-09T18:49:30.746-0300] {override.py:1911} INFO - Created Permission View: can create on DAG Run:example_xcom
[2024-12-09T18:49:30.747-0300] {logging_mixin.py:190} INFO - [2024-12-09T18:49:30.747-0300] {dag.py:3239} INFO - Sync 1 DAGs
[2024-12-09T18:49:30.755-0300] {logging_mixin.py:190} INFO - [2024-12-09T18:49:30.755-0300] {dag.py:3262} INFO - Creating ORM DAG for example_xcom
[2024-12-09T18:49:30.761-0300] {logging_mixin.py:190} INFO - [2024-12-09T18:49:30.761-0300] {dag.py:4180} INFO - Setting next_dagrun for example_xcom to 2021-01-01 00:00:00+00:00, run_after=2021-01-01 00:00:00+00:00
[2024-12-09T18:49:30.780-0300] {processor.py:208} INFO - Processing /home/alefpa/codigos/breweriesDB/venv/lib/python3.10/site-packages/airflow/example_dags/example_xcom.py took 0.209 seconds
[2024-12-09T18:50:39.043-0300] {processor.py:186} INFO - Started process (PID=118135) to work on /home/alefpa/codigos/breweriesDB/venv/lib/python3.10/site-packages/airflow/example_dags/example_xcom.py
[2024-12-09T18:50:39.058-0300] {processor.py:914} INFO - Processing file /home/alefpa/codigos/breweriesDB/venv/lib/python3.10/site-packages/airflow/example_dags/example_xcom.py for tasks to queue
[2024-12-09T18:50:39.060-0300] {logging_mixin.py:190} INFO - [2024-12-09T18:50:39.060-0300] {dagbag.py:588} INFO - Filling up the DagBag from /home/alefpa/codigos/breweriesDB/venv/lib/python3.10/site-packages/airflow/example_dags/example_xcom.py
[2024-12-09T18:50:39.067-0300] {processor.py:925} INFO - DAG(s) 'example_xcom' retrieved from /home/alefpa/codigos/breweriesDB/venv/lib/python3.10/site-packages/airflow/example_dags/example_xcom.py
[2024-12-09T18:50:39.081-0300] {logging_mixin.py:190} INFO - [2024-12-09T18:50:39.081-0300] {dag.py:3239} INFO - Sync 1 DAGs
[2024-12-09T18:50:39.097-0300] {logging_mixin.py:190} INFO - [2024-12-09T18:50:39.097-0300] {dag.py:4180} INFO - Setting next_dagrun for example_xcom to 2021-01-01 00:00:00+00:00, run_after=2021-01-01 00:00:00+00:00
[2024-12-09T18:50:39.118-0300] {processor.py:208} INFO - Processing /home/alefpa/codigos/breweriesDB/venv/lib/python3.10/site-packages/airflow/example_dags/example_xcom.py took 0.081 seconds
[2024-12-09T18:51:51.250-0300] {processor.py:186} INFO - Started process (PID=118516) to work on /home/alefpa/codigos/breweriesDB/venv/lib/python3.10/site-packages/airflow/example_dags/example_xcom.py
[2024-12-09T18:51:51.253-0300] {processor.py:914} INFO - Processing file /home/alefpa/codigos/breweriesDB/venv/lib/python3.10/site-packages/airflow/example_dags/example_xcom.py for tasks to queue
[2024-12-09T18:51:51.257-0300] {logging_mixin.py:190} INFO - [2024-12-09T18:51:51.257-0300] {dagbag.py:588} INFO - Filling up the DagBag from /home/alefpa/codigos/breweriesDB/venv/lib/python3.10/site-packages/airflow/example_dags/example_xcom.py
[2024-12-09T18:51:51.270-0300] {processor.py:925} INFO - DAG(s) 'example_xcom' retrieved from /home/alefpa/codigos/breweriesDB/venv/lib/python3.10/site-packages/airflow/example_dags/example_xcom.py
[2024-12-09T18:51:51.296-0300] {logging_mixin.py:190} INFO - [2024-12-09T18:51:51.296-0300] {dag.py:3239} INFO - Sync 1 DAGs
[2024-12-09T18:51:51.316-0300] {logging_mixin.py:190} INFO - [2024-12-09T18:51:51.315-0300] {dag.py:4180} INFO - Setting next_dagrun for example_xcom to 2021-01-01 00:00:00+00:00, run_after=2021-01-01 00:00:00+00:00
[2024-12-09T18:51:51.339-0300] {processor.py:208} INFO - Processing /home/alefpa/codigos/breweriesDB/venv/lib/python3.10/site-packages/airflow/example_dags/example_xcom.py took 0.097 seconds
[2024-12-09T18:52:50.300-0300] {processor.py:186} INFO - Started process (PID=118803) to work on /home/alefpa/codigos/breweriesDB/venv/lib/python3.10/site-packages/airflow/example_dags/example_xcom.py
[2024-12-09T18:52:50.316-0300] {processor.py:914} INFO - Processing file /home/alefpa/codigos/breweriesDB/venv/lib/python3.10/site-packages/airflow/example_dags/example_xcom.py for tasks to queue
[2024-12-09T18:52:50.317-0300] {logging_mixin.py:190} INFO - [2024-12-09T18:52:50.317-0300] {dagbag.py:588} INFO - Filling up the DagBag from /home/alefpa/codigos/breweriesDB/venv/lib/python3.10/site-packages/airflow/example_dags/example_xcom.py
[2024-12-09T18:52:50.325-0300] {processor.py:925} INFO - DAG(s) 'example_xcom' retrieved from /home/alefpa/codigos/breweriesDB/venv/lib/python3.10/site-packages/airflow/example_dags/example_xcom.py
[2024-12-09T18:52:50.338-0300] {logging_mixin.py:190} INFO - [2024-12-09T18:52:50.337-0300] {dag.py:3239} INFO - Sync 1 DAGs
[2024-12-09T18:52:50.353-0300] {logging_mixin.py:190} INFO - [2024-12-09T18:52:50.353-0300] {dag.py:4180} INFO - Setting next_dagrun for example_xcom to 2021-01-01 00:00:00+00:00, run_after=2021-01-01 00:00:00+00:00
[2024-12-09T18:52:50.376-0300] {processor.py:208} INFO - Processing /home/alefpa/codigos/breweriesDB/venv/lib/python3.10/site-packages/airflow/example_dags/example_xcom.py took 0.080 seconds
[2024-12-09T18:53:48.909-0300] {processor.py:186} INFO - Started process (PID=119090) to work on /home/alefpa/codigos/breweriesDB/venv/lib/python3.10/site-packages/airflow/example_dags/example_xcom.py
[2024-12-09T18:53:48.925-0300] {processor.py:914} INFO - Processing file /home/alefpa/codigos/breweriesDB/venv/lib/python3.10/site-packages/airflow/example_dags/example_xcom.py for tasks to queue
[2024-12-09T18:53:48.928-0300] {logging_mixin.py:190} INFO - [2024-12-09T18:53:48.927-0300] {dagbag.py:588} INFO - Filling up the DagBag from /home/alefpa/codigos/breweriesDB/venv/lib/python3.10/site-packages/airflow/example_dags/example_xcom.py
[2024-12-09T18:53:48.935-0300] {processor.py:925} INFO - DAG(s) 'example_xcom' retrieved from /home/alefpa/codigos/breweriesDB/venv/lib/python3.10/site-packages/airflow/example_dags/example_xcom.py
[2024-12-09T18:53:48.948-0300] {logging_mixin.py:190} INFO - [2024-12-09T18:53:48.947-0300] {dag.py:3239} INFO - Sync 1 DAGs
[2024-12-09T18:53:48.963-0300] {logging_mixin.py:190} INFO - [2024-12-09T18:53:48.963-0300] {dag.py:4180} INFO - Setting next_dagrun for example_xcom to 2021-01-01 00:00:00+00:00, run_after=2021-01-01 00:00:00+00:00
[2024-12-09T18:53:48.985-0300] {processor.py:208} INFO - Processing /home/alefpa/codigos/breweriesDB/venv/lib/python3.10/site-packages/airflow/example_dags/example_xcom.py took 0.081 seconds
[2024-12-09T18:54:24.373-0300] {processor.py:186} INFO - Started process (PID=119278) to work on /home/alefpa/codigos/breweriesDB/venv/lib/python3.10/site-packages/airflow/example_dags/example_xcom.py
[2024-12-09T18:54:24.374-0300] {processor.py:914} INFO - Processing file /home/alefpa/codigos/breweriesDB/venv/lib/python3.10/site-packages/airflow/example_dags/example_xcom.py for tasks to queue
[2024-12-09T18:54:24.376-0300] {logging_mixin.py:190} INFO - [2024-12-09T18:54:24.376-0300] {dagbag.py:588} INFO - Filling up the DagBag from /home/alefpa/codigos/breweriesDB/venv/lib/python3.10/site-packages/airflow/example_dags/example_xcom.py
[2024-12-09T18:54:24.384-0300] {processor.py:925} INFO - DAG(s) 'example_xcom' retrieved from /home/alefpa/codigos/breweriesDB/venv/lib/python3.10/site-packages/airflow/example_dags/example_xcom.py
[2024-12-09T18:54:24.403-0300] {logging_mixin.py:190} INFO - [2024-12-09T18:54:24.403-0300] {dag.py:3239} INFO - Sync 1 DAGs
[2024-12-09T18:54:24.417-0300] {logging_mixin.py:190} INFO - [2024-12-09T18:54:24.417-0300] {dag.py:4180} INFO - Setting next_dagrun for example_xcom to 2021-01-01 00:00:00+00:00, run_after=2021-01-01 00:00:00+00:00
[2024-12-09T18:54:24.436-0300] {processor.py:208} INFO - Processing /home/alefpa/codigos/breweriesDB/venv/lib/python3.10/site-packages/airflow/example_dags/example_xcom.py took 0.068 seconds
[2024-12-09T18:55:23.424-0300] {processor.py:186} INFO - Started process (PID=119585) to work on /home/alefpa/codigos/breweriesDB/venv/lib/python3.10/site-packages/airflow/example_dags/example_xcom.py
[2024-12-09T18:55:23.426-0300] {processor.py:914} INFO - Processing file /home/alefpa/codigos/breweriesDB/venv/lib/python3.10/site-packages/airflow/example_dags/example_xcom.py for tasks to queue
[2024-12-09T18:55:23.428-0300] {logging_mixin.py:190} INFO - [2024-12-09T18:55:23.427-0300] {dagbag.py:588} INFO - Filling up the DagBag from /home/alefpa/codigos/breweriesDB/venv/lib/python3.10/site-packages/airflow/example_dags/example_xcom.py
[2024-12-09T18:55:23.435-0300] {processor.py:925} INFO - DAG(s) 'example_xcom' retrieved from /home/alefpa/codigos/breweriesDB/venv/lib/python3.10/site-packages/airflow/example_dags/example_xcom.py
[2024-12-09T18:55:23.447-0300] {logging_mixin.py:190} INFO - [2024-12-09T18:55:23.446-0300] {dag.py:3239} INFO - Sync 1 DAGs
[2024-12-09T18:55:23.461-0300] {logging_mixin.py:190} INFO - [2024-12-09T18:55:23.460-0300] {dag.py:4180} INFO - Setting next_dagrun for example_xcom to 2021-01-01 00:00:00+00:00, run_after=2021-01-01 00:00:00+00:00
[2024-12-09T18:55:23.480-0300] {processor.py:208} INFO - Processing /home/alefpa/codigos/breweriesDB/venv/lib/python3.10/site-packages/airflow/example_dags/example_xcom.py took 0.061 seconds
[2024-12-09T18:56:24.868-0300] {processor.py:186} INFO - Started process (PID=119921) to work on /home/alefpa/codigos/breweriesDB/venv/lib/python3.10/site-packages/airflow/example_dags/example_xcom.py
[2024-12-09T18:56:24.869-0300] {processor.py:914} INFO - Processing file /home/alefpa/codigos/breweriesDB/venv/lib/python3.10/site-packages/airflow/example_dags/example_xcom.py for tasks to queue
[2024-12-09T18:56:24.871-0300] {logging_mixin.py:190} INFO - [2024-12-09T18:56:24.871-0300] {dagbag.py:588} INFO - Filling up the DagBag from /home/alefpa/codigos/breweriesDB/venv/lib/python3.10/site-packages/airflow/example_dags/example_xcom.py
[2024-12-09T18:56:24.878-0300] {processor.py:925} INFO - DAG(s) 'example_xcom' retrieved from /home/alefpa/codigos/breweriesDB/venv/lib/python3.10/site-packages/airflow/example_dags/example_xcom.py
[2024-12-09T18:56:24.897-0300] {logging_mixin.py:190} INFO - [2024-12-09T18:56:24.897-0300] {dag.py:3239} INFO - Sync 1 DAGs
[2024-12-09T18:56:24.912-0300] {logging_mixin.py:190} INFO - [2024-12-09T18:56:24.911-0300] {dag.py:4180} INFO - Setting next_dagrun for example_xcom to 2021-01-01 00:00:00+00:00, run_after=2021-01-01 00:00:00+00:00
[2024-12-09T18:56:24.932-0300] {processor.py:208} INFO - Processing /home/alefpa/codigos/breweriesDB/venv/lib/python3.10/site-packages/airflow/example_dags/example_xcom.py took 0.069 seconds
[2024-12-09T18:57:20.293-0300] {processor.py:186} INFO - Started process (PID=120194) to work on /home/alefpa/codigos/breweriesDB/venv/lib/python3.10/site-packages/airflow/example_dags/example_xcom.py
[2024-12-09T18:57:20.294-0300] {processor.py:914} INFO - Processing file /home/alefpa/codigos/breweriesDB/venv/lib/python3.10/site-packages/airflow/example_dags/example_xcom.py for tasks to queue
[2024-12-09T18:57:20.296-0300] {logging_mixin.py:190} INFO - [2024-12-09T18:57:20.296-0300] {dagbag.py:588} INFO - Filling up the DagBag from /home/alefpa/codigos/breweriesDB/venv/lib/python3.10/site-packages/airflow/example_dags/example_xcom.py
[2024-12-09T18:57:20.305-0300] {processor.py:925} INFO - DAG(s) 'example_xcom' retrieved from /home/alefpa/codigos/breweriesDB/venv/lib/python3.10/site-packages/airflow/example_dags/example_xcom.py
[2024-12-09T18:57:20.319-0300] {logging_mixin.py:190} INFO - [2024-12-09T18:57:20.319-0300] {dag.py:3239} INFO - Sync 1 DAGs
[2024-12-09T18:57:20.335-0300] {logging_mixin.py:190} INFO - [2024-12-09T18:57:20.334-0300] {dag.py:4180} INFO - Setting next_dagrun for example_xcom to 2021-01-01 00:00:00+00:00, run_after=2021-01-01 00:00:00+00:00
[2024-12-09T18:57:20.355-0300] {processor.py:208} INFO - Processing /home/alefpa/codigos/breweriesDB/venv/lib/python3.10/site-packages/airflow/example_dags/example_xcom.py took 0.066 seconds
[2024-12-09T18:57:41.857-0300] {processor.py:186} INFO - Started process (PID=120324) to work on /home/alefpa/codigos/breweriesDB/venv/lib/python3.10/site-packages/airflow/example_dags/example_xcom.py
[2024-12-09T18:57:41.872-0300] {processor.py:914} INFO - Processing file /home/alefpa/codigos/breweriesDB/venv/lib/python3.10/site-packages/airflow/example_dags/example_xcom.py for tasks to queue
[2024-12-09T18:57:41.874-0300] {logging_mixin.py:190} INFO - [2024-12-09T18:57:41.874-0300] {dagbag.py:588} INFO - Filling up the DagBag from /home/alefpa/codigos/breweriesDB/venv/lib/python3.10/site-packages/airflow/example_dags/example_xcom.py
[2024-12-09T18:57:41.882-0300] {processor.py:925} INFO - DAG(s) 'example_xcom' retrieved from /home/alefpa/codigos/breweriesDB/venv/lib/python3.10/site-packages/airflow/example_dags/example_xcom.py
[2024-12-09T18:57:41.903-0300] {logging_mixin.py:190} INFO - [2024-12-09T18:57:41.903-0300] {dag.py:3239} INFO - Sync 1 DAGs
[2024-12-09T18:57:41.919-0300] {logging_mixin.py:190} INFO - [2024-12-09T18:57:41.919-0300] {dag.py:4180} INFO - Setting next_dagrun for example_xcom to 2021-01-01 00:00:00+00:00, run_after=2021-01-01 00:00:00+00:00
[2024-12-09T18:57:41.939-0300] {processor.py:208} INFO - Processing /home/alefpa/codigos/breweriesDB/venv/lib/python3.10/site-packages/airflow/example_dags/example_xcom.py took 0.087 seconds
