[2024-12-09T18:36:43.895-0300] {processor.py:186} INFO - Started process (PID=114316) to work on /home/alefpa/codigos/breweriesDB/venv/lib/python3.10/site-packages/airflow/example_dags/example_short_circuit_decorator.py
[2024-12-09T18:36:43.896-0300] {processor.py:914} INFO - Processing file /home/alefpa/codigos/breweriesDB/venv/lib/python3.10/site-packages/airflow/example_dags/example_short_circuit_decorator.py for tasks to queue
[2024-12-09T18:36:43.898-0300] {logging_mixin.py:190} INFO - [2024-12-09T18:36:43.897-0300] {dagbag.py:588} INFO - Filling up the DagBag from /home/alefpa/codigos/breweriesDB/venv/lib/python3.10/site-packages/airflow/example_dags/example_short_circuit_decorator.py
[2024-12-09T18:36:43.907-0300] {processor.py:925} INFO - DAG(s) 'example_short_circuit_decorator' retrieved from /home/alefpa/codigos/breweriesDB/venv/lib/python3.10/site-packages/airflow/example_dags/example_short_circuit_decorator.py
[2024-12-09T18:36:44.028-0300] {logging_mixin.py:190} INFO - [2024-12-09T18:36:44.027-0300] {override.py:1911} INFO - Created Permission View: can read on DAG:example_short_circuit_decorator
[2024-12-09T18:36:44.042-0300] {logging_mixin.py:190} INFO - [2024-12-09T18:36:44.041-0300] {override.py:1911} INFO - Created Permission View: can delete on DAG:example_short_circuit_decorator
[2024-12-09T18:36:44.054-0300] {logging_mixin.py:190} INFO - [2024-12-09T18:36:44.054-0300] {override.py:1911} INFO - Created Permission View: can edit on DAG:example_short_circuit_decorator
[2024-12-09T18:36:44.074-0300] {logging_mixin.py:190} INFO - [2024-12-09T18:36:44.074-0300] {override.py:1911} INFO - Created Permission View: can read on DAG Run:example_short_circuit_decorator
[2024-12-09T18:36:44.085-0300] {logging_mixin.py:190} INFO - [2024-12-09T18:36:44.085-0300] {override.py:1911} INFO - Created Permission View: menu access on DAG Run:example_short_circuit_decorator
[2024-12-09T18:36:44.097-0300] {logging_mixin.py:190} INFO - [2024-12-09T18:36:44.096-0300] {override.py:1911} INFO - Created Permission View: can create on DAG Run:example_short_circuit_decorator
[2024-12-09T18:36:44.108-0300] {logging_mixin.py:190} INFO - [2024-12-09T18:36:44.108-0300] {override.py:1911} INFO - Created Permission View: can delete on DAG Run:example_short_circuit_decorator
[2024-12-09T18:36:44.109-0300] {logging_mixin.py:190} INFO - [2024-12-09T18:36:44.109-0300] {dag.py:3239} INFO - Sync 1 DAGs
[2024-12-09T18:36:44.119-0300] {logging_mixin.py:190} INFO - [2024-12-09T18:36:44.118-0300] {dag.py:3262} INFO - Creating ORM DAG for example_short_circuit_decorator
[2024-12-09T18:36:44.119-0300] {logging_mixin.py:190} INFO - [2024-12-09T18:36:44.119-0300] {dag.py:4180} INFO - Setting next_dagrun for example_short_circuit_decorator to None, run_after=None
[2024-12-09T18:36:44.151-0300] {processor.py:208} INFO - Processing /home/alefpa/codigos/breweriesDB/venv/lib/python3.10/site-packages/airflow/example_dags/example_short_circuit_decorator.py took 0.261 seconds
[2024-12-09T18:43:32.044-0300] {processor.py:186} INFO - Started process (PID=116180) to work on /home/alefpa/codigos/breweriesDB/venv/lib/python3.10/site-packages/airflow/example_dags/example_short_circuit_decorator.py
[2024-12-09T18:43:32.046-0300] {processor.py:914} INFO - Processing file /home/alefpa/codigos/breweriesDB/venv/lib/python3.10/site-packages/airflow/example_dags/example_short_circuit_decorator.py for tasks to queue
[2024-12-09T18:43:32.048-0300] {logging_mixin.py:190} INFO - [2024-12-09T18:43:32.048-0300] {dagbag.py:588} INFO - Filling up the DagBag from /home/alefpa/codigos/breweriesDB/venv/lib/python3.10/site-packages/airflow/example_dags/example_short_circuit_decorator.py
[2024-12-09T18:43:32.057-0300] {processor.py:925} INFO - DAG(s) 'example_short_circuit_decorator' retrieved from /home/alefpa/codigos/breweriesDB/venv/lib/python3.10/site-packages/airflow/example_dags/example_short_circuit_decorator.py
[2024-12-09T18:43:32.076-0300] {logging_mixin.py:190} INFO - [2024-12-09T18:43:32.076-0300] {dag.py:3239} INFO - Sync 1 DAGs
[2024-12-09T18:43:32.086-0300] {logging_mixin.py:190} INFO - [2024-12-09T18:43:32.085-0300] {dag.py:4180} INFO - Setting next_dagrun for example_short_circuit_decorator to None, run_after=None
[2024-12-09T18:43:32.113-0300] {processor.py:208} INFO - Processing /home/alefpa/codigos/breweriesDB/venv/lib/python3.10/site-packages/airflow/example_dags/example_short_circuit_decorator.py took 0.074 seconds
[2024-12-09T18:46:45.264-0300] {processor.py:186} INFO - Started process (PID=117029) to work on /home/alefpa/codigos/breweriesDB/venv/lib/python3.10/site-packages/airflow/example_dags/example_short_circuit_decorator.py
[2024-12-09T18:46:45.265-0300] {processor.py:914} INFO - Processing file /home/alefpa/codigos/breweriesDB/venv/lib/python3.10/site-packages/airflow/example_dags/example_short_circuit_decorator.py for tasks to queue
[2024-12-09T18:46:45.267-0300] {logging_mixin.py:190} INFO - [2024-12-09T18:46:45.267-0300] {dagbag.py:588} INFO - Filling up the DagBag from /home/alefpa/codigos/breweriesDB/venv/lib/python3.10/site-packages/airflow/example_dags/example_short_circuit_decorator.py
[2024-12-09T18:46:45.277-0300] {processor.py:925} INFO - DAG(s) 'example_short_circuit_decorator' retrieved from /home/alefpa/codigos/breweriesDB/venv/lib/python3.10/site-packages/airflow/example_dags/example_short_circuit_decorator.py
[2024-12-09T18:46:45.295-0300] {logging_mixin.py:190} INFO - [2024-12-09T18:46:45.295-0300] {dag.py:3239} INFO - Sync 1 DAGs
[2024-12-09T18:46:45.305-0300] {logging_mixin.py:190} INFO - [2024-12-09T18:46:45.305-0300] {dag.py:4180} INFO - Setting next_dagrun for example_short_circuit_decorator to None, run_after=None
[2024-12-09T18:46:45.325-0300] {processor.py:208} INFO - Processing /home/alefpa/codigos/breweriesDB/venv/lib/python3.10/site-packages/airflow/example_dags/example_short_circuit_decorator.py took 0.066 seconds
[2024-12-09T18:49:46.832-0300] {processor.py:186} INFO - Started process (PID=117885) to work on /home/alefpa/codigos/breweriesDB/venv/lib/python3.10/site-packages/airflow/example_dags/example_short_circuit_decorator.py
[2024-12-09T18:49:46.849-0300] {processor.py:914} INFO - Processing file /home/alefpa/codigos/breweriesDB/venv/lib/python3.10/site-packages/airflow/example_dags/example_short_circuit_decorator.py for tasks to queue
[2024-12-09T18:49:46.850-0300] {logging_mixin.py:190} INFO - [2024-12-09T18:49:46.850-0300] {dagbag.py:588} INFO - Filling up the DagBag from /home/alefpa/codigos/breweriesDB/venv/lib/python3.10/site-packages/airflow/example_dags/example_short_circuit_decorator.py
[2024-12-09T18:49:46.858-0300] {processor.py:925} INFO - DAG(s) 'example_short_circuit_decorator' retrieved from /home/alefpa/codigos/breweriesDB/venv/lib/python3.10/site-packages/airflow/example_dags/example_short_circuit_decorator.py
[2024-12-09T18:49:46.940-0300] {logging_mixin.py:190} INFO - [2024-12-09T18:49:46.939-0300] {override.py:1911} INFO - Created Permission View: can edit on DAG:example_short_circuit_decorator
[2024-12-09T18:49:46.954-0300] {logging_mixin.py:190} INFO - [2024-12-09T18:49:46.954-0300] {override.py:1911} INFO - Created Permission View: can delete on DAG:example_short_circuit_decorator
[2024-12-09T18:49:46.964-0300] {logging_mixin.py:190} INFO - [2024-12-09T18:49:46.964-0300] {override.py:1911} INFO - Created Permission View: can read on DAG:example_short_circuit_decorator
[2024-12-09T18:49:46.981-0300] {logging_mixin.py:190} INFO - [2024-12-09T18:49:46.981-0300] {override.py:1911} INFO - Created Permission View: can delete on DAG Run:example_short_circuit_decorator
[2024-12-09T18:49:46.995-0300] {logging_mixin.py:190} INFO - [2024-12-09T18:49:46.994-0300] {override.py:1911} INFO - Created Permission View: menu access on DAG Run:example_short_circuit_decorator
[2024-12-09T18:49:47.006-0300] {logging_mixin.py:190} INFO - [2024-12-09T18:49:47.005-0300] {override.py:1911} INFO - Created Permission View: can read on DAG Run:example_short_circuit_decorator
[2024-12-09T18:49:47.017-0300] {logging_mixin.py:190} INFO - [2024-12-09T18:49:47.016-0300] {override.py:1911} INFO - Created Permission View: can create on DAG Run:example_short_circuit_decorator
[2024-12-09T18:49:47.018-0300] {logging_mixin.py:190} INFO - [2024-12-09T18:49:47.017-0300] {dag.py:3239} INFO - Sync 1 DAGs
[2024-12-09T18:49:47.028-0300] {logging_mixin.py:190} INFO - [2024-12-09T18:49:47.028-0300] {dag.py:3262} INFO - Creating ORM DAG for example_short_circuit_decorator
[2024-12-09T18:49:47.029-0300] {logging_mixin.py:190} INFO - [2024-12-09T18:49:47.028-0300] {dag.py:4180} INFO - Setting next_dagrun for example_short_circuit_decorator to None, run_after=None
[2024-12-09T18:49:47.051-0300] {processor.py:208} INFO - Processing /home/alefpa/codigos/breweriesDB/venv/lib/python3.10/site-packages/airflow/example_dags/example_short_circuit_decorator.py took 0.224 seconds
[2024-12-09T18:50:54.248-0300] {processor.py:186} INFO - Started process (PID=118200) to work on /home/alefpa/codigos/breweriesDB/venv/lib/python3.10/site-packages/airflow/example_dags/example_short_circuit_decorator.py
[2024-12-09T18:50:54.250-0300] {processor.py:914} INFO - Processing file /home/alefpa/codigos/breweriesDB/venv/lib/python3.10/site-packages/airflow/example_dags/example_short_circuit_decorator.py for tasks to queue
[2024-12-09T18:50:54.252-0300] {logging_mixin.py:190} INFO - [2024-12-09T18:50:54.252-0300] {dagbag.py:588} INFO - Filling up the DagBag from /home/alefpa/codigos/breweriesDB/venv/lib/python3.10/site-packages/airflow/example_dags/example_short_circuit_decorator.py
[2024-12-09T18:50:54.260-0300] {processor.py:925} INFO - DAG(s) 'example_short_circuit_decorator' retrieved from /home/alefpa/codigos/breweriesDB/venv/lib/python3.10/site-packages/airflow/example_dags/example_short_circuit_decorator.py
[2024-12-09T18:50:54.275-0300] {logging_mixin.py:190} INFO - [2024-12-09T18:50:54.275-0300] {dag.py:3239} INFO - Sync 1 DAGs
[2024-12-09T18:50:54.285-0300] {logging_mixin.py:190} INFO - [2024-12-09T18:50:54.284-0300] {dag.py:4180} INFO - Setting next_dagrun for example_short_circuit_decorator to None, run_after=None
[2024-12-09T18:50:54.305-0300] {processor.py:208} INFO - Processing /home/alefpa/codigos/breweriesDB/venv/lib/python3.10/site-packages/airflow/example_dags/example_short_circuit_decorator.py took 0.061 seconds
[2024-12-09T18:52:04.400-0300] {processor.py:186} INFO - Started process (PID=118578) to work on /home/alefpa/codigos/breweriesDB/venv/lib/python3.10/site-packages/airflow/example_dags/example_short_circuit_decorator.py
[2024-12-09T18:52:04.416-0300] {processor.py:914} INFO - Processing file /home/alefpa/codigos/breweriesDB/venv/lib/python3.10/site-packages/airflow/example_dags/example_short_circuit_decorator.py for tasks to queue
[2024-12-09T18:52:04.418-0300] {logging_mixin.py:190} INFO - [2024-12-09T18:52:04.417-0300] {dagbag.py:588} INFO - Filling up the DagBag from /home/alefpa/codigos/breweriesDB/venv/lib/python3.10/site-packages/airflow/example_dags/example_short_circuit_decorator.py
[2024-12-09T18:52:04.428-0300] {processor.py:925} INFO - DAG(s) 'example_short_circuit_decorator' retrieved from /home/alefpa/codigos/breweriesDB/venv/lib/python3.10/site-packages/airflow/example_dags/example_short_circuit_decorator.py
[2024-12-09T18:52:04.448-0300] {logging_mixin.py:190} INFO - [2024-12-09T18:52:04.448-0300] {dag.py:3239} INFO - Sync 1 DAGs
[2024-12-09T18:52:04.460-0300] {logging_mixin.py:190} INFO - [2024-12-09T18:52:04.460-0300] {dag.py:4180} INFO - Setting next_dagrun for example_short_circuit_decorator to None, run_after=None
[2024-12-09T18:52:04.486-0300] {processor.py:208} INFO - Processing /home/alefpa/codigos/breweriesDB/venv/lib/python3.10/site-packages/airflow/example_dags/example_short_circuit_decorator.py took 0.092 seconds
[2024-12-09T18:53:03.529-0300] {processor.py:186} INFO - Started process (PID=118868) to work on /home/alefpa/codigos/breweriesDB/venv/lib/python3.10/site-packages/airflow/example_dags/example_short_circuit_decorator.py
[2024-12-09T18:53:03.546-0300] {processor.py:914} INFO - Processing file /home/alefpa/codigos/breweriesDB/venv/lib/python3.10/site-packages/airflow/example_dags/example_short_circuit_decorator.py for tasks to queue
[2024-12-09T18:53:03.548-0300] {logging_mixin.py:190} INFO - [2024-12-09T18:53:03.548-0300] {dagbag.py:588} INFO - Filling up the DagBag from /home/alefpa/codigos/breweriesDB/venv/lib/python3.10/site-packages/airflow/example_dags/example_short_circuit_decorator.py
[2024-12-09T18:53:03.555-0300] {processor.py:925} INFO - DAG(s) 'example_short_circuit_decorator' retrieved from /home/alefpa/codigos/breweriesDB/venv/lib/python3.10/site-packages/airflow/example_dags/example_short_circuit_decorator.py
[2024-12-09T18:53:03.569-0300] {logging_mixin.py:190} INFO - [2024-12-09T18:53:03.569-0300] {dag.py:3239} INFO - Sync 1 DAGs
[2024-12-09T18:53:03.578-0300] {logging_mixin.py:190} INFO - [2024-12-09T18:53:03.578-0300] {dag.py:4180} INFO - Setting next_dagrun for example_short_circuit_decorator to None, run_after=None
[2024-12-09T18:53:03.599-0300] {processor.py:208} INFO - Processing /home/alefpa/codigos/breweriesDB/venv/lib/python3.10/site-packages/airflow/example_dags/example_short_circuit_decorator.py took 0.074 seconds
[2024-12-09T18:54:02.637-0300] {processor.py:186} INFO - Started process (PID=119163) to work on /home/alefpa/codigos/breweriesDB/venv/lib/python3.10/site-packages/airflow/example_dags/example_short_circuit_decorator.py
[2024-12-09T18:54:02.638-0300] {processor.py:914} INFO - Processing file /home/alefpa/codigos/breweriesDB/venv/lib/python3.10/site-packages/airflow/example_dags/example_short_circuit_decorator.py for tasks to queue
[2024-12-09T18:54:02.640-0300] {logging_mixin.py:190} INFO - [2024-12-09T18:54:02.640-0300] {dagbag.py:588} INFO - Filling up the DagBag from /home/alefpa/codigos/breweriesDB/venv/lib/python3.10/site-packages/airflow/example_dags/example_short_circuit_decorator.py
[2024-12-09T18:54:02.648-0300] {processor.py:925} INFO - DAG(s) 'example_short_circuit_decorator' retrieved from /home/alefpa/codigos/breweriesDB/venv/lib/python3.10/site-packages/airflow/example_dags/example_short_circuit_decorator.py
[2024-12-09T18:54:02.661-0300] {logging_mixin.py:190} INFO - [2024-12-09T18:54:02.661-0300] {dag.py:3239} INFO - Sync 1 DAGs
[2024-12-09T18:54:02.670-0300] {logging_mixin.py:190} INFO - [2024-12-09T18:54:02.670-0300] {dag.py:4180} INFO - Setting next_dagrun for example_short_circuit_decorator to None, run_after=None
[2024-12-09T18:54:02.690-0300] {processor.py:208} INFO - Processing /home/alefpa/codigos/breweriesDB/venv/lib/python3.10/site-packages/airflow/example_dags/example_short_circuit_decorator.py took 0.058 seconds
[2024-12-09T18:54:37.520-0300] {processor.py:186} INFO - Started process (PID=119364) to work on /home/alefpa/codigos/breweriesDB/venv/lib/python3.10/site-packages/airflow/example_dags/example_short_circuit_decorator.py
[2024-12-09T18:54:37.536-0300] {processor.py:914} INFO - Processing file /home/alefpa/codigos/breweriesDB/venv/lib/python3.10/site-packages/airflow/example_dags/example_short_circuit_decorator.py for tasks to queue
[2024-12-09T18:54:37.538-0300] {logging_mixin.py:190} INFO - [2024-12-09T18:54:37.538-0300] {dagbag.py:588} INFO - Filling up the DagBag from /home/alefpa/codigos/breweriesDB/venv/lib/python3.10/site-packages/airflow/example_dags/example_short_circuit_decorator.py
[2024-12-09T18:54:37.547-0300] {processor.py:925} INFO - DAG(s) 'example_short_circuit_decorator' retrieved from /home/alefpa/codigos/breweriesDB/venv/lib/python3.10/site-packages/airflow/example_dags/example_short_circuit_decorator.py
[2024-12-09T18:54:37.566-0300] {logging_mixin.py:190} INFO - [2024-12-09T18:54:37.566-0300] {dag.py:3239} INFO - Sync 1 DAGs
[2024-12-09T18:54:37.575-0300] {logging_mixin.py:190} INFO - [2024-12-09T18:54:37.575-0300] {dag.py:4180} INFO - Setting next_dagrun for example_short_circuit_decorator to None, run_after=None
[2024-12-09T18:54:37.595-0300] {processor.py:208} INFO - Processing /home/alefpa/codigos/breweriesDB/venv/lib/python3.10/site-packages/airflow/example_dags/example_short_circuit_decorator.py took 0.080 seconds
[2024-12-09T18:55:37.747-0300] {processor.py:186} INFO - Started process (PID=119658) to work on /home/alefpa/codigos/breweriesDB/venv/lib/python3.10/site-packages/airflow/example_dags/example_short_circuit_decorator.py
[2024-12-09T18:55:37.749-0300] {processor.py:914} INFO - Processing file /home/alefpa/codigos/breweriesDB/venv/lib/python3.10/site-packages/airflow/example_dags/example_short_circuit_decorator.py for tasks to queue
[2024-12-09T18:55:37.751-0300] {logging_mixin.py:190} INFO - [2024-12-09T18:55:37.750-0300] {dagbag.py:588} INFO - Filling up the DagBag from /home/alefpa/codigos/breweriesDB/venv/lib/python3.10/site-packages/airflow/example_dags/example_short_circuit_decorator.py
[2024-12-09T18:55:37.758-0300] {processor.py:925} INFO - DAG(s) 'example_short_circuit_decorator' retrieved from /home/alefpa/codigos/breweriesDB/venv/lib/python3.10/site-packages/airflow/example_dags/example_short_circuit_decorator.py
[2024-12-09T18:55:37.772-0300] {logging_mixin.py:190} INFO - [2024-12-09T18:55:37.771-0300] {dag.py:3239} INFO - Sync 1 DAGs
[2024-12-09T18:55:37.782-0300] {logging_mixin.py:190} INFO - [2024-12-09T18:55:37.782-0300] {dag.py:4180} INFO - Setting next_dagrun for example_short_circuit_decorator to None, run_after=None
[2024-12-09T18:55:37.803-0300] {processor.py:208} INFO - Processing /home/alefpa/codigos/breweriesDB/venv/lib/python3.10/site-packages/airflow/example_dags/example_short_circuit_decorator.py took 0.060 seconds
[2024-12-09T18:56:37.917-0300] {processor.py:186} INFO - Started process (PID=119985) to work on /home/alefpa/codigos/breweriesDB/venv/lib/python3.10/site-packages/airflow/example_dags/example_short_circuit_decorator.py
[2024-12-09T18:56:37.919-0300] {processor.py:914} INFO - Processing file /home/alefpa/codigos/breweriesDB/venv/lib/python3.10/site-packages/airflow/example_dags/example_short_circuit_decorator.py for tasks to queue
[2024-12-09T18:56:37.920-0300] {logging_mixin.py:190} INFO - [2024-12-09T18:56:37.920-0300] {dagbag.py:588} INFO - Filling up the DagBag from /home/alefpa/codigos/breweriesDB/venv/lib/python3.10/site-packages/airflow/example_dags/example_short_circuit_decorator.py
[2024-12-09T18:56:37.929-0300] {processor.py:925} INFO - DAG(s) 'example_short_circuit_decorator' retrieved from /home/alefpa/codigos/breweriesDB/venv/lib/python3.10/site-packages/airflow/example_dags/example_short_circuit_decorator.py
[2024-12-09T18:56:37.947-0300] {logging_mixin.py:190} INFO - [2024-12-09T18:56:37.947-0300] {dag.py:3239} INFO - Sync 1 DAGs
[2024-12-09T18:56:37.956-0300] {logging_mixin.py:190} INFO - [2024-12-09T18:56:37.956-0300] {dag.py:4180} INFO - Setting next_dagrun for example_short_circuit_decorator to None, run_after=None
[2024-12-09T18:56:37.975-0300] {processor.py:208} INFO - Processing /home/alefpa/codigos/breweriesDB/venv/lib/python3.10/site-packages/airflow/example_dags/example_short_circuit_decorator.py took 0.062 seconds
[2024-12-09T18:57:54.723-0300] {processor.py:186} INFO - Started process (PID=120391) to work on /home/alefpa/codigos/breweriesDB/venv/lib/python3.10/site-packages/airflow/example_dags/example_short_circuit_decorator.py
[2024-12-09T18:57:54.725-0300] {processor.py:914} INFO - Processing file /home/alefpa/codigos/breweriesDB/venv/lib/python3.10/site-packages/airflow/example_dags/example_short_circuit_decorator.py for tasks to queue
[2024-12-09T18:57:54.727-0300] {logging_mixin.py:190} INFO - [2024-12-09T18:57:54.726-0300] {dagbag.py:588} INFO - Filling up the DagBag from /home/alefpa/codigos/breweriesDB/venv/lib/python3.10/site-packages/airflow/example_dags/example_short_circuit_decorator.py
[2024-12-09T18:57:54.736-0300] {processor.py:925} INFO - DAG(s) 'example_short_circuit_decorator' retrieved from /home/alefpa/codigos/breweriesDB/venv/lib/python3.10/site-packages/airflow/example_dags/example_short_circuit_decorator.py
[2024-12-09T18:57:54.755-0300] {logging_mixin.py:190} INFO - [2024-12-09T18:57:54.755-0300] {dag.py:3239} INFO - Sync 1 DAGs
[2024-12-09T18:57:54.764-0300] {logging_mixin.py:190} INFO - [2024-12-09T18:57:54.764-0300] {dag.py:4180} INFO - Setting next_dagrun for example_short_circuit_decorator to None, run_after=None
[2024-12-09T18:57:54.784-0300] {processor.py:208} INFO - Processing /home/alefpa/codigos/breweriesDB/venv/lib/python3.10/site-packages/airflow/example_dags/example_short_circuit_decorator.py took 0.066 seconds
