[2024-12-09T18:36:24.532-0300] {processor.py:186} INFO - Started process (PID=114201) to work on /home/alefpa/codigos/breweriesDB/venv/lib/python3.10/site-packages/airflow/example_dags/example_task_group_decorator.py
[2024-12-09T18:36:24.533-0300] {processor.py:914} INFO - Processing file /home/alefpa/codigos/breweriesDB/venv/lib/python3.10/site-packages/airflow/example_dags/example_task_group_decorator.py for tasks to queue
[2024-12-09T18:36:24.535-0300] {logging_mixin.py:190} INFO - [2024-12-09T18:36:24.535-0300] {dagbag.py:588} INFO - Filling up the DagBag from /home/alefpa/codigos/breweriesDB/venv/lib/python3.10/site-packages/airflow/example_dags/example_task_group_decorator.py
[2024-12-09T18:36:24.547-0300] {processor.py:925} INFO - DAG(s) 'example_task_group_decorator' retrieved from /home/alefpa/codigos/breweriesDB/venv/lib/python3.10/site-packages/airflow/example_dags/example_task_group_decorator.py
[2024-12-09T18:36:24.643-0300] {logging_mixin.py:190} INFO - [2024-12-09T18:36:24.643-0300] {override.py:1911} INFO - Created Permission View: can read on DAG:example_task_group_decorator
[2024-12-09T18:36:24.662-0300] {logging_mixin.py:190} INFO - [2024-12-09T18:36:24.661-0300] {override.py:1911} INFO - Created Permission View: can delete on DAG:example_task_group_decorator
[2024-12-09T18:36:24.675-0300] {logging_mixin.py:190} INFO - [2024-12-09T18:36:24.674-0300] {override.py:1911} INFO - Created Permission View: can edit on DAG:example_task_group_decorator
[2024-12-09T18:36:24.692-0300] {logging_mixin.py:190} INFO - [2024-12-09T18:36:24.692-0300] {override.py:1911} INFO - Created Permission View: can read on DAG Run:example_task_group_decorator
[2024-12-09T18:36:24.704-0300] {logging_mixin.py:190} INFO - [2024-12-09T18:36:24.704-0300] {override.py:1911} INFO - Created Permission View: menu access on DAG Run:example_task_group_decorator
[2024-12-09T18:36:24.714-0300] {logging_mixin.py:190} INFO - [2024-12-09T18:36:24.714-0300] {override.py:1911} INFO - Created Permission View: can create on DAG Run:example_task_group_decorator
[2024-12-09T18:36:24.724-0300] {logging_mixin.py:190} INFO - [2024-12-09T18:36:24.724-0300] {override.py:1911} INFO - Created Permission View: can delete on DAG Run:example_task_group_decorator
[2024-12-09T18:36:24.725-0300] {logging_mixin.py:190} INFO - [2024-12-09T18:36:24.724-0300] {dag.py:3239} INFO - Sync 1 DAGs
[2024-12-09T18:36:24.734-0300] {logging_mixin.py:190} INFO - [2024-12-09T18:36:24.734-0300] {dag.py:3262} INFO - Creating ORM DAG for example_task_group_decorator
[2024-12-09T18:36:24.735-0300] {logging_mixin.py:190} INFO - [2024-12-09T18:36:24.735-0300] {dag.py:4180} INFO - Setting next_dagrun for example_task_group_decorator to None, run_after=None
[2024-12-09T18:36:24.764-0300] {processor.py:208} INFO - Processing /home/alefpa/codigos/breweriesDB/venv/lib/python3.10/site-packages/airflow/example_dags/example_task_group_decorator.py took 0.237 seconds
[2024-12-09T18:43:00.502-0300] {processor.py:186} INFO - Started process (PID=116013) to work on /home/alefpa/codigos/breweriesDB/venv/lib/python3.10/site-packages/airflow/example_dags/example_task_group_decorator.py
[2024-12-09T18:43:00.503-0300] {processor.py:914} INFO - Processing file /home/alefpa/codigos/breweriesDB/venv/lib/python3.10/site-packages/airflow/example_dags/example_task_group_decorator.py for tasks to queue
[2024-12-09T18:43:00.506-0300] {logging_mixin.py:190} INFO - [2024-12-09T18:43:00.505-0300] {dagbag.py:588} INFO - Filling up the DagBag from /home/alefpa/codigos/breweriesDB/venv/lib/python3.10/site-packages/airflow/example_dags/example_task_group_decorator.py
[2024-12-09T18:43:00.517-0300] {processor.py:925} INFO - DAG(s) 'example_task_group_decorator' retrieved from /home/alefpa/codigos/breweriesDB/venv/lib/python3.10/site-packages/airflow/example_dags/example_task_group_decorator.py
[2024-12-09T18:43:00.539-0300] {logging_mixin.py:190} INFO - [2024-12-09T18:43:00.538-0300] {dag.py:3239} INFO - Sync 1 DAGs
[2024-12-09T18:43:00.548-0300] {logging_mixin.py:190} INFO - [2024-12-09T18:43:00.547-0300] {dag.py:4180} INFO - Setting next_dagrun for example_task_group_decorator to None, run_after=None
[2024-12-09T18:43:00.574-0300] {processor.py:208} INFO - Processing /home/alefpa/codigos/breweriesDB/venv/lib/python3.10/site-packages/airflow/example_dags/example_task_group_decorator.py took 0.077 seconds
[2024-12-09T18:43:17.887-0300] {processor.py:186} INFO - Started process (PID=116106) to work on /home/alefpa/codigos/breweriesDB/venv/lib/python3.10/site-packages/airflow/example_dags/example_task_group_decorator.py
[2024-12-09T18:43:17.903-0300] {processor.py:914} INFO - Processing file /home/alefpa/codigos/breweriesDB/venv/lib/python3.10/site-packages/airflow/example_dags/example_task_group_decorator.py for tasks to queue
[2024-12-09T18:43:17.905-0300] {logging_mixin.py:190} INFO - [2024-12-09T18:43:17.905-0300] {dagbag.py:588} INFO - Filling up the DagBag from /home/alefpa/codigos/breweriesDB/venv/lib/python3.10/site-packages/airflow/example_dags/example_task_group_decorator.py
[2024-12-09T18:43:17.919-0300] {processor.py:925} INFO - DAG(s) 'example_task_group_decorator' retrieved from /home/alefpa/codigos/breweriesDB/venv/lib/python3.10/site-packages/airflow/example_dags/example_task_group_decorator.py
[2024-12-09T18:43:17.940-0300] {logging_mixin.py:190} INFO - [2024-12-09T18:43:17.940-0300] {dag.py:3239} INFO - Sync 1 DAGs
[2024-12-09T18:43:17.949-0300] {logging_mixin.py:190} INFO - [2024-12-09T18:43:17.949-0300] {dag.py:4180} INFO - Setting next_dagrun for example_task_group_decorator to None, run_after=None
[2024-12-09T18:43:17.969-0300] {processor.py:208} INFO - Processing /home/alefpa/codigos/breweriesDB/venv/lib/python3.10/site-packages/airflow/example_dags/example_task_group_decorator.py took 0.087 seconds
[2024-12-09T18:45:55.317-0300] {processor.py:186} INFO - Started process (PID=116787) to work on /home/alefpa/codigos/breweriesDB/venv/lib/python3.10/site-packages/airflow/example_dags/example_task_group_decorator.py
[2024-12-09T18:45:55.318-0300] {processor.py:914} INFO - Processing file /home/alefpa/codigos/breweriesDB/venv/lib/python3.10/site-packages/airflow/example_dags/example_task_group_decorator.py for tasks to queue
[2024-12-09T18:45:55.321-0300] {logging_mixin.py:190} INFO - [2024-12-09T18:45:55.320-0300] {dagbag.py:588} INFO - Filling up the DagBag from /home/alefpa/codigos/breweriesDB/venv/lib/python3.10/site-packages/airflow/example_dags/example_task_group_decorator.py
[2024-12-09T18:45:55.332-0300] {processor.py:925} INFO - DAG(s) 'example_task_group_decorator' retrieved from /home/alefpa/codigos/breweriesDB/venv/lib/python3.10/site-packages/airflow/example_dags/example_task_group_decorator.py
[2024-12-09T18:45:55.354-0300] {logging_mixin.py:190} INFO - [2024-12-09T18:45:55.353-0300] {dag.py:3239} INFO - Sync 1 DAGs
[2024-12-09T18:45:55.363-0300] {logging_mixin.py:190} INFO - [2024-12-09T18:45:55.363-0300] {dag.py:4180} INFO - Setting next_dagrun for example_task_group_decorator to None, run_after=None
[2024-12-09T18:45:55.388-0300] {processor.py:208} INFO - Processing /home/alefpa/codigos/breweriesDB/venv/lib/python3.10/site-packages/airflow/example_dags/example_task_group_decorator.py took 0.076 seconds
[2024-12-09T18:46:31.102-0300] {processor.py:186} INFO - Started process (PID=116956) to work on /home/alefpa/codigos/breweriesDB/venv/lib/python3.10/site-packages/airflow/example_dags/example_task_group_decorator.py
[2024-12-09T18:46:31.119-0300] {processor.py:914} INFO - Processing file /home/alefpa/codigos/breweriesDB/venv/lib/python3.10/site-packages/airflow/example_dags/example_task_group_decorator.py for tasks to queue
[2024-12-09T18:46:31.121-0300] {logging_mixin.py:190} INFO - [2024-12-09T18:46:31.121-0300] {dagbag.py:588} INFO - Filling up the DagBag from /home/alefpa/codigos/breweriesDB/venv/lib/python3.10/site-packages/airflow/example_dags/example_task_group_decorator.py
[2024-12-09T18:46:31.132-0300] {processor.py:925} INFO - DAG(s) 'example_task_group_decorator' retrieved from /home/alefpa/codigos/breweriesDB/venv/lib/python3.10/site-packages/airflow/example_dags/example_task_group_decorator.py
[2024-12-09T18:46:31.153-0300] {logging_mixin.py:190} INFO - [2024-12-09T18:46:31.153-0300] {dag.py:3239} INFO - Sync 1 DAGs
[2024-12-09T18:46:31.162-0300] {logging_mixin.py:190} INFO - [2024-12-09T18:46:31.161-0300] {dag.py:4180} INFO - Setting next_dagrun for example_task_group_decorator to None, run_after=None
[2024-12-09T18:46:31.182-0300] {processor.py:208} INFO - Processing /home/alefpa/codigos/breweriesDB/venv/lib/python3.10/site-packages/airflow/example_dags/example_task_group_decorator.py took 0.084 seconds
[2024-12-09T18:49:28.180-0300] {processor.py:186} INFO - Started process (PID=117782) to work on /home/alefpa/codigos/breweriesDB/venv/lib/python3.10/site-packages/airflow/example_dags/example_task_group_decorator.py
[2024-12-09T18:49:28.182-0300] {processor.py:914} INFO - Processing file /home/alefpa/codigos/breweriesDB/venv/lib/python3.10/site-packages/airflow/example_dags/example_task_group_decorator.py for tasks to queue
[2024-12-09T18:49:28.185-0300] {logging_mixin.py:190} INFO - [2024-12-09T18:49:28.185-0300] {dagbag.py:588} INFO - Filling up the DagBag from /home/alefpa/codigos/breweriesDB/venv/lib/python3.10/site-packages/airflow/example_dags/example_task_group_decorator.py
[2024-12-09T18:49:28.202-0300] {processor.py:925} INFO - DAG(s) 'example_task_group_decorator' retrieved from /home/alefpa/codigos/breweriesDB/venv/lib/python3.10/site-packages/airflow/example_dags/example_task_group_decorator.py
[2024-12-09T18:49:28.294-0300] {logging_mixin.py:190} INFO - [2024-12-09T18:49:28.294-0300] {override.py:1911} INFO - Created Permission View: can edit on DAG:example_task_group_decorator
[2024-12-09T18:49:28.313-0300] {logging_mixin.py:190} INFO - [2024-12-09T18:49:28.312-0300] {override.py:1911} INFO - Created Permission View: can delete on DAG:example_task_group_decorator
[2024-12-09T18:49:28.325-0300] {logging_mixin.py:190} INFO - [2024-12-09T18:49:28.324-0300] {override.py:1911} INFO - Created Permission View: can read on DAG:example_task_group_decorator
[2024-12-09T18:49:28.343-0300] {logging_mixin.py:190} INFO - [2024-12-09T18:49:28.343-0300] {override.py:1911} INFO - Created Permission View: can delete on DAG Run:example_task_group_decorator
[2024-12-09T18:49:28.354-0300] {logging_mixin.py:190} INFO - [2024-12-09T18:49:28.353-0300] {override.py:1911} INFO - Created Permission View: menu access on DAG Run:example_task_group_decorator
[2024-12-09T18:49:28.368-0300] {logging_mixin.py:190} INFO - [2024-12-09T18:49:28.367-0300] {override.py:1911} INFO - Created Permission View: can read on DAG Run:example_task_group_decorator
[2024-12-09T18:49:28.378-0300] {logging_mixin.py:190} INFO - [2024-12-09T18:49:28.378-0300] {override.py:1911} INFO - Created Permission View: can create on DAG Run:example_task_group_decorator
[2024-12-09T18:49:28.378-0300] {logging_mixin.py:190} INFO - [2024-12-09T18:49:28.378-0300] {dag.py:3239} INFO - Sync 1 DAGs
[2024-12-09T18:49:28.389-0300] {logging_mixin.py:190} INFO - [2024-12-09T18:49:28.388-0300] {dag.py:3262} INFO - Creating ORM DAG for example_task_group_decorator
[2024-12-09T18:49:28.389-0300] {logging_mixin.py:190} INFO - [2024-12-09T18:49:28.389-0300] {dag.py:4180} INFO - Setting next_dagrun for example_task_group_decorator to None, run_after=None
[2024-12-09T18:49:28.413-0300] {processor.py:208} INFO - Processing /home/alefpa/codigos/breweriesDB/venv/lib/python3.10/site-packages/airflow/example_dags/example_task_group_decorator.py took 0.240 seconds
[2024-12-09T18:50:36.760-0300] {processor.py:186} INFO - Started process (PID=118124) to work on /home/alefpa/codigos/breweriesDB/venv/lib/python3.10/site-packages/airflow/example_dags/example_task_group_decorator.py
[2024-12-09T18:50:36.776-0300] {processor.py:914} INFO - Processing file /home/alefpa/codigos/breweriesDB/venv/lib/python3.10/site-packages/airflow/example_dags/example_task_group_decorator.py for tasks to queue
[2024-12-09T18:50:36.779-0300] {logging_mixin.py:190} INFO - [2024-12-09T18:50:36.778-0300] {dagbag.py:588} INFO - Filling up the DagBag from /home/alefpa/codigos/breweriesDB/venv/lib/python3.10/site-packages/airflow/example_dags/example_task_group_decorator.py
[2024-12-09T18:50:36.790-0300] {processor.py:925} INFO - DAG(s) 'example_task_group_decorator' retrieved from /home/alefpa/codigos/breweriesDB/venv/lib/python3.10/site-packages/airflow/example_dags/example_task_group_decorator.py
[2024-12-09T18:50:36.806-0300] {logging_mixin.py:190} INFO - [2024-12-09T18:50:36.806-0300] {dag.py:3239} INFO - Sync 1 DAGs
[2024-12-09T18:50:36.816-0300] {logging_mixin.py:190} INFO - [2024-12-09T18:50:36.815-0300] {dag.py:4180} INFO - Setting next_dagrun for example_task_group_decorator to None, run_after=None
[2024-12-09T18:50:36.836-0300] {processor.py:208} INFO - Processing /home/alefpa/codigos/breweriesDB/venv/lib/python3.10/site-packages/airflow/example_dags/example_task_group_decorator.py took 0.081 seconds
[2024-12-09T18:51:33.995-0300] {processor.py:186} INFO - Started process (PID=118400) to work on /home/alefpa/codigos/breweriesDB/venv/lib/python3.10/site-packages/airflow/example_dags/example_task_group_decorator.py
[2024-12-09T18:51:34.012-0300] {processor.py:914} INFO - Processing file /home/alefpa/codigos/breweriesDB/venv/lib/python3.10/site-packages/airflow/example_dags/example_task_group_decorator.py for tasks to queue
[2024-12-09T18:51:34.015-0300] {logging_mixin.py:190} INFO - [2024-12-09T18:51:34.015-0300] {dagbag.py:588} INFO - Filling up the DagBag from /home/alefpa/codigos/breweriesDB/venv/lib/python3.10/site-packages/airflow/example_dags/example_task_group_decorator.py
[2024-12-09T18:51:34.032-0300] {processor.py:925} INFO - DAG(s) 'example_task_group_decorator' retrieved from /home/alefpa/codigos/breweriesDB/venv/lib/python3.10/site-packages/airflow/example_dags/example_task_group_decorator.py
[2024-12-09T18:51:34.057-0300] {logging_mixin.py:190} INFO - [2024-12-09T18:51:34.057-0300] {dag.py:3239} INFO - Sync 1 DAGs
[2024-12-09T18:51:34.070-0300] {logging_mixin.py:190} INFO - [2024-12-09T18:51:34.070-0300] {dag.py:4180} INFO - Setting next_dagrun for example_task_group_decorator to None, run_after=None
[2024-12-09T18:51:34.096-0300] {processor.py:208} INFO - Processing /home/alefpa/codigos/breweriesDB/venv/lib/python3.10/site-packages/airflow/example_dags/example_task_group_decorator.py took 0.106 seconds
[2024-12-09T18:51:48.950-0300] {processor.py:186} INFO - Started process (PID=118504) to work on /home/alefpa/codigos/breweriesDB/venv/lib/python3.10/site-packages/airflow/example_dags/example_task_group_decorator.py
[2024-12-09T18:51:48.965-0300] {processor.py:914} INFO - Processing file /home/alefpa/codigos/breweriesDB/venv/lib/python3.10/site-packages/airflow/example_dags/example_task_group_decorator.py for tasks to queue
[2024-12-09T18:51:48.968-0300] {logging_mixin.py:190} INFO - [2024-12-09T18:51:48.967-0300] {dagbag.py:588} INFO - Filling up the DagBag from /home/alefpa/codigos/breweriesDB/venv/lib/python3.10/site-packages/airflow/example_dags/example_task_group_decorator.py
[2024-12-09T18:51:48.979-0300] {processor.py:925} INFO - DAG(s) 'example_task_group_decorator' retrieved from /home/alefpa/codigos/breweriesDB/venv/lib/python3.10/site-packages/airflow/example_dags/example_task_group_decorator.py
[2024-12-09T18:51:49.001-0300] {logging_mixin.py:190} INFO - [2024-12-09T18:51:49.001-0300] {dag.py:3239} INFO - Sync 1 DAGs
[2024-12-09T18:51:49.010-0300] {logging_mixin.py:190} INFO - [2024-12-09T18:51:49.010-0300] {dag.py:4180} INFO - Setting next_dagrun for example_task_group_decorator to None, run_after=None
[2024-12-09T18:51:49.030-0300] {processor.py:208} INFO - Processing /home/alefpa/codigos/breweriesDB/venv/lib/python3.10/site-packages/airflow/example_dags/example_task_group_decorator.py took 0.085 seconds
[2024-12-09T18:52:48.014-0300] {processor.py:186} INFO - Started process (PID=118793) to work on /home/alefpa/codigos/breweriesDB/venv/lib/python3.10/site-packages/airflow/example_dags/example_task_group_decorator.py
[2024-12-09T18:52:48.015-0300] {processor.py:914} INFO - Processing file /home/alefpa/codigos/breweriesDB/venv/lib/python3.10/site-packages/airflow/example_dags/example_task_group_decorator.py for tasks to queue
[2024-12-09T18:52:48.018-0300] {logging_mixin.py:190} INFO - [2024-12-09T18:52:48.017-0300] {dagbag.py:588} INFO - Filling up the DagBag from /home/alefpa/codigos/breweriesDB/venv/lib/python3.10/site-packages/airflow/example_dags/example_task_group_decorator.py
[2024-12-09T18:52:48.032-0300] {processor.py:925} INFO - DAG(s) 'example_task_group_decorator' retrieved from /home/alefpa/codigos/breweriesDB/venv/lib/python3.10/site-packages/airflow/example_dags/example_task_group_decorator.py
[2024-12-09T18:52:48.048-0300] {logging_mixin.py:190} INFO - [2024-12-09T18:52:48.048-0300] {dag.py:3239} INFO - Sync 1 DAGs
[2024-12-09T18:52:48.057-0300] {logging_mixin.py:190} INFO - [2024-12-09T18:52:48.057-0300] {dag.py:4180} INFO - Setting next_dagrun for example_task_group_decorator to None, run_after=None
[2024-12-09T18:52:48.077-0300] {processor.py:208} INFO - Processing /home/alefpa/codigos/breweriesDB/venv/lib/python3.10/site-packages/airflow/example_dags/example_task_group_decorator.py took 0.069 seconds
[2024-12-09T18:53:47.694-0300] {processor.py:186} INFO - Started process (PID=119081) to work on /home/alefpa/codigos/breweriesDB/venv/lib/python3.10/site-packages/airflow/example_dags/example_task_group_decorator.py
[2024-12-09T18:53:47.696-0300] {processor.py:914} INFO - Processing file /home/alefpa/codigos/breweriesDB/venv/lib/python3.10/site-packages/airflow/example_dags/example_task_group_decorator.py for tasks to queue
[2024-12-09T18:53:47.698-0300] {logging_mixin.py:190} INFO - [2024-12-09T18:53:47.698-0300] {dagbag.py:588} INFO - Filling up the DagBag from /home/alefpa/codigos/breweriesDB/venv/lib/python3.10/site-packages/airflow/example_dags/example_task_group_decorator.py
[2024-12-09T18:53:47.709-0300] {processor.py:925} INFO - DAG(s) 'example_task_group_decorator' retrieved from /home/alefpa/codigos/breweriesDB/venv/lib/python3.10/site-packages/airflow/example_dags/example_task_group_decorator.py
[2024-12-09T18:53:47.725-0300] {logging_mixin.py:190} INFO - [2024-12-09T18:53:47.724-0300] {dag.py:3239} INFO - Sync 1 DAGs
[2024-12-09T18:53:47.735-0300] {logging_mixin.py:190} INFO - [2024-12-09T18:53:47.734-0300] {dag.py:4180} INFO - Setting next_dagrun for example_task_group_decorator to None, run_after=None
[2024-12-09T18:53:47.755-0300] {processor.py:208} INFO - Processing /home/alefpa/codigos/breweriesDB/venv/lib/python3.10/site-packages/airflow/example_dags/example_task_group_decorator.py took 0.065 seconds
[2024-12-09T18:54:22.100-0300] {processor.py:186} INFO - Started process (PID=119264) to work on /home/alefpa/codigos/breweriesDB/venv/lib/python3.10/site-packages/airflow/example_dags/example_task_group_decorator.py
[2024-12-09T18:54:22.115-0300] {processor.py:914} INFO - Processing file /home/alefpa/codigos/breweriesDB/venv/lib/python3.10/site-packages/airflow/example_dags/example_task_group_decorator.py for tasks to queue
[2024-12-09T18:54:22.117-0300] {logging_mixin.py:190} INFO - [2024-12-09T18:54:22.117-0300] {dagbag.py:588} INFO - Filling up the DagBag from /home/alefpa/codigos/breweriesDB/venv/lib/python3.10/site-packages/airflow/example_dags/example_task_group_decorator.py
[2024-12-09T18:54:22.130-0300] {processor.py:925} INFO - DAG(s) 'example_task_group_decorator' retrieved from /home/alefpa/codigos/breweriesDB/venv/lib/python3.10/site-packages/airflow/example_dags/example_task_group_decorator.py
[2024-12-09T18:54:22.151-0300] {logging_mixin.py:190} INFO - [2024-12-09T18:54:22.151-0300] {dag.py:3239} INFO - Sync 1 DAGs
[2024-12-09T18:54:22.161-0300] {logging_mixin.py:190} INFO - [2024-12-09T18:54:22.160-0300] {dag.py:4180} INFO - Setting next_dagrun for example_task_group_decorator to None, run_after=None
[2024-12-09T18:54:22.180-0300] {processor.py:208} INFO - Processing /home/alefpa/codigos/breweriesDB/venv/lib/python3.10/site-packages/airflow/example_dags/example_task_group_decorator.py took 0.085 seconds
[2024-12-09T18:55:19.973-0300] {processor.py:186} INFO - Started process (PID=119575) to work on /home/alefpa/codigos/breweriesDB/venv/lib/python3.10/site-packages/airflow/example_dags/example_task_group_decorator.py
[2024-12-09T18:55:19.990-0300] {processor.py:914} INFO - Processing file /home/alefpa/codigos/breweriesDB/venv/lib/python3.10/site-packages/airflow/example_dags/example_task_group_decorator.py for tasks to queue
[2024-12-09T18:55:19.992-0300] {logging_mixin.py:190} INFO - [2024-12-09T18:55:19.992-0300] {dagbag.py:588} INFO - Filling up the DagBag from /home/alefpa/codigos/breweriesDB/venv/lib/python3.10/site-packages/airflow/example_dags/example_task_group_decorator.py
[2024-12-09T18:55:20.004-0300] {processor.py:925} INFO - DAG(s) 'example_task_group_decorator' retrieved from /home/alefpa/codigos/breweriesDB/venv/lib/python3.10/site-packages/airflow/example_dags/example_task_group_decorator.py
[2024-12-09T18:55:20.019-0300] {logging_mixin.py:190} INFO - [2024-12-09T18:55:20.019-0300] {dag.py:3239} INFO - Sync 1 DAGs
[2024-12-09T18:55:20.028-0300] {logging_mixin.py:190} INFO - [2024-12-09T18:55:20.028-0300] {dag.py:4180} INFO - Setting next_dagrun for example_task_group_decorator to None, run_after=None
[2024-12-09T18:55:20.048-0300] {processor.py:208} INFO - Processing /home/alefpa/codigos/breweriesDB/venv/lib/python3.10/site-packages/airflow/example_dags/example_task_group_decorator.py took 0.079 seconds
[2024-12-09T18:56:22.597-0300] {processor.py:186} INFO - Started process (PID=119911) to work on /home/alefpa/codigos/breweriesDB/venv/lib/python3.10/site-packages/airflow/example_dags/example_task_group_decorator.py
[2024-12-09T18:56:22.599-0300] {processor.py:914} INFO - Processing file /home/alefpa/codigos/breweriesDB/venv/lib/python3.10/site-packages/airflow/example_dags/example_task_group_decorator.py for tasks to queue
[2024-12-09T18:56:22.601-0300] {logging_mixin.py:190} INFO - [2024-12-09T18:56:22.600-0300] {dagbag.py:588} INFO - Filling up the DagBag from /home/alefpa/codigos/breweriesDB/venv/lib/python3.10/site-packages/airflow/example_dags/example_task_group_decorator.py
[2024-12-09T18:56:22.612-0300] {processor.py:925} INFO - DAG(s) 'example_task_group_decorator' retrieved from /home/alefpa/codigos/breweriesDB/venv/lib/python3.10/site-packages/airflow/example_dags/example_task_group_decorator.py
[2024-12-09T18:56:22.633-0300] {logging_mixin.py:190} INFO - [2024-12-09T18:56:22.632-0300] {dag.py:3239} INFO - Sync 1 DAGs
[2024-12-09T18:56:22.642-0300] {logging_mixin.py:190} INFO - [2024-12-09T18:56:22.642-0300] {dag.py:4180} INFO - Setting next_dagrun for example_task_group_decorator to None, run_after=None
[2024-12-09T18:56:22.662-0300] {processor.py:208} INFO - Processing /home/alefpa/codigos/breweriesDB/venv/lib/python3.10/site-packages/airflow/example_dags/example_task_group_decorator.py took 0.070 seconds
[2024-12-09T18:57:19.161-0300] {processor.py:186} INFO - Started process (PID=120185) to work on /home/alefpa/codigos/breweriesDB/venv/lib/python3.10/site-packages/airflow/example_dags/example_task_group_decorator.py
[2024-12-09T18:57:19.163-0300] {processor.py:914} INFO - Processing file /home/alefpa/codigos/breweriesDB/venv/lib/python3.10/site-packages/airflow/example_dags/example_task_group_decorator.py for tasks to queue
[2024-12-09T18:57:19.165-0300] {logging_mixin.py:190} INFO - [2024-12-09T18:57:19.164-0300] {dagbag.py:588} INFO - Filling up the DagBag from /home/alefpa/codigos/breweriesDB/venv/lib/python3.10/site-packages/airflow/example_dags/example_task_group_decorator.py
[2024-12-09T18:57:19.176-0300] {processor.py:925} INFO - DAG(s) 'example_task_group_decorator' retrieved from /home/alefpa/codigos/breweriesDB/venv/lib/python3.10/site-packages/airflow/example_dags/example_task_group_decorator.py
[2024-12-09T18:57:19.191-0300] {logging_mixin.py:190} INFO - [2024-12-09T18:57:19.191-0300] {dag.py:3239} INFO - Sync 1 DAGs
[2024-12-09T18:57:19.200-0300] {logging_mixin.py:190} INFO - [2024-12-09T18:57:19.200-0300] {dag.py:4180} INFO - Setting next_dagrun for example_task_group_decorator to None, run_after=None
[2024-12-09T18:57:19.219-0300] {processor.py:208} INFO - Processing /home/alefpa/codigos/breweriesDB/venv/lib/python3.10/site-packages/airflow/example_dags/example_task_group_decorator.py took 0.062 seconds
[2024-12-09T18:57:39.578-0300] {processor.py:186} INFO - Started process (PID=120297) to work on /home/alefpa/codigos/breweriesDB/venv/lib/python3.10/site-packages/airflow/example_dags/example_task_group_decorator.py
[2024-12-09T18:57:39.594-0300] {processor.py:914} INFO - Processing file /home/alefpa/codigos/breweriesDB/venv/lib/python3.10/site-packages/airflow/example_dags/example_task_group_decorator.py for tasks to queue
[2024-12-09T18:57:39.597-0300] {logging_mixin.py:190} INFO - [2024-12-09T18:57:39.597-0300] {dagbag.py:588} INFO - Filling up the DagBag from /home/alefpa/codigos/breweriesDB/venv/lib/python3.10/site-packages/airflow/example_dags/example_task_group_decorator.py
[2024-12-09T18:57:39.609-0300] {processor.py:925} INFO - DAG(s) 'example_task_group_decorator' retrieved from /home/alefpa/codigos/breweriesDB/venv/lib/python3.10/site-packages/airflow/example_dags/example_task_group_decorator.py
[2024-12-09T18:57:39.630-0300] {logging_mixin.py:190} INFO - [2024-12-09T18:57:39.630-0300] {dag.py:3239} INFO - Sync 1 DAGs
[2024-12-09T18:57:39.639-0300] {logging_mixin.py:190} INFO - [2024-12-09T18:57:39.639-0300] {dag.py:4180} INFO - Setting next_dagrun for example_task_group_decorator to None, run_after=None
[2024-12-09T18:57:39.660-0300] {processor.py:208} INFO - Processing /home/alefpa/codigos/breweriesDB/venv/lib/python3.10/site-packages/airflow/example_dags/example_task_group_decorator.py took 0.087 seconds
