[2024-12-09T18:36:46.564-0300] {processor.py:186} INFO - Started process (PID=114326) to work on /home/alefpa/codigos/breweriesDB/venv/lib/python3.10/site-packages/airflow/example_dags/example_outlet_event_extra.py
[2024-12-09T18:36:46.565-0300] {processor.py:914} INFO - Processing file /home/alefpa/codigos/breweriesDB/venv/lib/python3.10/site-packages/airflow/example_dags/example_outlet_event_extra.py for tasks to queue
[2024-12-09T18:36:46.567-0300] {logging_mixin.py:190} INFO - [2024-12-09T18:36:46.567-0300] {dagbag.py:588} INFO - Filling up the DagBag from /home/alefpa/codigos/breweriesDB/venv/lib/python3.10/site-packages/airflow/example_dags/example_outlet_event_extra.py
[2024-12-09T18:36:46.579-0300] {processor.py:925} INFO - DAG(s) 'dataset_with_extra_by_yield', 'dataset_with_extra_from_classic_operator', 'dataset_with_extra_by_context' retrieved from /home/alefpa/codigos/breweriesDB/venv/lib/python3.10/site-packages/airflow/example_dags/example_outlet_event_extra.py
[2024-12-09T18:36:46.675-0300] {logging_mixin.py:190} INFO - [2024-12-09T18:36:46.675-0300] {override.py:1911} INFO - Created Permission View: can read on DAG:dataset_with_extra_by_yield
[2024-12-09T18:36:46.687-0300] {logging_mixin.py:190} INFO - [2024-12-09T18:36:46.687-0300] {override.py:1911} INFO - Created Permission View: can delete on DAG:dataset_with_extra_by_yield
[2024-12-09T18:36:46.698-0300] {logging_mixin.py:190} INFO - [2024-12-09T18:36:46.698-0300] {override.py:1911} INFO - Created Permission View: can edit on DAG:dataset_with_extra_by_yield
[2024-12-09T18:36:46.715-0300] {logging_mixin.py:190} INFO - [2024-12-09T18:36:46.715-0300] {override.py:1911} INFO - Created Permission View: can read on DAG Run:dataset_with_extra_by_yield
[2024-12-09T18:36:46.726-0300] {logging_mixin.py:190} INFO - [2024-12-09T18:36:46.726-0300] {override.py:1911} INFO - Created Permission View: menu access on DAG Run:dataset_with_extra_by_yield
[2024-12-09T18:36:46.739-0300] {logging_mixin.py:190} INFO - [2024-12-09T18:36:46.738-0300] {override.py:1911} INFO - Created Permission View: can create on DAG Run:dataset_with_extra_by_yield
[2024-12-09T18:36:46.751-0300] {logging_mixin.py:190} INFO - [2024-12-09T18:36:46.751-0300] {override.py:1911} INFO - Created Permission View: can delete on DAG Run:dataset_with_extra_by_yield
[2024-12-09T18:36:46.774-0300] {logging_mixin.py:190} INFO - [2024-12-09T18:36:46.774-0300] {override.py:1911} INFO - Created Permission View: can read on DAG:dataset_with_extra_from_classic_operator
[2024-12-09T18:36:46.786-0300] {logging_mixin.py:190} INFO - [2024-12-09T18:36:46.786-0300] {override.py:1911} INFO - Created Permission View: can delete on DAG:dataset_with_extra_from_classic_operator
[2024-12-09T18:36:46.796-0300] {logging_mixin.py:190} INFO - [2024-12-09T18:36:46.796-0300] {override.py:1911} INFO - Created Permission View: can edit on DAG:dataset_with_extra_from_classic_operator
[2024-12-09T18:36:46.813-0300] {logging_mixin.py:190} INFO - [2024-12-09T18:36:46.813-0300] {override.py:1911} INFO - Created Permission View: can read on DAG Run:dataset_with_extra_from_classic_operator
[2024-12-09T18:36:46.824-0300] {logging_mixin.py:190} INFO - [2024-12-09T18:36:46.823-0300] {override.py:1911} INFO - Created Permission View: menu access on DAG Run:dataset_with_extra_from_classic_operator
[2024-12-09T18:36:46.835-0300] {logging_mixin.py:190} INFO - [2024-12-09T18:36:46.835-0300] {override.py:1911} INFO - Created Permission View: can create on DAG Run:dataset_with_extra_from_classic_operator
[2024-12-09T18:36:46.848-0300] {logging_mixin.py:190} INFO - [2024-12-09T18:36:46.848-0300] {override.py:1911} INFO - Created Permission View: can delete on DAG Run:dataset_with_extra_from_classic_operator
[2024-12-09T18:36:46.878-0300] {logging_mixin.py:190} INFO - [2024-12-09T18:36:46.877-0300] {override.py:1911} INFO - Created Permission View: can read on DAG:dataset_with_extra_by_context
[2024-12-09T18:36:46.888-0300] {logging_mixin.py:190} INFO - [2024-12-09T18:36:46.888-0300] {override.py:1911} INFO - Created Permission View: can delete on DAG:dataset_with_extra_by_context
[2024-12-09T18:36:46.899-0300] {logging_mixin.py:190} INFO - [2024-12-09T18:36:46.898-0300] {override.py:1911} INFO - Created Permission View: can edit on DAG:dataset_with_extra_by_context
[2024-12-09T18:36:46.916-0300] {logging_mixin.py:190} INFO - [2024-12-09T18:36:46.916-0300] {override.py:1911} INFO - Created Permission View: can read on DAG Run:dataset_with_extra_by_context
[2024-12-09T18:36:46.927-0300] {logging_mixin.py:190} INFO - [2024-12-09T18:36:46.926-0300] {override.py:1911} INFO - Created Permission View: menu access on DAG Run:dataset_with_extra_by_context
[2024-12-09T18:36:46.941-0300] {logging_mixin.py:190} INFO - [2024-12-09T18:36:46.941-0300] {override.py:1911} INFO - Created Permission View: can create on DAG Run:dataset_with_extra_by_context
[2024-12-09T18:36:46.952-0300] {logging_mixin.py:190} INFO - [2024-12-09T18:36:46.951-0300] {override.py:1911} INFO - Created Permission View: can delete on DAG Run:dataset_with_extra_by_context
[2024-12-09T18:36:46.952-0300] {logging_mixin.py:190} INFO - [2024-12-09T18:36:46.952-0300] {dag.py:3239} INFO - Sync 3 DAGs
[2024-12-09T18:36:46.962-0300] {logging_mixin.py:190} INFO - [2024-12-09T18:36:46.961-0300] {dag.py:3262} INFO - Creating ORM DAG for dataset_with_extra_by_context
[2024-12-09T18:36:46.962-0300] {logging_mixin.py:190} INFO - [2024-12-09T18:36:46.962-0300] {dag.py:3262} INFO - Creating ORM DAG for dataset_with_extra_by_yield
[2024-12-09T18:36:46.963-0300] {logging_mixin.py:190} INFO - [2024-12-09T18:36:46.963-0300] {dag.py:3262} INFO - Creating ORM DAG for dataset_with_extra_from_classic_operator
[2024-12-09T18:36:46.970-0300] {logging_mixin.py:190} INFO - [2024-12-09T18:36:46.969-0300] {dag.py:4180} INFO - Setting next_dagrun for dataset_with_extra_by_context to 2024-12-08 00:00:00+00:00, run_after=2024-12-09 00:00:00+00:00
[2024-12-09T18:36:46.971-0300] {logging_mixin.py:190} INFO - [2024-12-09T18:36:46.971-0300] {dag.py:4180} INFO - Setting next_dagrun for dataset_with_extra_by_yield to 2024-12-08 00:00:00+00:00, run_after=2024-12-09 00:00:00+00:00
[2024-12-09T18:36:46.973-0300] {logging_mixin.py:190} INFO - [2024-12-09T18:36:46.973-0300] {dag.py:4180} INFO - Setting next_dagrun for dataset_with_extra_from_classic_operator to 2024-12-08 00:00:00+00:00, run_after=2024-12-09 00:00:00+00:00
[2024-12-09T18:36:47.016-0300] {processor.py:208} INFO - Processing /home/alefpa/codigos/breweriesDB/venv/lib/python3.10/site-packages/airflow/example_dags/example_outlet_event_extra.py took 0.457 seconds
[2024-12-09T18:43:34.328-0300] {processor.py:186} INFO - Started process (PID=116190) to work on /home/alefpa/codigos/breweriesDB/venv/lib/python3.10/site-packages/airflow/example_dags/example_outlet_event_extra.py
[2024-12-09T18:43:34.330-0300] {processor.py:914} INFO - Processing file /home/alefpa/codigos/breweriesDB/venv/lib/python3.10/site-packages/airflow/example_dags/example_outlet_event_extra.py for tasks to queue
[2024-12-09T18:43:34.332-0300] {logging_mixin.py:190} INFO - [2024-12-09T18:43:34.332-0300] {dagbag.py:588} INFO - Filling up the DagBag from /home/alefpa/codigos/breweriesDB/venv/lib/python3.10/site-packages/airflow/example_dags/example_outlet_event_extra.py
[2024-12-09T18:43:34.344-0300] {processor.py:925} INFO - DAG(s) 'dataset_with_extra_from_classic_operator', 'dataset_with_extra_by_yield', 'dataset_with_extra_by_context' retrieved from /home/alefpa/codigos/breweriesDB/venv/lib/python3.10/site-packages/airflow/example_dags/example_outlet_event_extra.py
[2024-12-09T18:43:34.365-0300] {logging_mixin.py:190} INFO - [2024-12-09T18:43:34.365-0300] {dag.py:3239} INFO - Sync 3 DAGs
[2024-12-09T18:43:35.656-0300] {logging_mixin.py:190} INFO - [2024-12-09T18:43:35.656-0300] {dag.py:4180} INFO - Setting next_dagrun for dataset_with_extra_by_context to 2024-12-08 00:00:00+00:00, run_after=2024-12-09 00:00:00+00:00
[2024-12-09T18:43:35.660-0300] {logging_mixin.py:190} INFO - [2024-12-09T18:43:35.660-0300] {dag.py:4180} INFO - Setting next_dagrun for dataset_with_extra_by_yield to 2024-12-08 00:00:00+00:00, run_after=2024-12-09 00:00:00+00:00
[2024-12-09T18:43:35.662-0300] {logging_mixin.py:190} INFO - [2024-12-09T18:43:35.662-0300] {dag.py:4180} INFO - Setting next_dagrun for dataset_with_extra_from_classic_operator to 2024-12-08 00:00:00+00:00, run_after=2024-12-09 00:00:00+00:00
[2024-12-09T18:43:35.693-0300] {processor.py:208} INFO - Processing /home/alefpa/codigos/breweriesDB/venv/lib/python3.10/site-packages/airflow/example_dags/example_outlet_event_extra.py took 0.095 seconds
[2024-12-09T18:46:47.548-0300] {processor.py:186} INFO - Started process (PID=117039) to work on /home/alefpa/codigos/breweriesDB/venv/lib/python3.10/site-packages/airflow/example_dags/example_outlet_event_extra.py
[2024-12-09T18:46:47.565-0300] {processor.py:914} INFO - Processing file /home/alefpa/codigos/breweriesDB/venv/lib/python3.10/site-packages/airflow/example_dags/example_outlet_event_extra.py for tasks to queue
[2024-12-09T18:46:47.567-0300] {logging_mixin.py:190} INFO - [2024-12-09T18:46:47.567-0300] {dagbag.py:588} INFO - Filling up the DagBag from /home/alefpa/codigos/breweriesDB/venv/lib/python3.10/site-packages/airflow/example_dags/example_outlet_event_extra.py
[2024-12-09T18:46:47.579-0300] {processor.py:925} INFO - DAG(s) 'dataset_with_extra_by_context', 'dataset_with_extra_by_yield', 'dataset_with_extra_from_classic_operator' retrieved from /home/alefpa/codigos/breweriesDB/venv/lib/python3.10/site-packages/airflow/example_dags/example_outlet_event_extra.py
[2024-12-09T18:46:47.598-0300] {logging_mixin.py:190} INFO - [2024-12-09T18:46:47.598-0300] {dag.py:3239} INFO - Sync 3 DAGs
[2024-12-09T18:46:47.614-0300] {logging_mixin.py:190} INFO - [2024-12-09T18:46:47.614-0300] {dag.py:4180} INFO - Setting next_dagrun for dataset_with_extra_by_context to 2024-12-08 00:00:00+00:00, run_after=2024-12-09 00:00:00+00:00
[2024-12-09T18:46:47.618-0300] {logging_mixin.py:190} INFO - [2024-12-09T18:46:47.618-0300] {dag.py:4180} INFO - Setting next_dagrun for dataset_with_extra_by_yield to 2024-12-08 00:00:00+00:00, run_after=2024-12-09 00:00:00+00:00
[2024-12-09T18:46:47.620-0300] {logging_mixin.py:190} INFO - [2024-12-09T18:46:47.620-0300] {dag.py:4180} INFO - Setting next_dagrun for dataset_with_extra_from_classic_operator to 2024-12-08 00:00:00+00:00, run_after=2024-12-09 00:00:00+00:00
[2024-12-09T18:46:47.641-0300] {processor.py:208} INFO - Processing /home/alefpa/codigos/breweriesDB/venv/lib/python3.10/site-packages/airflow/example_dags/example_outlet_event_extra.py took 0.098 seconds
[2024-12-09T18:49:49.486-0300] {processor.py:186} INFO - Started process (PID=117896) to work on /home/alefpa/codigos/breweriesDB/venv/lib/python3.10/site-packages/airflow/example_dags/example_outlet_event_extra.py
[2024-12-09T18:49:49.501-0300] {processor.py:914} INFO - Processing file /home/alefpa/codigos/breweriesDB/venv/lib/python3.10/site-packages/airflow/example_dags/example_outlet_event_extra.py for tasks to queue
[2024-12-09T18:49:49.504-0300] {logging_mixin.py:190} INFO - [2024-12-09T18:49:49.503-0300] {dagbag.py:588} INFO - Filling up the DagBag from /home/alefpa/codigos/breweriesDB/venv/lib/python3.10/site-packages/airflow/example_dags/example_outlet_event_extra.py
[2024-12-09T18:49:49.514-0300] {processor.py:925} INFO - DAG(s) 'dataset_with_extra_from_classic_operator', 'dataset_with_extra_by_context', 'dataset_with_extra_by_yield' retrieved from /home/alefpa/codigos/breweriesDB/venv/lib/python3.10/site-packages/airflow/example_dags/example_outlet_event_extra.py
[2024-12-09T18:49:49.601-0300] {logging_mixin.py:190} INFO - [2024-12-09T18:49:49.600-0300] {override.py:1911} INFO - Created Permission View: can edit on DAG:dataset_with_extra_from_classic_operator
[2024-12-09T18:49:49.613-0300] {logging_mixin.py:190} INFO - [2024-12-09T18:49:49.613-0300] {override.py:1911} INFO - Created Permission View: can delete on DAG:dataset_with_extra_from_classic_operator
[2024-12-09T18:49:49.623-0300] {logging_mixin.py:190} INFO - [2024-12-09T18:49:49.623-0300] {override.py:1911} INFO - Created Permission View: can read on DAG:dataset_with_extra_from_classic_operator
[2024-12-09T18:49:49.640-0300] {logging_mixin.py:190} INFO - [2024-12-09T18:49:49.640-0300] {override.py:1911} INFO - Created Permission View: can delete on DAG Run:dataset_with_extra_from_classic_operator
[2024-12-09T18:49:49.651-0300] {logging_mixin.py:190} INFO - [2024-12-09T18:49:49.650-0300] {override.py:1911} INFO - Created Permission View: menu access on DAG Run:dataset_with_extra_from_classic_operator
[2024-12-09T18:49:49.661-0300] {logging_mixin.py:190} INFO - [2024-12-09T18:49:49.660-0300] {override.py:1911} INFO - Created Permission View: can read on DAG Run:dataset_with_extra_from_classic_operator
[2024-12-09T18:49:49.671-0300] {logging_mixin.py:190} INFO - [2024-12-09T18:49:49.671-0300] {override.py:1911} INFO - Created Permission View: can create on DAG Run:dataset_with_extra_from_classic_operator
[2024-12-09T18:49:49.699-0300] {logging_mixin.py:190} INFO - [2024-12-09T18:49:49.698-0300] {override.py:1911} INFO - Created Permission View: can edit on DAG:dataset_with_extra_by_context
[2024-12-09T18:49:49.713-0300] {logging_mixin.py:190} INFO - [2024-12-09T18:49:49.712-0300] {override.py:1911} INFO - Created Permission View: can delete on DAG:dataset_with_extra_by_context
[2024-12-09T18:49:49.724-0300] {logging_mixin.py:190} INFO - [2024-12-09T18:49:49.723-0300] {override.py:1911} INFO - Created Permission View: can read on DAG:dataset_with_extra_by_context
[2024-12-09T18:49:49.743-0300] {logging_mixin.py:190} INFO - [2024-12-09T18:49:49.742-0300] {override.py:1911} INFO - Created Permission View: can delete on DAG Run:dataset_with_extra_by_context
[2024-12-09T18:49:49.754-0300] {logging_mixin.py:190} INFO - [2024-12-09T18:49:49.753-0300] {override.py:1911} INFO - Created Permission View: menu access on DAG Run:dataset_with_extra_by_context
[2024-12-09T18:49:49.765-0300] {logging_mixin.py:190} INFO - [2024-12-09T18:49:49.764-0300] {override.py:1911} INFO - Created Permission View: can read on DAG Run:dataset_with_extra_by_context
[2024-12-09T18:49:49.775-0300] {logging_mixin.py:190} INFO - [2024-12-09T18:49:49.775-0300] {override.py:1911} INFO - Created Permission View: can create on DAG Run:dataset_with_extra_by_context
[2024-12-09T18:49:49.795-0300] {logging_mixin.py:190} INFO - [2024-12-09T18:49:49.795-0300] {override.py:1911} INFO - Created Permission View: can edit on DAG:dataset_with_extra_by_yield
[2024-12-09T18:49:49.808-0300] {logging_mixin.py:190} INFO - [2024-12-09T18:49:49.807-0300] {override.py:1911} INFO - Created Permission View: can delete on DAG:dataset_with_extra_by_yield
[2024-12-09T18:49:49.819-0300] {logging_mixin.py:190} INFO - [2024-12-09T18:49:49.819-0300] {override.py:1911} INFO - Created Permission View: can read on DAG:dataset_with_extra_by_yield
[2024-12-09T18:49:49.837-0300] {logging_mixin.py:190} INFO - [2024-12-09T18:49:49.836-0300] {override.py:1911} INFO - Created Permission View: can delete on DAG Run:dataset_with_extra_by_yield
[2024-12-09T18:49:49.847-0300] {logging_mixin.py:190} INFO - [2024-12-09T18:49:49.846-0300] {override.py:1911} INFO - Created Permission View: menu access on DAG Run:dataset_with_extra_by_yield
[2024-12-09T18:49:49.856-0300] {logging_mixin.py:190} INFO - [2024-12-09T18:49:49.856-0300] {override.py:1911} INFO - Created Permission View: can read on DAG Run:dataset_with_extra_by_yield
[2024-12-09T18:49:49.866-0300] {logging_mixin.py:190} INFO - [2024-12-09T18:49:49.866-0300] {override.py:1911} INFO - Created Permission View: can create on DAG Run:dataset_with_extra_by_yield
[2024-12-09T18:49:49.867-0300] {logging_mixin.py:190} INFO - [2024-12-09T18:49:49.867-0300] {dag.py:3239} INFO - Sync 3 DAGs
[2024-12-09T18:49:49.876-0300] {logging_mixin.py:190} INFO - [2024-12-09T18:49:49.876-0300] {dag.py:3262} INFO - Creating ORM DAG for dataset_with_extra_by_yield
[2024-12-09T18:49:49.877-0300] {logging_mixin.py:190} INFO - [2024-12-09T18:49:49.877-0300] {dag.py:3262} INFO - Creating ORM DAG for dataset_with_extra_from_classic_operator
[2024-12-09T18:49:49.877-0300] {logging_mixin.py:190} INFO - [2024-12-09T18:49:49.877-0300] {dag.py:3262} INFO - Creating ORM DAG for dataset_with_extra_by_context
[2024-12-09T18:49:49.884-0300] {logging_mixin.py:190} INFO - [2024-12-09T18:49:49.884-0300] {dag.py:4180} INFO - Setting next_dagrun for dataset_with_extra_by_context to 2024-12-08 00:00:00+00:00, run_after=2024-12-09 00:00:00+00:00
[2024-12-09T18:49:49.886-0300] {logging_mixin.py:190} INFO - [2024-12-09T18:49:49.886-0300] {dag.py:4180} INFO - Setting next_dagrun for dataset_with_extra_by_yield to 2024-12-08 00:00:00+00:00, run_after=2024-12-09 00:00:00+00:00
[2024-12-09T18:49:49.887-0300] {logging_mixin.py:190} INFO - [2024-12-09T18:49:49.887-0300] {dag.py:4180} INFO - Setting next_dagrun for dataset_with_extra_from_classic_operator to 2024-12-08 00:00:00+00:00, run_after=2024-12-09 00:00:00+00:00
[2024-12-09T18:49:49.911-0300] {processor.py:208} INFO - Processing /home/alefpa/codigos/breweriesDB/venv/lib/python3.10/site-packages/airflow/example_dags/example_outlet_event_extra.py took 0.429 seconds
[2024-12-09T18:50:55.779-0300] {processor.py:186} INFO - Started process (PID=118209) to work on /home/alefpa/codigos/breweriesDB/venv/lib/python3.10/site-packages/airflow/example_dags/example_outlet_event_extra.py
[2024-12-09T18:50:55.796-0300] {processor.py:914} INFO - Processing file /home/alefpa/codigos/breweriesDB/venv/lib/python3.10/site-packages/airflow/example_dags/example_outlet_event_extra.py for tasks to queue
[2024-12-09T18:50:55.799-0300] {logging_mixin.py:190} INFO - [2024-12-09T18:50:55.798-0300] {dagbag.py:588} INFO - Filling up the DagBag from /home/alefpa/codigos/breweriesDB/venv/lib/python3.10/site-packages/airflow/example_dags/example_outlet_event_extra.py
[2024-12-09T18:50:55.810-0300] {processor.py:925} INFO - DAG(s) 'dataset_with_extra_by_yield', 'dataset_with_extra_by_context', 'dataset_with_extra_from_classic_operator' retrieved from /home/alefpa/codigos/breweriesDB/venv/lib/python3.10/site-packages/airflow/example_dags/example_outlet_event_extra.py
[2024-12-09T18:50:55.826-0300] {logging_mixin.py:190} INFO - [2024-12-09T18:50:55.826-0300] {dag.py:3239} INFO - Sync 3 DAGs
[2024-12-09T18:50:55.842-0300] {logging_mixin.py:190} INFO - [2024-12-09T18:50:55.842-0300] {dag.py:4180} INFO - Setting next_dagrun for dataset_with_extra_by_context to 2024-12-08 00:00:00+00:00, run_after=2024-12-09 00:00:00+00:00
[2024-12-09T18:50:55.846-0300] {logging_mixin.py:190} INFO - [2024-12-09T18:50:55.846-0300] {dag.py:4180} INFO - Setting next_dagrun for dataset_with_extra_by_yield to 2024-12-08 00:00:00+00:00, run_after=2024-12-09 00:00:00+00:00
[2024-12-09T18:50:55.848-0300] {logging_mixin.py:190} INFO - [2024-12-09T18:50:55.848-0300] {dag.py:4180} INFO - Setting next_dagrun for dataset_with_extra_from_classic_operator to 2024-12-08 00:00:00+00:00, run_after=2024-12-09 00:00:00+00:00
[2024-12-09T18:50:55.871-0300] {processor.py:208} INFO - Processing /home/alefpa/codigos/breweriesDB/venv/lib/python3.10/site-packages/airflow/example_dags/example_outlet_event_extra.py took 0.097 seconds
[2024-12-09T18:52:06.682-0300] {processor.py:186} INFO - Started process (PID=118589) to work on /home/alefpa/codigos/breweriesDB/venv/lib/python3.10/site-packages/airflow/example_dags/example_outlet_event_extra.py
[2024-12-09T18:52:06.683-0300] {processor.py:914} INFO - Processing file /home/alefpa/codigos/breweriesDB/venv/lib/python3.10/site-packages/airflow/example_dags/example_outlet_event_extra.py for tasks to queue
[2024-12-09T18:52:06.685-0300] {logging_mixin.py:190} INFO - [2024-12-09T18:52:06.685-0300] {dagbag.py:588} INFO - Filling up the DagBag from /home/alefpa/codigos/breweriesDB/venv/lib/python3.10/site-packages/airflow/example_dags/example_outlet_event_extra.py
[2024-12-09T18:52:06.697-0300] {processor.py:925} INFO - DAG(s) 'dataset_with_extra_from_classic_operator', 'dataset_with_extra_by_context', 'dataset_with_extra_by_yield' retrieved from /home/alefpa/codigos/breweriesDB/venv/lib/python3.10/site-packages/airflow/example_dags/example_outlet_event_extra.py
[2024-12-09T18:52:06.716-0300] {logging_mixin.py:190} INFO - [2024-12-09T18:52:06.716-0300] {dag.py:3239} INFO - Sync 3 DAGs
[2024-12-09T18:52:06.732-0300] {logging_mixin.py:190} INFO - [2024-12-09T18:52:06.731-0300] {dag.py:4180} INFO - Setting next_dagrun for dataset_with_extra_by_context to 2024-12-08 00:00:00+00:00, run_after=2024-12-09 00:00:00+00:00
[2024-12-09T18:52:06.735-0300] {logging_mixin.py:190} INFO - [2024-12-09T18:52:06.735-0300] {dag.py:4180} INFO - Setting next_dagrun for dataset_with_extra_by_yield to 2024-12-08 00:00:00+00:00, run_after=2024-12-09 00:00:00+00:00
[2024-12-09T18:52:06.737-0300] {logging_mixin.py:190} INFO - [2024-12-09T18:52:06.737-0300] {dag.py:4180} INFO - Setting next_dagrun for dataset_with_extra_from_classic_operator to 2024-12-08 00:00:00+00:00, run_after=2024-12-09 00:00:00+00:00
[2024-12-09T18:52:06.758-0300] {processor.py:208} INFO - Processing /home/alefpa/codigos/breweriesDB/venv/lib/python3.10/site-packages/airflow/example_dags/example_outlet_event_extra.py took 0.082 seconds
[2024-12-09T18:53:05.803-0300] {processor.py:186} INFO - Started process (PID=118878) to work on /home/alefpa/codigos/breweriesDB/venv/lib/python3.10/site-packages/airflow/example_dags/example_outlet_event_extra.py
[2024-12-09T18:53:05.819-0300] {processor.py:914} INFO - Processing file /home/alefpa/codigos/breweriesDB/venv/lib/python3.10/site-packages/airflow/example_dags/example_outlet_event_extra.py for tasks to queue
[2024-12-09T18:53:05.821-0300] {logging_mixin.py:190} INFO - [2024-12-09T18:53:05.821-0300] {dagbag.py:588} INFO - Filling up the DagBag from /home/alefpa/codigos/breweriesDB/venv/lib/python3.10/site-packages/airflow/example_dags/example_outlet_event_extra.py
[2024-12-09T18:53:05.831-0300] {processor.py:925} INFO - DAG(s) 'dataset_with_extra_from_classic_operator', 'dataset_with_extra_by_context', 'dataset_with_extra_by_yield' retrieved from /home/alefpa/codigos/breweriesDB/venv/lib/python3.10/site-packages/airflow/example_dags/example_outlet_event_extra.py
[2024-12-09T18:53:05.846-0300] {logging_mixin.py:190} INFO - [2024-12-09T18:53:05.846-0300] {dag.py:3239} INFO - Sync 3 DAGs
[2024-12-09T18:53:05.863-0300] {logging_mixin.py:190} INFO - [2024-12-09T18:53:05.863-0300] {dag.py:4180} INFO - Setting next_dagrun for dataset_with_extra_by_context to 2024-12-08 00:00:00+00:00, run_after=2024-12-09 00:00:00+00:00
[2024-12-09T18:53:05.866-0300] {logging_mixin.py:190} INFO - [2024-12-09T18:53:05.866-0300] {dag.py:4180} INFO - Setting next_dagrun for dataset_with_extra_by_yield to 2024-12-08 00:00:00+00:00, run_after=2024-12-09 00:00:00+00:00
[2024-12-09T18:53:05.868-0300] {logging_mixin.py:190} INFO - [2024-12-09T18:53:05.868-0300] {dag.py:4180} INFO - Setting next_dagrun for dataset_with_extra_from_classic_operator to 2024-12-08 00:00:00+00:00, run_after=2024-12-09 00:00:00+00:00
[2024-12-09T18:53:05.892-0300] {processor.py:208} INFO - Processing /home/alefpa/codigos/breweriesDB/venv/lib/python3.10/site-packages/airflow/example_dags/example_outlet_event_extra.py took 0.093 seconds
[2024-12-09T18:54:04.807-0300] {processor.py:186} INFO - Started process (PID=119173) to work on /home/alefpa/codigos/breweriesDB/venv/lib/python3.10/site-packages/airflow/example_dags/example_outlet_event_extra.py
[2024-12-09T18:54:04.824-0300] {processor.py:914} INFO - Processing file /home/alefpa/codigos/breweriesDB/venv/lib/python3.10/site-packages/airflow/example_dags/example_outlet_event_extra.py for tasks to queue
[2024-12-09T18:54:04.826-0300] {logging_mixin.py:190} INFO - [2024-12-09T18:54:04.825-0300] {dagbag.py:588} INFO - Filling up the DagBag from /home/alefpa/codigos/breweriesDB/venv/lib/python3.10/site-packages/airflow/example_dags/example_outlet_event_extra.py
[2024-12-09T18:54:04.836-0300] {processor.py:925} INFO - DAG(s) 'dataset_with_extra_by_context', 'dataset_with_extra_from_classic_operator', 'dataset_with_extra_by_yield' retrieved from /home/alefpa/codigos/breweriesDB/venv/lib/python3.10/site-packages/airflow/example_dags/example_outlet_event_extra.py
[2024-12-09T18:54:04.851-0300] {logging_mixin.py:190} INFO - [2024-12-09T18:54:04.851-0300] {dag.py:3239} INFO - Sync 3 DAGs
[2024-12-09T18:54:04.867-0300] {logging_mixin.py:190} INFO - [2024-12-09T18:54:04.867-0300] {dag.py:4180} INFO - Setting next_dagrun for dataset_with_extra_by_context to 2024-12-08 00:00:00+00:00, run_after=2024-12-09 00:00:00+00:00
[2024-12-09T18:54:04.870-0300] {logging_mixin.py:190} INFO - [2024-12-09T18:54:04.870-0300] {dag.py:4180} INFO - Setting next_dagrun for dataset_with_extra_by_yield to 2024-12-08 00:00:00+00:00, run_after=2024-12-09 00:00:00+00:00
[2024-12-09T18:54:04.872-0300] {logging_mixin.py:190} INFO - [2024-12-09T18:54:04.872-0300] {dag.py:4180} INFO - Setting next_dagrun for dataset_with_extra_from_classic_operator to 2024-12-08 00:00:00+00:00, run_after=2024-12-09 00:00:00+00:00
[2024-12-09T18:54:04.893-0300] {processor.py:208} INFO - Processing /home/alefpa/codigos/breweriesDB/venv/lib/python3.10/site-packages/airflow/example_dags/example_outlet_event_extra.py took 0.091 seconds
[2024-12-09T18:54:39.795-0300] {processor.py:186} INFO - Started process (PID=119374) to work on /home/alefpa/codigos/breweriesDB/venv/lib/python3.10/site-packages/airflow/example_dags/example_outlet_event_extra.py
[2024-12-09T18:54:39.796-0300] {processor.py:914} INFO - Processing file /home/alefpa/codigos/breweriesDB/venv/lib/python3.10/site-packages/airflow/example_dags/example_outlet_event_extra.py for tasks to queue
[2024-12-09T18:54:39.798-0300] {logging_mixin.py:190} INFO - [2024-12-09T18:54:39.798-0300] {dagbag.py:588} INFO - Filling up the DagBag from /home/alefpa/codigos/breweriesDB/venv/lib/python3.10/site-packages/airflow/example_dags/example_outlet_event_extra.py
[2024-12-09T18:54:39.810-0300] {processor.py:925} INFO - DAG(s) 'dataset_with_extra_from_classic_operator', 'dataset_with_extra_by_context', 'dataset_with_extra_by_yield' retrieved from /home/alefpa/codigos/breweriesDB/venv/lib/python3.10/site-packages/airflow/example_dags/example_outlet_event_extra.py
[2024-12-09T18:54:39.831-0300] {logging_mixin.py:190} INFO - [2024-12-09T18:54:39.830-0300] {dag.py:3239} INFO - Sync 3 DAGs
[2024-12-09T18:54:39.846-0300] {logging_mixin.py:190} INFO - [2024-12-09T18:54:39.846-0300] {dag.py:4180} INFO - Setting next_dagrun for dataset_with_extra_by_context to 2024-12-08 00:00:00+00:00, run_after=2024-12-09 00:00:00+00:00
[2024-12-09T18:54:39.851-0300] {logging_mixin.py:190} INFO - [2024-12-09T18:54:39.850-0300] {dag.py:4180} INFO - Setting next_dagrun for dataset_with_extra_by_yield to 2024-12-08 00:00:00+00:00, run_after=2024-12-09 00:00:00+00:00
[2024-12-09T18:54:39.853-0300] {logging_mixin.py:190} INFO - [2024-12-09T18:54:39.852-0300] {dag.py:4180} INFO - Setting next_dagrun for dataset_with_extra_from_classic_operator to 2024-12-08 00:00:00+00:00, run_after=2024-12-09 00:00:00+00:00
[2024-12-09T18:54:39.877-0300] {processor.py:208} INFO - Processing /home/alefpa/codigos/breweriesDB/venv/lib/python3.10/site-packages/airflow/example_dags/example_outlet_event_extra.py took 0.087 seconds
[2024-12-09T18:55:39.292-0300] {processor.py:186} INFO - Started process (PID=119668) to work on /home/alefpa/codigos/breweriesDB/venv/lib/python3.10/site-packages/airflow/example_dags/example_outlet_event_extra.py
[2024-12-09T18:55:39.294-0300] {processor.py:914} INFO - Processing file /home/alefpa/codigos/breweriesDB/venv/lib/python3.10/site-packages/airflow/example_dags/example_outlet_event_extra.py for tasks to queue
[2024-12-09T18:55:39.296-0300] {logging_mixin.py:190} INFO - [2024-12-09T18:55:39.296-0300] {dagbag.py:588} INFO - Filling up the DagBag from /home/alefpa/codigos/breweriesDB/venv/lib/python3.10/site-packages/airflow/example_dags/example_outlet_event_extra.py
[2024-12-09T18:55:39.311-0300] {processor.py:925} INFO - DAG(s) 'dataset_with_extra_by_yield', 'dataset_with_extra_by_context', 'dataset_with_extra_from_classic_operator' retrieved from /home/alefpa/codigos/breweriesDB/venv/lib/python3.10/site-packages/airflow/example_dags/example_outlet_event_extra.py
[2024-12-09T18:55:39.330-0300] {logging_mixin.py:190} INFO - [2024-12-09T18:55:39.330-0300] {dag.py:3239} INFO - Sync 3 DAGs
[2024-12-09T18:55:39.351-0300] {logging_mixin.py:190} INFO - [2024-12-09T18:55:39.350-0300] {dag.py:4180} INFO - Setting next_dagrun for dataset_with_extra_by_context to 2024-12-08 00:00:00+00:00, run_after=2024-12-09 00:00:00+00:00
[2024-12-09T18:55:39.355-0300] {logging_mixin.py:190} INFO - [2024-12-09T18:55:39.355-0300] {dag.py:4180} INFO - Setting next_dagrun for dataset_with_extra_by_yield to 2024-12-08 00:00:00+00:00, run_after=2024-12-09 00:00:00+00:00
[2024-12-09T18:55:39.359-0300] {logging_mixin.py:190} INFO - [2024-12-09T18:55:39.358-0300] {dag.py:4180} INFO - Setting next_dagrun for dataset_with_extra_from_classic_operator to 2024-12-08 00:00:00+00:00, run_after=2024-12-09 00:00:00+00:00
[2024-12-09T18:55:39.390-0300] {processor.py:208} INFO - Processing /home/alefpa/codigos/breweriesDB/venv/lib/python3.10/site-packages/airflow/example_dags/example_outlet_event_extra.py took 0.102 seconds
[2024-12-09T18:56:40.191-0300] {processor.py:186} INFO - Started process (PID=119995) to work on /home/alefpa/codigos/breweriesDB/venv/lib/python3.10/site-packages/airflow/example_dags/example_outlet_event_extra.py
[2024-12-09T18:56:40.193-0300] {processor.py:914} INFO - Processing file /home/alefpa/codigos/breweriesDB/venv/lib/python3.10/site-packages/airflow/example_dags/example_outlet_event_extra.py for tasks to queue
[2024-12-09T18:56:40.196-0300] {logging_mixin.py:190} INFO - [2024-12-09T18:56:40.195-0300] {dagbag.py:588} INFO - Filling up the DagBag from /home/alefpa/codigos/breweriesDB/venv/lib/python3.10/site-packages/airflow/example_dags/example_outlet_event_extra.py
[2024-12-09T18:56:40.208-0300] {processor.py:925} INFO - DAG(s) 'dataset_with_extra_from_classic_operator', 'dataset_with_extra_by_yield', 'dataset_with_extra_by_context' retrieved from /home/alefpa/codigos/breweriesDB/venv/lib/python3.10/site-packages/airflow/example_dags/example_outlet_event_extra.py
[2024-12-09T18:56:40.227-0300] {logging_mixin.py:190} INFO - [2024-12-09T18:56:40.227-0300] {dag.py:3239} INFO - Sync 3 DAGs
[2024-12-09T18:56:40.244-0300] {logging_mixin.py:190} INFO - [2024-12-09T18:56:40.243-0300] {dag.py:4180} INFO - Setting next_dagrun for dataset_with_extra_by_context to 2024-12-08 00:00:00+00:00, run_after=2024-12-09 00:00:00+00:00
[2024-12-09T18:56:40.247-0300] {logging_mixin.py:190} INFO - [2024-12-09T18:56:40.247-0300] {dag.py:4180} INFO - Setting next_dagrun for dataset_with_extra_by_yield to 2024-12-08 00:00:00+00:00, run_after=2024-12-09 00:00:00+00:00
[2024-12-09T18:56:40.249-0300] {logging_mixin.py:190} INFO - [2024-12-09T18:56:40.249-0300] {dag.py:4180} INFO - Setting next_dagrun for dataset_with_extra_from_classic_operator to 2024-12-08 00:00:00+00:00, run_after=2024-12-09 00:00:00+00:00
[2024-12-09T18:56:40.271-0300] {processor.py:208} INFO - Processing /home/alefpa/codigos/breweriesDB/venv/lib/python3.10/site-packages/airflow/example_dags/example_outlet_event_extra.py took 0.084 seconds
[2024-12-09T18:57:56.007-0300] {processor.py:186} INFO - Started process (PID=120400) to work on /home/alefpa/codigos/breweriesDB/venv/lib/python3.10/site-packages/airflow/example_dags/example_outlet_event_extra.py
[2024-12-09T18:57:56.010-0300] {processor.py:914} INFO - Processing file /home/alefpa/codigos/breweriesDB/venv/lib/python3.10/site-packages/airflow/example_dags/example_outlet_event_extra.py for tasks to queue
[2024-12-09T18:57:56.012-0300] {logging_mixin.py:190} INFO - [2024-12-09T18:57:56.012-0300] {dagbag.py:588} INFO - Filling up the DagBag from /home/alefpa/codigos/breweriesDB/venv/lib/python3.10/site-packages/airflow/example_dags/example_outlet_event_extra.py
[2024-12-09T18:57:56.026-0300] {processor.py:925} INFO - DAG(s) 'dataset_with_extra_by_context', 'dataset_with_extra_from_classic_operator', 'dataset_with_extra_by_yield' retrieved from /home/alefpa/codigos/breweriesDB/venv/lib/python3.10/site-packages/airflow/example_dags/example_outlet_event_extra.py
[2024-12-09T18:57:56.049-0300] {logging_mixin.py:190} INFO - [2024-12-09T18:57:56.049-0300] {dag.py:3239} INFO - Sync 3 DAGs
[2024-12-09T18:57:56.066-0300] {logging_mixin.py:190} INFO - [2024-12-09T18:57:56.066-0300] {dag.py:4180} INFO - Setting next_dagrun for dataset_with_extra_by_context to 2024-12-08 00:00:00+00:00, run_after=2024-12-09 00:00:00+00:00
[2024-12-09T18:57:56.070-0300] {logging_mixin.py:190} INFO - [2024-12-09T18:57:56.070-0300] {dag.py:4180} INFO - Setting next_dagrun for dataset_with_extra_by_yield to 2024-12-08 00:00:00+00:00, run_after=2024-12-09 00:00:00+00:00
[2024-12-09T18:57:56.072-0300] {logging_mixin.py:190} INFO - [2024-12-09T18:57:56.072-0300] {dag.py:4180} INFO - Setting next_dagrun for dataset_with_extra_from_classic_operator to 2024-12-08 00:00:00+00:00, run_after=2024-12-09 00:00:00+00:00
[2024-12-09T18:57:56.096-0300] {processor.py:208} INFO - Processing /home/alefpa/codigos/breweriesDB/venv/lib/python3.10/site-packages/airflow/example_dags/example_outlet_event_extra.py took 0.094 seconds
