[2024-12-09T18:50:25.483-0300] {processor.py:186} INFO - Started process (PID=118066) to work on /home/alefpa/codigos/breweriesDB/venv/lib/python3.10/site-packages/airflow/example_dags/example_datasets.py
[2024-12-09T18:50:25.484-0300] {processor.py:914} INFO - Processing file /home/alefpa/codigos/breweriesDB/venv/lib/python3.10/site-packages/airflow/example_dags/example_datasets.py for tasks to queue
[2024-12-09T18:50:25.486-0300] {logging_mixin.py:190} INFO - [2024-12-09T18:50:25.486-0300] {dagbag.py:588} INFO - Filling up the DagBag from /home/alefpa/codigos/breweriesDB/venv/lib/python3.10/site-packages/airflow/example_dags/example_datasets.py
[2024-12-09T18:50:25.498-0300] {processor.py:925} INFO - DAG(s) 'conditional_dataset_and_time_based_timetable', 'consume_1_and_2_with_dataset_expressions', 'dataset_consumes_1_and_2', 'dataset_produces_1', 'dataset_consumes_1', 'consume_1_or_2_with_dataset_expressions', 'dataset_consumes_unknown_never_scheduled', 'consume_1_or_both_2_and_3_with_dataset_expressions', 'dataset_consumes_1_never_scheduled', 'dataset_produces_2' retrieved from /home/alefpa/codigos/breweriesDB/venv/lib/python3.10/site-packages/airflow/example_dags/example_datasets.py
[2024-12-09T18:50:25.602-0300] {logging_mixin.py:190} INFO - [2024-12-09T18:50:25.602-0300] {override.py:1911} INFO - Created Permission View: can edit on DAG:conditional_dataset_and_time_based_timetable
[2024-12-09T18:50:25.616-0300] {logging_mixin.py:190} INFO - [2024-12-09T18:50:25.615-0300] {override.py:1911} INFO - Created Permission View: can delete on DAG:conditional_dataset_and_time_based_timetable
[2024-12-09T18:50:25.626-0300] {logging_mixin.py:190} INFO - [2024-12-09T18:50:25.626-0300] {override.py:1911} INFO - Created Permission View: can read on DAG:conditional_dataset_and_time_based_timetable
[2024-12-09T18:50:25.644-0300] {logging_mixin.py:190} INFO - [2024-12-09T18:50:25.643-0300] {override.py:1911} INFO - Created Permission View: can delete on DAG Run:conditional_dataset_and_time_based_timetable
[2024-12-09T18:50:25.656-0300] {logging_mixin.py:190} INFO - [2024-12-09T18:50:25.656-0300] {override.py:1911} INFO - Created Permission View: menu access on DAG Run:conditional_dataset_and_time_based_timetable
[2024-12-09T18:50:25.667-0300] {logging_mixin.py:190} INFO - [2024-12-09T18:50:25.667-0300] {override.py:1911} INFO - Created Permission View: can read on DAG Run:conditional_dataset_and_time_based_timetable
[2024-12-09T18:50:25.677-0300] {logging_mixin.py:190} INFO - [2024-12-09T18:50:25.676-0300] {override.py:1911} INFO - Created Permission View: can create on DAG Run:conditional_dataset_and_time_based_timetable
[2024-12-09T18:50:25.701-0300] {logging_mixin.py:190} INFO - [2024-12-09T18:50:25.700-0300] {override.py:1911} INFO - Created Permission View: can edit on DAG:consume_1_and_2_with_dataset_expressions
[2024-12-09T18:50:25.711-0300] {logging_mixin.py:190} INFO - [2024-12-09T18:50:25.711-0300] {override.py:1911} INFO - Created Permission View: can delete on DAG:consume_1_and_2_with_dataset_expressions
[2024-12-09T18:50:25.722-0300] {logging_mixin.py:190} INFO - [2024-12-09T18:50:25.722-0300] {override.py:1911} INFO - Created Permission View: can read on DAG:consume_1_and_2_with_dataset_expressions
[2024-12-09T18:50:25.740-0300] {logging_mixin.py:190} INFO - [2024-12-09T18:50:25.739-0300] {override.py:1911} INFO - Created Permission View: can delete on DAG Run:consume_1_and_2_with_dataset_expressions
[2024-12-09T18:50:25.750-0300] {logging_mixin.py:190} INFO - [2024-12-09T18:50:25.750-0300] {override.py:1911} INFO - Created Permission View: menu access on DAG Run:consume_1_and_2_with_dataset_expressions
[2024-12-09T18:50:25.760-0300] {logging_mixin.py:190} INFO - [2024-12-09T18:50:25.760-0300] {override.py:1911} INFO - Created Permission View: can read on DAG Run:consume_1_and_2_with_dataset_expressions
[2024-12-09T18:50:25.770-0300] {logging_mixin.py:190} INFO - [2024-12-09T18:50:25.770-0300] {override.py:1911} INFO - Created Permission View: can create on DAG Run:consume_1_and_2_with_dataset_expressions
[2024-12-09T18:50:25.805-0300] {logging_mixin.py:190} INFO - [2024-12-09T18:50:25.804-0300] {override.py:1911} INFO - Created Permission View: can edit on DAG:dataset_consumes_1_and_2
[2024-12-09T18:50:25.814-0300] {logging_mixin.py:190} INFO - [2024-12-09T18:50:25.814-0300] {override.py:1911} INFO - Created Permission View: can delete on DAG:dataset_consumes_1_and_2
[2024-12-09T18:50:25.826-0300] {logging_mixin.py:190} INFO - [2024-12-09T18:50:25.826-0300] {override.py:1911} INFO - Created Permission View: can read on DAG:dataset_consumes_1_and_2
[2024-12-09T18:50:25.843-0300] {logging_mixin.py:190} INFO - [2024-12-09T18:50:25.843-0300] {override.py:1911} INFO - Created Permission View: can delete on DAG Run:dataset_consumes_1_and_2
[2024-12-09T18:50:25.854-0300] {logging_mixin.py:190} INFO - [2024-12-09T18:50:25.853-0300] {override.py:1911} INFO - Created Permission View: menu access on DAG Run:dataset_consumes_1_and_2
[2024-12-09T18:50:25.864-0300] {logging_mixin.py:190} INFO - [2024-12-09T18:50:25.864-0300] {override.py:1911} INFO - Created Permission View: can read on DAG Run:dataset_consumes_1_and_2
[2024-12-09T18:50:25.875-0300] {logging_mixin.py:190} INFO - [2024-12-09T18:50:25.874-0300] {override.py:1911} INFO - Created Permission View: can create on DAG Run:dataset_consumes_1_and_2
[2024-12-09T18:50:25.899-0300] {logging_mixin.py:190} INFO - [2024-12-09T18:50:25.898-0300] {override.py:1911} INFO - Created Permission View: can edit on DAG:dataset_produces_1
[2024-12-09T18:50:25.909-0300] {logging_mixin.py:190} INFO - [2024-12-09T18:50:25.909-0300] {override.py:1911} INFO - Created Permission View: can delete on DAG:dataset_produces_1
[2024-12-09T18:50:25.920-0300] {logging_mixin.py:190} INFO - [2024-12-09T18:50:25.920-0300] {override.py:1911} INFO - Created Permission View: can read on DAG:dataset_produces_1
[2024-12-09T18:50:25.938-0300] {logging_mixin.py:190} INFO - [2024-12-09T18:50:25.938-0300] {override.py:1911} INFO - Created Permission View: can delete on DAG Run:dataset_produces_1
[2024-12-09T18:50:25.951-0300] {logging_mixin.py:190} INFO - [2024-12-09T18:50:25.950-0300] {override.py:1911} INFO - Created Permission View: menu access on DAG Run:dataset_produces_1
[2024-12-09T18:50:25.961-0300] {logging_mixin.py:190} INFO - [2024-12-09T18:50:25.961-0300] {override.py:1911} INFO - Created Permission View: can read on DAG Run:dataset_produces_1
[2024-12-09T18:50:25.972-0300] {logging_mixin.py:190} INFO - [2024-12-09T18:50:25.972-0300] {override.py:1911} INFO - Created Permission View: can create on DAG Run:dataset_produces_1
[2024-12-09T18:50:25.997-0300] {logging_mixin.py:190} INFO - [2024-12-09T18:50:25.996-0300] {override.py:1911} INFO - Created Permission View: can edit on DAG:dataset_consumes_1
[2024-12-09T18:50:26.007-0300] {logging_mixin.py:190} INFO - [2024-12-09T18:50:26.007-0300] {override.py:1911} INFO - Created Permission View: can delete on DAG:dataset_consumes_1
[2024-12-09T18:50:26.017-0300] {logging_mixin.py:190} INFO - [2024-12-09T18:50:26.017-0300] {override.py:1911} INFO - Created Permission View: can read on DAG:dataset_consumes_1
[2024-12-09T18:50:26.035-0300] {logging_mixin.py:190} INFO - [2024-12-09T18:50:26.035-0300] {override.py:1911} INFO - Created Permission View: can delete on DAG Run:dataset_consumes_1
[2024-12-09T18:50:26.046-0300] {logging_mixin.py:190} INFO - [2024-12-09T18:50:26.046-0300] {override.py:1911} INFO - Created Permission View: menu access on DAG Run:dataset_consumes_1
[2024-12-09T18:50:26.057-0300] {logging_mixin.py:190} INFO - [2024-12-09T18:50:26.057-0300] {override.py:1911} INFO - Created Permission View: can read on DAG Run:dataset_consumes_1
[2024-12-09T18:50:26.067-0300] {logging_mixin.py:190} INFO - [2024-12-09T18:50:26.067-0300] {override.py:1911} INFO - Created Permission View: can create on DAG Run:dataset_consumes_1
[2024-12-09T18:50:26.089-0300] {logging_mixin.py:190} INFO - [2024-12-09T18:50:26.088-0300] {override.py:1911} INFO - Created Permission View: can edit on DAG:consume_1_or_2_with_dataset_expressions
[2024-12-09T18:50:26.099-0300] {logging_mixin.py:190} INFO - [2024-12-09T18:50:26.098-0300] {override.py:1911} INFO - Created Permission View: can delete on DAG:consume_1_or_2_with_dataset_expressions
[2024-12-09T18:50:26.108-0300] {logging_mixin.py:190} INFO - [2024-12-09T18:50:26.108-0300] {override.py:1911} INFO - Created Permission View: can read on DAG:consume_1_or_2_with_dataset_expressions
[2024-12-09T18:50:26.125-0300] {logging_mixin.py:190} INFO - [2024-12-09T18:50:26.125-0300] {override.py:1911} INFO - Created Permission View: can delete on DAG Run:consume_1_or_2_with_dataset_expressions
[2024-12-09T18:50:26.136-0300] {logging_mixin.py:190} INFO - [2024-12-09T18:50:26.136-0300] {override.py:1911} INFO - Created Permission View: menu access on DAG Run:consume_1_or_2_with_dataset_expressions
[2024-12-09T18:50:26.147-0300] {logging_mixin.py:190} INFO - [2024-12-09T18:50:26.146-0300] {override.py:1911} INFO - Created Permission View: can read on DAG Run:consume_1_or_2_with_dataset_expressions
[2024-12-09T18:50:26.157-0300] {logging_mixin.py:190} INFO - [2024-12-09T18:50:26.156-0300] {override.py:1911} INFO - Created Permission View: can create on DAG Run:consume_1_or_2_with_dataset_expressions
[2024-12-09T18:50:26.179-0300] {logging_mixin.py:190} INFO - [2024-12-09T18:50:26.178-0300] {override.py:1911} INFO - Created Permission View: can edit on DAG:dataset_consumes_unknown_never_scheduled
[2024-12-09T18:50:26.189-0300] {logging_mixin.py:190} INFO - [2024-12-09T18:50:26.189-0300] {override.py:1911} INFO - Created Permission View: can delete on DAG:dataset_consumes_unknown_never_scheduled
[2024-12-09T18:50:26.206-0300] {logging_mixin.py:190} INFO - [2024-12-09T18:50:26.205-0300] {override.py:1911} INFO - Created Permission View: can read on DAG:dataset_consumes_unknown_never_scheduled
[2024-12-09T18:50:26.223-0300] {logging_mixin.py:190} INFO - [2024-12-09T18:50:26.222-0300] {override.py:1911} INFO - Created Permission View: can delete on DAG Run:dataset_consumes_unknown_never_scheduled
[2024-12-09T18:50:26.232-0300] {logging_mixin.py:190} INFO - [2024-12-09T18:50:26.232-0300] {override.py:1911} INFO - Created Permission View: menu access on DAG Run:dataset_consumes_unknown_never_scheduled
[2024-12-09T18:50:26.243-0300] {logging_mixin.py:190} INFO - [2024-12-09T18:50:26.242-0300] {override.py:1911} INFO - Created Permission View: can read on DAG Run:dataset_consumes_unknown_never_scheduled
[2024-12-09T18:50:26.253-0300] {logging_mixin.py:190} INFO - [2024-12-09T18:50:26.253-0300] {override.py:1911} INFO - Created Permission View: can create on DAG Run:dataset_consumes_unknown_never_scheduled
[2024-12-09T18:50:26.275-0300] {logging_mixin.py:190} INFO - [2024-12-09T18:50:26.275-0300] {override.py:1911} INFO - Created Permission View: can edit on DAG:consume_1_or_both_2_and_3_with_dataset_expressions
[2024-12-09T18:50:26.286-0300] {logging_mixin.py:190} INFO - [2024-12-09T18:50:26.285-0300] {override.py:1911} INFO - Created Permission View: can delete on DAG:consume_1_or_both_2_and_3_with_dataset_expressions
[2024-12-09T18:50:26.295-0300] {logging_mixin.py:190} INFO - [2024-12-09T18:50:26.295-0300] {override.py:1911} INFO - Created Permission View: can read on DAG:consume_1_or_both_2_and_3_with_dataset_expressions
[2024-12-09T18:50:26.313-0300] {logging_mixin.py:190} INFO - [2024-12-09T18:50:26.312-0300] {override.py:1911} INFO - Created Permission View: can delete on DAG Run:consume_1_or_both_2_and_3_with_dataset_expressions
[2024-12-09T18:50:26.323-0300] {logging_mixin.py:190} INFO - [2024-12-09T18:50:26.323-0300] {override.py:1911} INFO - Created Permission View: menu access on DAG Run:consume_1_or_both_2_and_3_with_dataset_expressions
[2024-12-09T18:50:26.333-0300] {logging_mixin.py:190} INFO - [2024-12-09T18:50:26.333-0300] {override.py:1911} INFO - Created Permission View: can read on DAG Run:consume_1_or_both_2_and_3_with_dataset_expressions
[2024-12-09T18:50:26.343-0300] {logging_mixin.py:190} INFO - [2024-12-09T18:50:26.343-0300] {override.py:1911} INFO - Created Permission View: can create on DAG Run:consume_1_or_both_2_and_3_with_dataset_expressions
[2024-12-09T18:50:26.371-0300] {logging_mixin.py:190} INFO - [2024-12-09T18:50:26.370-0300] {override.py:1911} INFO - Created Permission View: can edit on DAG:dataset_consumes_1_never_scheduled
[2024-12-09T18:50:26.383-0300] {logging_mixin.py:190} INFO - [2024-12-09T18:50:26.383-0300] {override.py:1911} INFO - Created Permission View: can delete on DAG:dataset_consumes_1_never_scheduled
[2024-12-09T18:50:26.398-0300] {logging_mixin.py:190} INFO - [2024-12-09T18:50:26.398-0300] {override.py:1911} INFO - Created Permission View: can read on DAG:dataset_consumes_1_never_scheduled
[2024-12-09T18:50:26.418-0300] {logging_mixin.py:190} INFO - [2024-12-09T18:50:26.417-0300] {override.py:1911} INFO - Created Permission View: can delete on DAG Run:dataset_consumes_1_never_scheduled
[2024-12-09T18:50:26.429-0300] {logging_mixin.py:190} INFO - [2024-12-09T18:50:26.428-0300] {override.py:1911} INFO - Created Permission View: menu access on DAG Run:dataset_consumes_1_never_scheduled
[2024-12-09T18:50:26.440-0300] {logging_mixin.py:190} INFO - [2024-12-09T18:50:26.439-0300] {override.py:1911} INFO - Created Permission View: can read on DAG Run:dataset_consumes_1_never_scheduled
[2024-12-09T18:50:26.450-0300] {logging_mixin.py:190} INFO - [2024-12-09T18:50:26.449-0300] {override.py:1911} INFO - Created Permission View: can create on DAG Run:dataset_consumes_1_never_scheduled
[2024-12-09T18:50:26.473-0300] {logging_mixin.py:190} INFO - [2024-12-09T18:50:26.473-0300] {override.py:1911} INFO - Created Permission View: can edit on DAG:dataset_produces_2
[2024-12-09T18:50:26.483-0300] {logging_mixin.py:190} INFO - [2024-12-09T18:50:26.483-0300] {override.py:1911} INFO - Created Permission View: can delete on DAG:dataset_produces_2
[2024-12-09T18:50:26.495-0300] {logging_mixin.py:190} INFO - [2024-12-09T18:50:26.494-0300] {override.py:1911} INFO - Created Permission View: can read on DAG:dataset_produces_2
[2024-12-09T18:50:26.512-0300] {logging_mixin.py:190} INFO - [2024-12-09T18:50:26.511-0300] {override.py:1911} INFO - Created Permission View: can delete on DAG Run:dataset_produces_2
[2024-12-09T18:50:26.523-0300] {logging_mixin.py:190} INFO - [2024-12-09T18:50:26.523-0300] {override.py:1911} INFO - Created Permission View: menu access on DAG Run:dataset_produces_2
[2024-12-09T18:50:26.534-0300] {logging_mixin.py:190} INFO - [2024-12-09T18:50:26.534-0300] {override.py:1911} INFO - Created Permission View: can read on DAG Run:dataset_produces_2
[2024-12-09T18:50:26.544-0300] {logging_mixin.py:190} INFO - [2024-12-09T18:50:26.543-0300] {override.py:1911} INFO - Created Permission View: can create on DAG Run:dataset_produces_2
[2024-12-09T18:50:26.544-0300] {logging_mixin.py:190} INFO - [2024-12-09T18:50:26.544-0300] {dag.py:3239} INFO - Sync 10 DAGs
[2024-12-09T18:50:26.554-0300] {logging_mixin.py:190} INFO - [2024-12-09T18:50:26.554-0300] {dag.py:3262} INFO - Creating ORM DAG for dataset_consumes_1
[2024-12-09T18:50:26.554-0300] {logging_mixin.py:190} INFO - [2024-12-09T18:50:26.554-0300] {dag.py:3262} INFO - Creating ORM DAG for dataset_consumes_1_and_2
[2024-12-09T18:50:26.555-0300] {logging_mixin.py:190} INFO - [2024-12-09T18:50:26.555-0300] {dag.py:3262} INFO - Creating ORM DAG for dataset_consumes_unknown_never_scheduled
[2024-12-09T18:50:26.555-0300] {logging_mixin.py:190} INFO - [2024-12-09T18:50:26.555-0300] {dag.py:3262} INFO - Creating ORM DAG for consume_1_or_both_2_and_3_with_dataset_expressions
[2024-12-09T18:50:26.556-0300] {logging_mixin.py:190} INFO - [2024-12-09T18:50:26.555-0300] {dag.py:3262} INFO - Creating ORM DAG for conditional_dataset_and_time_based_timetable
[2024-12-09T18:50:26.556-0300] {logging_mixin.py:190} INFO - [2024-12-09T18:50:26.556-0300] {dag.py:3262} INFO - Creating ORM DAG for dataset_produces_1
[2024-12-09T18:50:26.557-0300] {logging_mixin.py:190} INFO - [2024-12-09T18:50:26.557-0300] {dag.py:3262} INFO - Creating ORM DAG for consume_1_or_2_with_dataset_expressions
[2024-12-09T18:50:26.557-0300] {logging_mixin.py:190} INFO - [2024-12-09T18:50:26.557-0300] {dag.py:3262} INFO - Creating ORM DAG for consume_1_and_2_with_dataset_expressions
[2024-12-09T18:50:26.558-0300] {logging_mixin.py:190} INFO - [2024-12-09T18:50:26.557-0300] {dag.py:3262} INFO - Creating ORM DAG for dataset_produces_2
[2024-12-09T18:50:26.558-0300] {logging_mixin.py:190} INFO - [2024-12-09T18:50:26.558-0300] {dag.py:3262} INFO - Creating ORM DAG for dataset_consumes_1_never_scheduled
[2024-12-09T18:50:26.565-0300] {logging_mixin.py:190} INFO - [2024-12-09T18:50:26.565-0300] {dag.py:4180} INFO - Setting next_dagrun for conditional_dataset_and_time_based_timetable to 2024-12-04 01:00:00+00:00, run_after=2024-12-04 01:00:00+00:00
[2024-12-09T18:50:26.567-0300] {logging_mixin.py:190} INFO - [2024-12-09T18:50:26.566-0300] {dag.py:4180} INFO - Setting next_dagrun for consume_1_and_2_with_dataset_expressions to None, run_after=None
[2024-12-09T18:50:26.567-0300] {logging_mixin.py:190} INFO - [2024-12-09T18:50:26.567-0300] {dag.py:4180} INFO - Setting next_dagrun for consume_1_or_2_with_dataset_expressions to None, run_after=None
[2024-12-09T18:50:26.567-0300] {logging_mixin.py:190} INFO - [2024-12-09T18:50:26.567-0300] {dag.py:4180} INFO - Setting next_dagrun for consume_1_or_both_2_and_3_with_dataset_expressions to None, run_after=None
[2024-12-09T18:50:26.568-0300] {logging_mixin.py:190} INFO - [2024-12-09T18:50:26.567-0300] {dag.py:4180} INFO - Setting next_dagrun for dataset_consumes_1 to None, run_after=None
[2024-12-09T18:50:26.568-0300] {logging_mixin.py:190} INFO - [2024-12-09T18:50:26.568-0300] {dag.py:4180} INFO - Setting next_dagrun for dataset_consumes_1_and_2 to None, run_after=None
[2024-12-09T18:50:26.568-0300] {logging_mixin.py:190} INFO - [2024-12-09T18:50:26.568-0300] {dag.py:4180} INFO - Setting next_dagrun for dataset_consumes_1_never_scheduled to None, run_after=None
[2024-12-09T18:50:26.569-0300] {logging_mixin.py:190} INFO - [2024-12-09T18:50:26.569-0300] {dag.py:4180} INFO - Setting next_dagrun for dataset_consumes_unknown_never_scheduled to None, run_after=None
[2024-12-09T18:50:26.570-0300] {logging_mixin.py:190} INFO - [2024-12-09T18:50:26.570-0300] {dag.py:4180} INFO - Setting next_dagrun for dataset_produces_1 to 2024-12-08 00:00:00+00:00, run_after=2024-12-09 00:00:00+00:00
[2024-12-09T18:50:26.571-0300] {logging_mixin.py:190} INFO - [2024-12-09T18:50:26.571-0300] {dag.py:4180} INFO - Setting next_dagrun for dataset_produces_2 to None, run_after=None
[2024-12-09T18:50:26.603-0300] {processor.py:208} INFO - Processing /home/alefpa/codigos/breweriesDB/venv/lib/python3.10/site-packages/airflow/example_dags/example_datasets.py took 1.125 seconds
[2024-12-09T18:51:29.809-0300] {processor.py:186} INFO - Started process (PID=118379) to work on /home/alefpa/codigos/breweriesDB/venv/lib/python3.10/site-packages/airflow/example_dags/example_datasets.py
[2024-12-09T18:51:29.826-0300] {processor.py:914} INFO - Processing file /home/alefpa/codigos/breweriesDB/venv/lib/python3.10/site-packages/airflow/example_dags/example_datasets.py for tasks to queue
[2024-12-09T18:51:29.828-0300] {logging_mixin.py:190} INFO - [2024-12-09T18:51:29.828-0300] {dagbag.py:588} INFO - Filling up the DagBag from /home/alefpa/codigos/breweriesDB/venv/lib/python3.10/site-packages/airflow/example_dags/example_datasets.py
[2024-12-09T18:51:29.839-0300] {processor.py:925} INFO - DAG(s) 'dataset_consumes_unknown_never_scheduled', 'dataset_consumes_1_never_scheduled', 'consume_1_or_2_with_dataset_expressions', 'dataset_produces_1', 'consume_1_and_2_with_dataset_expressions', 'conditional_dataset_and_time_based_timetable', 'dataset_consumes_1_and_2', 'dataset_consumes_1', 'dataset_produces_2', 'consume_1_or_both_2_and_3_with_dataset_expressions' retrieved from /home/alefpa/codigos/breweriesDB/venv/lib/python3.10/site-packages/airflow/example_dags/example_datasets.py
[2024-12-09T18:51:29.866-0300] {logging_mixin.py:190} INFO - [2024-12-09T18:51:29.866-0300] {dag.py:3239} INFO - Sync 10 DAGs
[2024-12-09T18:51:29.883-0300] {logging_mixin.py:190} INFO - [2024-12-09T18:51:29.883-0300] {dag.py:4180} INFO - Setting next_dagrun for conditional_dataset_and_time_based_timetable to 2024-12-04 01:00:00+00:00, run_after=2024-12-04 01:00:00+00:00
[2024-12-09T18:51:29.886-0300] {logging_mixin.py:190} INFO - [2024-12-09T18:51:29.886-0300] {dag.py:4180} INFO - Setting next_dagrun for consume_1_and_2_with_dataset_expressions to None, run_after=None
[2024-12-09T18:51:29.887-0300] {logging_mixin.py:190} INFO - [2024-12-09T18:51:29.887-0300] {dag.py:4180} INFO - Setting next_dagrun for consume_1_or_2_with_dataset_expressions to None, run_after=None
[2024-12-09T18:51:29.888-0300] {logging_mixin.py:190} INFO - [2024-12-09T18:51:29.888-0300] {dag.py:4180} INFO - Setting next_dagrun for consume_1_or_both_2_and_3_with_dataset_expressions to None, run_after=None
[2024-12-09T18:51:29.889-0300] {logging_mixin.py:190} INFO - [2024-12-09T18:51:29.889-0300] {dag.py:4180} INFO - Setting next_dagrun for dataset_consumes_1 to None, run_after=None
[2024-12-09T18:51:29.890-0300] {logging_mixin.py:190} INFO - [2024-12-09T18:51:29.889-0300] {dag.py:4180} INFO - Setting next_dagrun for dataset_consumes_1_and_2 to None, run_after=None
[2024-12-09T18:51:29.891-0300] {logging_mixin.py:190} INFO - [2024-12-09T18:51:29.890-0300] {dag.py:4180} INFO - Setting next_dagrun for dataset_consumes_1_never_scheduled to None, run_after=None
[2024-12-09T18:51:29.891-0300] {logging_mixin.py:190} INFO - [2024-12-09T18:51:29.891-0300] {dag.py:4180} INFO - Setting next_dagrun for dataset_consumes_unknown_never_scheduled to None, run_after=None
[2024-12-09T18:51:29.893-0300] {logging_mixin.py:190} INFO - [2024-12-09T18:51:29.893-0300] {dag.py:4180} INFO - Setting next_dagrun for dataset_produces_1 to 2024-12-08 00:00:00+00:00, run_after=2024-12-09 00:00:00+00:00
[2024-12-09T18:51:29.894-0300] {logging_mixin.py:190} INFO - [2024-12-09T18:51:29.894-0300] {dag.py:4180} INFO - Setting next_dagrun for dataset_produces_2 to None, run_after=None
[2024-12-09T18:51:29.921-0300] {processor.py:208} INFO - Processing /home/alefpa/codigos/breweriesDB/venv/lib/python3.10/site-packages/airflow/example_dags/example_datasets.py took 0.117 seconds
[2024-12-09T18:52:38.868-0300] {processor.py:186} INFO - Started process (PID=118742) to work on /home/alefpa/codigos/breweriesDB/venv/lib/python3.10/site-packages/airflow/example_dags/example_datasets.py
[2024-12-09T18:52:38.883-0300] {processor.py:914} INFO - Processing file /home/alefpa/codigos/breweriesDB/venv/lib/python3.10/site-packages/airflow/example_dags/example_datasets.py for tasks to queue
[2024-12-09T18:52:38.885-0300] {logging_mixin.py:190} INFO - [2024-12-09T18:52:38.884-0300] {dagbag.py:588} INFO - Filling up the DagBag from /home/alefpa/codigos/breweriesDB/venv/lib/python3.10/site-packages/airflow/example_dags/example_datasets.py
[2024-12-09T18:52:38.898-0300] {processor.py:925} INFO - DAG(s) 'consume_1_and_2_with_dataset_expressions', 'dataset_consumes_1', 'dataset_produces_1', 'dataset_consumes_1_and_2', 'consume_1_or_2_with_dataset_expressions', 'dataset_produces_2', 'dataset_consumes_unknown_never_scheduled', 'conditional_dataset_and_time_based_timetable', 'consume_1_or_both_2_and_3_with_dataset_expressions', 'dataset_consumes_1_never_scheduled' retrieved from /home/alefpa/codigos/breweriesDB/venv/lib/python3.10/site-packages/airflow/example_dags/example_datasets.py
[2024-12-09T18:52:38.930-0300] {logging_mixin.py:190} INFO - [2024-12-09T18:52:38.930-0300] {dag.py:3239} INFO - Sync 10 DAGs
[2024-12-09T18:52:38.948-0300] {logging_mixin.py:190} INFO - [2024-12-09T18:52:38.948-0300] {dag.py:4180} INFO - Setting next_dagrun for conditional_dataset_and_time_based_timetable to 2024-12-04 01:00:00+00:00, run_after=2024-12-04 01:00:00+00:00
[2024-12-09T18:52:38.951-0300] {logging_mixin.py:190} INFO - [2024-12-09T18:52:38.950-0300] {dag.py:4180} INFO - Setting next_dagrun for consume_1_and_2_with_dataset_expressions to None, run_after=None
[2024-12-09T18:52:38.951-0300] {logging_mixin.py:190} INFO - [2024-12-09T18:52:38.951-0300] {dag.py:4180} INFO - Setting next_dagrun for consume_1_or_2_with_dataset_expressions to None, run_after=None
[2024-12-09T18:52:38.952-0300] {logging_mixin.py:190} INFO - [2024-12-09T18:52:38.952-0300] {dag.py:4180} INFO - Setting next_dagrun for consume_1_or_both_2_and_3_with_dataset_expressions to None, run_after=None
[2024-12-09T18:52:38.953-0300] {logging_mixin.py:190} INFO - [2024-12-09T18:52:38.953-0300] {dag.py:4180} INFO - Setting next_dagrun for dataset_consumes_1 to None, run_after=None
[2024-12-09T18:52:38.954-0300] {logging_mixin.py:190} INFO - [2024-12-09T18:52:38.954-0300] {dag.py:4180} INFO - Setting next_dagrun for dataset_consumes_1_and_2 to None, run_after=None
[2024-12-09T18:52:38.955-0300] {logging_mixin.py:190} INFO - [2024-12-09T18:52:38.955-0300] {dag.py:4180} INFO - Setting next_dagrun for dataset_consumes_1_never_scheduled to None, run_after=None
[2024-12-09T18:52:38.956-0300] {logging_mixin.py:190} INFO - [2024-12-09T18:52:38.956-0300] {dag.py:4180} INFO - Setting next_dagrun for dataset_consumes_unknown_never_scheduled to None, run_after=None
[2024-12-09T18:52:38.958-0300] {logging_mixin.py:190} INFO - [2024-12-09T18:52:38.958-0300] {dag.py:4180} INFO - Setting next_dagrun for dataset_produces_1 to 2024-12-08 00:00:00+00:00, run_after=2024-12-09 00:00:00+00:00
[2024-12-09T18:52:38.960-0300] {logging_mixin.py:190} INFO - [2024-12-09T18:52:38.960-0300] {dag.py:4180} INFO - Setting next_dagrun for dataset_produces_2 to None, run_after=None
[2024-12-09T18:52:38.990-0300] {processor.py:208} INFO - Processing /home/alefpa/codigos/breweriesDB/venv/lib/python3.10/site-packages/airflow/example_dags/example_datasets.py took 0.128 seconds
[2024-12-09T18:53:37.244-0300] {processor.py:186} INFO - Started process (PID=119037) to work on /home/alefpa/codigos/breweriesDB/venv/lib/python3.10/site-packages/airflow/example_dags/example_datasets.py
[2024-12-09T18:53:37.261-0300] {processor.py:914} INFO - Processing file /home/alefpa/codigos/breweriesDB/venv/lib/python3.10/site-packages/airflow/example_dags/example_datasets.py for tasks to queue
[2024-12-09T18:53:37.263-0300] {logging_mixin.py:190} INFO - [2024-12-09T18:53:37.263-0300] {dagbag.py:588} INFO - Filling up the DagBag from /home/alefpa/codigos/breweriesDB/venv/lib/python3.10/site-packages/airflow/example_dags/example_datasets.py
[2024-12-09T18:53:37.275-0300] {processor.py:925} INFO - DAG(s) 'consume_1_and_2_with_dataset_expressions', 'dataset_consumes_unknown_never_scheduled', 'dataset_consumes_1_and_2', 'consume_1_or_both_2_and_3_with_dataset_expressions', 'consume_1_or_2_with_dataset_expressions', 'dataset_produces_1', 'dataset_produces_2', 'conditional_dataset_and_time_based_timetable', 'dataset_consumes_1', 'dataset_consumes_1_never_scheduled' retrieved from /home/alefpa/codigos/breweriesDB/venv/lib/python3.10/site-packages/airflow/example_dags/example_datasets.py
[2024-12-09T18:53:37.303-0300] {logging_mixin.py:190} INFO - [2024-12-09T18:53:37.303-0300] {dag.py:3239} INFO - Sync 10 DAGs
[2024-12-09T18:53:37.320-0300] {logging_mixin.py:190} INFO - [2024-12-09T18:53:37.320-0300] {dag.py:4180} INFO - Setting next_dagrun for conditional_dataset_and_time_based_timetable to 2024-12-04 01:00:00+00:00, run_after=2024-12-04 01:00:00+00:00
[2024-12-09T18:53:37.323-0300] {logging_mixin.py:190} INFO - [2024-12-09T18:53:37.323-0300] {dag.py:4180} INFO - Setting next_dagrun for consume_1_and_2_with_dataset_expressions to None, run_after=None
[2024-12-09T18:53:37.324-0300] {logging_mixin.py:190} INFO - [2024-12-09T18:53:37.324-0300] {dag.py:4180} INFO - Setting next_dagrun for consume_1_or_2_with_dataset_expressions to None, run_after=None
[2024-12-09T18:53:37.325-0300] {logging_mixin.py:190} INFO - [2024-12-09T18:53:37.324-0300] {dag.py:4180} INFO - Setting next_dagrun for consume_1_or_both_2_and_3_with_dataset_expressions to None, run_after=None
[2024-12-09T18:53:37.325-0300] {logging_mixin.py:190} INFO - [2024-12-09T18:53:37.325-0300] {dag.py:4180} INFO - Setting next_dagrun for dataset_consumes_1 to None, run_after=None
[2024-12-09T18:53:37.326-0300] {logging_mixin.py:190} INFO - [2024-12-09T18:53:37.326-0300] {dag.py:4180} INFO - Setting next_dagrun for dataset_consumes_1_and_2 to None, run_after=None
[2024-12-09T18:53:37.327-0300] {logging_mixin.py:190} INFO - [2024-12-09T18:53:37.327-0300] {dag.py:4180} INFO - Setting next_dagrun for dataset_consumes_1_never_scheduled to None, run_after=None
[2024-12-09T18:53:37.328-0300] {logging_mixin.py:190} INFO - [2024-12-09T18:53:37.328-0300] {dag.py:4180} INFO - Setting next_dagrun for dataset_consumes_unknown_never_scheduled to None, run_after=None
[2024-12-09T18:53:37.330-0300] {logging_mixin.py:190} INFO - [2024-12-09T18:53:37.330-0300] {dag.py:4180} INFO - Setting next_dagrun for dataset_produces_1 to 2024-12-08 00:00:00+00:00, run_after=2024-12-09 00:00:00+00:00
[2024-12-09T18:53:37.331-0300] {logging_mixin.py:190} INFO - [2024-12-09T18:53:37.331-0300] {dag.py:4180} INFO - Setting next_dagrun for dataset_produces_2 to None, run_after=None
[2024-12-09T18:53:37.358-0300] {processor.py:208} INFO - Processing /home/alefpa/codigos/breweriesDB/venv/lib/python3.10/site-packages/airflow/example_dags/example_datasets.py took 0.119 seconds
[2024-12-09T18:55:10.820-0300] {processor.py:186} INFO - Started process (PID=119531) to work on /home/alefpa/codigos/breweriesDB/venv/lib/python3.10/site-packages/airflow/example_dags/example_datasets.py
[2024-12-09T18:55:10.822-0300] {processor.py:914} INFO - Processing file /home/alefpa/codigos/breweriesDB/venv/lib/python3.10/site-packages/airflow/example_dags/example_datasets.py for tasks to queue
[2024-12-09T18:55:10.823-0300] {logging_mixin.py:190} INFO - [2024-12-09T18:55:10.823-0300] {dagbag.py:588} INFO - Filling up the DagBag from /home/alefpa/codigos/breweriesDB/venv/lib/python3.10/site-packages/airflow/example_dags/example_datasets.py
[2024-12-09T18:55:10.840-0300] {processor.py:925} INFO - DAG(s) 'conditional_dataset_and_time_based_timetable', 'dataset_consumes_1_and_2', 'consume_1_or_2_with_dataset_expressions', 'dataset_consumes_1', 'consume_1_and_2_with_dataset_expressions', 'dataset_produces_2', 'dataset_produces_1', 'dataset_consumes_1_never_scheduled', 'dataset_consumes_unknown_never_scheduled', 'consume_1_or_both_2_and_3_with_dataset_expressions' retrieved from /home/alefpa/codigos/breweriesDB/venv/lib/python3.10/site-packages/airflow/example_dags/example_datasets.py
[2024-12-09T18:55:10.872-0300] {logging_mixin.py:190} INFO - [2024-12-09T18:55:10.872-0300] {dag.py:3239} INFO - Sync 10 DAGs
[2024-12-09T18:55:10.890-0300] {logging_mixin.py:190} INFO - [2024-12-09T18:55:10.890-0300] {dag.py:4180} INFO - Setting next_dagrun for conditional_dataset_and_time_based_timetable to 2024-12-04 01:00:00+00:00, run_after=2024-12-04 01:00:00+00:00
[2024-12-09T18:55:10.893-0300] {logging_mixin.py:190} INFO - [2024-12-09T18:55:10.893-0300] {dag.py:4180} INFO - Setting next_dagrun for consume_1_and_2_with_dataset_expressions to None, run_after=None
[2024-12-09T18:55:10.895-0300] {logging_mixin.py:190} INFO - [2024-12-09T18:55:10.895-0300] {dag.py:4180} INFO - Setting next_dagrun for consume_1_or_2_with_dataset_expressions to None, run_after=None
[2024-12-09T18:55:10.896-0300] {logging_mixin.py:190} INFO - [2024-12-09T18:55:10.896-0300] {dag.py:4180} INFO - Setting next_dagrun for consume_1_or_both_2_and_3_with_dataset_expressions to None, run_after=None
[2024-12-09T18:55:10.898-0300] {logging_mixin.py:190} INFO - [2024-12-09T18:55:10.897-0300] {dag.py:4180} INFO - Setting next_dagrun for dataset_consumes_1 to None, run_after=None
[2024-12-09T18:55:10.899-0300] {logging_mixin.py:190} INFO - [2024-12-09T18:55:10.899-0300] {dag.py:4180} INFO - Setting next_dagrun for dataset_consumes_1_and_2 to None, run_after=None
[2024-12-09T18:55:10.900-0300] {logging_mixin.py:190} INFO - [2024-12-09T18:55:10.900-0300] {dag.py:4180} INFO - Setting next_dagrun for dataset_consumes_1_never_scheduled to None, run_after=None
[2024-12-09T18:55:10.902-0300] {logging_mixin.py:190} INFO - [2024-12-09T18:55:10.902-0300] {dag.py:4180} INFO - Setting next_dagrun for dataset_consumes_unknown_never_scheduled to None, run_after=None
[2024-12-09T18:55:10.904-0300] {logging_mixin.py:190} INFO - [2024-12-09T18:55:10.904-0300] {dag.py:4180} INFO - Setting next_dagrun for dataset_produces_1 to 2024-12-08 00:00:00+00:00, run_after=2024-12-09 00:00:00+00:00
[2024-12-09T18:55:10.905-0300] {logging_mixin.py:190} INFO - [2024-12-09T18:55:10.905-0300] {dag.py:4180} INFO - Setting next_dagrun for dataset_produces_2 to None, run_after=None
[2024-12-09T18:55:10.941-0300] {processor.py:208} INFO - Processing /home/alefpa/codigos/breweriesDB/venv/lib/python3.10/site-packages/airflow/example_dags/example_datasets.py took 0.125 seconds
[2024-12-09T18:57:09.917-0300] {processor.py:186} INFO - Started process (PID=120141) to work on /home/alefpa/codigos/breweriesDB/venv/lib/python3.10/site-packages/airflow/example_dags/example_datasets.py
[2024-12-09T18:57:09.919-0300] {processor.py:914} INFO - Processing file /home/alefpa/codigos/breweriesDB/venv/lib/python3.10/site-packages/airflow/example_dags/example_datasets.py for tasks to queue
[2024-12-09T18:57:09.920-0300] {logging_mixin.py:190} INFO - [2024-12-09T18:57:09.920-0300] {dagbag.py:588} INFO - Filling up the DagBag from /home/alefpa/codigos/breweriesDB/venv/lib/python3.10/site-packages/airflow/example_dags/example_datasets.py
[2024-12-09T18:57:09.932-0300] {processor.py:925} INFO - DAG(s) 'consume_1_or_both_2_and_3_with_dataset_expressions', 'dataset_produces_1', 'consume_1_or_2_with_dataset_expressions', 'consume_1_and_2_with_dataset_expressions', 'dataset_consumes_unknown_never_scheduled', 'dataset_consumes_1_and_2', 'dataset_consumes_1_never_scheduled', 'conditional_dataset_and_time_based_timetable', 'dataset_produces_2', 'dataset_consumes_1' retrieved from /home/alefpa/codigos/breweriesDB/venv/lib/python3.10/site-packages/airflow/example_dags/example_datasets.py
[2024-12-09T18:57:09.962-0300] {logging_mixin.py:190} INFO - [2024-12-09T18:57:09.962-0300] {dag.py:3239} INFO - Sync 10 DAGs
[2024-12-09T18:57:09.981-0300] {logging_mixin.py:190} INFO - [2024-12-09T18:57:09.980-0300] {dag.py:4180} INFO - Setting next_dagrun for conditional_dataset_and_time_based_timetable to 2024-12-04 01:00:00+00:00, run_after=2024-12-04 01:00:00+00:00
[2024-12-09T18:57:09.984-0300] {logging_mixin.py:190} INFO - [2024-12-09T18:57:09.984-0300] {dag.py:4180} INFO - Setting next_dagrun for consume_1_and_2_with_dataset_expressions to None, run_after=None
[2024-12-09T18:57:09.985-0300] {logging_mixin.py:190} INFO - [2024-12-09T18:57:09.985-0300] {dag.py:4180} INFO - Setting next_dagrun for consume_1_or_2_with_dataset_expressions to None, run_after=None
[2024-12-09T18:57:09.986-0300] {logging_mixin.py:190} INFO - [2024-12-09T18:57:09.985-0300] {dag.py:4180} INFO - Setting next_dagrun for consume_1_or_both_2_and_3_with_dataset_expressions to None, run_after=None
[2024-12-09T18:57:09.986-0300] {logging_mixin.py:190} INFO - [2024-12-09T18:57:09.986-0300] {dag.py:4180} INFO - Setting next_dagrun for dataset_consumes_1 to None, run_after=None
[2024-12-09T18:57:09.987-0300] {logging_mixin.py:190} INFO - [2024-12-09T18:57:09.987-0300] {dag.py:4180} INFO - Setting next_dagrun for dataset_consumes_1_and_2 to None, run_after=None
[2024-12-09T18:57:09.988-0300] {logging_mixin.py:190} INFO - [2024-12-09T18:57:09.988-0300] {dag.py:4180} INFO - Setting next_dagrun for dataset_consumes_1_never_scheduled to None, run_after=None
[2024-12-09T18:57:09.989-0300] {logging_mixin.py:190} INFO - [2024-12-09T18:57:09.989-0300] {dag.py:4180} INFO - Setting next_dagrun for dataset_consumes_unknown_never_scheduled to None, run_after=None
[2024-12-09T18:57:09.991-0300] {logging_mixin.py:190} INFO - [2024-12-09T18:57:09.990-0300] {dag.py:4180} INFO - Setting next_dagrun for dataset_produces_1 to 2024-12-08 00:00:00+00:00, run_after=2024-12-09 00:00:00+00:00
[2024-12-09T18:57:09.992-0300] {logging_mixin.py:190} INFO - [2024-12-09T18:57:09.992-0300] {dag.py:4180} INFO - Setting next_dagrun for dataset_produces_2 to None, run_after=None
[2024-12-09T18:57:10.021-0300] {processor.py:208} INFO - Processing /home/alefpa/codigos/breweriesDB/venv/lib/python3.10/site-packages/airflow/example_dags/example_datasets.py took 0.109 seconds
