[2024-12-09T18:36:30.863-0300] {processor.py:186} INFO - Started process (PID=114252) to work on /home/alefpa/codigos/breweriesDB/venv/lib/python3.10/site-packages/airflow/example_dags/example_setup_teardown.py
[2024-12-09T18:36:30.864-0300] {processor.py:914} INFO - Processing file /home/alefpa/codigos/breweriesDB/venv/lib/python3.10/site-packages/airflow/example_dags/example_setup_teardown.py for tasks to queue
[2024-12-09T18:36:30.865-0300] {logging_mixin.py:190} INFO - [2024-12-09T18:36:30.865-0300] {dagbag.py:588} INFO - Filling up the DagBag from /home/alefpa/codigos/breweriesDB/venv/lib/python3.10/site-packages/airflow/example_dags/example_setup_teardown.py
[2024-12-09T18:36:30.872-0300] {processor.py:925} INFO - DAG(s) 'example_setup_teardown' retrieved from /home/alefpa/codigos/breweriesDB/venv/lib/python3.10/site-packages/airflow/example_dags/example_setup_teardown.py
[2024-12-09T18:36:30.962-0300] {logging_mixin.py:190} INFO - [2024-12-09T18:36:30.962-0300] {override.py:1911} INFO - Created Permission View: can read on DAG:example_setup_teardown
[2024-12-09T18:36:30.973-0300] {logging_mixin.py:190} INFO - [2024-12-09T18:36:30.973-0300] {override.py:1911} INFO - Created Permission View: can delete on DAG:example_setup_teardown
[2024-12-09T18:36:30.983-0300] {logging_mixin.py:190} INFO - [2024-12-09T18:36:30.983-0300] {override.py:1911} INFO - Created Permission View: can edit on DAG:example_setup_teardown
[2024-12-09T18:36:31.002-0300] {logging_mixin.py:190} INFO - [2024-12-09T18:36:31.001-0300] {override.py:1911} INFO - Created Permission View: can read on DAG Run:example_setup_teardown
[2024-12-09T18:36:31.012-0300] {logging_mixin.py:190} INFO - [2024-12-09T18:36:31.011-0300] {override.py:1911} INFO - Created Permission View: menu access on DAG Run:example_setup_teardown
[2024-12-09T18:36:31.022-0300] {logging_mixin.py:190} INFO - [2024-12-09T18:36:31.022-0300] {override.py:1911} INFO - Created Permission View: can create on DAG Run:example_setup_teardown
[2024-12-09T18:36:31.032-0300] {logging_mixin.py:190} INFO - [2024-12-09T18:36:31.032-0300] {override.py:1911} INFO - Created Permission View: can delete on DAG Run:example_setup_teardown
[2024-12-09T18:36:31.032-0300] {logging_mixin.py:190} INFO - [2024-12-09T18:36:31.032-0300] {dag.py:3239} INFO - Sync 1 DAGs
[2024-12-09T18:36:31.041-0300] {logging_mixin.py:190} INFO - [2024-12-09T18:36:31.040-0300] {dag.py:3262} INFO - Creating ORM DAG for example_setup_teardown
[2024-12-09T18:36:31.041-0300] {logging_mixin.py:190} INFO - [2024-12-09T18:36:31.041-0300] {dag.py:4180} INFO - Setting next_dagrun for example_setup_teardown to None, run_after=None
[2024-12-09T18:36:31.070-0300] {processor.py:208} INFO - Processing /home/alefpa/codigos/breweriesDB/venv/lib/python3.10/site-packages/airflow/example_dags/example_setup_teardown.py took 0.211 seconds
[2024-12-09T18:43:22.898-0300] {processor.py:186} INFO - Started process (PID=116136) to work on /home/alefpa/codigos/breweriesDB/venv/lib/python3.10/site-packages/airflow/example_dags/example_setup_teardown.py
[2024-12-09T18:43:22.914-0300] {processor.py:914} INFO - Processing file /home/alefpa/codigos/breweriesDB/venv/lib/python3.10/site-packages/airflow/example_dags/example_setup_teardown.py for tasks to queue
[2024-12-09T18:43:22.916-0300] {logging_mixin.py:190} INFO - [2024-12-09T18:43:22.916-0300] {dagbag.py:588} INFO - Filling up the DagBag from /home/alefpa/codigos/breweriesDB/venv/lib/python3.10/site-packages/airflow/example_dags/example_setup_teardown.py
[2024-12-09T18:43:22.923-0300] {processor.py:925} INFO - DAG(s) 'example_setup_teardown' retrieved from /home/alefpa/codigos/breweriesDB/venv/lib/python3.10/site-packages/airflow/example_dags/example_setup_teardown.py
[2024-12-09T18:43:22.941-0300] {logging_mixin.py:190} INFO - [2024-12-09T18:43:22.941-0300] {dag.py:3239} INFO - Sync 1 DAGs
[2024-12-09T18:43:22.950-0300] {logging_mixin.py:190} INFO - [2024-12-09T18:43:22.950-0300] {dag.py:4180} INFO - Setting next_dagrun for example_setup_teardown to None, run_after=None
[2024-12-09T18:43:22.976-0300] {processor.py:208} INFO - Processing /home/alefpa/codigos/breweriesDB/venv/lib/python3.10/site-packages/airflow/example_dags/example_setup_teardown.py took 0.082 seconds
[2024-12-09T18:46:00.322-0300] {processor.py:186} INFO - Started process (PID=116809) to work on /home/alefpa/codigos/breweriesDB/venv/lib/python3.10/site-packages/airflow/example_dags/example_setup_teardown.py
[2024-12-09T18:46:00.323-0300] {processor.py:914} INFO - Processing file /home/alefpa/codigos/breweriesDB/venv/lib/python3.10/site-packages/airflow/example_dags/example_setup_teardown.py for tasks to queue
[2024-12-09T18:46:00.325-0300] {logging_mixin.py:190} INFO - [2024-12-09T18:46:00.325-0300] {dagbag.py:588} INFO - Filling up the DagBag from /home/alefpa/codigos/breweriesDB/venv/lib/python3.10/site-packages/airflow/example_dags/example_setup_teardown.py
[2024-12-09T18:46:00.332-0300] {processor.py:925} INFO - DAG(s) 'example_setup_teardown' retrieved from /home/alefpa/codigos/breweriesDB/venv/lib/python3.10/site-packages/airflow/example_dags/example_setup_teardown.py
[2024-12-09T18:46:00.350-0300] {logging_mixin.py:190} INFO - [2024-12-09T18:46:00.350-0300] {dag.py:3239} INFO - Sync 1 DAGs
[2024-12-09T18:46:00.360-0300] {logging_mixin.py:190} INFO - [2024-12-09T18:46:00.360-0300] {dag.py:4180} INFO - Setting next_dagrun for example_setup_teardown to None, run_after=None
[2024-12-09T18:46:00.379-0300] {processor.py:208} INFO - Processing /home/alefpa/codigos/breweriesDB/venv/lib/python3.10/site-packages/airflow/example_dags/example_setup_teardown.py took 0.063 seconds
[2024-12-09T18:46:36.114-0300] {processor.py:186} INFO - Started process (PID=116978) to work on /home/alefpa/codigos/breweriesDB/venv/lib/python3.10/site-packages/airflow/example_dags/example_setup_teardown.py
[2024-12-09T18:46:36.116-0300] {processor.py:914} INFO - Processing file /home/alefpa/codigos/breweriesDB/venv/lib/python3.10/site-packages/airflow/example_dags/example_setup_teardown.py for tasks to queue
[2024-12-09T18:46:36.117-0300] {logging_mixin.py:190} INFO - [2024-12-09T18:46:36.117-0300] {dagbag.py:588} INFO - Filling up the DagBag from /home/alefpa/codigos/breweriesDB/venv/lib/python3.10/site-packages/airflow/example_dags/example_setup_teardown.py
[2024-12-09T18:46:36.124-0300] {processor.py:925} INFO - DAG(s) 'example_setup_teardown' retrieved from /home/alefpa/codigos/breweriesDB/venv/lib/python3.10/site-packages/airflow/example_dags/example_setup_teardown.py
[2024-12-09T18:46:36.142-0300] {logging_mixin.py:190} INFO - [2024-12-09T18:46:36.142-0300] {dag.py:3239} INFO - Sync 1 DAGs
[2024-12-09T18:46:36.151-0300] {logging_mixin.py:190} INFO - [2024-12-09T18:46:36.151-0300] {dag.py:4180} INFO - Setting next_dagrun for example_setup_teardown to None, run_after=None
[2024-12-09T18:46:36.173-0300] {processor.py:208} INFO - Processing /home/alefpa/codigos/breweriesDB/venv/lib/python3.10/site-packages/airflow/example_dags/example_setup_teardown.py took 0.063 seconds
[2024-12-09T18:49:33.527-0300] {processor.py:186} INFO - Started process (PID=117821) to work on /home/alefpa/codigos/breweriesDB/venv/lib/python3.10/site-packages/airflow/example_dags/example_setup_teardown.py
[2024-12-09T18:49:33.534-0300] {processor.py:914} INFO - Processing file /home/alefpa/codigos/breweriesDB/venv/lib/python3.10/site-packages/airflow/example_dags/example_setup_teardown.py for tasks to queue
[2024-12-09T18:49:33.536-0300] {logging_mixin.py:190} INFO - [2024-12-09T18:49:33.536-0300] {dagbag.py:588} INFO - Filling up the DagBag from /home/alefpa/codigos/breweriesDB/venv/lib/python3.10/site-packages/airflow/example_dags/example_setup_teardown.py
[2024-12-09T18:49:33.543-0300] {processor.py:925} INFO - DAG(s) 'example_setup_teardown' retrieved from /home/alefpa/codigos/breweriesDB/venv/lib/python3.10/site-packages/airflow/example_dags/example_setup_teardown.py
[2024-12-09T18:49:33.626-0300] {logging_mixin.py:190} INFO - [2024-12-09T18:49:33.625-0300] {override.py:1911} INFO - Created Permission View: can edit on DAG:example_setup_teardown
[2024-12-09T18:49:33.638-0300] {logging_mixin.py:190} INFO - [2024-12-09T18:49:33.638-0300] {override.py:1911} INFO - Created Permission View: can delete on DAG:example_setup_teardown
[2024-12-09T18:49:33.649-0300] {logging_mixin.py:190} INFO - [2024-12-09T18:49:33.648-0300] {override.py:1911} INFO - Created Permission View: can read on DAG:example_setup_teardown
[2024-12-09T18:49:33.669-0300] {logging_mixin.py:190} INFO - [2024-12-09T18:49:33.668-0300] {override.py:1911} INFO - Created Permission View: can delete on DAG Run:example_setup_teardown
[2024-12-09T18:49:33.680-0300] {logging_mixin.py:190} INFO - [2024-12-09T18:49:33.680-0300] {override.py:1911} INFO - Created Permission View: menu access on DAG Run:example_setup_teardown
[2024-12-09T18:49:33.691-0300] {logging_mixin.py:190} INFO - [2024-12-09T18:49:33.691-0300] {override.py:1911} INFO - Created Permission View: can read on DAG Run:example_setup_teardown
[2024-12-09T18:49:33.705-0300] {logging_mixin.py:190} INFO - [2024-12-09T18:49:33.705-0300] {override.py:1911} INFO - Created Permission View: can create on DAG Run:example_setup_teardown
[2024-12-09T18:49:33.706-0300] {logging_mixin.py:190} INFO - [2024-12-09T18:49:33.706-0300] {dag.py:3239} INFO - Sync 1 DAGs
[2024-12-09T18:49:33.717-0300] {logging_mixin.py:190} INFO - [2024-12-09T18:49:33.716-0300] {dag.py:3262} INFO - Creating ORM DAG for example_setup_teardown
[2024-12-09T18:49:33.717-0300] {logging_mixin.py:190} INFO - [2024-12-09T18:49:33.717-0300] {dag.py:4180} INFO - Setting next_dagrun for example_setup_teardown to None, run_after=None
[2024-12-09T18:49:33.738-0300] {processor.py:208} INFO - Processing /home/alefpa/codigos/breweriesDB/venv/lib/python3.10/site-packages/airflow/example_dags/example_setup_teardown.py took 0.216 seconds
[2024-12-09T18:50:41.854-0300] {processor.py:186} INFO - Started process (PID=118147) to work on /home/alefpa/codigos/breweriesDB/venv/lib/python3.10/site-packages/airflow/example_dags/example_setup_teardown.py
[2024-12-09T18:50:41.870-0300] {processor.py:914} INFO - Processing file /home/alefpa/codigos/breweriesDB/venv/lib/python3.10/site-packages/airflow/example_dags/example_setup_teardown.py for tasks to queue
[2024-12-09T18:50:41.872-0300] {logging_mixin.py:190} INFO - [2024-12-09T18:50:41.872-0300] {dagbag.py:588} INFO - Filling up the DagBag from /home/alefpa/codigos/breweriesDB/venv/lib/python3.10/site-packages/airflow/example_dags/example_setup_teardown.py
[2024-12-09T18:50:41.879-0300] {processor.py:925} INFO - DAG(s) 'example_setup_teardown' retrieved from /home/alefpa/codigos/breweriesDB/venv/lib/python3.10/site-packages/airflow/example_dags/example_setup_teardown.py
[2024-12-09T18:50:41.891-0300] {logging_mixin.py:190} INFO - [2024-12-09T18:50:41.891-0300] {dag.py:3239} INFO - Sync 1 DAGs
[2024-12-09T18:50:41.901-0300] {logging_mixin.py:190} INFO - [2024-12-09T18:50:41.900-0300] {dag.py:4180} INFO - Setting next_dagrun for example_setup_teardown to None, run_after=None
[2024-12-09T18:50:41.922-0300] {processor.py:208} INFO - Processing /home/alefpa/codigos/breweriesDB/venv/lib/python3.10/site-packages/airflow/example_dags/example_setup_teardown.py took 0.073 seconds
[2024-12-09T18:51:52.952-0300] {processor.py:186} INFO - Started process (PID=118527) to work on /home/alefpa/codigos/breweriesDB/venv/lib/python3.10/site-packages/airflow/example_dags/example_setup_teardown.py
[2024-12-09T18:51:52.954-0300] {processor.py:914} INFO - Processing file /home/alefpa/codigos/breweriesDB/venv/lib/python3.10/site-packages/airflow/example_dags/example_setup_teardown.py for tasks to queue
[2024-12-09T18:51:52.959-0300] {logging_mixin.py:190} INFO - [2024-12-09T18:51:52.957-0300] {dagbag.py:588} INFO - Filling up the DagBag from /home/alefpa/codigos/breweriesDB/venv/lib/python3.10/site-packages/airflow/example_dags/example_setup_teardown.py
[2024-12-09T18:51:52.967-0300] {processor.py:925} INFO - DAG(s) 'example_setup_teardown' retrieved from /home/alefpa/codigos/breweriesDB/venv/lib/python3.10/site-packages/airflow/example_dags/example_setup_teardown.py
[2024-12-09T18:51:52.985-0300] {logging_mixin.py:190} INFO - [2024-12-09T18:51:52.985-0300] {dag.py:3239} INFO - Sync 1 DAGs
[2024-12-09T18:51:52.997-0300] {logging_mixin.py:190} INFO - [2024-12-09T18:51:52.996-0300] {dag.py:4180} INFO - Setting next_dagrun for example_setup_teardown to None, run_after=None
[2024-12-09T18:51:53.020-0300] {processor.py:208} INFO - Processing /home/alefpa/codigos/breweriesDB/venv/lib/python3.10/site-packages/airflow/example_dags/example_setup_teardown.py took 0.073 seconds
[2024-12-09T18:52:53.253-0300] {processor.py:186} INFO - Started process (PID=118816) to work on /home/alefpa/codigos/breweriesDB/venv/lib/python3.10/site-packages/airflow/example_dags/example_setup_teardown.py
[2024-12-09T18:52:53.270-0300] {processor.py:914} INFO - Processing file /home/alefpa/codigos/breweriesDB/venv/lib/python3.10/site-packages/airflow/example_dags/example_setup_teardown.py for tasks to queue
[2024-12-09T18:52:53.272-0300] {logging_mixin.py:190} INFO - [2024-12-09T18:52:53.271-0300] {dagbag.py:588} INFO - Filling up the DagBag from /home/alefpa/codigos/breweriesDB/venv/lib/python3.10/site-packages/airflow/example_dags/example_setup_teardown.py
[2024-12-09T18:52:53.278-0300] {processor.py:925} INFO - DAG(s) 'example_setup_teardown' retrieved from /home/alefpa/codigos/breweriesDB/venv/lib/python3.10/site-packages/airflow/example_dags/example_setup_teardown.py
[2024-12-09T18:52:53.290-0300] {logging_mixin.py:190} INFO - [2024-12-09T18:52:53.290-0300] {dag.py:3239} INFO - Sync 1 DAGs
[2024-12-09T18:52:53.299-0300] {logging_mixin.py:190} INFO - [2024-12-09T18:52:53.299-0300] {dag.py:4180} INFO - Setting next_dagrun for example_setup_teardown to None, run_after=None
[2024-12-09T18:52:53.318-0300] {processor.py:208} INFO - Processing /home/alefpa/codigos/breweriesDB/venv/lib/python3.10/site-packages/airflow/example_dags/example_setup_teardown.py took 0.070 seconds
[2024-12-09T18:53:52.331-0300] {processor.py:186} INFO - Started process (PID=119110) to work on /home/alefpa/codigos/breweriesDB/venv/lib/python3.10/site-packages/airflow/example_dags/example_setup_teardown.py
[2024-12-09T18:53:52.333-0300] {processor.py:914} INFO - Processing file /home/alefpa/codigos/breweriesDB/venv/lib/python3.10/site-packages/airflow/example_dags/example_setup_teardown.py for tasks to queue
[2024-12-09T18:53:52.335-0300] {logging_mixin.py:190} INFO - [2024-12-09T18:53:52.334-0300] {dagbag.py:588} INFO - Filling up the DagBag from /home/alefpa/codigos/breweriesDB/venv/lib/python3.10/site-packages/airflow/example_dags/example_setup_teardown.py
[2024-12-09T18:53:52.341-0300] {processor.py:925} INFO - DAG(s) 'example_setup_teardown' retrieved from /home/alefpa/codigos/breweriesDB/venv/lib/python3.10/site-packages/airflow/example_dags/example_setup_teardown.py
[2024-12-09T18:53:52.353-0300] {logging_mixin.py:190} INFO - [2024-12-09T18:53:52.353-0300] {dag.py:3239} INFO - Sync 1 DAGs
[2024-12-09T18:53:52.365-0300] {logging_mixin.py:190} INFO - [2024-12-09T18:53:52.365-0300] {dag.py:4180} INFO - Setting next_dagrun for example_setup_teardown to None, run_after=None
[2024-12-09T18:53:52.387-0300] {processor.py:208} INFO - Processing /home/alefpa/codigos/breweriesDB/venv/lib/python3.10/site-packages/airflow/example_dags/example_setup_teardown.py took 0.060 seconds
[2024-12-09T18:54:26.098-0300] {processor.py:186} INFO - Started process (PID=119298) to work on /home/alefpa/codigos/breweriesDB/venv/lib/python3.10/site-packages/airflow/example_dags/example_setup_teardown.py
[2024-12-09T18:54:26.099-0300] {processor.py:914} INFO - Processing file /home/alefpa/codigos/breweriesDB/venv/lib/python3.10/site-packages/airflow/example_dags/example_setup_teardown.py for tasks to queue
[2024-12-09T18:54:26.101-0300] {logging_mixin.py:190} INFO - [2024-12-09T18:54:26.101-0300] {dagbag.py:588} INFO - Filling up the DagBag from /home/alefpa/codigos/breweriesDB/venv/lib/python3.10/site-packages/airflow/example_dags/example_setup_teardown.py
[2024-12-09T18:54:26.108-0300] {processor.py:925} INFO - DAG(s) 'example_setup_teardown' retrieved from /home/alefpa/codigos/breweriesDB/venv/lib/python3.10/site-packages/airflow/example_dags/example_setup_teardown.py
[2024-12-09T18:54:26.127-0300] {logging_mixin.py:190} INFO - [2024-12-09T18:54:26.127-0300] {dag.py:3239} INFO - Sync 1 DAGs
[2024-12-09T18:54:26.138-0300] {logging_mixin.py:190} INFO - [2024-12-09T18:54:26.137-0300] {dag.py:4180} INFO - Setting next_dagrun for example_setup_teardown to None, run_after=None
[2024-12-09T18:54:26.158-0300] {processor.py:208} INFO - Processing /home/alefpa/codigos/breweriesDB/venv/lib/python3.10/site-packages/airflow/example_dags/example_setup_teardown.py took 0.065 seconds
[2024-12-09T18:55:26.285-0300] {processor.py:186} INFO - Started process (PID=119598) to work on /home/alefpa/codigos/breweriesDB/venv/lib/python3.10/site-packages/airflow/example_dags/example_setup_teardown.py
[2024-12-09T18:55:26.287-0300] {processor.py:914} INFO - Processing file /home/alefpa/codigos/breweriesDB/venv/lib/python3.10/site-packages/airflow/example_dags/example_setup_teardown.py for tasks to queue
[2024-12-09T18:55:26.288-0300] {logging_mixin.py:190} INFO - [2024-12-09T18:55:26.288-0300] {dagbag.py:588} INFO - Filling up the DagBag from /home/alefpa/codigos/breweriesDB/venv/lib/python3.10/site-packages/airflow/example_dags/example_setup_teardown.py
[2024-12-09T18:55:26.296-0300] {processor.py:925} INFO - DAG(s) 'example_setup_teardown' retrieved from /home/alefpa/codigos/breweriesDB/venv/lib/python3.10/site-packages/airflow/example_dags/example_setup_teardown.py
[2024-12-09T18:55:26.307-0300] {logging_mixin.py:190} INFO - [2024-12-09T18:55:26.307-0300] {dag.py:3239} INFO - Sync 1 DAGs
[2024-12-09T18:55:26.316-0300] {logging_mixin.py:190} INFO - [2024-12-09T18:55:26.316-0300] {dag.py:4180} INFO - Setting next_dagrun for example_setup_teardown to None, run_after=None
[2024-12-09T18:55:26.335-0300] {processor.py:208} INFO - Processing /home/alefpa/codigos/breweriesDB/venv/lib/python3.10/site-packages/airflow/example_dags/example_setup_teardown.py took 0.055 seconds
[2024-12-09T18:56:27.619-0300] {processor.py:186} INFO - Started process (PID=119939) to work on /home/alefpa/codigos/breweriesDB/venv/lib/python3.10/site-packages/airflow/example_dags/example_setup_teardown.py
[2024-12-09T18:56:27.620-0300] {processor.py:914} INFO - Processing file /home/alefpa/codigos/breweriesDB/venv/lib/python3.10/site-packages/airflow/example_dags/example_setup_teardown.py for tasks to queue
[2024-12-09T18:56:27.625-0300] {logging_mixin.py:190} INFO - [2024-12-09T18:56:27.624-0300] {dagbag.py:588} INFO - Filling up the DagBag from /home/alefpa/codigos/breweriesDB/venv/lib/python3.10/site-packages/airflow/example_dags/example_setup_teardown.py
[2024-12-09T18:56:27.637-0300] {processor.py:925} INFO - DAG(s) 'example_setup_teardown' retrieved from /home/alefpa/codigos/breweriesDB/venv/lib/python3.10/site-packages/airflow/example_dags/example_setup_teardown.py
[2024-12-09T18:56:27.663-0300] {logging_mixin.py:190} INFO - [2024-12-09T18:56:27.663-0300] {dag.py:3239} INFO - Sync 1 DAGs
[2024-12-09T18:56:27.673-0300] {logging_mixin.py:190} INFO - [2024-12-09T18:56:27.673-0300] {dag.py:4180} INFO - Setting next_dagrun for example_setup_teardown to None, run_after=None
[2024-12-09T18:56:27.692-0300] {processor.py:208} INFO - Processing /home/alefpa/codigos/breweriesDB/venv/lib/python3.10/site-packages/airflow/example_dags/example_setup_teardown.py took 0.081 seconds
[2024-12-09T18:57:44.578-0300] {processor.py:186} INFO - Started process (PID=120337) to work on /home/alefpa/codigos/breweriesDB/venv/lib/python3.10/site-packages/airflow/example_dags/example_setup_teardown.py
[2024-12-09T18:57:44.582-0300] {processor.py:914} INFO - Processing file /home/alefpa/codigos/breweriesDB/venv/lib/python3.10/site-packages/airflow/example_dags/example_setup_teardown.py for tasks to queue
[2024-12-09T18:57:44.584-0300] {logging_mixin.py:190} INFO - [2024-12-09T18:57:44.584-0300] {dagbag.py:588} INFO - Filling up the DagBag from /home/alefpa/codigos/breweriesDB/venv/lib/python3.10/site-packages/airflow/example_dags/example_setup_teardown.py
[2024-12-09T18:57:44.591-0300] {processor.py:925} INFO - DAG(s) 'example_setup_teardown' retrieved from /home/alefpa/codigos/breweriesDB/venv/lib/python3.10/site-packages/airflow/example_dags/example_setup_teardown.py
[2024-12-09T18:57:44.609-0300] {logging_mixin.py:190} INFO - [2024-12-09T18:57:44.609-0300] {dag.py:3239} INFO - Sync 1 DAGs
[2024-12-09T18:57:44.619-0300] {logging_mixin.py:190} INFO - [2024-12-09T18:57:44.619-0300] {dag.py:4180} INFO - Setting next_dagrun for example_setup_teardown to None, run_after=None
[2024-12-09T18:57:44.649-0300] {processor.py:208} INFO - Processing /home/alefpa/codigos/breweriesDB/venv/lib/python3.10/site-packages/airflow/example_dags/example_setup_teardown.py took 0.075 seconds
