[2024-12-09T18:50:30.410-0300] {processor.py:186} INFO - Started process (PID=118087) to work on /home/alefpa/codigos/breweriesDB/venv/lib/python3.10/site-packages/airflow/example_dags/example_branch_operator.py
[2024-12-09T18:50:30.410-0300] {processor.py:914} INFO - Processing file /home/alefpa/codigos/breweriesDB/venv/lib/python3.10/site-packages/airflow/example_dags/example_branch_operator.py for tasks to queue
[2024-12-09T18:50:30.412-0300] {logging_mixin.py:190} INFO - [2024-12-09T18:50:30.412-0300] {dagbag.py:588} INFO - Filling up the DagBag from /home/alefpa/codigos/breweriesDB/venv/lib/python3.10/site-packages/airflow/example_dags/example_branch_operator.py
[2024-12-09T18:50:30.439-0300] {processor.py:927} WARNING - No viable dags retrieved from /home/alefpa/codigos/breweriesDB/venv/lib/python3.10/site-packages/airflow/example_dags/example_branch_operator.py
[2024-12-09T18:50:30.447-0300] {processor.py:208} INFO - Processing /home/alefpa/codigos/breweriesDB/venv/lib/python3.10/site-packages/airflow/example_dags/example_branch_operator.py took 0.042 seconds
[2024-12-09T18:51:32.834-0300] {processor.py:186} INFO - Started process (PID=118392) to work on /home/alefpa/codigos/breweriesDB/venv/lib/python3.10/site-packages/airflow/example_dags/example_branch_operator.py
[2024-12-09T18:51:32.850-0300] {processor.py:914} INFO - Processing file /home/alefpa/codigos/breweriesDB/venv/lib/python3.10/site-packages/airflow/example_dags/example_branch_operator.py for tasks to queue
[2024-12-09T18:51:32.854-0300] {logging_mixin.py:190} INFO - [2024-12-09T18:51:32.853-0300] {dagbag.py:588} INFO - Filling up the DagBag from /home/alefpa/codigos/breweriesDB/venv/lib/python3.10/site-packages/airflow/example_dags/example_branch_operator.py
[2024-12-09T18:51:32.904-0300] {processor.py:927} WARNING - No viable dags retrieved from /home/alefpa/codigos/breweriesDB/venv/lib/python3.10/site-packages/airflow/example_dags/example_branch_operator.py
[2024-12-09T18:51:32.923-0300] {processor.py:208} INFO - Processing /home/alefpa/codigos/breweriesDB/venv/lib/python3.10/site-packages/airflow/example_dags/example_branch_operator.py took 0.096 seconds
[2024-12-09T18:52:41.725-0300] {processor.py:186} INFO - Started process (PID=118760) to work on /home/alefpa/codigos/breweriesDB/venv/lib/python3.10/site-packages/airflow/example_dags/example_branch_operator.py
[2024-12-09T18:52:41.726-0300] {processor.py:914} INFO - Processing file /home/alefpa/codigos/breweriesDB/venv/lib/python3.10/site-packages/airflow/example_dags/example_branch_operator.py for tasks to queue
[2024-12-09T18:52:41.728-0300] {logging_mixin.py:190} INFO - [2024-12-09T18:52:41.728-0300] {dagbag.py:588} INFO - Filling up the DagBag from /home/alefpa/codigos/breweriesDB/venv/lib/python3.10/site-packages/airflow/example_dags/example_branch_operator.py
[2024-12-09T18:52:41.753-0300] {processor.py:927} WARNING - No viable dags retrieved from /home/alefpa/codigos/breweriesDB/venv/lib/python3.10/site-packages/airflow/example_dags/example_branch_operator.py
[2024-12-09T18:52:41.762-0300] {processor.py:208} INFO - Processing /home/alefpa/codigos/breweriesDB/venv/lib/python3.10/site-packages/airflow/example_dags/example_branch_operator.py took 0.043 seconds
[2024-12-09T18:53:40.722-0300] {processor.py:186} INFO - Started process (PID=119055) to work on /home/alefpa/codigos/breweriesDB/venv/lib/python3.10/site-packages/airflow/example_dags/example_branch_operator.py
[2024-12-09T18:53:40.737-0300] {processor.py:914} INFO - Processing file /home/alefpa/codigos/breweriesDB/venv/lib/python3.10/site-packages/airflow/example_dags/example_branch_operator.py for tasks to queue
[2024-12-09T18:53:40.740-0300] {logging_mixin.py:190} INFO - [2024-12-09T18:53:40.739-0300] {dagbag.py:588} INFO - Filling up the DagBag from /home/alefpa/codigos/breweriesDB/venv/lib/python3.10/site-packages/airflow/example_dags/example_branch_operator.py
[2024-12-09T18:53:40.758-0300] {processor.py:927} WARNING - No viable dags retrieved from /home/alefpa/codigos/breweriesDB/venv/lib/python3.10/site-packages/airflow/example_dags/example_branch_operator.py
[2024-12-09T18:53:40.765-0300] {processor.py:208} INFO - Processing /home/alefpa/codigos/breweriesDB/venv/lib/python3.10/site-packages/airflow/example_dags/example_branch_operator.py took 0.048 seconds
[2024-12-09T18:55:13.674-0300] {processor.py:186} INFO - Started process (PID=119543) to work on /home/alefpa/codigos/breweriesDB/venv/lib/python3.10/site-packages/airflow/example_dags/example_branch_operator.py
[2024-12-09T18:55:13.676-0300] {processor.py:914} INFO - Processing file /home/alefpa/codigos/breweriesDB/venv/lib/python3.10/site-packages/airflow/example_dags/example_branch_operator.py for tasks to queue
[2024-12-09T18:55:13.678-0300] {logging_mixin.py:190} INFO - [2024-12-09T18:55:13.677-0300] {dagbag.py:588} INFO - Filling up the DagBag from /home/alefpa/codigos/breweriesDB/venv/lib/python3.10/site-packages/airflow/example_dags/example_branch_operator.py
[2024-12-09T18:55:13.704-0300] {processor.py:927} WARNING - No viable dags retrieved from /home/alefpa/codigos/breweriesDB/venv/lib/python3.10/site-packages/airflow/example_dags/example_branch_operator.py
[2024-12-09T18:55:13.711-0300] {processor.py:208} INFO - Processing /home/alefpa/codigos/breweriesDB/venv/lib/python3.10/site-packages/airflow/example_dags/example_branch_operator.py took 0.041 seconds
[2024-12-09T18:57:13.438-0300] {processor.py:186} INFO - Started process (PID=120160) to work on /home/alefpa/codigos/breweriesDB/venv/lib/python3.10/site-packages/airflow/example_dags/example_branch_operator.py
[2024-12-09T18:57:13.455-0300] {processor.py:914} INFO - Processing file /home/alefpa/codigos/breweriesDB/venv/lib/python3.10/site-packages/airflow/example_dags/example_branch_operator.py for tasks to queue
[2024-12-09T18:57:13.457-0300] {logging_mixin.py:190} INFO - [2024-12-09T18:57:13.456-0300] {dagbag.py:588} INFO - Filling up the DagBag from /home/alefpa/codigos/breweriesDB/venv/lib/python3.10/site-packages/airflow/example_dags/example_branch_operator.py
[2024-12-09T18:57:13.483-0300] {processor.py:927} WARNING - No viable dags retrieved from /home/alefpa/codigos/breweriesDB/venv/lib/python3.10/site-packages/airflow/example_dags/example_branch_operator.py
[2024-12-09T18:57:13.491-0300] {processor.py:208} INFO - Processing /home/alefpa/codigos/breweriesDB/venv/lib/python3.10/site-packages/airflow/example_dags/example_branch_operator.py took 0.058 seconds
