[2024-12-09T18:46:55.114-0300] {processor.py:186} INFO - Started process (PID=117073) to work on /home/alefpa/codigos/breweriesDB/venv/lib/python3.10/site-packages/airflow/example_dags/example_workday_timetable.py
[2024-12-09T18:46:55.114-0300] {processor.py:914} INFO - Processing file /home/alefpa/codigos/breweriesDB/venv/lib/python3.10/site-packages/airflow/example_dags/example_workday_timetable.py for tasks to queue
[2024-12-09T18:46:55.116-0300] {logging_mixin.py:190} INFO - [2024-12-09T18:46:55.116-0300] {dagbag.py:588} INFO - Filling up the DagBag from /home/alefpa/codigos/breweriesDB/venv/lib/python3.10/site-packages/airflow/example_dags/example_workday_timetable.py
[2024-12-09T18:46:55.121-0300] {processor.py:925} INFO - DAG(s) 'example_workday_timetable' retrieved from /home/alefpa/codigos/breweriesDB/venv/lib/python3.10/site-packages/airflow/example_dags/example_workday_timetable.py
[2024-12-09T18:46:55.221-0300] {logging_mixin.py:190} INFO - [2024-12-09T18:46:55.220-0300] {override.py:1911} INFO - Created Permission View: can delete on DAG:example_workday_timetable
[2024-12-09T18:46:55.238-0300] {logging_mixin.py:190} INFO - [2024-12-09T18:46:55.237-0300] {override.py:1911} INFO - Created Permission View: can edit on DAG:example_workday_timetable
[2024-12-09T18:46:55.253-0300] {logging_mixin.py:190} INFO - [2024-12-09T18:46:55.253-0300] {override.py:1911} INFO - Created Permission View: can read on DAG:example_workday_timetable
[2024-12-09T18:46:55.273-0300] {logging_mixin.py:190} INFO - [2024-12-09T18:46:55.272-0300] {override.py:1911} INFO - Created Permission View: can delete on DAG Run:example_workday_timetable
[2024-12-09T18:46:55.285-0300] {logging_mixin.py:190} INFO - [2024-12-09T18:46:55.284-0300] {override.py:1911} INFO - Created Permission View: menu access on DAG Run:example_workday_timetable
[2024-12-09T18:46:55.297-0300] {logging_mixin.py:190} INFO - [2024-12-09T18:46:55.296-0300] {override.py:1911} INFO - Created Permission View: can read on DAG Run:example_workday_timetable
[2024-12-09T18:46:55.308-0300] {logging_mixin.py:190} INFO - [2024-12-09T18:46:55.308-0300] {override.py:1911} INFO - Created Permission View: can create on DAG Run:example_workday_timetable
[2024-12-09T18:46:55.308-0300] {logging_mixin.py:190} INFO - [2024-12-09T18:46:55.308-0300] {dag.py:3239} INFO - Sync 1 DAGs
[2024-12-09T18:46:55.318-0300] {logging_mixin.py:190} INFO - [2024-12-09T18:46:55.318-0300] {dag.py:3262} INFO - Creating ORM DAG for example_workday_timetable
[2024-12-09T18:46:55.363-0300] {logging_mixin.py:190} INFO - [2024-12-09T18:46:55.363-0300] {dag.py:4180} INFO - Setting next_dagrun for example_workday_timetable to 2021-01-04 00:00:00+00:00, run_after=2021-01-05 00:00:00+00:00
[2024-12-09T18:46:55.388-0300] {processor.py:208} INFO - Processing /home/alefpa/codigos/breweriesDB/venv/lib/python3.10/site-packages/airflow/example_dags/example_workday_timetable.py took 0.279 seconds
[2024-12-09T18:49:57.294-0300] {processor.py:186} INFO - Started process (PID=117936) to work on /home/alefpa/codigos/breweriesDB/venv/lib/python3.10/site-packages/airflow/example_dags/example_workday_timetable.py
[2024-12-09T18:49:57.298-0300] {processor.py:914} INFO - Processing file /home/alefpa/codigos/breweriesDB/venv/lib/python3.10/site-packages/airflow/example_dags/example_workday_timetable.py for tasks to queue
[2024-12-09T18:49:57.300-0300] {logging_mixin.py:190} INFO - [2024-12-09T18:49:57.300-0300] {dagbag.py:588} INFO - Filling up the DagBag from /home/alefpa/codigos/breweriesDB/venv/lib/python3.10/site-packages/airflow/example_dags/example_workday_timetable.py
[2024-12-09T18:49:57.307-0300] {processor.py:925} INFO - DAG(s) 'example_workday_timetable' retrieved from /home/alefpa/codigos/breweriesDB/venv/lib/python3.10/site-packages/airflow/example_dags/example_workday_timetable.py
[2024-12-09T18:49:57.388-0300] {logging_mixin.py:190} INFO - [2024-12-09T18:49:57.388-0300] {override.py:1911} INFO - Created Permission View: can edit on DAG:example_workday_timetable
[2024-12-09T18:49:57.400-0300] {logging_mixin.py:190} INFO - [2024-12-09T18:49:57.400-0300] {override.py:1911} INFO - Created Permission View: can delete on DAG:example_workday_timetable
[2024-12-09T18:49:57.409-0300] {logging_mixin.py:190} INFO - [2024-12-09T18:49:57.409-0300] {override.py:1911} INFO - Created Permission View: can read on DAG:example_workday_timetable
[2024-12-09T18:49:57.425-0300] {logging_mixin.py:190} INFO - [2024-12-09T18:49:57.425-0300] {override.py:1911} INFO - Created Permission View: can delete on DAG Run:example_workday_timetable
[2024-12-09T18:49:57.436-0300] {logging_mixin.py:190} INFO - [2024-12-09T18:49:57.435-0300] {override.py:1911} INFO - Created Permission View: menu access on DAG Run:example_workday_timetable
[2024-12-09T18:49:57.446-0300] {logging_mixin.py:190} INFO - [2024-12-09T18:49:57.445-0300] {override.py:1911} INFO - Created Permission View: can read on DAG Run:example_workday_timetable
[2024-12-09T18:49:57.456-0300] {logging_mixin.py:190} INFO - [2024-12-09T18:49:57.455-0300] {override.py:1911} INFO - Created Permission View: can create on DAG Run:example_workday_timetable
[2024-12-09T18:49:57.456-0300] {logging_mixin.py:190} INFO - [2024-12-09T18:49:57.456-0300] {dag.py:3239} INFO - Sync 1 DAGs
[2024-12-09T18:49:57.465-0300] {logging_mixin.py:190} INFO - [2024-12-09T18:49:57.464-0300] {dag.py:3262} INFO - Creating ORM DAG for example_workday_timetable
[2024-12-09T18:49:57.497-0300] {logging_mixin.py:190} INFO - [2024-12-09T18:49:57.497-0300] {dag.py:4180} INFO - Setting next_dagrun for example_workday_timetable to 2021-01-04 00:00:00+00:00, run_after=2021-01-05 00:00:00+00:00
[2024-12-09T18:49:57.516-0300] {processor.py:208} INFO - Processing /home/alefpa/codigos/breweriesDB/venv/lib/python3.10/site-packages/airflow/example_dags/example_workday_timetable.py took 0.227 seconds
[2024-12-09T18:51:02.813-0300] {processor.py:186} INFO - Started process (PID=118247) to work on /home/alefpa/codigos/breweriesDB/venv/lib/python3.10/site-packages/airflow/example_dags/example_workday_timetable.py
[2024-12-09T18:51:02.829-0300] {processor.py:914} INFO - Processing file /home/alefpa/codigos/breweriesDB/venv/lib/python3.10/site-packages/airflow/example_dags/example_workday_timetable.py for tasks to queue
[2024-12-09T18:51:02.831-0300] {logging_mixin.py:190} INFO - [2024-12-09T18:51:02.831-0300] {dagbag.py:588} INFO - Filling up the DagBag from /home/alefpa/codigos/breweriesDB/venv/lib/python3.10/site-packages/airflow/example_dags/example_workday_timetable.py
[2024-12-09T18:51:02.836-0300] {processor.py:925} INFO - DAG(s) 'example_workday_timetable' retrieved from /home/alefpa/codigos/breweriesDB/venv/lib/python3.10/site-packages/airflow/example_dags/example_workday_timetable.py
[2024-12-09T18:51:02.847-0300] {logging_mixin.py:190} INFO - [2024-12-09T18:51:02.847-0300] {dag.py:3239} INFO - Sync 1 DAGs
[2024-12-09T18:51:02.890-0300] {logging_mixin.py:190} INFO - [2024-12-09T18:51:02.889-0300] {dag.py:4180} INFO - Setting next_dagrun for example_workday_timetable to 2021-01-04 00:00:00+00:00, run_after=2021-01-05 00:00:00+00:00
[2024-12-09T18:51:02.914-0300] {processor.py:208} INFO - Processing /home/alefpa/codigos/breweriesDB/venv/lib/python3.10/site-packages/airflow/example_dags/example_workday_timetable.py took 0.106 seconds
[2024-12-09T18:52:14.017-0300] {processor.py:186} INFO - Started process (PID=118628) to work on /home/alefpa/codigos/breweriesDB/venv/lib/python3.10/site-packages/airflow/example_dags/example_workday_timetable.py
[2024-12-09T18:52:14.018-0300] {processor.py:914} INFO - Processing file /home/alefpa/codigos/breweriesDB/venv/lib/python3.10/site-packages/airflow/example_dags/example_workday_timetable.py for tasks to queue
[2024-12-09T18:52:14.020-0300] {logging_mixin.py:190} INFO - [2024-12-09T18:52:14.020-0300] {dagbag.py:588} INFO - Filling up the DagBag from /home/alefpa/codigos/breweriesDB/venv/lib/python3.10/site-packages/airflow/example_dags/example_workday_timetable.py
[2024-12-09T18:52:14.025-0300] {processor.py:925} INFO - DAG(s) 'example_workday_timetable' retrieved from /home/alefpa/codigos/breweriesDB/venv/lib/python3.10/site-packages/airflow/example_dags/example_workday_timetable.py
[2024-12-09T18:52:14.037-0300] {logging_mixin.py:190} INFO - [2024-12-09T18:52:14.037-0300] {dag.py:3239} INFO - Sync 1 DAGs
[2024-12-09T18:52:14.078-0300] {logging_mixin.py:190} INFO - [2024-12-09T18:52:14.078-0300] {dag.py:4180} INFO - Setting next_dagrun for example_workday_timetable to 2021-01-04 00:00:00+00:00, run_after=2021-01-05 00:00:00+00:00
[2024-12-09T18:52:14.099-0300] {processor.py:208} INFO - Processing /home/alefpa/codigos/breweriesDB/venv/lib/python3.10/site-packages/airflow/example_dags/example_workday_timetable.py took 0.087 seconds
[2024-12-09T18:53:14.801-0300] {processor.py:186} INFO - Started process (PID=118921) to work on /home/alefpa/codigos/breweriesDB/venv/lib/python3.10/site-packages/airflow/example_dags/example_workday_timetable.py
[2024-12-09T18:53:14.817-0300] {processor.py:914} INFO - Processing file /home/alefpa/codigos/breweriesDB/venv/lib/python3.10/site-packages/airflow/example_dags/example_workday_timetable.py for tasks to queue
[2024-12-09T18:53:14.819-0300] {logging_mixin.py:190} INFO - [2024-12-09T18:53:14.819-0300] {dagbag.py:588} INFO - Filling up the DagBag from /home/alefpa/codigos/breweriesDB/venv/lib/python3.10/site-packages/airflow/example_dags/example_workday_timetable.py
[2024-12-09T18:53:14.824-0300] {processor.py:925} INFO - DAG(s) 'example_workday_timetable' retrieved from /home/alefpa/codigos/breweriesDB/venv/lib/python3.10/site-packages/airflow/example_dags/example_workday_timetable.py
[2024-12-09T18:53:14.835-0300] {logging_mixin.py:190} INFO - [2024-12-09T18:53:14.834-0300] {dag.py:3239} INFO - Sync 1 DAGs
[2024-12-09T18:53:14.877-0300] {logging_mixin.py:190} INFO - [2024-12-09T18:53:14.877-0300] {dag.py:4180} INFO - Setting next_dagrun for example_workday_timetable to 2021-01-04 00:00:00+00:00, run_after=2021-01-05 00:00:00+00:00
[2024-12-09T18:53:14.898-0300] {processor.py:208} INFO - Processing /home/alefpa/codigos/breweriesDB/venv/lib/python3.10/site-packages/airflow/example_dags/example_workday_timetable.py took 0.102 seconds
[2024-12-09T18:54:46.245-0300] {processor.py:186} INFO - Started process (PID=119405) to work on /home/alefpa/codigos/breweriesDB/venv/lib/python3.10/site-packages/airflow/example_dags/example_workday_timetable.py
[2024-12-09T18:54:46.246-0300] {processor.py:914} INFO - Processing file /home/alefpa/codigos/breweriesDB/venv/lib/python3.10/site-packages/airflow/example_dags/example_workday_timetable.py for tasks to queue
[2024-12-09T18:54:46.248-0300] {logging_mixin.py:190} INFO - [2024-12-09T18:54:46.248-0300] {dagbag.py:588} INFO - Filling up the DagBag from /home/alefpa/codigos/breweriesDB/venv/lib/python3.10/site-packages/airflow/example_dags/example_workday_timetable.py
[2024-12-09T18:54:46.253-0300] {processor.py:925} INFO - DAG(s) 'example_workday_timetable' retrieved from /home/alefpa/codigos/breweriesDB/venv/lib/python3.10/site-packages/airflow/example_dags/example_workday_timetable.py
[2024-12-09T18:54:46.265-0300] {logging_mixin.py:190} INFO - [2024-12-09T18:54:46.265-0300] {dag.py:3239} INFO - Sync 1 DAGs
[2024-12-09T18:54:46.312-0300] {logging_mixin.py:190} INFO - [2024-12-09T18:54:46.312-0300] {dag.py:4180} INFO - Setting next_dagrun for example_workday_timetable to 2021-01-04 00:00:00+00:00, run_after=2021-01-05 00:00:00+00:00
[2024-12-09T18:54:46.337-0300] {processor.py:208} INFO - Processing /home/alefpa/codigos/breweriesDB/venv/lib/python3.10/site-packages/airflow/example_dags/example_workday_timetable.py took 0.096 seconds
[2024-12-09T18:55:47.976-0300] {processor.py:186} INFO - Started process (PID=119709) to work on /home/alefpa/codigos/breweriesDB/venv/lib/python3.10/site-packages/airflow/example_dags/example_workday_timetable.py
[2024-12-09T18:55:47.978-0300] {processor.py:914} INFO - Processing file /home/alefpa/codigos/breweriesDB/venv/lib/python3.10/site-packages/airflow/example_dags/example_workday_timetable.py for tasks to queue
[2024-12-09T18:55:47.979-0300] {logging_mixin.py:190} INFO - [2024-12-09T18:55:47.979-0300] {dagbag.py:588} INFO - Filling up the DagBag from /home/alefpa/codigos/breweriesDB/venv/lib/python3.10/site-packages/airflow/example_dags/example_workday_timetable.py
[2024-12-09T18:55:47.985-0300] {processor.py:925} INFO - DAG(s) 'example_workday_timetable' retrieved from /home/alefpa/codigos/breweriesDB/venv/lib/python3.10/site-packages/airflow/example_dags/example_workday_timetable.py
[2024-12-09T18:55:47.996-0300] {logging_mixin.py:190} INFO - [2024-12-09T18:55:47.995-0300] {dag.py:3239} INFO - Sync 1 DAGs
[2024-12-09T18:55:48.036-0300] {logging_mixin.py:190} INFO - [2024-12-09T18:55:48.036-0300] {dag.py:4180} INFO - Setting next_dagrun for example_workday_timetable to 2021-01-04 00:00:00+00:00, run_after=2021-01-05 00:00:00+00:00
[2024-12-09T18:55:48.056-0300] {processor.py:208} INFO - Processing /home/alefpa/codigos/breweriesDB/venv/lib/python3.10/site-packages/airflow/example_dags/example_workday_timetable.py took 0.084 seconds
[2024-12-09T18:56:47.602-0300] {processor.py:186} INFO - Started process (PID=120035) to work on /home/alefpa/codigos/breweriesDB/venv/lib/python3.10/site-packages/airflow/example_dags/example_workday_timetable.py
[2024-12-09T18:56:47.618-0300] {processor.py:914} INFO - Processing file /home/alefpa/codigos/breweriesDB/venv/lib/python3.10/site-packages/airflow/example_dags/example_workday_timetable.py for tasks to queue
[2024-12-09T18:56:47.620-0300] {logging_mixin.py:190} INFO - [2024-12-09T18:56:47.620-0300] {dagbag.py:588} INFO - Filling up the DagBag from /home/alefpa/codigos/breweriesDB/venv/lib/python3.10/site-packages/airflow/example_dags/example_workday_timetable.py
[2024-12-09T18:56:47.627-0300] {processor.py:925} INFO - DAG(s) 'example_workday_timetable' retrieved from /home/alefpa/codigos/breweriesDB/venv/lib/python3.10/site-packages/airflow/example_dags/example_workday_timetable.py
[2024-12-09T18:56:47.638-0300] {logging_mixin.py:190} INFO - [2024-12-09T18:56:47.638-0300] {dag.py:3239} INFO - Sync 1 DAGs
[2024-12-09T18:56:47.679-0300] {logging_mixin.py:190} INFO - [2024-12-09T18:56:47.679-0300] {dag.py:4180} INFO - Setting next_dagrun for example_workday_timetable to 2021-01-04 00:00:00+00:00, run_after=2021-01-05 00:00:00+00:00
[2024-12-09T18:56:47.700-0300] {processor.py:208} INFO - Processing /home/alefpa/codigos/breweriesDB/venv/lib/python3.10/site-packages/airflow/example_dags/example_workday_timetable.py took 0.103 seconds
[2024-12-09T18:58:03.420-0300] {processor.py:186} INFO - Started process (PID=120434) to work on /home/alefpa/codigos/breweriesDB/venv/lib/python3.10/site-packages/airflow/example_dags/example_workday_timetable.py
[2024-12-09T18:58:03.422-0300] {processor.py:914} INFO - Processing file /home/alefpa/codigos/breweriesDB/venv/lib/python3.10/site-packages/airflow/example_dags/example_workday_timetable.py for tasks to queue
[2024-12-09T18:58:03.425-0300] {logging_mixin.py:190} INFO - [2024-12-09T18:58:03.424-0300] {dagbag.py:588} INFO - Filling up the DagBag from /home/alefpa/codigos/breweriesDB/venv/lib/python3.10/site-packages/airflow/example_dags/example_workday_timetable.py
[2024-12-09T18:58:03.431-0300] {processor.py:925} INFO - DAG(s) 'example_workday_timetable' retrieved from /home/alefpa/codigos/breweriesDB/venv/lib/python3.10/site-packages/airflow/example_dags/example_workday_timetable.py
[2024-12-09T18:58:03.446-0300] {logging_mixin.py:190} INFO - [2024-12-09T18:58:03.446-0300] {dag.py:3239} INFO - Sync 1 DAGs
[2024-12-09T18:58:03.491-0300] {logging_mixin.py:190} INFO - [2024-12-09T18:58:03.491-0300] {dag.py:4180} INFO - Setting next_dagrun for example_workday_timetable to 2021-01-04 00:00:00+00:00, run_after=2021-01-05 00:00:00+00:00
[2024-12-09T18:58:03.512-0300] {processor.py:208} INFO - Processing /home/alefpa/codigos/breweriesDB/venv/lib/python3.10/site-packages/airflow/example_dags/example_workday_timetable.py took 0.097 seconds
