[2024-12-09T18:50:10.265-0300] {processor.py:186} INFO - Started process (PID=118000) to work on /home/alefpa/codigos/breweriesDB/venv/lib/python3.10/site-packages/airflow/example_dags/example_dataset_alias.py
[2024-12-09T18:50:10.266-0300] {processor.py:914} INFO - Processing file /home/alefpa/codigos/breweriesDB/venv/lib/python3.10/site-packages/airflow/example_dags/example_dataset_alias.py for tasks to queue
[2024-12-09T18:50:10.269-0300] {logging_mixin.py:190} INFO - [2024-12-09T18:50:10.269-0300] {dagbag.py:588} INFO - Filling up the DagBag from /home/alefpa/codigos/breweriesDB/venv/lib/python3.10/site-packages/airflow/example_dags/example_dataset_alias.py
[2024-12-09T18:50:10.289-0300] {processor.py:925} INFO - DAG(s) 'dataset_s3_bucket_producer', 'dataset_alias_example_alias_consumer', 'dataset_alias_example_alias_producer', 'dataset_s3_bucket_consumer' retrieved from /home/alefpa/codigos/breweriesDB/venv/lib/python3.10/site-packages/airflow/example_dags/example_dataset_alias.py
[2024-12-09T18:50:10.390-0300] {logging_mixin.py:190} INFO - [2024-12-09T18:50:10.389-0300] {override.py:1911} INFO - Created Permission View: can edit on DAG:dataset_s3_bucket_producer
[2024-12-09T18:50:10.404-0300] {logging_mixin.py:190} INFO - [2024-12-09T18:50:10.403-0300] {override.py:1911} INFO - Created Permission View: can delete on DAG:dataset_s3_bucket_producer
[2024-12-09T18:50:10.415-0300] {logging_mixin.py:190} INFO - [2024-12-09T18:50:10.415-0300] {override.py:1911} INFO - Created Permission View: can read on DAG:dataset_s3_bucket_producer
[2024-12-09T18:50:10.435-0300] {logging_mixin.py:190} INFO - [2024-12-09T18:50:10.435-0300] {override.py:1911} INFO - Created Permission View: can delete on DAG Run:dataset_s3_bucket_producer
[2024-12-09T18:50:10.451-0300] {logging_mixin.py:190} INFO - [2024-12-09T18:50:10.450-0300] {override.py:1911} INFO - Created Permission View: menu access on DAG Run:dataset_s3_bucket_producer
[2024-12-09T18:50:10.463-0300] {logging_mixin.py:190} INFO - [2024-12-09T18:50:10.463-0300] {override.py:1911} INFO - Created Permission View: can read on DAG Run:dataset_s3_bucket_producer
[2024-12-09T18:50:10.475-0300] {logging_mixin.py:190} INFO - [2024-12-09T18:50:10.475-0300] {override.py:1911} INFO - Created Permission View: can create on DAG Run:dataset_s3_bucket_producer
[2024-12-09T18:50:10.500-0300] {logging_mixin.py:190} INFO - [2024-12-09T18:50:10.500-0300] {override.py:1911} INFO - Created Permission View: can edit on DAG:dataset_alias_example_alias_consumer
[2024-12-09T18:50:10.511-0300] {logging_mixin.py:190} INFO - [2024-12-09T18:50:10.511-0300] {override.py:1911} INFO - Created Permission View: can delete on DAG:dataset_alias_example_alias_consumer
[2024-12-09T18:50:10.522-0300] {logging_mixin.py:190} INFO - [2024-12-09T18:50:10.521-0300] {override.py:1911} INFO - Created Permission View: can read on DAG:dataset_alias_example_alias_consumer
[2024-12-09T18:50:10.538-0300] {logging_mixin.py:190} INFO - [2024-12-09T18:50:10.538-0300] {override.py:1911} INFO - Created Permission View: can delete on DAG Run:dataset_alias_example_alias_consumer
[2024-12-09T18:50:10.548-0300] {logging_mixin.py:190} INFO - [2024-12-09T18:50:10.548-0300] {override.py:1911} INFO - Created Permission View: menu access on DAG Run:dataset_alias_example_alias_consumer
[2024-12-09T18:50:10.559-0300] {logging_mixin.py:190} INFO - [2024-12-09T18:50:10.559-0300] {override.py:1911} INFO - Created Permission View: can read on DAG Run:dataset_alias_example_alias_consumer
[2024-12-09T18:50:10.569-0300] {logging_mixin.py:190} INFO - [2024-12-09T18:50:10.569-0300] {override.py:1911} INFO - Created Permission View: can create on DAG Run:dataset_alias_example_alias_consumer
[2024-12-09T18:50:10.594-0300] {logging_mixin.py:190} INFO - [2024-12-09T18:50:10.593-0300] {override.py:1911} INFO - Created Permission View: can edit on DAG:dataset_alias_example_alias_producer
[2024-12-09T18:50:10.605-0300] {logging_mixin.py:190} INFO - [2024-12-09T18:50:10.604-0300] {override.py:1911} INFO - Created Permission View: can delete on DAG:dataset_alias_example_alias_producer
[2024-12-09T18:50:10.615-0300] {logging_mixin.py:190} INFO - [2024-12-09T18:50:10.615-0300] {override.py:1911} INFO - Created Permission View: can read on DAG:dataset_alias_example_alias_producer
[2024-12-09T18:50:10.633-0300] {logging_mixin.py:190} INFO - [2024-12-09T18:50:10.632-0300] {override.py:1911} INFO - Created Permission View: can delete on DAG Run:dataset_alias_example_alias_producer
[2024-12-09T18:50:10.643-0300] {logging_mixin.py:190} INFO - [2024-12-09T18:50:10.643-0300] {override.py:1911} INFO - Created Permission View: menu access on DAG Run:dataset_alias_example_alias_producer
[2024-12-09T18:50:10.654-0300] {logging_mixin.py:190} INFO - [2024-12-09T18:50:10.653-0300] {override.py:1911} INFO - Created Permission View: can read on DAG Run:dataset_alias_example_alias_producer
[2024-12-09T18:50:10.665-0300] {logging_mixin.py:190} INFO - [2024-12-09T18:50:10.664-0300] {override.py:1911} INFO - Created Permission View: can create on DAG Run:dataset_alias_example_alias_producer
[2024-12-09T18:50:10.689-0300] {logging_mixin.py:190} INFO - [2024-12-09T18:50:10.688-0300] {override.py:1911} INFO - Created Permission View: can edit on DAG:dataset_s3_bucket_consumer
[2024-12-09T18:50:10.699-0300] {logging_mixin.py:190} INFO - [2024-12-09T18:50:10.699-0300] {override.py:1911} INFO - Created Permission View: can delete on DAG:dataset_s3_bucket_consumer
[2024-12-09T18:50:10.709-0300] {logging_mixin.py:190} INFO - [2024-12-09T18:50:10.708-0300] {override.py:1911} INFO - Created Permission View: can read on DAG:dataset_s3_bucket_consumer
[2024-12-09T18:50:10.725-0300] {logging_mixin.py:190} INFO - [2024-12-09T18:50:10.725-0300] {override.py:1911} INFO - Created Permission View: can delete on DAG Run:dataset_s3_bucket_consumer
[2024-12-09T18:50:10.736-0300] {logging_mixin.py:190} INFO - [2024-12-09T18:50:10.736-0300] {override.py:1911} INFO - Created Permission View: menu access on DAG Run:dataset_s3_bucket_consumer
[2024-12-09T18:50:10.747-0300] {logging_mixin.py:190} INFO - [2024-12-09T18:50:10.746-0300] {override.py:1911} INFO - Created Permission View: can read on DAG Run:dataset_s3_bucket_consumer
[2024-12-09T18:50:10.756-0300] {logging_mixin.py:190} INFO - [2024-12-09T18:50:10.756-0300] {override.py:1911} INFO - Created Permission View: can create on DAG Run:dataset_s3_bucket_consumer
[2024-12-09T18:50:10.757-0300] {logging_mixin.py:190} INFO - [2024-12-09T18:50:10.757-0300] {dag.py:3239} INFO - Sync 4 DAGs
[2024-12-09T18:50:10.767-0300] {logging_mixin.py:190} INFO - [2024-12-09T18:50:10.767-0300] {dag.py:3262} INFO - Creating ORM DAG for dataset_alias_example_alias_consumer
[2024-12-09T18:50:10.768-0300] {logging_mixin.py:190} INFO - [2024-12-09T18:50:10.768-0300] {dag.py:3262} INFO - Creating ORM DAG for dataset_s3_bucket_consumer
[2024-12-09T18:50:10.768-0300] {logging_mixin.py:190} INFO - [2024-12-09T18:50:10.768-0300] {dag.py:3262} INFO - Creating ORM DAG for dataset_s3_bucket_producer
[2024-12-09T18:50:10.769-0300] {logging_mixin.py:190} INFO - [2024-12-09T18:50:10.768-0300] {dag.py:3262} INFO - Creating ORM DAG for dataset_alias_example_alias_producer
[2024-12-09T18:50:10.775-0300] {logging_mixin.py:190} INFO - [2024-12-09T18:50:10.775-0300] {dag.py:4180} INFO - Setting next_dagrun for dataset_alias_example_alias_consumer to None, run_after=None
[2024-12-09T18:50:10.775-0300] {logging_mixin.py:190} INFO - [2024-12-09T18:50:10.775-0300] {dag.py:4180} INFO - Setting next_dagrun for dataset_alias_example_alias_producer to None, run_after=None
[2024-12-09T18:50:10.776-0300] {logging_mixin.py:190} INFO - [2024-12-09T18:50:10.776-0300] {dag.py:4180} INFO - Setting next_dagrun for dataset_s3_bucket_consumer to None, run_after=None
[2024-12-09T18:50:10.777-0300] {logging_mixin.py:190} INFO - [2024-12-09T18:50:10.776-0300] {dag.py:4180} INFO - Setting next_dagrun for dataset_s3_bucket_producer to None, run_after=None
[2024-12-09T18:50:10.806-0300] {processor.py:208} INFO - Processing /home/alefpa/codigos/breweriesDB/venv/lib/python3.10/site-packages/airflow/example_dags/example_dataset_alias.py took 0.548 seconds
[2024-12-09T18:51:19.986-0300] {processor.py:186} INFO - Started process (PID=118335) to work on /home/alefpa/codigos/breweriesDB/venv/lib/python3.10/site-packages/airflow/example_dags/example_dataset_alias.py
[2024-12-09T18:51:20.003-0300] {processor.py:914} INFO - Processing file /home/alefpa/codigos/breweriesDB/venv/lib/python3.10/site-packages/airflow/example_dags/example_dataset_alias.py for tasks to queue
[2024-12-09T18:51:20.004-0300] {logging_mixin.py:190} INFO - [2024-12-09T18:51:20.004-0300] {dagbag.py:588} INFO - Filling up the DagBag from /home/alefpa/codigos/breweriesDB/venv/lib/python3.10/site-packages/airflow/example_dags/example_dataset_alias.py
[2024-12-09T18:51:20.021-0300] {processor.py:925} INFO - DAG(s) 'dataset_s3_bucket_consumer', 'dataset_s3_bucket_producer', 'dataset_alias_example_alias_consumer', 'dataset_alias_example_alias_producer' retrieved from /home/alefpa/codigos/breweriesDB/venv/lib/python3.10/site-packages/airflow/example_dags/example_dataset_alias.py
[2024-12-09T18:51:20.038-0300] {logging_mixin.py:190} INFO - [2024-12-09T18:51:20.037-0300] {dag.py:3239} INFO - Sync 4 DAGs
[2024-12-09T18:51:20.053-0300] {logging_mixin.py:190} INFO - [2024-12-09T18:51:20.052-0300] {dag.py:4180} INFO - Setting next_dagrun for dataset_alias_example_alias_consumer to None, run_after=None
[2024-12-09T18:51:20.054-0300] {logging_mixin.py:190} INFO - [2024-12-09T18:51:20.054-0300] {dag.py:4180} INFO - Setting next_dagrun for dataset_alias_example_alias_producer to None, run_after=None
[2024-12-09T18:51:20.055-0300] {logging_mixin.py:190} INFO - [2024-12-09T18:51:20.055-0300] {dag.py:4180} INFO - Setting next_dagrun for dataset_s3_bucket_consumer to None, run_after=None
[2024-12-09T18:51:20.056-0300] {logging_mixin.py:190} INFO - [2024-12-09T18:51:20.056-0300] {dag.py:4180} INFO - Setting next_dagrun for dataset_s3_bucket_producer to None, run_after=None
[2024-12-09T18:51:20.078-0300] {processor.py:208} INFO - Processing /home/alefpa/codigos/breweriesDB/venv/lib/python3.10/site-packages/airflow/example_dags/example_dataset_alias.py took 0.097 seconds
[2024-12-09T18:52:26.095-0300] {processor.py:186} INFO - Started process (PID=118688) to work on /home/alefpa/codigos/breweriesDB/venv/lib/python3.10/site-packages/airflow/example_dags/example_dataset_alias.py
[2024-12-09T18:52:26.097-0300] {processor.py:914} INFO - Processing file /home/alefpa/codigos/breweriesDB/venv/lib/python3.10/site-packages/airflow/example_dags/example_dataset_alias.py for tasks to queue
[2024-12-09T18:52:26.098-0300] {logging_mixin.py:190} INFO - [2024-12-09T18:52:26.098-0300] {dagbag.py:588} INFO - Filling up the DagBag from /home/alefpa/codigos/breweriesDB/venv/lib/python3.10/site-packages/airflow/example_dags/example_dataset_alias.py
[2024-12-09T18:52:26.115-0300] {processor.py:925} INFO - DAG(s) 'dataset_alias_example_alias_producer', 'dataset_s3_bucket_producer', 'dataset_alias_example_alias_consumer', 'dataset_s3_bucket_consumer' retrieved from /home/alefpa/codigos/breweriesDB/venv/lib/python3.10/site-packages/airflow/example_dags/example_dataset_alias.py
[2024-12-09T18:52:26.132-0300] {logging_mixin.py:190} INFO - [2024-12-09T18:52:26.132-0300] {dag.py:3239} INFO - Sync 4 DAGs
[2024-12-09T18:52:26.147-0300] {logging_mixin.py:190} INFO - [2024-12-09T18:52:26.147-0300] {dag.py:4180} INFO - Setting next_dagrun for dataset_alias_example_alias_consumer to None, run_after=None
[2024-12-09T18:52:26.149-0300] {logging_mixin.py:190} INFO - [2024-12-09T18:52:26.149-0300] {dag.py:4180} INFO - Setting next_dagrun for dataset_alias_example_alias_producer to None, run_after=None
[2024-12-09T18:52:26.150-0300] {logging_mixin.py:190} INFO - [2024-12-09T18:52:26.149-0300] {dag.py:4180} INFO - Setting next_dagrun for dataset_s3_bucket_consumer to None, run_after=None
[2024-12-09T18:52:26.150-0300] {logging_mixin.py:190} INFO - [2024-12-09T18:52:26.150-0300] {dag.py:4180} INFO - Setting next_dagrun for dataset_s3_bucket_producer to None, run_after=None
[2024-12-09T18:52:26.172-0300] {processor.py:208} INFO - Processing /home/alefpa/codigos/breweriesDB/venv/lib/python3.10/site-packages/airflow/example_dags/example_dataset_alias.py took 0.082 seconds
[2024-12-09T18:53:26.221-0300] {processor.py:186} INFO - Started process (PID=118983) to work on /home/alefpa/codigos/breweriesDB/venv/lib/python3.10/site-packages/airflow/example_dags/example_dataset_alias.py
[2024-12-09T18:53:26.237-0300] {processor.py:914} INFO - Processing file /home/alefpa/codigos/breweriesDB/venv/lib/python3.10/site-packages/airflow/example_dags/example_dataset_alias.py for tasks to queue
[2024-12-09T18:53:26.239-0300] {logging_mixin.py:190} INFO - [2024-12-09T18:53:26.239-0300] {dagbag.py:588} INFO - Filling up the DagBag from /home/alefpa/codigos/breweriesDB/venv/lib/python3.10/site-packages/airflow/example_dags/example_dataset_alias.py
[2024-12-09T18:53:26.259-0300] {processor.py:925} INFO - DAG(s) 'dataset_s3_bucket_consumer', 'dataset_s3_bucket_producer', 'dataset_alias_example_alias_producer', 'dataset_alias_example_alias_consumer' retrieved from /home/alefpa/codigos/breweriesDB/venv/lib/python3.10/site-packages/airflow/example_dags/example_dataset_alias.py
[2024-12-09T18:53:26.277-0300] {logging_mixin.py:190} INFO - [2024-12-09T18:53:26.276-0300] {dag.py:3239} INFO - Sync 4 DAGs
[2024-12-09T18:53:26.293-0300] {logging_mixin.py:190} INFO - [2024-12-09T18:53:26.293-0300] {dag.py:4180} INFO - Setting next_dagrun for dataset_alias_example_alias_consumer to None, run_after=None
[2024-12-09T18:53:26.295-0300] {logging_mixin.py:190} INFO - [2024-12-09T18:53:26.295-0300] {dag.py:4180} INFO - Setting next_dagrun for dataset_alias_example_alias_producer to None, run_after=None
[2024-12-09T18:53:26.296-0300] {logging_mixin.py:190} INFO - [2024-12-09T18:53:26.296-0300] {dag.py:4180} INFO - Setting next_dagrun for dataset_s3_bucket_consumer to None, run_after=None
[2024-12-09T18:53:26.297-0300] {logging_mixin.py:190} INFO - [2024-12-09T18:53:26.297-0300] {dag.py:4180} INFO - Setting next_dagrun for dataset_s3_bucket_producer to None, run_after=None
[2024-12-09T18:53:26.324-0300] {processor.py:208} INFO - Processing /home/alefpa/codigos/breweriesDB/venv/lib/python3.10/site-packages/airflow/example_dags/example_dataset_alias.py took 0.108 seconds
[2024-12-09T18:54:59.275-0300] {processor.py:186} INFO - Started process (PID=119466) to work on /home/alefpa/codigos/breweriesDB/venv/lib/python3.10/site-packages/airflow/example_dags/example_dataset_alias.py
[2024-12-09T18:54:59.277-0300] {processor.py:914} INFO - Processing file /home/alefpa/codigos/breweriesDB/venv/lib/python3.10/site-packages/airflow/example_dags/example_dataset_alias.py for tasks to queue
[2024-12-09T18:54:59.279-0300] {logging_mixin.py:190} INFO - [2024-12-09T18:54:59.279-0300] {dagbag.py:588} INFO - Filling up the DagBag from /home/alefpa/codigos/breweriesDB/venv/lib/python3.10/site-packages/airflow/example_dags/example_dataset_alias.py
[2024-12-09T18:54:59.295-0300] {processor.py:925} INFO - DAG(s) 'dataset_alias_example_alias_consumer', 'dataset_s3_bucket_consumer', 'dataset_s3_bucket_producer', 'dataset_alias_example_alias_producer' retrieved from /home/alefpa/codigos/breweriesDB/venv/lib/python3.10/site-packages/airflow/example_dags/example_dataset_alias.py
[2024-12-09T18:54:59.313-0300] {logging_mixin.py:190} INFO - [2024-12-09T18:54:59.312-0300] {dag.py:3239} INFO - Sync 4 DAGs
[2024-12-09T18:54:59.327-0300] {logging_mixin.py:190} INFO - [2024-12-09T18:54:59.327-0300] {dag.py:4180} INFO - Setting next_dagrun for dataset_alias_example_alias_consumer to None, run_after=None
[2024-12-09T18:54:59.329-0300] {logging_mixin.py:190} INFO - [2024-12-09T18:54:59.329-0300] {dag.py:4180} INFO - Setting next_dagrun for dataset_alias_example_alias_producer to None, run_after=None
[2024-12-09T18:54:59.330-0300] {logging_mixin.py:190} INFO - [2024-12-09T18:54:59.330-0300] {dag.py:4180} INFO - Setting next_dagrun for dataset_s3_bucket_consumer to None, run_after=None
[2024-12-09T18:54:59.331-0300] {logging_mixin.py:190} INFO - [2024-12-09T18:54:59.331-0300] {dag.py:4180} INFO - Setting next_dagrun for dataset_s3_bucket_producer to None, run_after=None
[2024-12-09T18:54:59.355-0300] {processor.py:208} INFO - Processing /home/alefpa/codigos/breweriesDB/venv/lib/python3.10/site-packages/airflow/example_dags/example_dataset_alias.py took 0.084 seconds
[2024-12-09T18:56:00.597-0300] {processor.py:186} INFO - Started process (PID=119769) to work on /home/alefpa/codigos/breweriesDB/venv/lib/python3.10/site-packages/airflow/example_dags/example_dataset_alias.py
[2024-12-09T18:56:00.613-0300] {processor.py:914} INFO - Processing file /home/alefpa/codigos/breweriesDB/venv/lib/python3.10/site-packages/airflow/example_dags/example_dataset_alias.py for tasks to queue
[2024-12-09T18:56:00.615-0300] {logging_mixin.py:190} INFO - [2024-12-09T18:56:00.614-0300] {dagbag.py:588} INFO - Filling up the DagBag from /home/alefpa/codigos/breweriesDB/venv/lib/python3.10/site-packages/airflow/example_dags/example_dataset_alias.py
[2024-12-09T18:56:00.639-0300] {processor.py:925} INFO - DAG(s) 'dataset_alias_example_alias_consumer', 'dataset_s3_bucket_producer', 'dataset_s3_bucket_consumer', 'dataset_alias_example_alias_producer' retrieved from /home/alefpa/codigos/breweriesDB/venv/lib/python3.10/site-packages/airflow/example_dags/example_dataset_alias.py
[2024-12-09T18:56:00.658-0300] {logging_mixin.py:190} INFO - [2024-12-09T18:56:00.657-0300] {dag.py:3239} INFO - Sync 4 DAGs
[2024-12-09T18:56:00.676-0300] {logging_mixin.py:190} INFO - [2024-12-09T18:56:00.676-0300] {dag.py:4180} INFO - Setting next_dagrun for dataset_alias_example_alias_consumer to None, run_after=None
[2024-12-09T18:56:00.680-0300] {logging_mixin.py:190} INFO - [2024-12-09T18:56:00.679-0300] {dag.py:4180} INFO - Setting next_dagrun for dataset_alias_example_alias_producer to None, run_after=None
[2024-12-09T18:56:00.682-0300] {logging_mixin.py:190} INFO - [2024-12-09T18:56:00.681-0300] {dag.py:4180} INFO - Setting next_dagrun for dataset_s3_bucket_consumer to None, run_after=None
[2024-12-09T18:56:00.683-0300] {logging_mixin.py:190} INFO - [2024-12-09T18:56:00.683-0300] {dag.py:4180} INFO - Setting next_dagrun for dataset_s3_bucket_producer to None, run_after=None
[2024-12-09T18:56:00.714-0300] {processor.py:208} INFO - Processing /home/alefpa/codigos/breweriesDB/venv/lib/python3.10/site-packages/airflow/example_dags/example_dataset_alias.py took 0.121 seconds
[2024-12-09T18:56:58.055-0300] {processor.py:186} INFO - Started process (PID=120087) to work on /home/alefpa/codigos/breweriesDB/venv/lib/python3.10/site-packages/airflow/example_dags/example_dataset_alias.py
[2024-12-09T18:56:58.056-0300] {processor.py:914} INFO - Processing file /home/alefpa/codigos/breweriesDB/venv/lib/python3.10/site-packages/airflow/example_dags/example_dataset_alias.py for tasks to queue
[2024-12-09T18:56:58.058-0300] {logging_mixin.py:190} INFO - [2024-12-09T18:56:58.058-0300] {dagbag.py:588} INFO - Filling up the DagBag from /home/alefpa/codigos/breweriesDB/venv/lib/python3.10/site-packages/airflow/example_dags/example_dataset_alias.py
[2024-12-09T18:56:58.078-0300] {processor.py:925} INFO - DAG(s) 'dataset_s3_bucket_producer', 'dataset_alias_example_alias_consumer', 'dataset_s3_bucket_consumer', 'dataset_alias_example_alias_producer' retrieved from /home/alefpa/codigos/breweriesDB/venv/lib/python3.10/site-packages/airflow/example_dags/example_dataset_alias.py
[2024-12-09T18:56:58.099-0300] {logging_mixin.py:190} INFO - [2024-12-09T18:56:58.099-0300] {dag.py:3239} INFO - Sync 4 DAGs
[2024-12-09T18:56:58.117-0300] {logging_mixin.py:190} INFO - [2024-12-09T18:56:58.117-0300] {dag.py:4180} INFO - Setting next_dagrun for dataset_alias_example_alias_consumer to None, run_after=None
[2024-12-09T18:56:58.119-0300] {logging_mixin.py:190} INFO - [2024-12-09T18:56:58.119-0300] {dag.py:4180} INFO - Setting next_dagrun for dataset_alias_example_alias_producer to None, run_after=None
[2024-12-09T18:56:58.120-0300] {logging_mixin.py:190} INFO - [2024-12-09T18:56:58.120-0300] {dag.py:4180} INFO - Setting next_dagrun for dataset_s3_bucket_consumer to None, run_after=None
[2024-12-09T18:56:58.121-0300] {logging_mixin.py:190} INFO - [2024-12-09T18:56:58.121-0300] {dag.py:4180} INFO - Setting next_dagrun for dataset_s3_bucket_producer to None, run_after=None
[2024-12-09T18:56:58.146-0300] {processor.py:208} INFO - Processing /home/alefpa/codigos/breweriesDB/venv/lib/python3.10/site-packages/airflow/example_dags/example_dataset_alias.py took 0.097 seconds
