[2024-12-09T18:36:47.540-0300] {processor.py:186} INFO - Started process (PID=114334) to work on /home/alefpa/codigos/breweriesDB/venv/lib/python3.10/site-packages/airflow/example_dags/tutorial_taskflow_templates.py
[2024-12-09T18:36:47.541-0300] {processor.py:914} INFO - Processing file /home/alefpa/codigos/breweriesDB/venv/lib/python3.10/site-packages/airflow/example_dags/tutorial_taskflow_templates.py for tasks to queue
[2024-12-09T18:36:47.543-0300] {logging_mixin.py:190} INFO - [2024-12-09T18:36:47.543-0300] {dagbag.py:588} INFO - Filling up the DagBag from /home/alefpa/codigos/breweriesDB/venv/lib/python3.10/site-packages/airflow/example_dags/tutorial_taskflow_templates.py
[2024-12-09T18:36:47.554-0300] {processor.py:925} INFO - DAG(s) 'tutorial_taskflow_templates' retrieved from /home/alefpa/codigos/breweriesDB/venv/lib/python3.10/site-packages/airflow/example_dags/tutorial_taskflow_templates.py
[2024-12-09T18:36:47.637-0300] {logging_mixin.py:190} INFO - [2024-12-09T18:36:47.636-0300] {override.py:1911} INFO - Created Permission View: can read on DAG:tutorial_taskflow_templates
[2024-12-09T18:36:47.649-0300] {logging_mixin.py:190} INFO - [2024-12-09T18:36:47.649-0300] {override.py:1911} INFO - Created Permission View: can delete on DAG:tutorial_taskflow_templates
[2024-12-09T18:36:47.659-0300] {logging_mixin.py:190} INFO - [2024-12-09T18:36:47.659-0300] {override.py:1911} INFO - Created Permission View: can edit on DAG:tutorial_taskflow_templates
[2024-12-09T18:36:47.683-0300] {logging_mixin.py:190} INFO - [2024-12-09T18:36:47.683-0300] {override.py:1911} INFO - Created Permission View: can read on DAG Run:tutorial_taskflow_templates
[2024-12-09T18:36:47.693-0300] {logging_mixin.py:190} INFO - [2024-12-09T18:36:47.693-0300] {override.py:1911} INFO - Created Permission View: menu access on DAG Run:tutorial_taskflow_templates
[2024-12-09T18:36:47.703-0300] {logging_mixin.py:190} INFO - [2024-12-09T18:36:47.703-0300] {override.py:1911} INFO - Created Permission View: can create on DAG Run:tutorial_taskflow_templates
[2024-12-09T18:36:47.713-0300] {logging_mixin.py:190} INFO - [2024-12-09T18:36:47.713-0300] {override.py:1911} INFO - Created Permission View: can delete on DAG Run:tutorial_taskflow_templates
[2024-12-09T18:36:47.713-0300] {logging_mixin.py:190} INFO - [2024-12-09T18:36:47.713-0300] {dag.py:3239} INFO - Sync 1 DAGs
[2024-12-09T18:36:47.722-0300] {logging_mixin.py:190} INFO - [2024-12-09T18:36:47.722-0300] {dag.py:3262} INFO - Creating ORM DAG for tutorial_taskflow_templates
[2024-12-09T18:36:47.729-0300] {logging_mixin.py:190} INFO - [2024-12-09T18:36:47.729-0300] {dag.py:4180} INFO - Setting next_dagrun for tutorial_taskflow_templates to 2024-12-08 00:00:00+00:00, run_after=2024-12-09 00:00:00+00:00
[2024-12-09T18:36:47.759-0300] {processor.py:208} INFO - Processing /home/alefpa/codigos/breweriesDB/venv/lib/python3.10/site-packages/airflow/example_dags/tutorial_taskflow_templates.py took 0.224 seconds
[2024-12-09T18:46:48.784-0300] {processor.py:186} INFO - Started process (PID=117043) to work on /home/alefpa/codigos/breweriesDB/venv/lib/python3.10/site-packages/airflow/example_dags/tutorial_taskflow_templates.py
[2024-12-09T18:46:48.785-0300] {processor.py:914} INFO - Processing file /home/alefpa/codigos/breweriesDB/venv/lib/python3.10/site-packages/airflow/example_dags/tutorial_taskflow_templates.py for tasks to queue
[2024-12-09T18:46:48.787-0300] {logging_mixin.py:190} INFO - [2024-12-09T18:46:48.787-0300] {dagbag.py:588} INFO - Filling up the DagBag from /home/alefpa/codigos/breweriesDB/venv/lib/python3.10/site-packages/airflow/example_dags/tutorial_taskflow_templates.py
[2024-12-09T18:46:48.799-0300] {processor.py:925} INFO - DAG(s) 'tutorial_taskflow_templates' retrieved from /home/alefpa/codigos/breweriesDB/venv/lib/python3.10/site-packages/airflow/example_dags/tutorial_taskflow_templates.py
[2024-12-09T18:46:48.815-0300] {logging_mixin.py:190} INFO - [2024-12-09T18:46:48.815-0300] {dag.py:3239} INFO - Sync 1 DAGs
[2024-12-09T18:46:48.831-0300] {logging_mixin.py:190} INFO - [2024-12-09T18:46:48.830-0300] {dag.py:4180} INFO - Setting next_dagrun for tutorial_taskflow_templates to 2024-12-08 00:00:00+00:00, run_after=2024-12-09 00:00:00+00:00
[2024-12-09T18:46:48.857-0300] {processor.py:208} INFO - Processing /home/alefpa/codigos/breweriesDB/venv/lib/python3.10/site-packages/airflow/example_dags/tutorial_taskflow_templates.py took 0.078 seconds
[2024-12-09T18:49:51.023-0300] {processor.py:186} INFO - Started process (PID=117906) to work on /home/alefpa/codigos/breweriesDB/venv/lib/python3.10/site-packages/airflow/example_dags/tutorial_taskflow_templates.py
[2024-12-09T18:49:51.024-0300] {processor.py:914} INFO - Processing file /home/alefpa/codigos/breweriesDB/venv/lib/python3.10/site-packages/airflow/example_dags/tutorial_taskflow_templates.py for tasks to queue
[2024-12-09T18:49:51.027-0300] {logging_mixin.py:190} INFO - [2024-12-09T18:49:51.027-0300] {dagbag.py:588} INFO - Filling up the DagBag from /home/alefpa/codigos/breweriesDB/venv/lib/python3.10/site-packages/airflow/example_dags/tutorial_taskflow_templates.py
[2024-12-09T18:49:51.040-0300] {processor.py:925} INFO - DAG(s) 'tutorial_taskflow_templates' retrieved from /home/alefpa/codigos/breweriesDB/venv/lib/python3.10/site-packages/airflow/example_dags/tutorial_taskflow_templates.py
[2024-12-09T18:49:51.129-0300] {logging_mixin.py:190} INFO - [2024-12-09T18:49:51.128-0300] {override.py:1911} INFO - Created Permission View: can edit on DAG:tutorial_taskflow_templates
[2024-12-09T18:49:51.141-0300] {logging_mixin.py:190} INFO - [2024-12-09T18:49:51.140-0300] {override.py:1911} INFO - Created Permission View: can delete on DAG:tutorial_taskflow_templates
[2024-12-09T18:49:51.151-0300] {logging_mixin.py:190} INFO - [2024-12-09T18:49:51.150-0300] {override.py:1911} INFO - Created Permission View: can read on DAG:tutorial_taskflow_templates
[2024-12-09T18:49:51.166-0300] {logging_mixin.py:190} INFO - [2024-12-09T18:49:51.166-0300] {override.py:1911} INFO - Created Permission View: can delete on DAG Run:tutorial_taskflow_templates
[2024-12-09T18:49:51.176-0300] {logging_mixin.py:190} INFO - [2024-12-09T18:49:51.175-0300] {override.py:1911} INFO - Created Permission View: menu access on DAG Run:tutorial_taskflow_templates
[2024-12-09T18:49:51.186-0300] {logging_mixin.py:190} INFO - [2024-12-09T18:49:51.186-0300] {override.py:1911} INFO - Created Permission View: can read on DAG Run:tutorial_taskflow_templates
[2024-12-09T18:49:51.196-0300] {logging_mixin.py:190} INFO - [2024-12-09T18:49:51.195-0300] {override.py:1911} INFO - Created Permission View: can create on DAG Run:tutorial_taskflow_templates
[2024-12-09T18:49:51.196-0300] {logging_mixin.py:190} INFO - [2024-12-09T18:49:51.196-0300] {dag.py:3239} INFO - Sync 1 DAGs
[2024-12-09T18:49:51.204-0300] {logging_mixin.py:190} INFO - [2024-12-09T18:49:51.204-0300] {dag.py:3262} INFO - Creating ORM DAG for tutorial_taskflow_templates
[2024-12-09T18:49:51.211-0300] {logging_mixin.py:190} INFO - [2024-12-09T18:49:51.211-0300] {dag.py:4180} INFO - Setting next_dagrun for tutorial_taskflow_templates to 2024-12-08 00:00:00+00:00, run_after=2024-12-09 00:00:00+00:00
[2024-12-09T18:49:51.230-0300] {processor.py:208} INFO - Processing /home/alefpa/codigos/breweriesDB/venv/lib/python3.10/site-packages/airflow/example_dags/tutorial_taskflow_templates.py took 0.211 seconds
[2024-12-09T18:50:56.936-0300] {processor.py:186} INFO - Started process (PID=118217) to work on /home/alefpa/codigos/breweriesDB/venv/lib/python3.10/site-packages/airflow/example_dags/tutorial_taskflow_templates.py
[2024-12-09T18:50:56.952-0300] {processor.py:914} INFO - Processing file /home/alefpa/codigos/breweriesDB/venv/lib/python3.10/site-packages/airflow/example_dags/tutorial_taskflow_templates.py for tasks to queue
[2024-12-09T18:50:56.955-0300] {logging_mixin.py:190} INFO - [2024-12-09T18:50:56.955-0300] {dagbag.py:588} INFO - Filling up the DagBag from /home/alefpa/codigos/breweriesDB/venv/lib/python3.10/site-packages/airflow/example_dags/tutorial_taskflow_templates.py
[2024-12-09T18:50:56.967-0300] {processor.py:925} INFO - DAG(s) 'tutorial_taskflow_templates' retrieved from /home/alefpa/codigos/breweriesDB/venv/lib/python3.10/site-packages/airflow/example_dags/tutorial_taskflow_templates.py
[2024-12-09T18:50:56.981-0300] {logging_mixin.py:190} INFO - [2024-12-09T18:50:56.981-0300] {dag.py:3239} INFO - Sync 1 DAGs
[2024-12-09T18:50:56.999-0300] {logging_mixin.py:190} INFO - [2024-12-09T18:50:56.999-0300] {dag.py:4180} INFO - Setting next_dagrun for tutorial_taskflow_templates to 2024-12-08 00:00:00+00:00, run_after=2024-12-09 00:00:00+00:00
[2024-12-09T18:50:57.021-0300] {processor.py:208} INFO - Processing /home/alefpa/codigos/breweriesDB/venv/lib/python3.10/site-packages/airflow/example_dags/tutorial_taskflow_templates.py took 0.090 seconds
[2024-12-09T18:52:07.817-0300] {processor.py:186} INFO - Started process (PID=118597) to work on /home/alefpa/codigos/breweriesDB/venv/lib/python3.10/site-packages/airflow/example_dags/tutorial_taskflow_templates.py
[2024-12-09T18:52:07.818-0300] {processor.py:914} INFO - Processing file /home/alefpa/codigos/breweriesDB/venv/lib/python3.10/site-packages/airflow/example_dags/tutorial_taskflow_templates.py for tasks to queue
[2024-12-09T18:52:07.821-0300] {logging_mixin.py:190} INFO - [2024-12-09T18:52:07.820-0300] {dagbag.py:588} INFO - Filling up the DagBag from /home/alefpa/codigos/breweriesDB/venv/lib/python3.10/site-packages/airflow/example_dags/tutorial_taskflow_templates.py
[2024-12-09T18:52:07.832-0300] {processor.py:925} INFO - DAG(s) 'tutorial_taskflow_templates' retrieved from /home/alefpa/codigos/breweriesDB/venv/lib/python3.10/site-packages/airflow/example_dags/tutorial_taskflow_templates.py
[2024-12-09T18:52:07.848-0300] {logging_mixin.py:190} INFO - [2024-12-09T18:52:07.848-0300] {dag.py:3239} INFO - Sync 1 DAGs
[2024-12-09T18:52:07.863-0300] {logging_mixin.py:190} INFO - [2024-12-09T18:52:07.862-0300] {dag.py:4180} INFO - Setting next_dagrun for tutorial_taskflow_templates to 2024-12-08 00:00:00+00:00, run_after=2024-12-09 00:00:00+00:00
[2024-12-09T18:52:07.887-0300] {processor.py:208} INFO - Processing /home/alefpa/codigos/breweriesDB/venv/lib/python3.10/site-packages/airflow/example_dags/tutorial_taskflow_templates.py took 0.074 seconds
[2024-12-09T18:53:06.961-0300] {processor.py:186} INFO - Started process (PID=118886) to work on /home/alefpa/codigos/breweriesDB/venv/lib/python3.10/site-packages/airflow/example_dags/tutorial_taskflow_templates.py
[2024-12-09T18:53:06.976-0300] {processor.py:914} INFO - Processing file /home/alefpa/codigos/breweriesDB/venv/lib/python3.10/site-packages/airflow/example_dags/tutorial_taskflow_templates.py for tasks to queue
[2024-12-09T18:53:07.967-0300] {logging_mixin.py:190} INFO - [2024-12-09T18:53:07.967-0300] {dagbag.py:588} INFO - Filling up the DagBag from /home/alefpa/codigos/breweriesDB/venv/lib/python3.10/site-packages/airflow/example_dags/tutorial_taskflow_templates.py
[2024-12-09T18:53:07.977-0300] {processor.py:925} INFO - DAG(s) 'tutorial_taskflow_templates' retrieved from /home/alefpa/codigos/breweriesDB/venv/lib/python3.10/site-packages/airflow/example_dags/tutorial_taskflow_templates.py
[2024-12-09T18:53:07.990-0300] {logging_mixin.py:190} INFO - [2024-12-09T18:53:07.990-0300] {dag.py:3239} INFO - Sync 1 DAGs
[2024-12-09T18:53:08.006-0300] {logging_mixin.py:190} INFO - [2024-12-09T18:53:08.006-0300] {dag.py:4180} INFO - Setting next_dagrun for tutorial_taskflow_templates to 2024-12-08 00:00:00+00:00, run_after=2024-12-09 00:00:00+00:00
[2024-12-09T18:53:08.031-0300] {processor.py:208} INFO - Processing /home/alefpa/codigos/breweriesDB/venv/lib/python3.10/site-packages/airflow/example_dags/tutorial_taskflow_templates.py took 0.086 seconds
[2024-12-09T18:54:05.962-0300] {processor.py:186} INFO - Started process (PID=119175) to work on /home/alefpa/codigos/breweriesDB/venv/lib/python3.10/site-packages/airflow/example_dags/tutorial_taskflow_templates.py
[2024-12-09T18:54:05.964-0300] {processor.py:914} INFO - Processing file /home/alefpa/codigos/breweriesDB/venv/lib/python3.10/site-packages/airflow/example_dags/tutorial_taskflow_templates.py for tasks to queue
[2024-12-09T18:54:05.968-0300] {logging_mixin.py:190} INFO - [2024-12-09T18:54:05.968-0300] {dagbag.py:588} INFO - Filling up the DagBag from /home/alefpa/codigos/breweriesDB/venv/lib/python3.10/site-packages/airflow/example_dags/tutorial_taskflow_templates.py
[2024-12-09T18:54:05.989-0300] {processor.py:925} INFO - DAG(s) 'tutorial_taskflow_templates' retrieved from /home/alefpa/codigos/breweriesDB/venv/lib/python3.10/site-packages/airflow/example_dags/tutorial_taskflow_templates.py
[2024-12-09T18:54:06.011-0300] {logging_mixin.py:190} INFO - [2024-12-09T18:54:06.011-0300] {dag.py:3239} INFO - Sync 1 DAGs
[2024-12-09T18:54:06.040-0300] {logging_mixin.py:190} INFO - [2024-12-09T18:54:06.040-0300] {dag.py:4180} INFO - Setting next_dagrun for tutorial_taskflow_templates to 2024-12-08 00:00:00+00:00, run_after=2024-12-09 00:00:00+00:00
[2024-12-09T18:54:06.076-0300] {processor.py:208} INFO - Processing /home/alefpa/codigos/breweriesDB/venv/lib/python3.10/site-packages/airflow/example_dags/tutorial_taskflow_templates.py took 0.124 seconds
[2024-12-09T18:54:40.932-0300] {processor.py:186} INFO - Started process (PID=119382) to work on /home/alefpa/codigos/breweriesDB/venv/lib/python3.10/site-packages/airflow/example_dags/tutorial_taskflow_templates.py
[2024-12-09T18:54:40.933-0300] {processor.py:914} INFO - Processing file /home/alefpa/codigos/breweriesDB/venv/lib/python3.10/site-packages/airflow/example_dags/tutorial_taskflow_templates.py for tasks to queue
[2024-12-09T18:54:40.935-0300] {logging_mixin.py:190} INFO - [2024-12-09T18:54:40.935-0300] {dagbag.py:588} INFO - Filling up the DagBag from /home/alefpa/codigos/breweriesDB/venv/lib/python3.10/site-packages/airflow/example_dags/tutorial_taskflow_templates.py
[2024-12-09T18:54:40.948-0300] {processor.py:925} INFO - DAG(s) 'tutorial_taskflow_templates' retrieved from /home/alefpa/codigos/breweriesDB/venv/lib/python3.10/site-packages/airflow/example_dags/tutorial_taskflow_templates.py
[2024-12-09T18:54:40.964-0300] {logging_mixin.py:190} INFO - [2024-12-09T18:54:40.964-0300] {dag.py:3239} INFO - Sync 1 DAGs
[2024-12-09T18:54:40.981-0300] {logging_mixin.py:190} INFO - [2024-12-09T18:54:40.980-0300] {dag.py:4180} INFO - Setting next_dagrun for tutorial_taskflow_templates to 2024-12-08 00:00:00+00:00, run_after=2024-12-09 00:00:00+00:00
[2024-12-09T18:54:41.001-0300] {processor.py:208} INFO - Processing /home/alefpa/codigos/breweriesDB/venv/lib/python3.10/site-packages/airflow/example_dags/tutorial_taskflow_templates.py took 0.074 seconds
[2024-12-09T18:55:40.533-0300] {processor.py:186} INFO - Started process (PID=119670) to work on /home/alefpa/codigos/breweriesDB/venv/lib/python3.10/site-packages/airflow/example_dags/tutorial_taskflow_templates.py
[2024-12-09T18:55:40.549-0300] {processor.py:914} INFO - Processing file /home/alefpa/codigos/breweriesDB/venv/lib/python3.10/site-packages/airflow/example_dags/tutorial_taskflow_templates.py for tasks to queue
[2024-12-09T18:55:40.552-0300] {logging_mixin.py:190} INFO - [2024-12-09T18:55:40.552-0300] {dagbag.py:588} INFO - Filling up the DagBag from /home/alefpa/codigos/breweriesDB/venv/lib/python3.10/site-packages/airflow/example_dags/tutorial_taskflow_templates.py
[2024-12-09T18:55:40.564-0300] {processor.py:925} INFO - DAG(s) 'tutorial_taskflow_templates' retrieved from /home/alefpa/codigos/breweriesDB/venv/lib/python3.10/site-packages/airflow/example_dags/tutorial_taskflow_templates.py
[2024-12-09T18:55:40.577-0300] {logging_mixin.py:190} INFO - [2024-12-09T18:55:40.577-0300] {dag.py:3239} INFO - Sync 1 DAGs
[2024-12-09T18:55:40.595-0300] {logging_mixin.py:190} INFO - [2024-12-09T18:55:40.595-0300] {dag.py:4180} INFO - Setting next_dagrun for tutorial_taskflow_templates to 2024-12-08 00:00:00+00:00, run_after=2024-12-09 00:00:00+00:00
[2024-12-09T18:55:40.617-0300] {processor.py:208} INFO - Processing /home/alefpa/codigos/breweriesDB/venv/lib/python3.10/site-packages/airflow/example_dags/tutorial_taskflow_templates.py took 0.090 seconds
[2024-12-09T18:56:41.327-0300] {processor.py:186} INFO - Started process (PID=120003) to work on /home/alefpa/codigos/breweriesDB/venv/lib/python3.10/site-packages/airflow/example_dags/tutorial_taskflow_templates.py
[2024-12-09T18:56:41.328-0300] {processor.py:914} INFO - Processing file /home/alefpa/codigos/breweriesDB/venv/lib/python3.10/site-packages/airflow/example_dags/tutorial_taskflow_templates.py for tasks to queue
[2024-12-09T18:56:41.330-0300] {logging_mixin.py:190} INFO - [2024-12-09T18:56:41.330-0300] {dagbag.py:588} INFO - Filling up the DagBag from /home/alefpa/codigos/breweriesDB/venv/lib/python3.10/site-packages/airflow/example_dags/tutorial_taskflow_templates.py
[2024-12-09T18:56:41.341-0300] {processor.py:925} INFO - DAG(s) 'tutorial_taskflow_templates' retrieved from /home/alefpa/codigos/breweriesDB/venv/lib/python3.10/site-packages/airflow/example_dags/tutorial_taskflow_templates.py
[2024-12-09T18:56:41.356-0300] {logging_mixin.py:190} INFO - [2024-12-09T18:56:41.356-0300] {dag.py:3239} INFO - Sync 1 DAGs
[2024-12-09T18:56:41.371-0300] {logging_mixin.py:190} INFO - [2024-12-09T18:56:41.371-0300] {dag.py:4180} INFO - Setting next_dagrun for tutorial_taskflow_templates to 2024-12-08 00:00:00+00:00, run_after=2024-12-09 00:00:00+00:00
[2024-12-09T18:56:41.390-0300] {processor.py:208} INFO - Processing /home/alefpa/codigos/breweriesDB/venv/lib/python3.10/site-packages/airflow/example_dags/tutorial_taskflow_templates.py took 0.067 seconds
[2024-12-09T18:57:57.148-0300] {processor.py:186} INFO - Started process (PID=120402) to work on /home/alefpa/codigos/breweriesDB/venv/lib/python3.10/site-packages/airflow/example_dags/tutorial_taskflow_templates.py
[2024-12-09T18:57:57.164-0300] {processor.py:914} INFO - Processing file /home/alefpa/codigos/breweriesDB/venv/lib/python3.10/site-packages/airflow/example_dags/tutorial_taskflow_templates.py for tasks to queue
[2024-12-09T18:57:57.167-0300] {logging_mixin.py:190} INFO - [2024-12-09T18:57:57.167-0300] {dagbag.py:588} INFO - Filling up the DagBag from /home/alefpa/codigos/breweriesDB/venv/lib/python3.10/site-packages/airflow/example_dags/tutorial_taskflow_templates.py
[2024-12-09T18:57:57.179-0300] {processor.py:925} INFO - DAG(s) 'tutorial_taskflow_templates' retrieved from /home/alefpa/codigos/breweriesDB/venv/lib/python3.10/site-packages/airflow/example_dags/tutorial_taskflow_templates.py
[2024-12-09T18:57:57.197-0300] {logging_mixin.py:190} INFO - [2024-12-09T18:57:57.197-0300] {dag.py:3239} INFO - Sync 1 DAGs
[2024-12-09T18:57:57.213-0300] {logging_mixin.py:190} INFO - [2024-12-09T18:57:57.213-0300] {dag.py:4180} INFO - Setting next_dagrun for tutorial_taskflow_templates to 2024-12-08 00:00:00+00:00, run_after=2024-12-09 00:00:00+00:00
[2024-12-09T18:57:57.234-0300] {processor.py:208} INFO - Processing /home/alefpa/codigos/breweriesDB/venv/lib/python3.10/site-packages/airflow/example_dags/tutorial_taskflow_templates.py took 0.091 seconds
