[2024-12-09T18:36:39.877-0300] {processor.py:186} INFO - Started process (PID=114293) to work on /home/alefpa/codigos/breweriesDB/venv/lib/python3.10/site-packages/airflow/example_dags/tutorial_taskflow_api.py
[2024-12-09T18:36:39.878-0300] {processor.py:914} INFO - Processing file /home/alefpa/codigos/breweriesDB/venv/lib/python3.10/site-packages/airflow/example_dags/tutorial_taskflow_api.py for tasks to queue
[2024-12-09T18:36:39.881-0300] {logging_mixin.py:190} INFO - [2024-12-09T18:36:39.880-0300] {dagbag.py:588} INFO - Filling up the DagBag from /home/alefpa/codigos/breweriesDB/venv/lib/python3.10/site-packages/airflow/example_dags/tutorial_taskflow_api.py
[2024-12-09T18:36:39.887-0300] {processor.py:925} INFO - DAG(s) 'tutorial_taskflow_api' retrieved from /home/alefpa/codigos/breweriesDB/venv/lib/python3.10/site-packages/airflow/example_dags/tutorial_taskflow_api.py
[2024-12-09T18:36:39.990-0300] {logging_mixin.py:190} INFO - [2024-12-09T18:36:39.989-0300] {override.py:1911} INFO - Created Permission View: can read on DAG:tutorial_taskflow_api
[2024-12-09T18:36:40.003-0300] {logging_mixin.py:190} INFO - [2024-12-09T18:36:40.003-0300] {override.py:1911} INFO - Created Permission View: can delete on DAG:tutorial_taskflow_api
[2024-12-09T18:36:40.016-0300] {logging_mixin.py:190} INFO - [2024-12-09T18:36:40.016-0300] {override.py:1911} INFO - Created Permission View: can edit on DAG:tutorial_taskflow_api
[2024-12-09T18:36:40.034-0300] {logging_mixin.py:190} INFO - [2024-12-09T18:36:40.033-0300] {override.py:1911} INFO - Created Permission View: can read on DAG Run:tutorial_taskflow_api
[2024-12-09T18:36:40.044-0300] {logging_mixin.py:190} INFO - [2024-12-09T18:36:40.044-0300] {override.py:1911} INFO - Created Permission View: menu access on DAG Run:tutorial_taskflow_api
[2024-12-09T18:36:40.055-0300] {logging_mixin.py:190} INFO - [2024-12-09T18:36:40.055-0300] {override.py:1911} INFO - Created Permission View: can create on DAG Run:tutorial_taskflow_api
[2024-12-09T18:36:40.065-0300] {logging_mixin.py:190} INFO - [2024-12-09T18:36:40.065-0300] {override.py:1911} INFO - Created Permission View: can delete on DAG Run:tutorial_taskflow_api
[2024-12-09T18:36:40.066-0300] {logging_mixin.py:190} INFO - [2024-12-09T18:36:40.065-0300] {dag.py:3239} INFO - Sync 1 DAGs
[2024-12-09T18:36:40.076-0300] {logging_mixin.py:190} INFO - [2024-12-09T18:36:40.076-0300] {dag.py:3262} INFO - Creating ORM DAG for tutorial_taskflow_api
[2024-12-09T18:36:40.077-0300] {logging_mixin.py:190} INFO - [2024-12-09T18:36:40.077-0300] {dag.py:4180} INFO - Setting next_dagrun for tutorial_taskflow_api to None, run_after=None
[2024-12-09T18:36:40.107-0300] {processor.py:208} INFO - Processing /home/alefpa/codigos/breweriesDB/venv/lib/python3.10/site-packages/airflow/example_dags/tutorial_taskflow_api.py took 0.235 seconds
[2024-12-09T18:43:30.318-0300] {processor.py:186} INFO - Started process (PID=116169) to work on /home/alefpa/codigos/breweriesDB/venv/lib/python3.10/site-packages/airflow/example_dags/tutorial_taskflow_api.py
[2024-12-09T18:43:30.319-0300] {processor.py:914} INFO - Processing file /home/alefpa/codigos/breweriesDB/venv/lib/python3.10/site-packages/airflow/example_dags/tutorial_taskflow_api.py for tasks to queue
[2024-12-09T18:43:30.321-0300] {logging_mixin.py:190} INFO - [2024-12-09T18:43:30.321-0300] {dagbag.py:588} INFO - Filling up the DagBag from /home/alefpa/codigos/breweriesDB/venv/lib/python3.10/site-packages/airflow/example_dags/tutorial_taskflow_api.py
[2024-12-09T18:43:30.328-0300] {processor.py:925} INFO - DAG(s) 'tutorial_taskflow_api' retrieved from /home/alefpa/codigos/breweriesDB/venv/lib/python3.10/site-packages/airflow/example_dags/tutorial_taskflow_api.py
[2024-12-09T18:43:30.345-0300] {logging_mixin.py:190} INFO - [2024-12-09T18:43:30.345-0300] {dag.py:3239} INFO - Sync 1 DAGs
[2024-12-09T18:43:30.354-0300] {logging_mixin.py:190} INFO - [2024-12-09T18:43:30.354-0300] {dag.py:4180} INFO - Setting next_dagrun for tutorial_taskflow_api to None, run_after=None
[2024-12-09T18:43:30.381-0300] {processor.py:208} INFO - Processing /home/alefpa/codigos/breweriesDB/venv/lib/python3.10/site-packages/airflow/example_dags/tutorial_taskflow_api.py took 0.067 seconds
[2024-12-09T18:46:43.632-0300] {processor.py:186} INFO - Started process (PID=117019) to work on /home/alefpa/codigos/breweriesDB/venv/lib/python3.10/site-packages/airflow/example_dags/tutorial_taskflow_api.py
[2024-12-09T18:46:43.634-0300] {processor.py:914} INFO - Processing file /home/alefpa/codigos/breweriesDB/venv/lib/python3.10/site-packages/airflow/example_dags/tutorial_taskflow_api.py for tasks to queue
[2024-12-09T18:46:43.636-0300] {logging_mixin.py:190} INFO - [2024-12-09T18:46:43.635-0300] {dagbag.py:588} INFO - Filling up the DagBag from /home/alefpa/codigos/breweriesDB/venv/lib/python3.10/site-packages/airflow/example_dags/tutorial_taskflow_api.py
[2024-12-09T18:46:43.642-0300] {processor.py:925} INFO - DAG(s) 'tutorial_taskflow_api' retrieved from /home/alefpa/codigos/breweriesDB/venv/lib/python3.10/site-packages/airflow/example_dags/tutorial_taskflow_api.py
[2024-12-09T18:46:43.659-0300] {logging_mixin.py:190} INFO - [2024-12-09T18:46:43.658-0300] {dag.py:3239} INFO - Sync 1 DAGs
[2024-12-09T18:46:43.668-0300] {logging_mixin.py:190} INFO - [2024-12-09T18:46:43.668-0300] {dag.py:4180} INFO - Setting next_dagrun for tutorial_taskflow_api to None, run_after=None
[2024-12-09T18:46:43.687-0300] {processor.py:208} INFO - Processing /home/alefpa/codigos/breweriesDB/venv/lib/python3.10/site-packages/airflow/example_dags/tutorial_taskflow_api.py took 0.059 seconds
[2024-12-09T18:49:41.542-0300] {processor.py:186} INFO - Started process (PID=117865) to work on /home/alefpa/codigos/breweriesDB/venv/lib/python3.10/site-packages/airflow/example_dags/tutorial_taskflow_api.py
[2024-12-09T18:49:41.543-0300] {processor.py:914} INFO - Processing file /home/alefpa/codigos/breweriesDB/venv/lib/python3.10/site-packages/airflow/example_dags/tutorial_taskflow_api.py for tasks to queue
[2024-12-09T18:49:41.546-0300] {logging_mixin.py:190} INFO - [2024-12-09T18:49:41.545-0300] {dagbag.py:588} INFO - Filling up the DagBag from /home/alefpa/codigos/breweriesDB/venv/lib/python3.10/site-packages/airflow/example_dags/tutorial_taskflow_api.py
[2024-12-09T18:49:41.555-0300] {processor.py:925} INFO - DAG(s) 'tutorial_taskflow_api' retrieved from /home/alefpa/codigos/breweriesDB/venv/lib/python3.10/site-packages/airflow/example_dags/tutorial_taskflow_api.py
[2024-12-09T18:49:41.671-0300] {logging_mixin.py:190} INFO - [2024-12-09T18:49:41.670-0300] {override.py:1911} INFO - Created Permission View: can edit on DAG:tutorial_taskflow_api
[2024-12-09T18:49:41.687-0300] {logging_mixin.py:190} INFO - [2024-12-09T18:49:41.687-0300] {override.py:1911} INFO - Created Permission View: can delete on DAG:tutorial_taskflow_api
[2024-12-09T18:49:41.700-0300] {logging_mixin.py:190} INFO - [2024-12-09T18:49:41.700-0300] {override.py:1911} INFO - Created Permission View: can read on DAG:tutorial_taskflow_api
[2024-12-09T18:49:41.720-0300] {logging_mixin.py:190} INFO - [2024-12-09T18:49:41.719-0300] {override.py:1911} INFO - Created Permission View: can delete on DAG Run:tutorial_taskflow_api
[2024-12-09T18:49:41.732-0300] {logging_mixin.py:190} INFO - [2024-12-09T18:49:41.731-0300] {override.py:1911} INFO - Created Permission View: menu access on DAG Run:tutorial_taskflow_api
[2024-12-09T18:49:41.743-0300] {logging_mixin.py:190} INFO - [2024-12-09T18:49:41.743-0300] {override.py:1911} INFO - Created Permission View: can read on DAG Run:tutorial_taskflow_api
[2024-12-09T18:49:41.754-0300] {logging_mixin.py:190} INFO - [2024-12-09T18:49:41.754-0300] {override.py:1911} INFO - Created Permission View: can create on DAG Run:tutorial_taskflow_api
[2024-12-09T18:49:41.755-0300] {logging_mixin.py:190} INFO - [2024-12-09T18:49:41.754-0300] {dag.py:3239} INFO - Sync 1 DAGs
[2024-12-09T18:49:41.765-0300] {logging_mixin.py:190} INFO - [2024-12-09T18:49:41.765-0300] {dag.py:3262} INFO - Creating ORM DAG for tutorial_taskflow_api
[2024-12-09T18:49:41.766-0300] {logging_mixin.py:190} INFO - [2024-12-09T18:49:41.765-0300] {dag.py:4180} INFO - Setting next_dagrun for tutorial_taskflow_api to None, run_after=None
[2024-12-09T18:49:41.787-0300] {processor.py:208} INFO - Processing /home/alefpa/codigos/breweriesDB/venv/lib/python3.10/site-packages/airflow/example_dags/tutorial_taskflow_api.py took 0.251 seconds
[2024-12-09T18:50:50.312-0300] {processor.py:186} INFO - Started process (PID=118188) to work on /home/alefpa/codigos/breweriesDB/venv/lib/python3.10/site-packages/airflow/example_dags/tutorial_taskflow_api.py
[2024-12-09T18:50:50.313-0300] {processor.py:914} INFO - Processing file /home/alefpa/codigos/breweriesDB/venv/lib/python3.10/site-packages/airflow/example_dags/tutorial_taskflow_api.py for tasks to queue
[2024-12-09T18:50:50.315-0300] {logging_mixin.py:190} INFO - [2024-12-09T18:50:50.315-0300] {dagbag.py:588} INFO - Filling up the DagBag from /home/alefpa/codigos/breweriesDB/venv/lib/python3.10/site-packages/airflow/example_dags/tutorial_taskflow_api.py
[2024-12-09T18:50:50.322-0300] {processor.py:925} INFO - DAG(s) 'tutorial_taskflow_api' retrieved from /home/alefpa/codigos/breweriesDB/venv/lib/python3.10/site-packages/airflow/example_dags/tutorial_taskflow_api.py
[2024-12-09T18:50:50.334-0300] {logging_mixin.py:190} INFO - [2024-12-09T18:50:50.333-0300] {dag.py:3239} INFO - Sync 1 DAGs
[2024-12-09T18:50:50.343-0300] {logging_mixin.py:190} INFO - [2024-12-09T18:50:50.343-0300] {dag.py:4180} INFO - Setting next_dagrun for tutorial_taskflow_api to None, run_after=None
[2024-12-09T18:50:50.363-0300] {processor.py:208} INFO - Processing /home/alefpa/codigos/breweriesDB/venv/lib/python3.10/site-packages/airflow/example_dags/tutorial_taskflow_api.py took 0.057 seconds
[2024-12-09T18:52:01.537-0300] {processor.py:186} INFO - Started process (PID=118566) to work on /home/alefpa/codigos/breweriesDB/venv/lib/python3.10/site-packages/airflow/example_dags/tutorial_taskflow_api.py
[2024-12-09T18:52:01.553-0300] {processor.py:914} INFO - Processing file /home/alefpa/codigos/breweriesDB/venv/lib/python3.10/site-packages/airflow/example_dags/tutorial_taskflow_api.py for tasks to queue
[2024-12-09T18:52:01.555-0300] {logging_mixin.py:190} INFO - [2024-12-09T18:52:01.554-0300] {dagbag.py:588} INFO - Filling up the DagBag from /home/alefpa/codigos/breweriesDB/venv/lib/python3.10/site-packages/airflow/example_dags/tutorial_taskflow_api.py
[2024-12-09T18:52:01.562-0300] {processor.py:925} INFO - DAG(s) 'tutorial_taskflow_api' retrieved from /home/alefpa/codigos/breweriesDB/venv/lib/python3.10/site-packages/airflow/example_dags/tutorial_taskflow_api.py
[2024-12-09T18:52:01.580-0300] {logging_mixin.py:190} INFO - [2024-12-09T18:52:01.580-0300] {dag.py:3239} INFO - Sync 1 DAGs
[2024-12-09T18:52:01.592-0300] {logging_mixin.py:190} INFO - [2024-12-09T18:52:01.592-0300] {dag.py:4180} INFO - Setting next_dagrun for tutorial_taskflow_api to None, run_after=None
[2024-12-09T18:52:01.614-0300] {processor.py:208} INFO - Processing /home/alefpa/codigos/breweriesDB/venv/lib/python3.10/site-packages/airflow/example_dags/tutorial_taskflow_api.py took 0.081 seconds
[2024-12-09T18:53:00.670-0300] {processor.py:186} INFO - Started process (PID=118857) to work on /home/alefpa/codigos/breweriesDB/venv/lib/python3.10/site-packages/airflow/example_dags/tutorial_taskflow_api.py
[2024-12-09T18:53:00.672-0300] {processor.py:914} INFO - Processing file /home/alefpa/codigos/breweriesDB/venv/lib/python3.10/site-packages/airflow/example_dags/tutorial_taskflow_api.py for tasks to queue
[2024-12-09T18:53:00.674-0300] {logging_mixin.py:190} INFO - [2024-12-09T18:53:00.673-0300] {dagbag.py:588} INFO - Filling up the DagBag from /home/alefpa/codigos/breweriesDB/venv/lib/python3.10/site-packages/airflow/example_dags/tutorial_taskflow_api.py
[2024-12-09T18:53:00.680-0300] {processor.py:925} INFO - DAG(s) 'tutorial_taskflow_api' retrieved from /home/alefpa/codigos/breweriesDB/venv/lib/python3.10/site-packages/airflow/example_dags/tutorial_taskflow_api.py
[2024-12-09T18:53:00.691-0300] {logging_mixin.py:190} INFO - [2024-12-09T18:53:00.691-0300] {dag.py:3239} INFO - Sync 1 DAGs
[2024-12-09T18:53:00.701-0300] {logging_mixin.py:190} INFO - [2024-12-09T18:53:00.701-0300] {dag.py:4180} INFO - Setting next_dagrun for tutorial_taskflow_api to None, run_after=None
[2024-12-09T18:53:00.720-0300] {processor.py:208} INFO - Processing /home/alefpa/codigos/breweriesDB/venv/lib/python3.10/site-packages/airflow/example_dags/tutorial_taskflow_api.py took 0.055 seconds
[2024-12-09T18:54:00.187-0300] {processor.py:186} INFO - Started process (PID=119145) to work on /home/alefpa/codigos/breweriesDB/venv/lib/python3.10/site-packages/airflow/example_dags/tutorial_taskflow_api.py
[2024-12-09T18:54:00.189-0300] {processor.py:914} INFO - Processing file /home/alefpa/codigos/breweriesDB/venv/lib/python3.10/site-packages/airflow/example_dags/tutorial_taskflow_api.py for tasks to queue
[2024-12-09T18:54:00.191-0300] {logging_mixin.py:190} INFO - [2024-12-09T18:54:00.191-0300] {dagbag.py:588} INFO - Filling up the DagBag from /home/alefpa/codigos/breweriesDB/venv/lib/python3.10/site-packages/airflow/example_dags/tutorial_taskflow_api.py
[2024-12-09T18:54:00.197-0300] {processor.py:925} INFO - DAG(s) 'tutorial_taskflow_api' retrieved from /home/alefpa/codigos/breweriesDB/venv/lib/python3.10/site-packages/airflow/example_dags/tutorial_taskflow_api.py
[2024-12-09T18:54:00.209-0300] {logging_mixin.py:190} INFO - [2024-12-09T18:54:00.209-0300] {dag.py:3239} INFO - Sync 1 DAGs
[2024-12-09T18:54:00.218-0300] {logging_mixin.py:190} INFO - [2024-12-09T18:54:00.218-0300] {dag.py:4180} INFO - Setting next_dagrun for tutorial_taskflow_api to None, run_after=None
[2024-12-09T18:54:00.239-0300] {processor.py:208} INFO - Processing /home/alefpa/codigos/breweriesDB/venv/lib/python3.10/site-packages/airflow/example_dags/tutorial_taskflow_api.py took 0.056 seconds
[2024-12-09T18:54:34.853-0300] {processor.py:186} INFO - Started process (PID=119352) to work on /home/alefpa/codigos/breweriesDB/venv/lib/python3.10/site-packages/airflow/example_dags/tutorial_taskflow_api.py
[2024-12-09T18:54:34.870-0300] {processor.py:914} INFO - Processing file /home/alefpa/codigos/breweriesDB/venv/lib/python3.10/site-packages/airflow/example_dags/tutorial_taskflow_api.py for tasks to queue
[2024-12-09T18:54:34.872-0300] {logging_mixin.py:190} INFO - [2024-12-09T18:54:34.871-0300] {dagbag.py:588} INFO - Filling up the DagBag from /home/alefpa/codigos/breweriesDB/venv/lib/python3.10/site-packages/airflow/example_dags/tutorial_taskflow_api.py
[2024-12-09T18:54:34.880-0300] {processor.py:925} INFO - DAG(s) 'tutorial_taskflow_api' retrieved from /home/alefpa/codigos/breweriesDB/venv/lib/python3.10/site-packages/airflow/example_dags/tutorial_taskflow_api.py
[2024-12-09T18:54:34.901-0300] {logging_mixin.py:190} INFO - [2024-12-09T18:54:34.900-0300] {dag.py:3239} INFO - Sync 1 DAGs
[2024-12-09T18:54:34.912-0300] {logging_mixin.py:190} INFO - [2024-12-09T18:54:34.912-0300] {dag.py:4180} INFO - Setting next_dagrun for tutorial_taskflow_api to None, run_after=None
[2024-12-09T18:54:34.931-0300] {processor.py:208} INFO - Processing /home/alefpa/codigos/breweriesDB/venv/lib/python3.10/site-packages/airflow/example_dags/tutorial_taskflow_api.py took 0.083 seconds
[2024-12-09T18:55:34.853-0300] {processor.py:186} INFO - Started process (PID=119646) to work on /home/alefpa/codigos/breweriesDB/venv/lib/python3.10/site-packages/airflow/example_dags/tutorial_taskflow_api.py
[2024-12-09T18:55:34.868-0300] {processor.py:914} INFO - Processing file /home/alefpa/codigos/breweriesDB/venv/lib/python3.10/site-packages/airflow/example_dags/tutorial_taskflow_api.py for tasks to queue
[2024-12-09T18:55:34.870-0300] {logging_mixin.py:190} INFO - [2024-12-09T18:55:34.870-0300] {dagbag.py:588} INFO - Filling up the DagBag from /home/alefpa/codigos/breweriesDB/venv/lib/python3.10/site-packages/airflow/example_dags/tutorial_taskflow_api.py
[2024-12-09T18:55:34.877-0300] {processor.py:925} INFO - DAG(s) 'tutorial_taskflow_api' retrieved from /home/alefpa/codigos/breweriesDB/venv/lib/python3.10/site-packages/airflow/example_dags/tutorial_taskflow_api.py
[2024-12-09T18:55:34.888-0300] {logging_mixin.py:190} INFO - [2024-12-09T18:55:34.888-0300] {dag.py:3239} INFO - Sync 1 DAGs
[2024-12-09T18:55:34.897-0300] {logging_mixin.py:190} INFO - [2024-12-09T18:55:34.897-0300] {dag.py:4180} INFO - Setting next_dagrun for tutorial_taskflow_api to None, run_after=None
[2024-12-09T18:55:34.917-0300] {processor.py:208} INFO - Processing /home/alefpa/codigos/breweriesDB/venv/lib/python3.10/site-packages/airflow/example_dags/tutorial_taskflow_api.py took 0.069 seconds
[2024-12-09T18:56:36.198-0300] {processor.py:186} INFO - Started process (PID=119974) to work on /home/alefpa/codigos/breweriesDB/venv/lib/python3.10/site-packages/airflow/example_dags/tutorial_taskflow_api.py
[2024-12-09T18:56:36.199-0300] {processor.py:914} INFO - Processing file /home/alefpa/codigos/breweriesDB/venv/lib/python3.10/site-packages/airflow/example_dags/tutorial_taskflow_api.py for tasks to queue
[2024-12-09T18:56:36.200-0300] {logging_mixin.py:190} INFO - [2024-12-09T18:56:36.200-0300] {dagbag.py:588} INFO - Filling up the DagBag from /home/alefpa/codigos/breweriesDB/venv/lib/python3.10/site-packages/airflow/example_dags/tutorial_taskflow_api.py
[2024-12-09T18:56:36.208-0300] {processor.py:925} INFO - DAG(s) 'tutorial_taskflow_api' retrieved from /home/alefpa/codigos/breweriesDB/venv/lib/python3.10/site-packages/airflow/example_dags/tutorial_taskflow_api.py
[2024-12-09T18:56:36.228-0300] {logging_mixin.py:190} INFO - [2024-12-09T18:56:36.228-0300] {dag.py:3239} INFO - Sync 1 DAGs
[2024-12-09T18:56:36.237-0300] {logging_mixin.py:190} INFO - [2024-12-09T18:56:36.237-0300] {dag.py:4180} INFO - Setting next_dagrun for tutorial_taskflow_api to None, run_after=None
[2024-12-09T18:56:36.257-0300] {processor.py:208} INFO - Processing /home/alefpa/codigos/breweriesDB/venv/lib/python3.10/site-packages/airflow/example_dags/tutorial_taskflow_api.py took 0.063 seconds
[2024-12-09T18:57:52.008-0300] {processor.py:186} INFO - Started process (PID=120379) to work on /home/alefpa/codigos/breweriesDB/venv/lib/python3.10/site-packages/airflow/example_dags/tutorial_taskflow_api.py
[2024-12-09T18:57:52.009-0300] {processor.py:914} INFO - Processing file /home/alefpa/codigos/breweriesDB/venv/lib/python3.10/site-packages/airflow/example_dags/tutorial_taskflow_api.py for tasks to queue
[2024-12-09T18:57:52.011-0300] {logging_mixin.py:190} INFO - [2024-12-09T18:57:52.011-0300] {dagbag.py:588} INFO - Filling up the DagBag from /home/alefpa/codigos/breweriesDB/venv/lib/python3.10/site-packages/airflow/example_dags/tutorial_taskflow_api.py
[2024-12-09T18:57:52.018-0300] {processor.py:925} INFO - DAG(s) 'tutorial_taskflow_api' retrieved from /home/alefpa/codigos/breweriesDB/venv/lib/python3.10/site-packages/airflow/example_dags/tutorial_taskflow_api.py
[2024-12-09T18:57:52.037-0300] {logging_mixin.py:190} INFO - [2024-12-09T18:57:52.037-0300] {dag.py:3239} INFO - Sync 1 DAGs
[2024-12-09T18:57:52.048-0300] {logging_mixin.py:190} INFO - [2024-12-09T18:57:52.048-0300] {dag.py:4180} INFO - Setting next_dagrun for tutorial_taskflow_api to None, run_after=None
[2024-12-09T18:57:52.067-0300] {processor.py:208} INFO - Processing /home/alefpa/codigos/breweriesDB/venv/lib/python3.10/site-packages/airflow/example_dags/tutorial_taskflow_api.py took 0.065 seconds
