[2024-12-09T18:36:25.864-0300] {processor.py:186} INFO - Started process (PID=114213) to work on /home/alefpa/codigos/breweriesDB/venv/lib/python3.10/site-packages/airflow/example_dags/tutorial.py
[2024-12-09T18:36:25.865-0300] {processor.py:914} INFO - Processing file /home/alefpa/codigos/breweriesDB/venv/lib/python3.10/site-packages/airflow/example_dags/tutorial.py for tasks to queue
[2024-12-09T18:36:25.868-0300] {logging_mixin.py:190} INFO - [2024-12-09T18:36:25.868-0300] {dagbag.py:588} INFO - Filling up the DagBag from /home/alefpa/codigos/breweriesDB/venv/lib/python3.10/site-packages/airflow/example_dags/tutorial.py
[2024-12-09T18:36:25.880-0300] {processor.py:925} INFO - DAG(s) 'tutorial' retrieved from /home/alefpa/codigos/breweriesDB/venv/lib/python3.10/site-packages/airflow/example_dags/tutorial.py
[2024-12-09T18:36:26.007-0300] {logging_mixin.py:190} INFO - [2024-12-09T18:36:26.006-0300] {override.py:1911} INFO - Created Permission View: can read on DAG:tutorial
[2024-12-09T18:36:26.021-0300] {logging_mixin.py:190} INFO - [2024-12-09T18:36:26.021-0300] {override.py:1911} INFO - Created Permission View: can delete on DAG:tutorial
[2024-12-09T18:36:26.034-0300] {logging_mixin.py:190} INFO - [2024-12-09T18:36:26.034-0300] {override.py:1911} INFO - Created Permission View: can edit on DAG:tutorial
[2024-12-09T18:36:26.051-0300] {logging_mixin.py:190} INFO - [2024-12-09T18:36:26.050-0300] {override.py:1911} INFO - Created Permission View: can read on DAG Run:tutorial
[2024-12-09T18:36:26.061-0300] {logging_mixin.py:190} INFO - [2024-12-09T18:36:26.061-0300] {override.py:1911} INFO - Created Permission View: menu access on DAG Run:tutorial
[2024-12-09T18:36:26.072-0300] {logging_mixin.py:190} INFO - [2024-12-09T18:36:26.071-0300] {override.py:1911} INFO - Created Permission View: can create on DAG Run:tutorial
[2024-12-09T18:36:26.082-0300] {logging_mixin.py:190} INFO - [2024-12-09T18:36:26.081-0300] {override.py:1911} INFO - Created Permission View: can delete on DAG Run:tutorial
[2024-12-09T18:36:26.082-0300] {logging_mixin.py:190} INFO - [2024-12-09T18:36:26.082-0300] {dag.py:3239} INFO - Sync 1 DAGs
[2024-12-09T18:36:26.091-0300] {logging_mixin.py:190} INFO - [2024-12-09T18:36:26.090-0300] {dag.py:3262} INFO - Creating ORM DAG for tutorial
[2024-12-09T18:36:26.097-0300] {logging_mixin.py:190} INFO - [2024-12-09T18:36:26.097-0300] {dag.py:4180} INFO - Setting next_dagrun for tutorial to 2024-12-08 00:00:00+00:00, run_after=2024-12-09 00:00:00+00:00
[2024-12-09T18:36:26.127-0300] {processor.py:208} INFO - Processing /home/alefpa/codigos/breweriesDB/venv/lib/python3.10/site-packages/airflow/example_dags/tutorial.py took 0.270 seconds
[2024-12-09T18:43:02.685-0300] {processor.py:186} INFO - Started process (PID=116021) to work on /home/alefpa/codigos/breweriesDB/venv/lib/python3.10/site-packages/airflow/example_dags/tutorial.py
[2024-12-09T18:43:02.702-0300] {processor.py:914} INFO - Processing file /home/alefpa/codigos/breweriesDB/venv/lib/python3.10/site-packages/airflow/example_dags/tutorial.py for tasks to queue
[2024-12-09T18:43:02.704-0300] {logging_mixin.py:190} INFO - [2024-12-09T18:43:02.704-0300] {dagbag.py:588} INFO - Filling up the DagBag from /home/alefpa/codigos/breweriesDB/venv/lib/python3.10/site-packages/airflow/example_dags/tutorial.py
[2024-12-09T18:43:02.711-0300] {processor.py:925} INFO - DAG(s) 'tutorial' retrieved from /home/alefpa/codigos/breweriesDB/venv/lib/python3.10/site-packages/airflow/example_dags/tutorial.py
[2024-12-09T18:43:02.727-0300] {logging_mixin.py:190} INFO - [2024-12-09T18:43:02.727-0300] {dag.py:3239} INFO - Sync 1 DAGs
[2024-12-09T18:43:02.742-0300] {logging_mixin.py:190} INFO - [2024-12-09T18:43:02.742-0300] {dag.py:4180} INFO - Setting next_dagrun for tutorial to 2024-12-08 00:00:00+00:00, run_after=2024-12-09 00:00:00+00:00
[2024-12-09T18:43:02.768-0300] {processor.py:208} INFO - Processing /home/alefpa/codigos/breweriesDB/venv/lib/python3.10/site-packages/airflow/example_dags/tutorial.py took 0.087 seconds
[2024-12-09T18:43:19.023-0300] {processor.py:186} INFO - Started process (PID=116114) to work on /home/alefpa/codigos/breweriesDB/venv/lib/python3.10/site-packages/airflow/example_dags/tutorial.py
[2024-12-09T18:43:19.040-0300] {processor.py:914} INFO - Processing file /home/alefpa/codigos/breweriesDB/venv/lib/python3.10/site-packages/airflow/example_dags/tutorial.py for tasks to queue
[2024-12-09T18:43:19.043-0300] {logging_mixin.py:190} INFO - [2024-12-09T18:43:19.042-0300] {dagbag.py:588} INFO - Filling up the DagBag from /home/alefpa/codigos/breweriesDB/venv/lib/python3.10/site-packages/airflow/example_dags/tutorial.py
[2024-12-09T18:43:19.049-0300] {processor.py:925} INFO - DAG(s) 'tutorial' retrieved from /home/alefpa/codigos/breweriesDB/venv/lib/python3.10/site-packages/airflow/example_dags/tutorial.py
[2024-12-09T18:43:19.066-0300] {logging_mixin.py:190} INFO - [2024-12-09T18:43:19.066-0300] {dag.py:3239} INFO - Sync 1 DAGs
[2024-12-09T18:43:19.081-0300] {logging_mixin.py:190} INFO - [2024-12-09T18:43:19.081-0300] {dag.py:4180} INFO - Setting next_dagrun for tutorial to 2024-12-08 00:00:00+00:00, run_after=2024-12-09 00:00:00+00:00
[2024-12-09T18:43:19.100-0300] {processor.py:208} INFO - Processing /home/alefpa/codigos/breweriesDB/venv/lib/python3.10/site-packages/airflow/example_dags/tutorial.py took 0.082 seconds
[2024-12-09T18:45:56.453-0300] {processor.py:186} INFO - Started process (PID=116789) to work on /home/alefpa/codigos/breweriesDB/venv/lib/python3.10/site-packages/airflow/example_dags/tutorial.py
[2024-12-09T18:45:56.469-0300] {processor.py:914} INFO - Processing file /home/alefpa/codigos/breweriesDB/venv/lib/python3.10/site-packages/airflow/example_dags/tutorial.py for tasks to queue
[2024-12-09T18:45:56.472-0300] {logging_mixin.py:190} INFO - [2024-12-09T18:45:56.471-0300] {dagbag.py:588} INFO - Filling up the DagBag from /home/alefpa/codigos/breweriesDB/venv/lib/python3.10/site-packages/airflow/example_dags/tutorial.py
[2024-12-09T18:45:56.478-0300] {processor.py:925} INFO - DAG(s) 'tutorial' retrieved from /home/alefpa/codigos/breweriesDB/venv/lib/python3.10/site-packages/airflow/example_dags/tutorial.py
[2024-12-09T18:45:56.495-0300] {logging_mixin.py:190} INFO - [2024-12-09T18:45:56.495-0300] {dag.py:3239} INFO - Sync 1 DAGs
[2024-12-09T18:45:56.509-0300] {logging_mixin.py:190} INFO - [2024-12-09T18:45:56.509-0300] {dag.py:4180} INFO - Setting next_dagrun for tutorial to 2024-12-08 00:00:00+00:00, run_after=2024-12-09 00:00:00+00:00
[2024-12-09T18:45:56.529-0300] {processor.py:208} INFO - Processing /home/alefpa/codigos/breweriesDB/venv/lib/python3.10/site-packages/airflow/example_dags/tutorial.py took 0.081 seconds
[2024-12-09T18:46:32.237-0300] {processor.py:186} INFO - Started process (PID=116958) to work on /home/alefpa/codigos/breweriesDB/venv/lib/python3.10/site-packages/airflow/example_dags/tutorial.py
[2024-12-09T18:46:32.238-0300] {processor.py:914} INFO - Processing file /home/alefpa/codigos/breweriesDB/venv/lib/python3.10/site-packages/airflow/example_dags/tutorial.py for tasks to queue
[2024-12-09T18:46:32.240-0300] {logging_mixin.py:190} INFO - [2024-12-09T18:46:32.240-0300] {dagbag.py:588} INFO - Filling up the DagBag from /home/alefpa/codigos/breweriesDB/venv/lib/python3.10/site-packages/airflow/example_dags/tutorial.py
[2024-12-09T18:46:32.246-0300] {processor.py:925} INFO - DAG(s) 'tutorial' retrieved from /home/alefpa/codigos/breweriesDB/venv/lib/python3.10/site-packages/airflow/example_dags/tutorial.py
[2024-12-09T18:46:32.263-0300] {logging_mixin.py:190} INFO - [2024-12-09T18:46:32.262-0300] {dag.py:3239} INFO - Sync 1 DAGs
[2024-12-09T18:46:32.277-0300] {logging_mixin.py:190} INFO - [2024-12-09T18:46:32.276-0300] {dag.py:4180} INFO - Setting next_dagrun for tutorial to 2024-12-08 00:00:00+00:00, run_after=2024-12-09 00:00:00+00:00
[2024-12-09T18:46:32.295-0300] {processor.py:208} INFO - Processing /home/alefpa/codigos/breweriesDB/venv/lib/python3.10/site-packages/airflow/example_dags/tutorial.py took 0.063 seconds
[2024-12-09T18:49:29.528-0300] {processor.py:186} INFO - Started process (PID=117786) to work on /home/alefpa/codigos/breweriesDB/venv/lib/python3.10/site-packages/airflow/example_dags/tutorial.py
[2024-12-09T18:49:29.544-0300] {processor.py:914} INFO - Processing file /home/alefpa/codigos/breweriesDB/venv/lib/python3.10/site-packages/airflow/example_dags/tutorial.py for tasks to queue
[2024-12-09T18:49:29.546-0300] {logging_mixin.py:190} INFO - [2024-12-09T18:49:29.546-0300] {dagbag.py:588} INFO - Filling up the DagBag from /home/alefpa/codigos/breweriesDB/venv/lib/python3.10/site-packages/airflow/example_dags/tutorial.py
[2024-12-09T18:49:29.552-0300] {processor.py:925} INFO - DAG(s) 'tutorial' retrieved from /home/alefpa/codigos/breweriesDB/venv/lib/python3.10/site-packages/airflow/example_dags/tutorial.py
[2024-12-09T18:49:29.663-0300] {logging_mixin.py:190} INFO - [2024-12-09T18:49:29.662-0300] {override.py:1911} INFO - Created Permission View: can edit on DAG:tutorial
[2024-12-09T18:49:29.678-0300] {logging_mixin.py:190} INFO - [2024-12-09T18:49:29.678-0300] {override.py:1911} INFO - Created Permission View: can delete on DAG:tutorial
[2024-12-09T18:49:29.692-0300] {logging_mixin.py:190} INFO - [2024-12-09T18:49:29.692-0300] {override.py:1911} INFO - Created Permission View: can read on DAG:tutorial
[2024-12-09T18:49:29.709-0300] {logging_mixin.py:190} INFO - [2024-12-09T18:49:29.709-0300] {override.py:1911} INFO - Created Permission View: can delete on DAG Run:tutorial
[2024-12-09T18:49:29.719-0300] {logging_mixin.py:190} INFO - [2024-12-09T18:49:29.718-0300] {override.py:1911} INFO - Created Permission View: menu access on DAG Run:tutorial
[2024-12-09T18:49:29.728-0300] {logging_mixin.py:190} INFO - [2024-12-09T18:49:29.728-0300] {override.py:1911} INFO - Created Permission View: can read on DAG Run:tutorial
[2024-12-09T18:49:29.737-0300] {logging_mixin.py:190} INFO - [2024-12-09T18:49:29.737-0300] {override.py:1911} INFO - Created Permission View: can create on DAG Run:tutorial
[2024-12-09T18:49:29.738-0300] {logging_mixin.py:190} INFO - [2024-12-09T18:49:29.738-0300] {dag.py:3239} INFO - Sync 1 DAGs
[2024-12-09T18:49:29.746-0300] {logging_mixin.py:190} INFO - [2024-12-09T18:49:29.746-0300] {dag.py:3262} INFO - Creating ORM DAG for tutorial
[2024-12-09T18:49:29.752-0300] {logging_mixin.py:190} INFO - [2024-12-09T18:49:29.752-0300] {dag.py:4180} INFO - Setting next_dagrun for tutorial to 2024-12-08 00:00:00+00:00, run_after=2024-12-09 00:00:00+00:00
[2024-12-09T18:49:29.769-0300] {processor.py:208} INFO - Processing /home/alefpa/codigos/breweriesDB/venv/lib/python3.10/site-packages/airflow/example_dags/tutorial.py took 0.246 seconds
[2024-12-09T18:50:37.907-0300] {processor.py:186} INFO - Started process (PID=118126) to work on /home/alefpa/codigos/breweriesDB/venv/lib/python3.10/site-packages/airflow/example_dags/tutorial.py
[2024-12-09T18:50:37.924-0300] {processor.py:914} INFO - Processing file /home/alefpa/codigos/breweriesDB/venv/lib/python3.10/site-packages/airflow/example_dags/tutorial.py for tasks to queue
[2024-12-09T18:50:37.926-0300] {logging_mixin.py:190} INFO - [2024-12-09T18:50:37.926-0300] {dagbag.py:588} INFO - Filling up the DagBag from /home/alefpa/codigos/breweriesDB/venv/lib/python3.10/site-packages/airflow/example_dags/tutorial.py
[2024-12-09T18:50:37.932-0300] {processor.py:925} INFO - DAG(s) 'tutorial' retrieved from /home/alefpa/codigos/breweriesDB/venv/lib/python3.10/site-packages/airflow/example_dags/tutorial.py
[2024-12-09T18:50:37.944-0300] {logging_mixin.py:190} INFO - [2024-12-09T18:50:37.944-0300] {dag.py:3239} INFO - Sync 1 DAGs
[2024-12-09T18:50:37.959-0300] {logging_mixin.py:190} INFO - [2024-12-09T18:50:37.959-0300] {dag.py:4180} INFO - Setting next_dagrun for tutorial to 2024-12-08 00:00:00+00:00, run_after=2024-12-09 00:00:00+00:00
[2024-12-09T18:50:37.980-0300] {processor.py:208} INFO - Processing /home/alefpa/codigos/breweriesDB/venv/lib/python3.10/site-packages/airflow/example_dags/tutorial.py took 0.077 seconds
[2024-12-09T18:51:50.088-0300] {processor.py:186} INFO - Started process (PID=118512) to work on /home/alefpa/codigos/breweriesDB/venv/lib/python3.10/site-packages/airflow/example_dags/tutorial.py
[2024-12-09T18:51:50.104-0300] {processor.py:914} INFO - Processing file /home/alefpa/codigos/breweriesDB/venv/lib/python3.10/site-packages/airflow/example_dags/tutorial.py for tasks to queue
[2024-12-09T18:51:50.107-0300] {logging_mixin.py:190} INFO - [2024-12-09T18:51:50.106-0300] {dagbag.py:588} INFO - Filling up the DagBag from /home/alefpa/codigos/breweriesDB/venv/lib/python3.10/site-packages/airflow/example_dags/tutorial.py
[2024-12-09T18:51:50.113-0300] {processor.py:925} INFO - DAG(s) 'tutorial' retrieved from /home/alefpa/codigos/breweriesDB/venv/lib/python3.10/site-packages/airflow/example_dags/tutorial.py
[2024-12-09T18:51:50.131-0300] {logging_mixin.py:190} INFO - [2024-12-09T18:51:50.131-0300] {dag.py:3239} INFO - Sync 1 DAGs
[2024-12-09T18:51:50.150-0300] {logging_mixin.py:190} INFO - [2024-12-09T18:51:50.150-0300] {dag.py:4180} INFO - Setting next_dagrun for tutorial to 2024-12-08 00:00:00+00:00, run_after=2024-12-09 00:00:00+00:00
[2024-12-09T18:51:50.176-0300] {processor.py:208} INFO - Processing /home/alefpa/codigos/breweriesDB/venv/lib/python3.10/site-packages/airflow/example_dags/tutorial.py took 0.094 seconds
[2024-12-09T18:52:49.158-0300] {processor.py:186} INFO - Started process (PID=118795) to work on /home/alefpa/codigos/breweriesDB/venv/lib/python3.10/site-packages/airflow/example_dags/tutorial.py
[2024-12-09T18:52:49.159-0300] {processor.py:914} INFO - Processing file /home/alefpa/codigos/breweriesDB/venv/lib/python3.10/site-packages/airflow/example_dags/tutorial.py for tasks to queue
[2024-12-09T18:52:49.161-0300] {logging_mixin.py:190} INFO - [2024-12-09T18:52:49.161-0300] {dagbag.py:588} INFO - Filling up the DagBag from /home/alefpa/codigos/breweriesDB/venv/lib/python3.10/site-packages/airflow/example_dags/tutorial.py
[2024-12-09T18:52:49.170-0300] {processor.py:925} INFO - DAG(s) 'tutorial' retrieved from /home/alefpa/codigos/breweriesDB/venv/lib/python3.10/site-packages/airflow/example_dags/tutorial.py
[2024-12-09T18:52:49.184-0300] {logging_mixin.py:190} INFO - [2024-12-09T18:52:49.183-0300] {dag.py:3239} INFO - Sync 1 DAGs
[2024-12-09T18:52:49.203-0300] {logging_mixin.py:190} INFO - [2024-12-09T18:52:49.203-0300] {dag.py:4180} INFO - Setting next_dagrun for tutorial to 2024-12-08 00:00:00+00:00, run_after=2024-12-09 00:00:00+00:00
[2024-12-09T18:52:49.227-0300] {processor.py:208} INFO - Processing /home/alefpa/codigos/breweriesDB/venv/lib/python3.10/site-packages/airflow/example_dags/tutorial.py took 0.077 seconds
[2024-12-09T18:53:48.519-0300] {processor.py:186} INFO - Started process (PID=119088) to work on /home/alefpa/codigos/breweriesDB/venv/lib/python3.10/site-packages/airflow/example_dags/tutorial.py
[2024-12-09T18:53:48.521-0300] {processor.py:914} INFO - Processing file /home/alefpa/codigos/breweriesDB/venv/lib/python3.10/site-packages/airflow/example_dags/tutorial.py for tasks to queue
[2024-12-09T18:53:48.523-0300] {logging_mixin.py:190} INFO - [2024-12-09T18:53:48.523-0300] {dagbag.py:588} INFO - Filling up the DagBag from /home/alefpa/codigos/breweriesDB/venv/lib/python3.10/site-packages/airflow/example_dags/tutorial.py
[2024-12-09T18:53:48.530-0300] {processor.py:925} INFO - DAG(s) 'tutorial' retrieved from /home/alefpa/codigos/breweriesDB/venv/lib/python3.10/site-packages/airflow/example_dags/tutorial.py
[2024-12-09T18:53:48.543-0300] {logging_mixin.py:190} INFO - [2024-12-09T18:53:48.542-0300] {dag.py:3239} INFO - Sync 1 DAGs
[2024-12-09T18:53:48.560-0300] {logging_mixin.py:190} INFO - [2024-12-09T18:53:48.559-0300] {dag.py:4180} INFO - Setting next_dagrun for tutorial to 2024-12-08 00:00:00+00:00, run_after=2024-12-09 00:00:00+00:00
[2024-12-09T18:53:48.580-0300] {processor.py:208} INFO - Processing /home/alefpa/codigos/breweriesDB/venv/lib/python3.10/site-packages/airflow/example_dags/tutorial.py took 0.067 seconds
[2024-12-09T18:54:23.235-0300] {processor.py:186} INFO - Started process (PID=119268) to work on /home/alefpa/codigos/breweriesDB/venv/lib/python3.10/site-packages/airflow/example_dags/tutorial.py
[2024-12-09T18:54:23.252-0300] {processor.py:914} INFO - Processing file /home/alefpa/codigos/breweriesDB/venv/lib/python3.10/site-packages/airflow/example_dags/tutorial.py for tasks to queue
[2024-12-09T18:54:23.254-0300] {logging_mixin.py:190} INFO - [2024-12-09T18:54:23.254-0300] {dagbag.py:588} INFO - Filling up the DagBag from /home/alefpa/codigos/breweriesDB/venv/lib/python3.10/site-packages/airflow/example_dags/tutorial.py
[2024-12-09T18:54:23.260-0300] {processor.py:925} INFO - DAG(s) 'tutorial' retrieved from /home/alefpa/codigos/breweriesDB/venv/lib/python3.10/site-packages/airflow/example_dags/tutorial.py
[2024-12-09T18:54:23.277-0300] {logging_mixin.py:190} INFO - [2024-12-09T18:54:23.276-0300] {dag.py:3239} INFO - Sync 1 DAGs
[2024-12-09T18:54:23.291-0300] {logging_mixin.py:190} INFO - [2024-12-09T18:54:23.291-0300] {dag.py:4180} INFO - Setting next_dagrun for tutorial to 2024-12-08 00:00:00+00:00, run_after=2024-12-09 00:00:00+00:00
[2024-12-09T18:54:23.310-0300] {processor.py:208} INFO - Processing /home/alefpa/codigos/breweriesDB/venv/lib/python3.10/site-packages/airflow/example_dags/tutorial.py took 0.079 seconds
[2024-12-09T18:55:21.111-0300] {processor.py:186} INFO - Started process (PID=119583) to work on /home/alefpa/codigos/breweriesDB/venv/lib/python3.10/site-packages/airflow/example_dags/tutorial.py
[2024-12-09T18:55:21.112-0300] {processor.py:914} INFO - Processing file /home/alefpa/codigos/breweriesDB/venv/lib/python3.10/site-packages/airflow/example_dags/tutorial.py for tasks to queue
[2024-12-09T18:55:21.113-0300] {logging_mixin.py:190} INFO - [2024-12-09T18:55:21.113-0300] {dagbag.py:588} INFO - Filling up the DagBag from /home/alefpa/codigos/breweriesDB/venv/lib/python3.10/site-packages/airflow/example_dags/tutorial.py
[2024-12-09T18:55:21.121-0300] {processor.py:925} INFO - DAG(s) 'tutorial' retrieved from /home/alefpa/codigos/breweriesDB/venv/lib/python3.10/site-packages/airflow/example_dags/tutorial.py
[2024-12-09T18:55:21.132-0300] {logging_mixin.py:190} INFO - [2024-12-09T18:55:21.132-0300] {dag.py:3239} INFO - Sync 1 DAGs
[2024-12-09T18:55:21.147-0300] {logging_mixin.py:190} INFO - [2024-12-09T18:55:21.147-0300] {dag.py:4180} INFO - Setting next_dagrun for tutorial to 2024-12-08 00:00:00+00:00, run_after=2024-12-09 00:00:00+00:00
[2024-12-09T18:55:21.169-0300] {processor.py:208} INFO - Processing /home/alefpa/codigos/breweriesDB/venv/lib/python3.10/site-packages/airflow/example_dags/tutorial.py took 0.063 seconds
[2024-12-09T18:56:23.732-0300] {processor.py:186} INFO - Started process (PID=119919) to work on /home/alefpa/codigos/breweriesDB/venv/lib/python3.10/site-packages/airflow/example_dags/tutorial.py
[2024-12-09T18:56:23.733-0300] {processor.py:914} INFO - Processing file /home/alefpa/codigos/breweriesDB/venv/lib/python3.10/site-packages/airflow/example_dags/tutorial.py for tasks to queue
[2024-12-09T18:56:23.735-0300] {logging_mixin.py:190} INFO - [2024-12-09T18:56:23.735-0300] {dagbag.py:588} INFO - Filling up the DagBag from /home/alefpa/codigos/breweriesDB/venv/lib/python3.10/site-packages/airflow/example_dags/tutorial.py
[2024-12-09T18:56:23.742-0300] {processor.py:925} INFO - DAG(s) 'tutorial' retrieved from /home/alefpa/codigos/breweriesDB/venv/lib/python3.10/site-packages/airflow/example_dags/tutorial.py
[2024-12-09T18:56:23.759-0300] {logging_mixin.py:190} INFO - [2024-12-09T18:56:23.759-0300] {dag.py:3239} INFO - Sync 1 DAGs
[2024-12-09T18:56:23.774-0300] {logging_mixin.py:190} INFO - [2024-12-09T18:56:23.774-0300] {dag.py:4180} INFO - Setting next_dagrun for tutorial to 2024-12-08 00:00:00+00:00, run_after=2024-12-09 00:00:00+00:00
[2024-12-09T18:56:23.795-0300] {processor.py:208} INFO - Processing /home/alefpa/codigos/breweriesDB/venv/lib/python3.10/site-packages/airflow/example_dags/tutorial.py took 0.068 seconds
[2024-12-09T18:57:19.508-0300] {processor.py:186} INFO - Started process (PID=120192) to work on /home/alefpa/codigos/breweriesDB/venv/lib/python3.10/site-packages/airflow/example_dags/tutorial.py
[2024-12-09T18:57:19.509-0300] {processor.py:914} INFO - Processing file /home/alefpa/codigos/breweriesDB/venv/lib/python3.10/site-packages/airflow/example_dags/tutorial.py for tasks to queue
[2024-12-09T18:57:19.512-0300] {logging_mixin.py:190} INFO - [2024-12-09T18:57:19.511-0300] {dagbag.py:588} INFO - Filling up the DagBag from /home/alefpa/codigos/breweriesDB/venv/lib/python3.10/site-packages/airflow/example_dags/tutorial.py
[2024-12-09T18:57:19.518-0300] {processor.py:925} INFO - DAG(s) 'tutorial' retrieved from /home/alefpa/codigos/breweriesDB/venv/lib/python3.10/site-packages/airflow/example_dags/tutorial.py
[2024-12-09T18:57:19.533-0300] {logging_mixin.py:190} INFO - [2024-12-09T18:57:19.533-0300] {dag.py:3239} INFO - Sync 1 DAGs
[2024-12-09T18:57:19.551-0300] {logging_mixin.py:190} INFO - [2024-12-09T18:57:19.550-0300] {dag.py:4180} INFO - Setting next_dagrun for tutorial to 2024-12-08 00:00:00+00:00, run_after=2024-12-09 00:00:00+00:00
[2024-12-09T18:57:19.572-0300] {processor.py:208} INFO - Processing /home/alefpa/codigos/breweriesDB/venv/lib/python3.10/site-packages/airflow/example_dags/tutorial.py took 0.069 seconds
[2024-12-09T18:57:40.719-0300] {processor.py:186} INFO - Started process (PID=120312) to work on /home/alefpa/codigos/breweriesDB/venv/lib/python3.10/site-packages/airflow/example_dags/tutorial.py
[2024-12-09T18:57:40.721-0300] {processor.py:914} INFO - Processing file /home/alefpa/codigos/breweriesDB/venv/lib/python3.10/site-packages/airflow/example_dags/tutorial.py for tasks to queue
[2024-12-09T18:57:40.723-0300] {logging_mixin.py:190} INFO - [2024-12-09T18:57:40.722-0300] {dagbag.py:588} INFO - Filling up the DagBag from /home/alefpa/codigos/breweriesDB/venv/lib/python3.10/site-packages/airflow/example_dags/tutorial.py
[2024-12-09T18:57:40.729-0300] {processor.py:925} INFO - DAG(s) 'tutorial' retrieved from /home/alefpa/codigos/breweriesDB/venv/lib/python3.10/site-packages/airflow/example_dags/tutorial.py
[2024-12-09T18:57:40.746-0300] {logging_mixin.py:190} INFO - [2024-12-09T18:57:40.746-0300] {dag.py:3239} INFO - Sync 1 DAGs
[2024-12-09T18:57:40.762-0300] {logging_mixin.py:190} INFO - [2024-12-09T18:57:40.761-0300] {dag.py:4180} INFO - Setting next_dagrun for tutorial to 2024-12-08 00:00:00+00:00, run_after=2024-12-09 00:00:00+00:00
[2024-12-09T18:57:40.782-0300] {processor.py:208} INFO - Processing /home/alefpa/codigos/breweriesDB/venv/lib/python3.10/site-packages/airflow/example_dags/tutorial.py took 0.068 seconds
