[2024-12-09T18:46:55.564-0300] {processor.py:186} INFO - Started process (PID=117080) to work on /home/alefpa/codigos/breweriesDB/venv/lib/python3.10/site-packages/airflow/example_dags/tutorial_objectstorage.py
[2024-12-09T18:46:55.565-0300] {processor.py:914} INFO - Processing file /home/alefpa/codigos/breweriesDB/venv/lib/python3.10/site-packages/airflow/example_dags/tutorial_objectstorage.py for tasks to queue
[2024-12-09T18:46:55.567-0300] {logging_mixin.py:190} INFO - [2024-12-09T18:46:55.566-0300] {dagbag.py:588} INFO - Filling up the DagBag from /home/alefpa/codigos/breweriesDB/venv/lib/python3.10/site-packages/airflow/example_dags/tutorial_objectstorage.py
[2024-12-09T18:46:55.575-0300] {processor.py:925} INFO - DAG(s) 'tutorial_objectstorage' retrieved from /home/alefpa/codigos/breweriesDB/venv/lib/python3.10/site-packages/airflow/example_dags/tutorial_objectstorage.py
[2024-12-09T18:46:55.661-0300] {logging_mixin.py:190} INFO - [2024-12-09T18:46:55.660-0300] {override.py:1911} INFO - Created Permission View: can delete on DAG:tutorial_objectstorage
[2024-12-09T18:46:55.674-0300] {logging_mixin.py:190} INFO - [2024-12-09T18:46:55.674-0300] {override.py:1911} INFO - Created Permission View: can edit on DAG:tutorial_objectstorage
[2024-12-09T18:46:55.688-0300] {logging_mixin.py:190} INFO - [2024-12-09T18:46:55.687-0300] {override.py:1911} INFO - Created Permission View: can read on DAG:tutorial_objectstorage
[2024-12-09T18:46:55.709-0300] {logging_mixin.py:190} INFO - [2024-12-09T18:46:55.709-0300] {override.py:1911} INFO - Created Permission View: can delete on DAG Run:tutorial_objectstorage
[2024-12-09T18:46:55.720-0300] {logging_mixin.py:190} INFO - [2024-12-09T18:46:55.720-0300] {override.py:1911} INFO - Created Permission View: menu access on DAG Run:tutorial_objectstorage
[2024-12-09T18:46:55.731-0300] {logging_mixin.py:190} INFO - [2024-12-09T18:46:55.731-0300] {override.py:1911} INFO - Created Permission View: can read on DAG Run:tutorial_objectstorage
[2024-12-09T18:46:55.742-0300] {logging_mixin.py:190} INFO - [2024-12-09T18:46:55.742-0300] {override.py:1911} INFO - Created Permission View: can create on DAG Run:tutorial_objectstorage
[2024-12-09T18:46:55.743-0300] {logging_mixin.py:190} INFO - [2024-12-09T18:46:55.742-0300] {dag.py:3239} INFO - Sync 1 DAGs
[2024-12-09T18:46:55.751-0300] {logging_mixin.py:190} INFO - [2024-12-09T18:46:55.751-0300] {dag.py:3262} INFO - Creating ORM DAG for tutorial_objectstorage
[2024-12-09T18:46:55.752-0300] {logging_mixin.py:190} INFO - [2024-12-09T18:46:55.752-0300] {dag.py:4180} INFO - Setting next_dagrun for tutorial_objectstorage to None, run_after=None
[2024-12-09T18:46:57.048-0300] {processor.py:208} INFO - Processing /home/alefpa/codigos/breweriesDB/venv/lib/python3.10/site-packages/airflow/example_dags/tutorial_objectstorage.py took 0.219 seconds
[2024-12-09T18:49:58.637-0300] {processor.py:186} INFO - Started process (PID=117944) to work on /home/alefpa/codigos/breweriesDB/venv/lib/python3.10/site-packages/airflow/example_dags/tutorial_objectstorage.py
[2024-12-09T18:49:58.639-0300] {processor.py:914} INFO - Processing file /home/alefpa/codigos/breweriesDB/venv/lib/python3.10/site-packages/airflow/example_dags/tutorial_objectstorage.py for tasks to queue
[2024-12-09T18:49:58.641-0300] {logging_mixin.py:190} INFO - [2024-12-09T18:49:58.640-0300] {dagbag.py:588} INFO - Filling up the DagBag from /home/alefpa/codigos/breweriesDB/venv/lib/python3.10/site-packages/airflow/example_dags/tutorial_objectstorage.py
[2024-12-09T18:49:58.649-0300] {processor.py:925} INFO - DAG(s) 'tutorial_objectstorage' retrieved from /home/alefpa/codigos/breweriesDB/venv/lib/python3.10/site-packages/airflow/example_dags/tutorial_objectstorage.py
[2024-12-09T18:49:58.727-0300] {logging_mixin.py:190} INFO - [2024-12-09T18:49:58.726-0300] {override.py:1911} INFO - Created Permission View: can edit on DAG:tutorial_objectstorage
[2024-12-09T18:49:58.739-0300] {logging_mixin.py:190} INFO - [2024-12-09T18:49:58.739-0300] {override.py:1911} INFO - Created Permission View: can delete on DAG:tutorial_objectstorage
[2024-12-09T18:49:58.751-0300] {logging_mixin.py:190} INFO - [2024-12-09T18:49:58.751-0300] {override.py:1911} INFO - Created Permission View: can read on DAG:tutorial_objectstorage
[2024-12-09T18:49:58.770-0300] {logging_mixin.py:190} INFO - [2024-12-09T18:49:58.770-0300] {override.py:1911} INFO - Created Permission View: can delete on DAG Run:tutorial_objectstorage
[2024-12-09T18:49:58.782-0300] {logging_mixin.py:190} INFO - [2024-12-09T18:49:58.782-0300] {override.py:1911} INFO - Created Permission View: menu access on DAG Run:tutorial_objectstorage
[2024-12-09T18:49:58.792-0300] {logging_mixin.py:190} INFO - [2024-12-09T18:49:58.792-0300] {override.py:1911} INFO - Created Permission View: can read on DAG Run:tutorial_objectstorage
[2024-12-09T18:49:58.804-0300] {logging_mixin.py:190} INFO - [2024-12-09T18:49:58.804-0300] {override.py:1911} INFO - Created Permission View: can create on DAG Run:tutorial_objectstorage
[2024-12-09T18:49:58.804-0300] {logging_mixin.py:190} INFO - [2024-12-09T18:49:58.804-0300] {dag.py:3239} INFO - Sync 1 DAGs
[2024-12-09T18:49:58.813-0300] {logging_mixin.py:190} INFO - [2024-12-09T18:49:58.813-0300] {dag.py:3262} INFO - Creating ORM DAG for tutorial_objectstorage
[2024-12-09T18:49:58.814-0300] {logging_mixin.py:190} INFO - [2024-12-09T18:49:58.814-0300] {dag.py:4180} INFO - Setting next_dagrun for tutorial_objectstorage to None, run_after=None
[2024-12-09T18:49:58.833-0300] {processor.py:208} INFO - Processing /home/alefpa/codigos/breweriesDB/venv/lib/python3.10/site-packages/airflow/example_dags/tutorial_objectstorage.py took 0.200 seconds
[2024-12-09T18:51:03.397-0300] {processor.py:186} INFO - Started process (PID=118249) to work on /home/alefpa/codigos/breweriesDB/venv/lib/python3.10/site-packages/airflow/example_dags/tutorial_objectstorage.py
[2024-12-09T18:51:03.413-0300] {processor.py:914} INFO - Processing file /home/alefpa/codigos/breweriesDB/venv/lib/python3.10/site-packages/airflow/example_dags/tutorial_objectstorage.py for tasks to queue
[2024-12-09T18:51:03.414-0300] {logging_mixin.py:190} INFO - [2024-12-09T18:51:03.414-0300] {dagbag.py:588} INFO - Filling up the DagBag from /home/alefpa/codigos/breweriesDB/venv/lib/python3.10/site-packages/airflow/example_dags/tutorial_objectstorage.py
[2024-12-09T18:51:03.422-0300] {processor.py:925} INFO - DAG(s) 'tutorial_objectstorage' retrieved from /home/alefpa/codigos/breweriesDB/venv/lib/python3.10/site-packages/airflow/example_dags/tutorial_objectstorage.py
[2024-12-09T18:51:03.433-0300] {logging_mixin.py:190} INFO - [2024-12-09T18:51:03.433-0300] {dag.py:3239} INFO - Sync 1 DAGs
[2024-12-09T18:51:03.442-0300] {logging_mixin.py:190} INFO - [2024-12-09T18:51:03.442-0300] {dag.py:4180} INFO - Setting next_dagrun for tutorial_objectstorage to None, run_after=None
[2024-12-09T18:51:03.463-0300] {processor.py:208} INFO - Processing /home/alefpa/codigos/breweriesDB/venv/lib/python3.10/site-packages/airflow/example_dags/tutorial_objectstorage.py took 0.070 seconds
[2024-12-09T18:52:14.681-0300] {processor.py:186} INFO - Started process (PID=118629) to work on /home/alefpa/codigos/breweriesDB/venv/lib/python3.10/site-packages/airflow/example_dags/tutorial_objectstorage.py
[2024-12-09T18:52:14.696-0300] {processor.py:914} INFO - Processing file /home/alefpa/codigos/breweriesDB/venv/lib/python3.10/site-packages/airflow/example_dags/tutorial_objectstorage.py for tasks to queue
[2024-12-09T18:52:14.699-0300] {logging_mixin.py:190} INFO - [2024-12-09T18:52:14.698-0300] {dagbag.py:588} INFO - Filling up the DagBag from /home/alefpa/codigos/breweriesDB/venv/lib/python3.10/site-packages/airflow/example_dags/tutorial_objectstorage.py
[2024-12-09T18:52:14.707-0300] {processor.py:925} INFO - DAG(s) 'tutorial_objectstorage' retrieved from /home/alefpa/codigos/breweriesDB/venv/lib/python3.10/site-packages/airflow/example_dags/tutorial_objectstorage.py
[2024-12-09T18:52:14.724-0300] {logging_mixin.py:190} INFO - [2024-12-09T18:52:14.724-0300] {dag.py:3239} INFO - Sync 1 DAGs
[2024-12-09T18:52:14.735-0300] {logging_mixin.py:190} INFO - [2024-12-09T18:52:14.735-0300] {dag.py:4180} INFO - Setting next_dagrun for tutorial_objectstorage to None, run_after=None
[2024-12-09T18:52:14.758-0300] {processor.py:208} INFO - Processing /home/alefpa/codigos/breweriesDB/venv/lib/python3.10/site-packages/airflow/example_dags/tutorial_objectstorage.py took 0.081 seconds
[2024-12-09T18:53:16.037-0300] {processor.py:186} INFO - Started process (PID=118931) to work on /home/alefpa/codigos/breweriesDB/venv/lib/python3.10/site-packages/airflow/example_dags/tutorial_objectstorage.py
[2024-12-09T18:53:16.054-0300] {processor.py:914} INFO - Processing file /home/alefpa/codigos/breweriesDB/venv/lib/python3.10/site-packages/airflow/example_dags/tutorial_objectstorage.py for tasks to queue
[2024-12-09T18:53:16.055-0300] {logging_mixin.py:190} INFO - [2024-12-09T18:53:16.055-0300] {dagbag.py:588} INFO - Filling up the DagBag from /home/alefpa/codigos/breweriesDB/venv/lib/python3.10/site-packages/airflow/example_dags/tutorial_objectstorage.py
[2024-12-09T18:53:16.063-0300] {processor.py:925} INFO - DAG(s) 'tutorial_objectstorage' retrieved from /home/alefpa/codigos/breweriesDB/venv/lib/python3.10/site-packages/airflow/example_dags/tutorial_objectstorage.py
[2024-12-09T18:53:16.075-0300] {logging_mixin.py:190} INFO - [2024-12-09T18:53:16.075-0300] {dag.py:3239} INFO - Sync 1 DAGs
[2024-12-09T18:53:16.084-0300] {logging_mixin.py:190} INFO - [2024-12-09T18:53:16.084-0300] {dag.py:4180} INFO - Setting next_dagrun for tutorial_objectstorage to None, run_after=None
[2024-12-09T18:53:16.105-0300] {processor.py:208} INFO - Processing /home/alefpa/codigos/breweriesDB/venv/lib/python3.10/site-packages/airflow/example_dags/tutorial_objectstorage.py took 0.072 seconds
[2024-12-09T18:54:46.671-0300] {processor.py:186} INFO - Started process (PID=119407) to work on /home/alefpa/codigos/breweriesDB/venv/lib/python3.10/site-packages/airflow/example_dags/tutorial_objectstorage.py
[2024-12-09T18:54:46.672-0300] {processor.py:914} INFO - Processing file /home/alefpa/codigos/breweriesDB/venv/lib/python3.10/site-packages/airflow/example_dags/tutorial_objectstorage.py for tasks to queue
[2024-12-09T18:54:46.674-0300] {logging_mixin.py:190} INFO - [2024-12-09T18:54:46.674-0300] {dagbag.py:588} INFO - Filling up the DagBag from /home/alefpa/codigos/breweriesDB/venv/lib/python3.10/site-packages/airflow/example_dags/tutorial_objectstorage.py
[2024-12-09T18:54:46.682-0300] {processor.py:925} INFO - DAG(s) 'tutorial_objectstorage' retrieved from /home/alefpa/codigos/breweriesDB/venv/lib/python3.10/site-packages/airflow/example_dags/tutorial_objectstorage.py
[2024-12-09T18:54:46.694-0300] {logging_mixin.py:190} INFO - [2024-12-09T18:54:46.694-0300] {dag.py:3239} INFO - Sync 1 DAGs
[2024-12-09T18:54:46.703-0300] {logging_mixin.py:190} INFO - [2024-12-09T18:54:46.703-0300] {dag.py:4180} INFO - Setting next_dagrun for tutorial_objectstorage to None, run_after=None
[2024-12-09T18:54:46.723-0300] {processor.py:208} INFO - Processing /home/alefpa/codigos/breweriesDB/venv/lib/python3.10/site-packages/airflow/example_dags/tutorial_objectstorage.py took 0.058 seconds
[2024-12-09T18:55:48.853-0300] {processor.py:186} INFO - Started process (PID=119711) to work on /home/alefpa/codigos/breweriesDB/venv/lib/python3.10/site-packages/airflow/example_dags/tutorial_objectstorage.py
[2024-12-09T18:55:48.854-0300] {processor.py:914} INFO - Processing file /home/alefpa/codigos/breweriesDB/venv/lib/python3.10/site-packages/airflow/example_dags/tutorial_objectstorage.py for tasks to queue
[2024-12-09T18:55:48.856-0300] {logging_mixin.py:190} INFO - [2024-12-09T18:55:48.855-0300] {dagbag.py:588} INFO - Filling up the DagBag from /home/alefpa/codigos/breweriesDB/venv/lib/python3.10/site-packages/airflow/example_dags/tutorial_objectstorage.py
[2024-12-09T18:55:48.863-0300] {processor.py:925} INFO - DAG(s) 'tutorial_objectstorage' retrieved from /home/alefpa/codigos/breweriesDB/venv/lib/python3.10/site-packages/airflow/example_dags/tutorial_objectstorage.py
[2024-12-09T18:55:48.875-0300] {logging_mixin.py:190} INFO - [2024-12-09T18:55:48.874-0300] {dag.py:3239} INFO - Sync 1 DAGs
[2024-12-09T18:55:48.885-0300] {logging_mixin.py:190} INFO - [2024-12-09T18:55:48.884-0300] {dag.py:4180} INFO - Setting next_dagrun for tutorial_objectstorage to None, run_after=None
[2024-12-09T18:55:48.908-0300] {processor.py:208} INFO - Processing /home/alefpa/codigos/breweriesDB/venv/lib/python3.10/site-packages/airflow/example_dags/tutorial_objectstorage.py took 0.060 seconds
[2024-12-09T18:56:47.916-0300] {processor.py:186} INFO - Started process (PID=120036) to work on /home/alefpa/codigos/breweriesDB/venv/lib/python3.10/site-packages/airflow/example_dags/tutorial_objectstorage.py
[2024-12-09T18:56:47.917-0300] {processor.py:914} INFO - Processing file /home/alefpa/codigos/breweriesDB/venv/lib/python3.10/site-packages/airflow/example_dags/tutorial_objectstorage.py for tasks to queue
[2024-12-09T18:56:47.919-0300] {logging_mixin.py:190} INFO - [2024-12-09T18:56:47.919-0300] {dagbag.py:588} INFO - Filling up the DagBag from /home/alefpa/codigos/breweriesDB/venv/lib/python3.10/site-packages/airflow/example_dags/tutorial_objectstorage.py
[2024-12-09T18:56:47.926-0300] {processor.py:925} INFO - DAG(s) 'tutorial_objectstorage' retrieved from /home/alefpa/codigos/breweriesDB/venv/lib/python3.10/site-packages/airflow/example_dags/tutorial_objectstorage.py
[2024-12-09T18:56:47.938-0300] {logging_mixin.py:190} INFO - [2024-12-09T18:56:47.938-0300] {dag.py:3239} INFO - Sync 1 DAGs
[2024-12-09T18:56:47.947-0300] {logging_mixin.py:190} INFO - [2024-12-09T18:56:47.947-0300] {dag.py:4180} INFO - Setting next_dagrun for tutorial_objectstorage to None, run_after=None
[2024-12-09T18:56:47.968-0300] {processor.py:208} INFO - Processing /home/alefpa/codigos/breweriesDB/venv/lib/python3.10/site-packages/airflow/example_dags/tutorial_objectstorage.py took 0.057 seconds
[2024-12-09T18:58:04.656-0300] {processor.py:186} INFO - Started process (PID=120445) to work on /home/alefpa/codigos/breweriesDB/venv/lib/python3.10/site-packages/airflow/example_dags/tutorial_objectstorage.py
[2024-12-09T18:58:04.657-0300] {processor.py:914} INFO - Processing file /home/alefpa/codigos/breweriesDB/venv/lib/python3.10/site-packages/airflow/example_dags/tutorial_objectstorage.py for tasks to queue
[2024-12-09T18:58:04.659-0300] {logging_mixin.py:190} INFO - [2024-12-09T18:58:04.658-0300] {dagbag.py:588} INFO - Filling up the DagBag from /home/alefpa/codigos/breweriesDB/venv/lib/python3.10/site-packages/airflow/example_dags/tutorial_objectstorage.py
[2024-12-09T18:58:04.666-0300] {processor.py:925} INFO - DAG(s) 'tutorial_objectstorage' retrieved from /home/alefpa/codigos/breweriesDB/venv/lib/python3.10/site-packages/airflow/example_dags/tutorial_objectstorage.py
[2024-12-09T18:58:04.679-0300] {logging_mixin.py:190} INFO - [2024-12-09T18:58:04.678-0300] {dag.py:3239} INFO - Sync 1 DAGs
[2024-12-09T18:58:04.688-0300] {logging_mixin.py:190} INFO - [2024-12-09T18:58:04.688-0300] {dag.py:4180} INFO - Setting next_dagrun for tutorial_objectstorage to None, run_after=None
[2024-12-09T18:58:04.708-0300] {processor.py:208} INFO - Processing /home/alefpa/codigos/breweriesDB/venv/lib/python3.10/site-packages/airflow/example_dags/tutorial_objectstorage.py took 0.057 seconds
