[2024-12-09T18:50:02.648-0300] {processor.py:186} INFO - Started process (PID=117964) to work on /home/alefpa/codigos/breweriesDB/venv/lib/python3.10/site-packages/airflow/example_dags/plugins/event_listener.py
[2024-12-09T18:50:02.649-0300] {processor.py:914} INFO - Processing file /home/alefpa/codigos/breweriesDB/venv/lib/python3.10/site-packages/airflow/example_dags/plugins/event_listener.py for tasks to queue
[2024-12-09T18:50:02.651-0300] {logging_mixin.py:190} INFO - [2024-12-09T18:50:02.651-0300] {dagbag.py:588} INFO - Filling up the DagBag from /home/alefpa/codigos/breweriesDB/venv/lib/python3.10/site-packages/airflow/example_dags/plugins/event_listener.py
[2024-12-09T18:50:02.654-0300] {processor.py:927} WARNING - No viable dags retrieved from /home/alefpa/codigos/breweriesDB/venv/lib/python3.10/site-packages/airflow/example_dags/plugins/event_listener.py
[2024-12-09T18:50:02.661-0300] {processor.py:208} INFO - Processing /home/alefpa/codigos/breweriesDB/venv/lib/python3.10/site-packages/airflow/example_dags/plugins/event_listener.py took 0.018 seconds
[2024-12-09T18:51:11.961-0300] {processor.py:186} INFO - Started process (PID=118291) to work on /home/alefpa/codigos/breweriesDB/venv/lib/python3.10/site-packages/airflow/example_dags/plugins/event_listener.py
[2024-12-09T18:51:11.963-0300] {processor.py:914} INFO - Processing file /home/alefpa/codigos/breweriesDB/venv/lib/python3.10/site-packages/airflow/example_dags/plugins/event_listener.py for tasks to queue
[2024-12-09T18:51:11.965-0300] {logging_mixin.py:190} INFO - [2024-12-09T18:51:11.964-0300] {dagbag.py:588} INFO - Filling up the DagBag from /home/alefpa/codigos/breweriesDB/venv/lib/python3.10/site-packages/airflow/example_dags/plugins/event_listener.py
[2024-12-09T18:51:11.966-0300] {processor.py:927} WARNING - No viable dags retrieved from /home/alefpa/codigos/breweriesDB/venv/lib/python3.10/site-packages/airflow/example_dags/plugins/event_listener.py
[2024-12-09T18:51:11.974-0300] {processor.py:208} INFO - Processing /home/alefpa/codigos/breweriesDB/venv/lib/python3.10/site-packages/airflow/example_dags/plugins/event_listener.py took 0.018 seconds
[2024-12-09T18:52:18.106-0300] {processor.py:186} INFO - Started process (PID=118648) to work on /home/alefpa/codigos/breweriesDB/venv/lib/python3.10/site-packages/airflow/example_dags/plugins/event_listener.py
[2024-12-09T18:52:18.107-0300] {processor.py:914} INFO - Processing file /home/alefpa/codigos/breweriesDB/venv/lib/python3.10/site-packages/airflow/example_dags/plugins/event_listener.py for tasks to queue
[2024-12-09T18:52:18.110-0300] {logging_mixin.py:190} INFO - [2024-12-09T18:52:18.109-0300] {dagbag.py:588} INFO - Filling up the DagBag from /home/alefpa/codigos/breweriesDB/venv/lib/python3.10/site-packages/airflow/example_dags/plugins/event_listener.py
[2024-12-09T18:52:18.112-0300] {processor.py:927} WARNING - No viable dags retrieved from /home/alefpa/codigos/breweriesDB/venv/lib/python3.10/site-packages/airflow/example_dags/plugins/event_listener.py
[2024-12-09T18:52:18.119-0300] {processor.py:208} INFO - Processing /home/alefpa/codigos/breweriesDB/venv/lib/python3.10/site-packages/airflow/example_dags/plugins/event_listener.py took 0.018 seconds
[2024-12-09T18:53:18.101-0300] {processor.py:186} INFO - Started process (PID=118942) to work on /home/alefpa/codigos/breweriesDB/venv/lib/python3.10/site-packages/airflow/example_dags/plugins/event_listener.py
[2024-12-09T18:53:18.117-0300] {processor.py:914} INFO - Processing file /home/alefpa/codigos/breweriesDB/venv/lib/python3.10/site-packages/airflow/example_dags/plugins/event_listener.py for tasks to queue
[2024-12-09T18:53:18.119-0300] {logging_mixin.py:190} INFO - [2024-12-09T18:53:18.119-0300] {dagbag.py:588} INFO - Filling up the DagBag from /home/alefpa/codigos/breweriesDB/venv/lib/python3.10/site-packages/airflow/example_dags/plugins/event_listener.py
[2024-12-09T18:53:18.121-0300] {processor.py:927} WARNING - No viable dags retrieved from /home/alefpa/codigos/breweriesDB/venv/lib/python3.10/site-packages/airflow/example_dags/plugins/event_listener.py
[2024-12-09T18:53:18.129-0300] {processor.py:208} INFO - Processing /home/alefpa/codigos/breweriesDB/venv/lib/python3.10/site-packages/airflow/example_dags/plugins/event_listener.py took 0.033 seconds
[2024-12-09T18:54:51.380-0300] {processor.py:186} INFO - Started process (PID=119426) to work on /home/alefpa/codigos/breweriesDB/venv/lib/python3.10/site-packages/airflow/example_dags/plugins/event_listener.py
[2024-12-09T18:54:51.382-0300] {processor.py:914} INFO - Processing file /home/alefpa/codigos/breweriesDB/venv/lib/python3.10/site-packages/airflow/example_dags/plugins/event_listener.py for tasks to queue
[2024-12-09T18:54:51.383-0300] {logging_mixin.py:190} INFO - [2024-12-09T18:54:51.383-0300] {dagbag.py:588} INFO - Filling up the DagBag from /home/alefpa/codigos/breweriesDB/venv/lib/python3.10/site-packages/airflow/example_dags/plugins/event_listener.py
[2024-12-09T18:54:51.385-0300] {processor.py:927} WARNING - No viable dags retrieved from /home/alefpa/codigos/breweriesDB/venv/lib/python3.10/site-packages/airflow/example_dags/plugins/event_listener.py
[2024-12-09T18:54:51.393-0300] {processor.py:208} INFO - Processing /home/alefpa/codigos/breweriesDB/venv/lib/python3.10/site-packages/airflow/example_dags/plugins/event_listener.py took 0.018 seconds
[2024-12-09T18:55:50.835-0300] {processor.py:186} INFO - Started process (PID=119722) to work on /home/alefpa/codigos/breweriesDB/venv/lib/python3.10/site-packages/airflow/example_dags/plugins/event_listener.py
[2024-12-09T18:55:50.836-0300] {processor.py:914} INFO - Processing file /home/alefpa/codigos/breweriesDB/venv/lib/python3.10/site-packages/airflow/example_dags/plugins/event_listener.py for tasks to queue
[2024-12-09T18:55:50.838-0300] {logging_mixin.py:190} INFO - [2024-12-09T18:55:50.838-0300] {dagbag.py:588} INFO - Filling up the DagBag from /home/alefpa/codigos/breweriesDB/venv/lib/python3.10/site-packages/airflow/example_dags/plugins/event_listener.py
[2024-12-09T18:55:50.840-0300] {processor.py:927} WARNING - No viable dags retrieved from /home/alefpa/codigos/breweriesDB/venv/lib/python3.10/site-packages/airflow/example_dags/plugins/event_listener.py
[2024-12-09T18:55:50.847-0300] {processor.py:208} INFO - Processing /home/alefpa/codigos/breweriesDB/venv/lib/python3.10/site-packages/airflow/example_dags/plugins/event_listener.py took 0.017 seconds
[2024-12-09T18:56:50.470-0300] {processor.py:186} INFO - Started process (PID=120048) to work on /home/alefpa/codigos/breweriesDB/venv/lib/python3.10/site-packages/airflow/example_dags/plugins/event_listener.py
[2024-12-09T18:56:50.471-0300] {processor.py:914} INFO - Processing file /home/alefpa/codigos/breweriesDB/venv/lib/python3.10/site-packages/airflow/example_dags/plugins/event_listener.py for tasks to queue
[2024-12-09T18:56:50.473-0300] {logging_mixin.py:190} INFO - [2024-12-09T18:56:50.473-0300] {dagbag.py:588} INFO - Filling up the DagBag from /home/alefpa/codigos/breweriesDB/venv/lib/python3.10/site-packages/airflow/example_dags/plugins/event_listener.py
[2024-12-09T18:56:50.475-0300] {processor.py:927} WARNING - No viable dags retrieved from /home/alefpa/codigos/breweriesDB/venv/lib/python3.10/site-packages/airflow/example_dags/plugins/event_listener.py
[2024-12-09T18:56:50.483-0300] {processor.py:208} INFO - Processing /home/alefpa/codigos/breweriesDB/venv/lib/python3.10/site-packages/airflow/example_dags/plugins/event_listener.py took 0.017 seconds
