[2024-12-09T18:50:03.975-0300] {processor.py:186} INFO - Started process (PID=117969) to work on /home/alefpa/codigos/breweriesDB/venv/lib/python3.10/site-packages/airflow/example_dags/plugins/listener_plugin.py
[2024-12-09T18:50:03.976-0300] {processor.py:914} INFO - Processing file /home/alefpa/codigos/breweriesDB/venv/lib/python3.10/site-packages/airflow/example_dags/plugins/listener_plugin.py for tasks to queue
[2024-12-09T18:50:03.978-0300] {logging_mixin.py:190} INFO - [2024-12-09T18:50:03.977-0300] {dagbag.py:588} INFO - Filling up the DagBag from /home/alefpa/codigos/breweriesDB/venv/lib/python3.10/site-packages/airflow/example_dags/plugins/listener_plugin.py
[2024-12-09T18:50:03.979-0300] {processor.py:927} WARNING - No viable dags retrieved from /home/alefpa/codigos/breweriesDB/venv/lib/python3.10/site-packages/airflow/example_dags/plugins/listener_plugin.py
[2024-12-09T18:50:03.988-0300] {processor.py:208} INFO - Processing /home/alefpa/codigos/breweriesDB/venv/lib/python3.10/site-packages/airflow/example_dags/plugins/listener_plugin.py took 0.019 seconds
[2024-12-09T18:51:13.690-0300] {processor.py:186} INFO - Started process (PID=118301) to work on /home/alefpa/codigos/breweriesDB/venv/lib/python3.10/site-packages/airflow/example_dags/plugins/listener_plugin.py
[2024-12-09T18:51:13.691-0300] {processor.py:914} INFO - Processing file /home/alefpa/codigos/breweriesDB/venv/lib/python3.10/site-packages/airflow/example_dags/plugins/listener_plugin.py for tasks to queue
[2024-12-09T18:51:13.693-0300] {logging_mixin.py:190} INFO - [2024-12-09T18:51:13.693-0300] {dagbag.py:588} INFO - Filling up the DagBag from /home/alefpa/codigos/breweriesDB/venv/lib/python3.10/site-packages/airflow/example_dags/plugins/listener_plugin.py
[2024-12-09T18:51:13.695-0300] {processor.py:927} WARNING - No viable dags retrieved from /home/alefpa/codigos/breweriesDB/venv/lib/python3.10/site-packages/airflow/example_dags/plugins/listener_plugin.py
[2024-12-09T18:51:13.703-0300] {processor.py:208} INFO - Processing /home/alefpa/codigos/breweriesDB/venv/lib/python3.10/site-packages/airflow/example_dags/plugins/listener_plugin.py took 0.017 seconds
[2024-12-09T18:52:19.818-0300] {processor.py:186} INFO - Started process (PID=118658) to work on /home/alefpa/codigos/breweriesDB/venv/lib/python3.10/site-packages/airflow/example_dags/plugins/listener_plugin.py
[2024-12-09T18:52:19.834-0300] {processor.py:914} INFO - Processing file /home/alefpa/codigos/breweriesDB/venv/lib/python3.10/site-packages/airflow/example_dags/plugins/listener_plugin.py for tasks to queue
[2024-12-09T18:52:19.836-0300] {logging_mixin.py:190} INFO - [2024-12-09T18:52:19.835-0300] {dagbag.py:588} INFO - Filling up the DagBag from /home/alefpa/codigos/breweriesDB/venv/lib/python3.10/site-packages/airflow/example_dags/plugins/listener_plugin.py
[2024-12-09T18:52:19.837-0300] {processor.py:927} WARNING - No viable dags retrieved from /home/alefpa/codigos/breweriesDB/venv/lib/python3.10/site-packages/airflow/example_dags/plugins/listener_plugin.py
[2024-12-09T18:52:19.845-0300] {processor.py:208} INFO - Processing /home/alefpa/codigos/breweriesDB/venv/lib/python3.10/site-packages/airflow/example_dags/plugins/listener_plugin.py took 0.031 seconds
[2024-12-09T18:53:19.941-0300] {processor.py:186} INFO - Started process (PID=118953) to work on /home/alefpa/codigos/breweriesDB/venv/lib/python3.10/site-packages/airflow/example_dags/plugins/listener_plugin.py
[2024-12-09T18:53:19.958-0300] {processor.py:914} INFO - Processing file /home/alefpa/codigos/breweriesDB/venv/lib/python3.10/site-packages/airflow/example_dags/plugins/listener_plugin.py for tasks to queue
[2024-12-09T18:53:19.959-0300] {logging_mixin.py:190} INFO - [2024-12-09T18:53:19.959-0300] {dagbag.py:588} INFO - Filling up the DagBag from /home/alefpa/codigos/breweriesDB/venv/lib/python3.10/site-packages/airflow/example_dags/plugins/listener_plugin.py
[2024-12-09T18:53:19.961-0300] {processor.py:927} WARNING - No viable dags retrieved from /home/alefpa/codigos/breweriesDB/venv/lib/python3.10/site-packages/airflow/example_dags/plugins/listener_plugin.py
[2024-12-09T18:53:19.969-0300] {processor.py:208} INFO - Processing /home/alefpa/codigos/breweriesDB/venv/lib/python3.10/site-packages/airflow/example_dags/plugins/listener_plugin.py took 0.034 seconds
[2024-12-09T18:54:52.997-0300] {processor.py:186} INFO - Started process (PID=119436) to work on /home/alefpa/codigos/breweriesDB/venv/lib/python3.10/site-packages/airflow/example_dags/plugins/listener_plugin.py
[2024-12-09T18:54:53.013-0300] {processor.py:914} INFO - Processing file /home/alefpa/codigos/breweriesDB/venv/lib/python3.10/site-packages/airflow/example_dags/plugins/listener_plugin.py for tasks to queue
[2024-12-09T18:54:53.015-0300] {logging_mixin.py:190} INFO - [2024-12-09T18:54:53.015-0300] {dagbag.py:588} INFO - Filling up the DagBag from /home/alefpa/codigos/breweriesDB/venv/lib/python3.10/site-packages/airflow/example_dags/plugins/listener_plugin.py
[2024-12-09T18:54:53.018-0300] {processor.py:927} WARNING - No viable dags retrieved from /home/alefpa/codigos/breweriesDB/venv/lib/python3.10/site-packages/airflow/example_dags/plugins/listener_plugin.py
[2024-12-09T18:54:53.025-0300] {processor.py:208} INFO - Processing /home/alefpa/codigos/breweriesDB/venv/lib/python3.10/site-packages/airflow/example_dags/plugins/listener_plugin.py took 0.033 seconds
[2024-12-09T18:55:53.126-0300] {processor.py:186} INFO - Started process (PID=119732) to work on /home/alefpa/codigos/breweriesDB/venv/lib/python3.10/site-packages/airflow/example_dags/plugins/listener_plugin.py
[2024-12-09T18:55:53.127-0300] {processor.py:914} INFO - Processing file /home/alefpa/codigos/breweriesDB/venv/lib/python3.10/site-packages/airflow/example_dags/plugins/listener_plugin.py for tasks to queue
[2024-12-09T18:55:53.129-0300] {logging_mixin.py:190} INFO - [2024-12-09T18:55:53.129-0300] {dagbag.py:588} INFO - Filling up the DagBag from /home/alefpa/codigos/breweriesDB/venv/lib/python3.10/site-packages/airflow/example_dags/plugins/listener_plugin.py
[2024-12-09T18:55:53.132-0300] {processor.py:927} WARNING - No viable dags retrieved from /home/alefpa/codigos/breweriesDB/venv/lib/python3.10/site-packages/airflow/example_dags/plugins/listener_plugin.py
[2024-12-09T18:55:53.143-0300] {processor.py:208} INFO - Processing /home/alefpa/codigos/breweriesDB/venv/lib/python3.10/site-packages/airflow/example_dags/plugins/listener_plugin.py took 0.022 seconds
[2024-12-09T18:56:52.743-0300] {processor.py:186} INFO - Started process (PID=120058) to work on /home/alefpa/codigos/breweriesDB/venv/lib/python3.10/site-packages/airflow/example_dags/plugins/listener_plugin.py
[2024-12-09T18:56:52.760-0300] {processor.py:914} INFO - Processing file /home/alefpa/codigos/breweriesDB/venv/lib/python3.10/site-packages/airflow/example_dags/plugins/listener_plugin.py for tasks to queue
[2024-12-09T18:56:52.763-0300] {logging_mixin.py:190} INFO - [2024-12-09T18:56:52.762-0300] {dagbag.py:588} INFO - Filling up the DagBag from /home/alefpa/codigos/breweriesDB/venv/lib/python3.10/site-packages/airflow/example_dags/plugins/listener_plugin.py
[2024-12-09T18:56:52.765-0300] {processor.py:927} WARNING - No viable dags retrieved from /home/alefpa/codigos/breweriesDB/venv/lib/python3.10/site-packages/airflow/example_dags/plugins/listener_plugin.py
[2024-12-09T18:56:52.774-0300] {processor.py:208} INFO - Processing /home/alefpa/codigos/breweriesDB/venv/lib/python3.10/site-packages/airflow/example_dags/plugins/listener_plugin.py took 0.035 seconds
