[2024-12-09T18:50:03.812-0300] {processor.py:186} INFO - Started process (PID=117968) to work on /home/alefpa/codigos/breweriesDB/venv/lib/python3.10/site-packages/airflow/example_dags/plugins/workday.py
[2024-12-09T18:50:03.812-0300] {processor.py:914} INFO - Processing file /home/alefpa/codigos/breweriesDB/venv/lib/python3.10/site-packages/airflow/example_dags/plugins/workday.py for tasks to queue
[2024-12-09T18:50:03.815-0300] {logging_mixin.py:190} INFO - [2024-12-09T18:50:03.814-0300] {dagbag.py:588} INFO - Filling up the DagBag from /home/alefpa/codigos/breweriesDB/venv/lib/python3.10/site-packages/airflow/example_dags/plugins/workday.py
[2024-12-09T18:50:03.817-0300] {processor.py:927} WARNING - No viable dags retrieved from /home/alefpa/codigos/breweriesDB/venv/lib/python3.10/site-packages/airflow/example_dags/plugins/workday.py
[2024-12-09T18:50:03.826-0300] {processor.py:208} INFO - Processing /home/alefpa/codigos/breweriesDB/venv/lib/python3.10/site-packages/airflow/example_dags/plugins/workday.py took 0.020 seconds
[2024-12-09T18:51:13.100-0300] {processor.py:186} INFO - Started process (PID=118300) to work on /home/alefpa/codigos/breweriesDB/venv/lib/python3.10/site-packages/airflow/example_dags/plugins/workday.py
[2024-12-09T18:51:13.113-0300] {processor.py:914} INFO - Processing file /home/alefpa/codigos/breweriesDB/venv/lib/python3.10/site-packages/airflow/example_dags/plugins/workday.py for tasks to queue
[2024-12-09T18:51:13.115-0300] {logging_mixin.py:190} INFO - [2024-12-09T18:51:13.115-0300] {dagbag.py:588} INFO - Filling up the DagBag from /home/alefpa/codigos/breweriesDB/venv/lib/python3.10/site-packages/airflow/example_dags/plugins/workday.py
[2024-12-09T18:51:13.117-0300] {processor.py:927} WARNING - No viable dags retrieved from /home/alefpa/codigos/breweriesDB/venv/lib/python3.10/site-packages/airflow/example_dags/plugins/workday.py
[2024-12-09T18:51:13.125-0300] {processor.py:208} INFO - Processing /home/alefpa/codigos/breweriesDB/venv/lib/python3.10/site-packages/airflow/example_dags/plugins/workday.py took 0.030 seconds
[2024-12-09T18:52:19.255-0300] {processor.py:186} INFO - Started process (PID=118651) to work on /home/alefpa/codigos/breweriesDB/venv/lib/python3.10/site-packages/airflow/example_dags/plugins/workday.py
[2024-12-09T18:52:19.257-0300] {processor.py:914} INFO - Processing file /home/alefpa/codigos/breweriesDB/venv/lib/python3.10/site-packages/airflow/example_dags/plugins/workday.py for tasks to queue
[2024-12-09T18:52:19.259-0300] {logging_mixin.py:190} INFO - [2024-12-09T18:52:19.259-0300] {dagbag.py:588} INFO - Filling up the DagBag from /home/alefpa/codigos/breweriesDB/venv/lib/python3.10/site-packages/airflow/example_dags/plugins/workday.py
[2024-12-09T18:52:19.261-0300] {processor.py:927} WARNING - No viable dags retrieved from /home/alefpa/codigos/breweriesDB/venv/lib/python3.10/site-packages/airflow/example_dags/plugins/workday.py
[2024-12-09T18:52:19.269-0300] {processor.py:208} INFO - Processing /home/alefpa/codigos/breweriesDB/venv/lib/python3.10/site-packages/airflow/example_dags/plugins/workday.py took 0.019 seconds
[2024-12-09T18:53:18.802-0300] {processor.py:186} INFO - Started process (PID=118944) to work on /home/alefpa/codigos/breweriesDB/venv/lib/python3.10/site-packages/airflow/example_dags/plugins/workday.py
[2024-12-09T18:53:18.804-0300] {processor.py:914} INFO - Processing file /home/alefpa/codigos/breweriesDB/venv/lib/python3.10/site-packages/airflow/example_dags/plugins/workday.py for tasks to queue
[2024-12-09T18:53:18.806-0300] {logging_mixin.py:190} INFO - [2024-12-09T18:53:18.805-0300] {dagbag.py:588} INFO - Filling up the DagBag from /home/alefpa/codigos/breweriesDB/venv/lib/python3.10/site-packages/airflow/example_dags/plugins/workday.py
[2024-12-09T18:53:18.808-0300] {processor.py:927} WARNING - No viable dags retrieved from /home/alefpa/codigos/breweriesDB/venv/lib/python3.10/site-packages/airflow/example_dags/plugins/workday.py
[2024-12-09T18:53:18.815-0300] {processor.py:208} INFO - Processing /home/alefpa/codigos/breweriesDB/venv/lib/python3.10/site-packages/airflow/example_dags/plugins/workday.py took 0.018 seconds
[2024-12-09T18:54:52.520-0300] {processor.py:186} INFO - Started process (PID=119434) to work on /home/alefpa/codigos/breweriesDB/venv/lib/python3.10/site-packages/airflow/example_dags/plugins/workday.py
[2024-12-09T18:54:52.537-0300] {processor.py:914} INFO - Processing file /home/alefpa/codigos/breweriesDB/venv/lib/python3.10/site-packages/airflow/example_dags/plugins/workday.py for tasks to queue
[2024-12-09T18:54:52.539-0300] {logging_mixin.py:190} INFO - [2024-12-09T18:54:52.539-0300] {dagbag.py:588} INFO - Filling up the DagBag from /home/alefpa/codigos/breweriesDB/venv/lib/python3.10/site-packages/airflow/example_dags/plugins/workday.py
[2024-12-09T18:54:52.541-0300] {processor.py:927} WARNING - No viable dags retrieved from /home/alefpa/codigos/breweriesDB/venv/lib/python3.10/site-packages/airflow/example_dags/plugins/workday.py
[2024-12-09T18:54:52.549-0300] {processor.py:208} INFO - Processing /home/alefpa/codigos/breweriesDB/venv/lib/python3.10/site-packages/airflow/example_dags/plugins/workday.py took 0.033 seconds
[2024-12-09T18:55:51.984-0300] {processor.py:186} INFO - Started process (PID=119730) to work on /home/alefpa/codigos/breweriesDB/venv/lib/python3.10/site-packages/airflow/example_dags/plugins/workday.py
[2024-12-09T18:55:52.000-0300] {processor.py:914} INFO - Processing file /home/alefpa/codigos/breweriesDB/venv/lib/python3.10/site-packages/airflow/example_dags/plugins/workday.py for tasks to queue
[2024-12-09T18:55:52.001-0300] {logging_mixin.py:190} INFO - [2024-12-09T18:55:52.001-0300] {dagbag.py:588} INFO - Filling up the DagBag from /home/alefpa/codigos/breweriesDB/venv/lib/python3.10/site-packages/airflow/example_dags/plugins/workday.py
[2024-12-09T18:55:52.004-0300] {processor.py:927} WARNING - No viable dags retrieved from /home/alefpa/codigos/breweriesDB/venv/lib/python3.10/site-packages/airflow/example_dags/plugins/workday.py
[2024-12-09T18:55:52.012-0300] {processor.py:208} INFO - Processing /home/alefpa/codigos/breweriesDB/venv/lib/python3.10/site-packages/airflow/example_dags/plugins/workday.py took 0.033 seconds
[2024-12-09T18:56:51.607-0300] {processor.py:186} INFO - Started process (PID=120056) to work on /home/alefpa/codigos/breweriesDB/venv/lib/python3.10/site-packages/airflow/example_dags/plugins/workday.py
[2024-12-09T18:56:51.608-0300] {processor.py:914} INFO - Processing file /home/alefpa/codigos/breweriesDB/venv/lib/python3.10/site-packages/airflow/example_dags/plugins/workday.py for tasks to queue
[2024-12-09T18:56:51.610-0300] {logging_mixin.py:190} INFO - [2024-12-09T18:56:51.610-0300] {dagbag.py:588} INFO - Filling up the DagBag from /home/alefpa/codigos/breweriesDB/venv/lib/python3.10/site-packages/airflow/example_dags/plugins/workday.py
[2024-12-09T18:56:51.612-0300] {processor.py:927} WARNING - No viable dags retrieved from /home/alefpa/codigos/breweriesDB/venv/lib/python3.10/site-packages/airflow/example_dags/plugins/workday.py
[2024-12-09T18:56:51.619-0300] {processor.py:208} INFO - Processing /home/alefpa/codigos/breweriesDB/venv/lib/python3.10/site-packages/airflow/example_dags/plugins/workday.py took 0.016 seconds
